<?xml version="1.0" encoding="UTF-8"?>
<testsuites name="RegressionWeb" time="1018.415" tests="39" failures="13" errors="0">
   <testsuite name="RegressionWeb" tests="39" failures="13" errors="0" time="1018.415" skipped="0" timestamp="2022-12-20 23:58:04" hostname="User - LAPTOP-RDI03SV1" id="Test Suites/RegressionWeb">
      <properties>
         <property name="deviceName" value=""/>
         <property name="devicePlatform" value=""/>
         <property name="logFolder" value="C:\\Users\\User\\git\\QE_Web\\Reports\\20221220_235801\\RegressionWeb\\20221220_235801"/>
         <property name="logFiles" value="C:\\Users\\User\\git\\QE_Web\\Reports\\20221220_235801\\RegressionWeb\\20221220_235801\\execution0.log"/>
         <property name="attachments" value="C:\\Users\\User\\git\\QE_Web\\Reports\\20221220_235801\\RegressionWeb\\20221220_235801\\1671555654016.png, C:\\Users\\User\\git\\QE_Web\\Reports\\20221220_235801\\RegressionWeb\\20221220_235801\\1671555702716.png, C:\\Users\\User\\git\\QE_Web\\Reports\\20221220_235801\\RegressionWeb\\20221220_235801\\1671556195288.png, C:\\Users\\User\\git\\QE_Web\\Reports\\20221220_235801\\RegressionWeb\\20221220_235801\\1671556244951.png, C:\\Users\\User\\git\\QE_Web\\Reports\\20221220_235801\\RegressionWeb\\20221220_235801\\1671556299587.png, C:\\Users\\User\\git\\QE_Web\\Reports\\20221220_235801\\RegressionWeb\\20221220_235801\\1671556349160.png, C:\\Users\\User\\git\\QE_Web\\Reports\\20221220_235801\\RegressionWeb\\20221220_235801\\1671556402129.png, C:\\Users\\User\\git\\QE_Web\\Reports\\20221220_235801\\RegressionWeb\\20221220_235801\\1671556453989.png, C:\\Users\\User\\git\\QE_Web\\Reports\\20221220_235801\\RegressionWeb\\20221220_235801\\1671556503064.png"/>
         <property name="hostName" value="User - LAPTOP-RDI03SV1"/>
         <property name="os" value="Windows 10 64bit"/>
         <property name="katalonVersion" value="8.3.0.208"/>
         <property name="browser" value="Chrome 108.0.0.0"/>
         <property name="hostAddress" value="192.168.0.101"/>
         <property name="sessionId" value="66ef8d07fc88f270fd26c8579a2c1d4a"/>
         <property name="seleniumVersion" value="3.141.59"/>
         <property name="proxyInformation" value="ProxyInformation { proxyOption=NO_PROXY, proxyServerType=HTTP, username=, password=********, proxyServerAddress=, proxyServerPort=0, executionList=&quot;&quot;, isApplyToDesiredCapabilities=true }"/>
         <property name="platform" value="Windows 10"/>
      </properties>
      <testcase name="Test Cases/BA001_Login" time="16.707" classname="Test Cases/BA001_Login" status="PASSED">
         <system-out><![CDATA[2022-12-20 23:58:05 - [TEST_CASE][PASSED] - Test Cases/BA001_Login: Test Cases/BA001_Login

2022-12-20 23:58:05 - [TEST_STEP][PASSED] - openBrowser(""): Browser is opened with url: ''

2022-12-20 23:58:05 - [MESSAGE][INFO] - Starting 'Chrome' driver

2022-12-20 23:58:06 - [MESSAGE][INFO] - Action delay is set to 0 milliseconds

2022-12-20 23:58:08 - [MESSAGE][PASSED] - Browser is opened with url: ''

2022-12-20 23:58:08 - [TEST_STEP][PASSED] - navigateToUrl("https://tes-capstone-website.vercel.app/admin/login"): Navigate to 'https://tes-capstone-website.vercel.app/admin/login' successfully

2022-12-20 23:58:15 - [MESSAGE][PASSED] - Navigate to 'https://tes-capstone-website.vercel.app/admin/login' successfully

2022-12-20 23:58:15 - [TEST_STEP][PASSED] - setText(findTestObject("Auth/Email"), "rnd.rindhu@gmail.com"): Text 'rnd.rindhu@gmail.com' is set on object 'Object Repository/Auth/Email'

2022-12-20 23:58:16 - [MESSAGE][PASSED] - Text 'rnd.rindhu@gmail.com' is set on object 'Object Repository/Auth/Email'

2022-12-20 23:58:16 - [TEST_STEP][PASSED] - setText(findTestObject("Auth/Password"), "@Password123"): Text '@Password123' is set on object 'Object Repository/Auth/Password'

2022-12-20 23:58:17 - [MESSAGE][PASSED] - Text '@Password123' is set on object 'Object Repository/Auth/Password'

2022-12-20 23:58:17 - [TEST_STEP][PASSED] - click(findTestObject("Auth/LoginButton")): Object: 'Object Repository/Auth/LoginButton' is clicked on

2022-12-20 23:58:18 - [MESSAGE][PASSED] - Object: 'Object Repository/Auth/LoginButton' is clicked on

2022-12-20 23:58:18 - [TEST_STEP][PASSED] - verifyElementPresent(findTestObject("Auth/ValidateonHomePage"), 0): Object 'Object Repository/Auth/ValidateonHomePage' is present

2022-12-20 23:58:18 - [MESSAGE][WARNING] - Timeout '0' is invalid. Using default page load timeout: '30'

2022-12-20 23:58:21 - [MESSAGE][PASSED] - Object 'Object Repository/Auth/ValidateonHomePage' is present

2022-12-20 23:58:21 - [TEST_STEP][PASSED] - closeBrowser(): Browser is closed

2022-12-20 23:58:21 - [MESSAGE][PASSED] - Browser is closed]]></system-out>
         <system-err><![CDATA[]]></system-err>
      </testcase>
      <testcase name="Test Cases/BA002_LogEmPass" time="9.404" classname="Test Cases/BA002_LogEmPass" status="PASSED">
         <system-out><![CDATA[2022-12-20 23:58:21 - [TEST_CASE][PASSED] - Test Cases/BA002_LogEmPass: Test Cases/BA002_LogEmPass

2022-12-20 23:58:22 - [TEST_STEP][PASSED] - openBrowser(""): Browser is opened with url: ''

2022-12-20 23:58:22 - [MESSAGE][INFO] - Starting 'Chrome' driver

2022-12-20 23:58:22 - [MESSAGE][INFO] - Action delay is set to 0 milliseconds

2022-12-20 23:58:23 - [MESSAGE][PASSED] - Browser is opened with url: ''

2022-12-20 23:58:23 - [TEST_STEP][PASSED] - navigateToUrl("https://tes-capstone-website.vercel.app/admin/login"): Navigate to 'https://tes-capstone-website.vercel.app/admin/login' successfully

2022-12-20 23:58:27 - [MESSAGE][PASSED] - Navigate to 'https://tes-capstone-website.vercel.app/admin/login' successfully

2022-12-20 23:58:27 - [TEST_STEP][PASSED] - setText(findTestObject("Auth/Email"), "rindhaay00@gmail.com"): Text 'rindhaay00@gmail.com' is set on object 'Object Repository/Auth/Email'

2022-12-20 23:58:28 - [MESSAGE][PASSED] - Text 'rindhaay00@gmail.com' is set on object 'Object Repository/Auth/Email'

2022-12-20 23:58:28 - [TEST_STEP][PASSED] - setText(findTestObject("Auth/Password"), "@Password125"): Text '@Password125' is set on object 'Object Repository/Auth/Password'

2022-12-20 23:58:29 - [MESSAGE][PASSED] - Text '@Password125' is set on object 'Object Repository/Auth/Password'

2022-12-20 23:58:29 - [TEST_STEP][PASSED] - click(findTestObject("Auth/LoginButton")): Object: 'Object Repository/Auth/LoginButton' is clicked on

2022-12-20 23:58:29 - [MESSAGE][PASSED] - Object: 'Object Repository/Auth/LoginButton' is clicked on

2022-12-20 23:58:29 - [TEST_STEP][PASSED] - verifyElementPresent(findTestObject("Auth/Peringatan"), 0): Object 'Object Repository/Auth/Peringatan' is present

2022-12-20 23:58:30 - [MESSAGE][WARNING] - Timeout '0' is invalid. Using default page load timeout: '30'

2022-12-20 23:58:30 - [MESSAGE][PASSED] - Object 'Object Repository/Auth/Peringatan' is present

2022-12-20 23:58:30 - [TEST_STEP][PASSED] - closeBrowser(): Browser is closed

2022-12-20 23:58:31 - [MESSAGE][PASSED] - Browser is closed]]></system-out>
         <system-err><![CDATA[]]></system-err>
      </testcase>
      <testcase name="Test Cases/BA003_LogEm" time="9.09" classname="Test Cases/BA003_LogEm" status="PASSED">
         <system-out><![CDATA[2022-12-20 23:58:31 - [TEST_CASE][PASSED] - Test Cases/BA003_LogEm: Test Cases/BA003_LogEm

2022-12-20 23:58:31 - [TEST_STEP][PASSED] - openBrowser(""): Browser is opened with url: ''

2022-12-20 23:58:31 - [MESSAGE][INFO] - Starting 'Chrome' driver

2022-12-20 23:58:31 - [MESSAGE][INFO] - Action delay is set to 0 milliseconds

2022-12-20 23:58:32 - [MESSAGE][PASSED] - Browser is opened with url: ''

2022-12-20 23:58:32 - [TEST_STEP][PASSED] - navigateToUrl("https://tes-capstone-website.vercel.app/admin/login"): Navigate to 'https://tes-capstone-website.vercel.app/admin/login' successfully

2022-12-20 23:58:36 - [MESSAGE][PASSED] - Navigate to 'https://tes-capstone-website.vercel.app/admin/login' successfully

2022-12-20 23:58:36 - [TEST_STEP][PASSED] - setText(findTestObject("Auth/Email"), "rindhaay00@gmail.com"): Text 'rindhaay00@gmail.com' is set on object 'Object Repository/Auth/Email'

2022-12-20 23:58:37 - [MESSAGE][PASSED] - Text 'rindhaay00@gmail.com' is set on object 'Object Repository/Auth/Email'

2022-12-20 23:58:37 - [TEST_STEP][PASSED] - setText(findTestObject("Auth/Password"), "@Password123"): Text '@Password123' is set on object 'Object Repository/Auth/Password'

2022-12-20 23:58:38 - [MESSAGE][PASSED] - Text '@Password123' is set on object 'Object Repository/Auth/Password'

2022-12-20 23:58:38 - [TEST_STEP][PASSED] - click(findTestObject("Auth/LoginButton")): Object: 'Object Repository/Auth/LoginButton' is clicked on

2022-12-20 23:58:38 - [MESSAGE][PASSED] - Object: 'Object Repository/Auth/LoginButton' is clicked on

2022-12-20 23:58:38 - [TEST_STEP][PASSED] - verifyElementPresent(findTestObject("Auth/Peringatan"), 0): Object 'Object Repository/Auth/Peringatan' is present

2022-12-20 23:58:39 - [MESSAGE][WARNING] - Timeout '0' is invalid. Using default page load timeout: '30'

2022-12-20 23:58:39 - [MESSAGE][PASSED] - Object 'Object Repository/Auth/Peringatan' is present

2022-12-20 23:58:39 - [TEST_STEP][PASSED] - closeBrowser(): Browser is closed

2022-12-20 23:58:40 - [MESSAGE][PASSED] - Browser is closed]]></system-out>
         <system-err><![CDATA[]]></system-err>
      </testcase>
      <testcase name="Test Cases/BA004_LogPass" time="9.012" classname="Test Cases/BA004_LogPass" status="PASSED">
         <system-out><![CDATA[2022-12-20 23:58:40 - [TEST_CASE][PASSED] - Test Cases/BA004_LogPass: Test Cases/BA004_LogPass

2022-12-20 23:58:40 - [TEST_STEP][PASSED] - openBrowser(""): Browser is opened with url: ''

2022-12-20 23:58:40 - [MESSAGE][INFO] - Starting 'Chrome' driver

2022-12-20 23:58:40 - [MESSAGE][INFO] - Action delay is set to 0 milliseconds

2022-12-20 23:58:41 - [MESSAGE][PASSED] - Browser is opened with url: ''

2022-12-20 23:58:41 - [TEST_STEP][PASSED] - navigateToUrl("https://tes-capstone-website.vercel.app/admin/login"): Navigate to 'https://tes-capstone-website.vercel.app/admin/login' successfully

2022-12-20 23:58:45 - [MESSAGE][PASSED] - Navigate to 'https://tes-capstone-website.vercel.app/admin/login' successfully

2022-12-20 23:58:45 - [TEST_STEP][PASSED] - setText(findTestObject("Auth/Email"), "rnd.rindhu@gmail.com"): Text 'rnd.rindhu@gmail.com' is set on object 'Object Repository/Auth/Email'

2022-12-20 23:58:46 - [MESSAGE][PASSED] - Text 'rnd.rindhu@gmail.com' is set on object 'Object Repository/Auth/Email'

2022-12-20 23:58:46 - [TEST_STEP][PASSED] - setText(findTestObject("Auth/Password"), "@Password125"): Text '@Password125' is set on object 'Object Repository/Auth/Password'

2022-12-20 23:58:47 - [MESSAGE][PASSED] - Text '@Password125' is set on object 'Object Repository/Auth/Password'

2022-12-20 23:58:47 - [TEST_STEP][PASSED] - click(findTestObject("Auth/LoginButton")): Object: 'Object Repository/Auth/LoginButton' is clicked on

2022-12-20 23:58:48 - [MESSAGE][PASSED] - Object: 'Object Repository/Auth/LoginButton' is clicked on

2022-12-20 23:58:48 - [TEST_STEP][PASSED] - verifyElementPresent(findTestObject("Auth/Peringatan"), 0): Object 'Object Repository/Auth/Peringatan' is present

2022-12-20 23:58:48 - [MESSAGE][WARNING] - Timeout '0' is invalid. Using default page load timeout: '30'

2022-12-20 23:58:48 - [MESSAGE][PASSED] - Object 'Object Repository/Auth/Peringatan' is present

2022-12-20 23:58:48 - [TEST_STEP][PASSED] - closeBrowser(): Browser is closed

2022-12-20 23:58:49 - [MESSAGE][PASSED] - Browser is closed]]></system-out>
         <system-err><![CDATA[]]></system-err>
      </testcase>
      <testcase name="Test Cases/BB001_ViewUser" time="11.398" classname="Test Cases/BB001_ViewUser" status="PASSED">
         <system-out><![CDATA[2022-12-20 23:58:49 - [TEST_CASE][PASSED] - Test Cases/BB001_ViewUser: Test Cases/BB001_ViewUser

2022-12-20 23:58:49 - [TEST_STEP][PASSED] - openBrowser(""): Browser is opened with url: ''

2022-12-20 23:58:49 - [MESSAGE][INFO] - Starting 'Chrome' driver

2022-12-20 23:58:49 - [MESSAGE][INFO] - Action delay is set to 0 milliseconds

2022-12-20 23:58:50 - [MESSAGE][PASSED] - Browser is opened with url: ''

2022-12-20 23:58:50 - [TEST_STEP][PASSED] - maximizeWindow(): Current window maximized

2022-12-20 23:58:50 - [MESSAGE][PASSED] - Current window maximized

2022-12-20 23:58:50 - [TEST_STEP][PASSED] - navigateToUrl("https://tes-capstone-website.vercel.app/admin/login"): Navigate to 'https://tes-capstone-website.vercel.app/admin/login' successfully

2022-12-20 23:58:54 - [MESSAGE][PASSED] - Navigate to 'https://tes-capstone-website.vercel.app/admin/login' successfully

2022-12-20 23:58:54 - [TEST_STEP][PASSED] - setText(findTestObject("Auth/Email"), "admin@nyakit.in"): Text 'admin@nyakit.in' is set on object 'Object Repository/Auth/Email'

2022-12-20 23:58:55 - [MESSAGE][PASSED] - Text 'admin@nyakit.in' is set on object 'Object Repository/Auth/Email'

2022-12-20 23:58:55 - [TEST_STEP][PASSED] - setText(findTestObject("Auth/Password"), "@Password123"): Text '@Password123' is set on object 'Object Repository/Auth/Password'

2022-12-20 23:58:56 - [MESSAGE][PASSED] - Text '@Password123' is set on object 'Object Repository/Auth/Password'

2022-12-20 23:58:56 - [TEST_STEP][PASSED] - click(findTestObject("Auth/LoginButton")): Object: 'Object Repository/Auth/LoginButton' is clicked on

2022-12-20 23:58:56 - [MESSAGE][PASSED] - Object: 'Object Repository/Auth/LoginButton' is clicked on

2022-12-20 23:58:56 - [TEST_STEP][PASSED] - click(findTestObject("ManageUser/ManageUser")): Object: 'Object Repository/ManageUser/ManageUser' is clicked on

2022-12-20 23:58:59 - [MESSAGE][PASSED] - Object: 'Object Repository/ManageUser/ManageUser' is clicked on

2022-12-20 23:58:59 - [TEST_STEP][PASSED] - closeBrowser(): Browser is closed

2022-12-20 23:59:00 - [MESSAGE][PASSED] - Browser is closed]]></system-out>
         <system-err><![CDATA[]]></system-err>
      </testcase>
      <testcase name="Test Cases/BB002_VerifUser" time="20.095" classname="Test Cases/BB002_VerifUser" status="FAILED">
         <failure type="FAILED" message="Test Cases/BB002_VerifUser FAILED.
Reason:
com.kms.katalon.core.exception.StepFailedException: Unable to click on object 'Object Repository/ManageUser/Option'
	at com.kms.katalon.core.webui.keyword.internal.WebUIKeywordMain.stepFailed(WebUIKeywordMain.groovy:64)
	at com.kms.katalon.core.webui.keyword.internal.WebUIKeywordMain.runKeyword(WebUIKeywordMain.groovy:26)
	at com.kms.katalon.core.webui.keyword.builtin.ClickKeyword.click(ClickKeyword.groovy:74)
	at com.kms.katalon.core.webui.keyword.builtin.ClickKeyword.execute(ClickKeyword.groovy:40)
	at com.kms.katalon.core.keyword.internal.KeywordExecutor.executeKeywordForPlatform(KeywordExecutor.groovy:74)
	at com.kms.katalon.core.webui.keyword.WebUiBuiltInKeywords.click(WebUiBuiltInKeywords.groovy:620)
	at com.kms.katalon.core.webui.keyword.WebUiBuiltInKeywords$click$2.call(Unknown Source)
	at BB002_VerifUser.run(BB002_VerifUser:34)
	at com.kms.katalon.core.main.ScriptEngine.run(ScriptEngine.java:194)
	at com.kms.katalon.core.main.ScriptEngine.runScriptAsRawText(ScriptEngine.java:119)
	at com.kms.katalon.core.main.TestCaseExecutor.runScript(TestCaseExecutor.java:445)
	at com.kms.katalon.core.main.TestCaseExecutor.doExecute(TestCaseExecutor.java:436)
	at com.kms.katalon.core.main.TestCaseExecutor.processExecutionPhase(TestCaseExecutor.java:415)
	at com.kms.katalon.core.main.TestCaseExecutor.accessMainPhase(TestCaseExecutor.java:407)
	at com.kms.katalon.core.main.TestCaseExecutor.execute(TestCaseExecutor.java:284)
	at com.kms.katalon.core.common.CommonExecutor.accessTestCaseMainPhase(CommonExecutor.java:65)
	at com.kms.katalon.core.main.TestSuiteExecutor.accessTestSuiteMainPhase(TestSuiteExecutor.java:144)
	at com.kms.katalon.core.main.TestSuiteExecutor.execute(TestSuiteExecutor.java:106)
	at com.kms.katalon.core.main.TestCaseMain.startTestSuite(TestCaseMain.java:185)
	at com.kms.katalon.core.main.TestCaseMain$startTestSuite$0.call(Unknown Source)
	at TempTestSuite1671555481448.run(TempTestSuite1671555481448.groovy:36)
Caused by: org.openqa.selenium.NoSuchWindowException: no such window: target window already closed
from unknown error: web view not found
  (Session info: chrome=108.0.5359.125)
Build info: version: '3.141.59', revision: 'e82be7d358', time: '2018-11-14T08:25:53'
System info: host: 'LAPTOP-RDI03SV1', ip: '192.168.0.101', os.name: 'Windows 10', os.arch: 'amd64', os.version: '10.0', java.version: '1.8.0_282'
Driver info: com.kms.katalon.selenium.driver.CChromeDriver
Capabilities {acceptInsecureCerts: false, browserName: chrome, browserVersion: 108.0.5359.125, chrome: {chromedriverVersion: 107.0.5304.62 (1eec40d3a576..., userDataDir: C:\Users\User\AppData\Local...}, goog:chromeOptions: {debuggerAddress: localhost:53061}, javascriptEnabled: true, networkConnectionEnabled: false, pageLoadStrategy: normal, platform: WINDOWS, platformName: WINDOWS, proxy: Proxy(), setWindowRect: true, strictFileInteractability: false, timeouts: {implicit: 0, pageLoad: 300000, script: 30000}, unhandledPromptBehavior: dismiss and notify, webauthn:extension:credBlob: true, webauthn:extension:largeBlob: true, webauthn:virtualAuthenticators: true}
Session ID: ee8641cd23ab21d991823bf54ecb22ed
*** Element info: {Using=xpath, value=(.//*[normalize-space(text()) and normalize-space(.)='Verified'])[4]/following::*[name()='svg'][1]}
	at org.openqa.selenium.remote.http.W3CHttpResponseCodec.createException(W3CHttpResponseCodec.java:187)
	at org.openqa.selenium.remote.http.W3CHttpResponseCodec.decode(W3CHttpResponseCodec.java:122)
	at org.openqa.selenium.remote.http.W3CHttpResponseCodec.decode(W3CHttpResponseCodec.java:49)
	at org.openqa.selenium.remote.HttpCommandExecutor.execute(HttpCommandExecutor.java:158)
	at org.openqa.selenium.remote.service.DriverCommandExecutor.execute(DriverCommandExecutor.java:83)
	at org.openqa.selenium.remote.RemoteWebDriver.execute(RemoteWebDriver.java:552)
	at com.kms.katalon.selenium.driver.CChromeDriver.execute(CChromeDriver.java:19)
	at org.openqa.selenium.remote.RemoteWebDriver.findElements(RemoteWebDriver.java:353)
	at org.openqa.selenium.remote.RemoteWebDriver.findElementsByXPath(RemoteWebDriver.java:432)
	at org.openqa.selenium.By$ByXPath.findElements(By.java:348)
	at org.openqa.selenium.remote.RemoteWebDriver.findElements(RemoteWebDriver.java:311)
	at org.openqa.selenium.support.events.EventFiringWebDriver.lambda$new$1(EventFiringWebDriver.java:105)
	at com.sun.proxy.$Proxy10.findElements(Unknown Source)
	at org.openqa.selenium.support.events.EventFiringWebDriver.findElements(EventFiringWebDriver.java:182)
	at com.kms.katalon.core.webui.common.WebUiCommonHelper.findElementByNormalMethods(WebUiCommonHelper.java:1016)
	at com.kms.katalon.core.webui.common.WebUiCommonHelper.findElementsBySelectedMethod(WebUiCommonHelper.java:911)
	at com.kms.katalon.core.webui.common.WebUiCommonHelper.findElementsBySelectedMethod(WebUiCommonHelper.java:894)
	at com.kms.katalon.core.webui.common.WebUiCommonHelper.findElementsBySelectedMethod(WebUiCommonHelper.java:889)
	at com.kms.katalon.core.webui.common.WebUiCommonHelper.findElementsByDefault(WebUiCommonHelper.java:885)
	at com.kms.katalon.core.webui.common.WebUiCommonHelper.findWebElements(WebUiCommonHelper.java:720)
	at com.kms.katalon.core.webui.common.WebUiCommonHelper.findWebElement(WebUiCommonHelper.java:1365)
	at com.kms.katalon.core.webui.keyword.internal.WebUIAbstractKeyword.findWebElement(WebUIAbstractKeyword.groovy:27)
	at com.kms.katalon.core.webui.keyword.builtin.ClickKeyword$_click_closure1.doCall(ClickKeyword.groovy:65)
	at com.kms.katalon.core.webui.keyword.builtin.ClickKeyword$_click_closure1.call(ClickKeyword.groovy)
	at com.kms.katalon.core.webui.keyword.internal.WebUIKeywordMain.runKeyword(WebUIKeywordMain.groovy:20)
	... 19 more
"/>
         <system-out><![CDATA[2022-12-20 23:59:00 - [TEST_CASE][FAILED] - Test Cases/BB002_VerifUser: Test Cases/BB002_VerifUser FAILED.
Reason:
com.kms.katalon.core.exception.StepFailedException: Unable to click on object 'Object Repository/ManageUser/Option'
	at com.kms.katalon.core.webui.keyword.internal.WebUIKeywordMain.stepFailed(WebUIKeywordMain.groovy:64)
	at com.kms.katalon.core.webui.keyword.internal.WebUIKeywordMain.runKeyword(WebUIKeywordMain.groovy:26)
	at com.kms.katalon.core.webui.keyword.builtin.ClickKeyword.click(ClickKeyword.groovy:74)
	at com.kms.katalon.core.webui.keyword.builtin.ClickKeyword.execute(ClickKeyword.groovy:40)
	at com.kms.katalon.core.keyword.internal.KeywordExecutor.executeKeywordForPlatform(KeywordExecutor.groovy:74)
	at com.kms.katalon.core.webui.keyword.WebUiBuiltInKeywords.click(WebUiBuiltInKeywords.groovy:620)
	at com.kms.katalon.core.webui.keyword.WebUiBuiltInKeywords$click$2.call(Unknown Source)
	at BB002_VerifUser.run(BB002_VerifUser:34)
	at com.kms.katalon.core.main.ScriptEngine.run(ScriptEngine.java:194)
	at com.kms.katalon.core.main.ScriptEngine.runScriptAsRawText(ScriptEngine.java:119)
	at com.kms.katalon.core.main.TestCaseExecutor.runScript(TestCaseExecutor.java:445)
	at com.kms.katalon.core.main.TestCaseExecutor.doExecute(TestCaseExecutor.java:436)
	at com.kms.katalon.core.main.TestCaseExecutor.processExecutionPhase(TestCaseExecutor.java:415)
	at com.kms.katalon.core.main.TestCaseExecutor.accessMainPhase(TestCaseExecutor.java:407)
	at com.kms.katalon.core.main.TestCaseExecutor.execute(TestCaseExecutor.java:284)
	at com.kms.katalon.core.common.CommonExecutor.accessTestCaseMainPhase(CommonExecutor.java:65)
	at com.kms.katalon.core.main.TestSuiteExecutor.accessTestSuiteMainPhase(TestSuiteExecutor.java:144)
	at com.kms.katalon.core.main.TestSuiteExecutor.execute(TestSuiteExecutor.java:106)
	at com.kms.katalon.core.main.TestCaseMain.startTestSuite(TestCaseMain.java:185)
	at com.kms.katalon.core.main.TestCaseMain$startTestSuite$0.call(Unknown Source)
	at TempTestSuite1671555481448.run(TempTestSuite1671555481448.groovy:36)
Caused by: org.openqa.selenium.NoSuchWindowException: no such window: target window already closed
from unknown error: web view not found
  (Session info: chrome=108.0.5359.125)
Build info: version: '3.141.59', revision: 'e82be7d358', time: '2018-11-14T08:25:53'
System info: host: 'LAPTOP-RDI03SV1', ip: '192.168.0.101', os.name: 'Windows 10', os.arch: 'amd64', os.version: '10.0', java.version: '1.8.0_282'
Driver info: com.kms.katalon.selenium.driver.CChromeDriver
Capabilities {acceptInsecureCerts: false, browserName: chrome, browserVersion: 108.0.5359.125, chrome: {chromedriverVersion: 107.0.5304.62 (1eec40d3a576..., userDataDir: C:\Users\User\AppData\Local...}, goog:chromeOptions: {debuggerAddress: localhost:53061}, javascriptEnabled: true, networkConnectionEnabled: false, pageLoadStrategy: normal, platform: WINDOWS, platformName: WINDOWS, proxy: Proxy(), setWindowRect: true, strictFileInteractability: false, timeouts: {implicit: 0, pageLoad: 300000, script: 30000}, unhandledPromptBehavior: dismiss and notify, webauthn:extension:credBlob: true, webauthn:extension:largeBlob: true, webauthn:virtualAuthenticators: true}
Session ID: ee8641cd23ab21d991823bf54ecb22ed
*** Element info: {Using=xpath, value=(.//*[normalize-space(text()) and normalize-space(.)='Verified'])[4]/following::*[name()='svg'][1]}
	at org.openqa.selenium.remote.http.W3CHttpResponseCodec.createException(W3CHttpResponseCodec.java:187)
	at org.openqa.selenium.remote.http.W3CHttpResponseCodec.decode(W3CHttpResponseCodec.java:122)
	at org.openqa.selenium.remote.http.W3CHttpResponseCodec.decode(W3CHttpResponseCodec.java:49)
	at org.openqa.selenium.remote.HttpCommandExecutor.execute(HttpCommandExecutor.java:158)
	at org.openqa.selenium.remote.service.DriverCommandExecutor.execute(DriverCommandExecutor.java:83)
	at org.openqa.selenium.remote.RemoteWebDriver.execute(RemoteWebDriver.java:552)
	at com.kms.katalon.selenium.driver.CChromeDriver.execute(CChromeDriver.java:19)
	at org.openqa.selenium.remote.RemoteWebDriver.findElements(RemoteWebDriver.java:353)
	at org.openqa.selenium.remote.RemoteWebDriver.findElementsByXPath(RemoteWebDriver.java:432)
	at org.openqa.selenium.By$ByXPath.findElements(By.java:348)
	at org.openqa.selenium.remote.RemoteWebDriver.findElements(RemoteWebDriver.java:311)
	at org.openqa.selenium.support.events.EventFiringWebDriver.lambda$new$1(EventFiringWebDriver.java:105)
	at com.sun.proxy.$Proxy10.findElements(Unknown Source)
	at org.openqa.selenium.support.events.EventFiringWebDriver.findElements(EventFiringWebDriver.java:182)
	at com.kms.katalon.core.webui.common.WebUiCommonHelper.findElementByNormalMethods(WebUiCommonHelper.java:1016)
	at com.kms.katalon.core.webui.common.WebUiCommonHelper.findElementsBySelectedMethod(WebUiCommonHelper.java:911)
	at com.kms.katalon.core.webui.common.WebUiCommonHelper.findElementsBySelectedMethod(WebUiCommonHelper.java:894)
	at com.kms.katalon.core.webui.common.WebUiCommonHelper.findElementsBySelectedMethod(WebUiCommonHelper.java:889)
	at com.kms.katalon.core.webui.common.WebUiCommonHelper.findElementsByDefault(WebUiCommonHelper.java:885)
	at com.kms.katalon.core.webui.common.WebUiCommonHelper.findWebElements(WebUiCommonHelper.java:720)
	at com.kms.katalon.core.webui.common.WebUiCommonHelper.findWebElement(WebUiCommonHelper.java:1365)
	at com.kms.katalon.core.webui.keyword.internal.WebUIAbstractKeyword.findWebElement(WebUIAbstractKeyword.groovy:27)
	at com.kms.katalon.core.webui.keyword.builtin.ClickKeyword$_click_closure1.doCall(ClickKeyword.groovy:65)
	at com.kms.katalon.core.webui.keyword.builtin.ClickKeyword$_click_closure1.call(ClickKeyword.groovy)
	at com.kms.katalon.core.webui.keyword.internal.WebUIKeywordMain.runKeyword(WebUIKeywordMain.groovy:20)
	... 19 more


2022-12-20 23:59:01 - [TEST_STEP][PASSED] - openBrowser(""): Browser is opened with url: ''

2022-12-20 23:59:01 - [MESSAGE][INFO] - Starting 'Chrome' driver

2022-12-20 23:59:01 - [MESSAGE][INFO] - Action delay is set to 0 milliseconds

2022-12-20 23:59:02 - [MESSAGE][PASSED] - Browser is opened with url: ''

2022-12-20 23:59:02 - [TEST_STEP][PASSED] - maximizeWindow(): Current window maximized

2022-12-20 23:59:02 - [MESSAGE][PASSED] - Current window maximized

2022-12-20 23:59:02 - [TEST_STEP][PASSED] - navigateToUrl("https://tes-capstone-website.vercel.app/admin/login"): Navigate to 'https://tes-capstone-website.vercel.app/admin/login' successfully

2022-12-20 23:59:06 - [MESSAGE][PASSED] - Navigate to 'https://tes-capstone-website.vercel.app/admin/login' successfully

2022-12-20 23:59:06 - [TEST_STEP][PASSED] - setText(findTestObject("Auth/Email"), "rnd.rindhu@gmail.com"): Text 'rnd.rindhu@gmail.com' is set on object 'Object Repository/Auth/Email'

2022-12-20 23:59:07 - [MESSAGE][PASSED] - Text 'rnd.rindhu@gmail.com' is set on object 'Object Repository/Auth/Email'

2022-12-20 23:59:07 - [TEST_STEP][PASSED] - setText(findTestObject("Auth/Password"), "@Password123"): Text '@Password123' is set on object 'Object Repository/Auth/Password'

2022-12-20 23:59:08 - [MESSAGE][PASSED] - Text '@Password123' is set on object 'Object Repository/Auth/Password'

2022-12-20 23:59:08 - [TEST_STEP][PASSED] - click(findTestObject("Auth/LoginButton")): Object: 'Object Repository/Auth/LoginButton' is clicked on

2022-12-20 23:59:08 - [MESSAGE][PASSED] - Object: 'Object Repository/Auth/LoginButton' is clicked on

2022-12-20 23:59:08 - [TEST_STEP][PASSED] - click(findTestObject("ManageUser/ManageUser")): Object: 'Object Repository/ManageUser/ManageUser' is clicked on

2022-12-20 23:59:11 - [MESSAGE][PASSED] - Object: 'Object Repository/ManageUser/ManageUser' is clicked on

2022-12-20 23:59:11 - [TEST_STEP][FAILED] - click(findTestObject("ManageUser/Option")): Unable to click on object 'Object Repository/ManageUser/Option' (Root cause: com.kms.katalon.core.exception.StepFailedException: Unable to click on object 'Object Repository/ManageUser/Option'
	at com.kms.katalon.core.webui.keyword.internal.WebUIKeywordMain.stepFailed(WebUIKeywordMain.groovy:64)
	at com.kms.katalon.core.webui.keyword.internal.WebUIKeywordMain.runKeyword(WebUIKeywordMain.groovy:26)
	at com.kms.katalon.core.webui.keyword.builtin.ClickKeyword.click(ClickKeyword.groovy:74)
	at com.kms.katalon.core.webui.keyword.builtin.ClickKeyword.execute(ClickKeyword.groovy:40)
	at com.kms.katalon.core.keyword.internal.KeywordExecutor.executeKeywordForPlatform(KeywordExecutor.groovy:74)
	at com.kms.katalon.core.webui.keyword.WebUiBuiltInKeywords.click(WebUiBuiltInKeywords.groovy:620)
	at com.kms.katalon.core.webui.keyword.WebUiBuiltInKeywords$click$2.call(Unknown Source)
	at BB002_VerifUser.run(BB002_VerifUser:34)
	at com.kms.katalon.core.main.ScriptEngine.run(ScriptEngine.java:194)
	at com.kms.katalon.core.main.ScriptEngine.runScriptAsRawText(ScriptEngine.java:119)
	at com.kms.katalon.core.main.TestCaseExecutor.runScript(TestCaseExecutor.java:445)
	at com.kms.katalon.core.main.TestCaseExecutor.doExecute(TestCaseExecutor.java:436)
	at com.kms.katalon.core.main.TestCaseExecutor.processExecutionPhase(TestCaseExecutor.java:415)
	at com.kms.katalon.core.main.TestCaseExecutor.accessMainPhase(TestCaseExecutor.java:407)
	at com.kms.katalon.core.main.TestCaseExecutor.execute(TestCaseExecutor.java:284)
	at com.kms.katalon.core.common.CommonExecutor.accessTestCaseMainPhase(CommonExecutor.java:65)
	at com.kms.katalon.core.main.TestSuiteExecutor.accessTestSuiteMainPhase(TestSuiteExecutor.java:144)
	at com.kms.katalon.core.main.TestSuiteExecutor.execute(TestSuiteExecutor.java:106)
	at com.kms.katalon.core.main.TestCaseMain.startTestSuite(TestCaseMain.java:185)
	at com.kms.katalon.core.main.TestCaseMain$startTestSuite$0.call(Unknown Source)
	at TempTestSuite1671555481448.run(TempTestSuite1671555481448.groovy:36)
Caused by: org.openqa.selenium.NoSuchWindowException: no such window: target window already closed
from unknown error: web view not found
  (Session info: chrome=108.0.5359.125)
Build info: version: '3.141.59', revision: 'e82be7d358', time: '2018-11-14T08:25:53'
System info: host: 'LAPTOP-RDI03SV1', ip: '192.168.0.101', os.name: 'Windows 10', os.arch: 'amd64', os.version: '10.0', java.version: '1.8.0_282'
Driver info: com.kms.katalon.selenium.driver.CChromeDriver
Capabilities {acceptInsecureCerts: false, browserName: chrome, browserVersion: 108.0.5359.125, chrome: {chromedriverVersion: 107.0.5304.62 (1eec40d3a576..., userDataDir: C:\Users\User\AppData\Local...}, goog:chromeOptions: {debuggerAddress: localhost:53061}, javascriptEnabled: true, networkConnectionEnabled: false, pageLoadStrategy: normal, platform: WINDOWS, platformName: WINDOWS, proxy: Proxy(), setWindowRect: true, strictFileInteractability: false, timeouts: {implicit: 0, pageLoad: 300000, script: 30000}, unhandledPromptBehavior: dismiss and notify, webauthn:extension:credBlob: true, webauthn:extension:largeBlob: true, webauthn:virtualAuthenticators: true}
Session ID: ee8641cd23ab21d991823bf54ecb22ed
*** Element info: {Using=xpath, value=(.//*[normalize-space(text()) and normalize-space(.)='Verified'])[4]/following::*[name()='svg'][1]}
	at org.openqa.selenium.remote.http.W3CHttpResponseCodec.createException(W3CHttpResponseCodec.java:187)
	at org.openqa.selenium.remote.http.W3CHttpResponseCodec.decode(W3CHttpResponseCodec.java:122)
	at org.openqa.selenium.remote.http.W3CHttpResponseCodec.decode(W3CHttpResponseCodec.java:49)
	at org.openqa.selenium.remote.HttpCommandExecutor.execute(HttpCommandExecutor.java:158)
	at org.openqa.selenium.remote.service.DriverCommandExecutor.execute(DriverCommandExecutor.java:83)
	at org.openqa.selenium.remote.RemoteWebDriver.execute(RemoteWebDriver.java:552)
	at com.kms.katalon.selenium.driver.CChromeDriver.execute(CChromeDriver.java:19)
	at org.openqa.selenium.remote.RemoteWebDriver.findElements(RemoteWebDriver.java:353)
	at org.openqa.selenium.remote.RemoteWebDriver.findElementsByXPath(RemoteWebDriver.java:432)
	at org.openqa.selenium.By$ByXPath.findElements(By.java:348)
	at org.openqa.selenium.remote.RemoteWebDriver.findElements(RemoteWebDriver.java:311)
	at org.openqa.selenium.support.events.EventFiringWebDriver.lambda$new$1(EventFiringWebDriver.java:105)
	at com.sun.proxy.$Proxy10.findElements(Unknown Source)
	at org.openqa.selenium.support.events.EventFiringWebDriver.findElements(EventFiringWebDriver.java:182)
	at com.kms.katalon.core.webui.common.WebUiCommonHelper.findElementByNormalMethods(WebUiCommonHelper.java:1016)
	at com.kms.katalon.core.webui.common.WebUiCommonHelper.findElementsBySelectedMethod(WebUiCommonHelper.java:911)
	at com.kms.katalon.core.webui.common.WebUiCommonHelper.findElementsBySelectedMethod(WebUiCommonHelper.java:894)
	at com.kms.katalon.core.webui.common.WebUiCommonHelper.findElementsBySelectedMethod(WebUiCommonHelper.java:889)
	at com.kms.katalon.core.webui.common.WebUiCommonHelper.findElementsByDefault(WebUiCommonHelper.java:885)
	at com.kms.katalon.core.webui.common.WebUiCommonHelper.findWebElements(WebUiCommonHelper.java:720)
	at com.kms.katalon.core.webui.common.WebUiCommonHelper.findWebElement(WebUiCommonHelper.java:1365)
	at com.kms.katalon.core.webui.keyword.internal.WebUIAbstractKeyword.findWebElement(WebUIAbstractKeyword.groovy:27)
	at com.kms.katalon.core.webui.keyword.builtin.ClickKeyword$_click_closure1.doCall(ClickKeyword.groovy:65)
	at com.kms.katalon.core.webui.keyword.builtin.ClickKeyword$_click_closure1.call(ClickKeyword.groovy)
	at com.kms.katalon.core.webui.keyword.internal.WebUIKeywordMain.runKeyword(WebUIKeywordMain.groovy:20)
	at com.kms.katalon.core.webui.keyword.builtin.ClickKeyword.click(ClickKeyword.groovy:74)
	at com.kms.katalon.core.webui.keyword.builtin.ClickKeyword.execute(ClickKeyword.groovy:40)
	at com.kms.katalon.core.keyword.internal.KeywordExecutor.executeKeywordForPlatform(KeywordExecutor.groovy:74)
	at com.kms.katalon.core.webui.keyword.WebUiBuiltInKeywords.click(WebUiBuiltInKeywords.groovy:620)
	at com.kms.katalon.core.webui.keyword.WebUiBuiltInKeywords$click$2.call(Unknown Source)
	at Script1670849407172.run(Script1670849407172.groovy:34)
	... 13 more
)

2022-12-20 23:59:20 - [MESSAGE][WARNING] - Cannot take screenshot

2022-12-20 23:59:20 - [MESSAGE][FAILED] - Unable to click on object 'Object Repository/ManageUser/Option' (Root cause: com.kms.katalon.core.exception.StepFailedException: Unable to click on object 'Object Repository/ManageUser/Option'
	at com.kms.katalon.core.webui.keyword.internal.WebUIKeywordMain.stepFailed(WebUIKeywordMain.groovy:64)
	at com.kms.katalon.core.webui.keyword.internal.WebUIKeywordMain.runKeyword(WebUIKeywordMain.groovy:26)
	at com.kms.katalon.core.webui.keyword.builtin.ClickKeyword.click(ClickKeyword.groovy:74)
	at com.kms.katalon.core.webui.keyword.builtin.ClickKeyword.execute(ClickKeyword.groovy:40)
	at com.kms.katalon.core.keyword.internal.KeywordExecutor.executeKeywordForPlatform(KeywordExecutor.groovy:74)
	at com.kms.katalon.core.webui.keyword.WebUiBuiltInKeywords.click(WebUiBuiltInKeywords.groovy:620)
	at com.kms.katalon.core.webui.keyword.WebUiBuiltInKeywords$click$2.call(Unknown Source)
	at BB002_VerifUser.run(BB002_VerifUser:34)
	at com.kms.katalon.core.main.ScriptEngine.run(ScriptEngine.java:194)
	at com.kms.katalon.core.main.ScriptEngine.runScriptAsRawText(ScriptEngine.java:119)
	at com.kms.katalon.core.main.TestCaseExecutor.runScript(TestCaseExecutor.java:445)
	at com.kms.katalon.core.main.TestCaseExecutor.doExecute(TestCaseExecutor.java:436)
	at com.kms.katalon.core.main.TestCaseExecutor.processExecutionPhase(TestCaseExecutor.java:415)
	at com.kms.katalon.core.main.TestCaseExecutor.accessMainPhase(TestCaseExecutor.java:407)
	at com.kms.katalon.core.main.TestCaseExecutor.execute(TestCaseExecutor.java:284)
	at com.kms.katalon.core.common.CommonExecutor.accessTestCaseMainPhase(CommonExecutor.java:65)
	at com.kms.katalon.core.main.TestSuiteExecutor.accessTestSuiteMainPhase(TestSuiteExecutor.java:144)
	at com.kms.katalon.core.main.TestSuiteExecutor.execute(TestSuiteExecutor.java:106)
	at com.kms.katalon.core.main.TestCaseMain.startTestSuite(TestCaseMain.java:185)
	at com.kms.katalon.core.main.TestCaseMain$startTestSuite$0.call(Unknown Source)
	at TempTestSuite1671555481448.run(TempTestSuite1671555481448.groovy:36)
Caused by: org.openqa.selenium.NoSuchWindowException: no such window: target window already closed
from unknown error: web view not found
  (Session info: chrome=108.0.5359.125)
Build info: version: '3.141.59', revision: 'e82be7d358', time: '2018-11-14T08:25:53'
System info: host: 'LAPTOP-RDI03SV1', ip: '192.168.0.101', os.name: 'Windows 10', os.arch: 'amd64', os.version: '10.0', java.version: '1.8.0_282'
Driver info: com.kms.katalon.selenium.driver.CChromeDriver
Capabilities {acceptInsecureCerts: false, browserName: chrome, browserVersion: 108.0.5359.125, chrome: {chromedriverVersion: 107.0.5304.62 (1eec40d3a576..., userDataDir: C:\Users\User\AppData\Local...}, goog:chromeOptions: {debuggerAddress: localhost:53061}, javascriptEnabled: true, networkConnectionEnabled: false, pageLoadStrategy: normal, platform: WINDOWS, platformName: WINDOWS, proxy: Proxy(), setWindowRect: true, strictFileInteractability: false, timeouts: {implicit: 0, pageLoad: 300000, script: 30000}, unhandledPromptBehavior: dismiss and notify, webauthn:extension:credBlob: true, webauthn:extension:largeBlob: true, webauthn:virtualAuthenticators: true}
Session ID: ee8641cd23ab21d991823bf54ecb22ed
*** Element info: {Using=xpath, value=(.//*[normalize-space(text()) and normalize-space(.)='Verified'])[4]/following::*[name()='svg'][1]}
	at org.openqa.selenium.remote.http.W3CHttpResponseCodec.createException(W3CHttpResponseCodec.java:187)
	at org.openqa.selenium.remote.http.W3CHttpResponseCodec.decode(W3CHttpResponseCodec.java:122)
	at org.openqa.selenium.remote.http.W3CHttpResponseCodec.decode(W3CHttpResponseCodec.java:49)
	at org.openqa.selenium.remote.HttpCommandExecutor.execute(HttpCommandExecutor.java:158)
	at org.openqa.selenium.remote.service.DriverCommandExecutor.execute(DriverCommandExecutor.java:83)
	at org.openqa.selenium.remote.RemoteWebDriver.execute(RemoteWebDriver.java:552)
	at com.kms.katalon.selenium.driver.CChromeDriver.execute(CChromeDriver.java:19)
	at org.openqa.selenium.remote.RemoteWebDriver.findElements(RemoteWebDriver.java:353)
	at org.openqa.selenium.remote.RemoteWebDriver.findElementsByXPath(RemoteWebDriver.java:432)
	at org.openqa.selenium.By$ByXPath.findElements(By.java:348)
	at org.openqa.selenium.remote.RemoteWebDriver.findElements(RemoteWebDriver.java:311)
	at org.openqa.selenium.support.events.EventFiringWebDriver.lambda$new$1(EventFiringWebDriver.java:105)
	at com.sun.proxy.$Proxy10.findElements(Unknown Source)
	at org.openqa.selenium.support.events.EventFiringWebDriver.findElements(EventFiringWebDriver.java:182)
	at com.kms.katalon.core.webui.common.WebUiCommonHelper.findElementByNormalMethods(WebUiCommonHelper.java:1016)
	at com.kms.katalon.core.webui.common.WebUiCommonHelper.findElementsBySelectedMethod(WebUiCommonHelper.java:911)
	at com.kms.katalon.core.webui.common.WebUiCommonHelper.findElementsBySelectedMethod(WebUiCommonHelper.java:894)
	at com.kms.katalon.core.webui.common.WebUiCommonHelper.findElementsBySelectedMethod(WebUiCommonHelper.java:889)
	at com.kms.katalon.core.webui.common.WebUiCommonHelper.findElementsByDefault(WebUiCommonHelper.java:885)
	at com.kms.katalon.core.webui.common.WebUiCommonHelper.findWebElements(WebUiCommonHelper.java:720)
	at com.kms.katalon.core.webui.common.WebUiCommonHelper.findWebElement(WebUiCommonHelper.java:1365)
	at com.kms.katalon.core.webui.keyword.internal.WebUIAbstractKeyword.findWebElement(WebUIAbstractKeyword.groovy:27)
	at com.kms.katalon.core.webui.keyword.builtin.ClickKeyword$_click_closure1.doCall(ClickKeyword.groovy:65)
	at com.kms.katalon.core.webui.keyword.builtin.ClickKeyword$_click_closure1.call(ClickKeyword.groovy)
	at com.kms.katalon.core.webui.keyword.internal.WebUIKeywordMain.runKeyword(WebUIKeywordMain.groovy:20)
	at com.kms.katalon.core.webui.keyword.builtin.ClickKeyword.click(ClickKeyword.groovy:74)
	at com.kms.katalon.core.webui.keyword.builtin.ClickKeyword.execute(ClickKeyword.groovy:40)
	at com.kms.katalon.core.keyword.internal.KeywordExecutor.executeKeywordForPlatform(KeywordExecutor.groovy:74)
	at com.kms.katalon.core.webui.keyword.WebUiBuiltInKeywords.click(WebUiBuiltInKeywords.groovy:620)
	at com.kms.katalon.core.webui.keyword.WebUiBuiltInKeywords$click$2.call(Unknown Source)
	at Script1670849407172.run(Script1670849407172.groovy:34)
	... 13 more
)]]></system-out>
         <system-err><![CDATA[2022-12-20 23:59:00 - [TEST_CASE][FAILED] - Test Cases/BB002_VerifUser: Test Cases/BB002_VerifUser FAILED.
Reason:
com.kms.katalon.core.exception.StepFailedException: Unable to click on object 'Object Repository/ManageUser/Option'
	at com.kms.katalon.core.webui.keyword.internal.WebUIKeywordMain.stepFailed(WebUIKeywordMain.groovy:64)
	at com.kms.katalon.core.webui.keyword.internal.WebUIKeywordMain.runKeyword(WebUIKeywordMain.groovy:26)
	at com.kms.katalon.core.webui.keyword.builtin.ClickKeyword.click(ClickKeyword.groovy:74)
	at com.kms.katalon.core.webui.keyword.builtin.ClickKeyword.execute(ClickKeyword.groovy:40)
	at com.kms.katalon.core.keyword.internal.KeywordExecutor.executeKeywordForPlatform(KeywordExecutor.groovy:74)
	at com.kms.katalon.core.webui.keyword.WebUiBuiltInKeywords.click(WebUiBuiltInKeywords.groovy:620)
	at com.kms.katalon.core.webui.keyword.WebUiBuiltInKeywords$click$2.call(Unknown Source)
	at BB002_VerifUser.run(BB002_VerifUser:34)
	at com.kms.katalon.core.main.ScriptEngine.run(ScriptEngine.java:194)
	at com.kms.katalon.core.main.ScriptEngine.runScriptAsRawText(ScriptEngine.java:119)
	at com.kms.katalon.core.main.TestCaseExecutor.runScript(TestCaseExecutor.java:445)
	at com.kms.katalon.core.main.TestCaseExecutor.doExecute(TestCaseExecutor.java:436)
	at com.kms.katalon.core.main.TestCaseExecutor.processExecutionPhase(TestCaseExecutor.java:415)
	at com.kms.katalon.core.main.TestCaseExecutor.accessMainPhase(TestCaseExecutor.java:407)
	at com.kms.katalon.core.main.TestCaseExecutor.execute(TestCaseExecutor.java:284)
	at com.kms.katalon.core.common.CommonExecutor.accessTestCaseMainPhase(CommonExecutor.java:65)
	at com.kms.katalon.core.main.TestSuiteExecutor.accessTestSuiteMainPhase(TestSuiteExecutor.java:144)
	at com.kms.katalon.core.main.TestSuiteExecutor.execute(TestSuiteExecutor.java:106)
	at com.kms.katalon.core.main.TestCaseMain.startTestSuite(TestCaseMain.java:185)
	at com.kms.katalon.core.main.TestCaseMain$startTestSuite$0.call(Unknown Source)
	at TempTestSuite1671555481448.run(TempTestSuite1671555481448.groovy:36)
Caused by: org.openqa.selenium.NoSuchWindowException: no such window: target window already closed
from unknown error: web view not found
  (Session info: chrome=108.0.5359.125)
Build info: version: '3.141.59', revision: 'e82be7d358', time: '2018-11-14T08:25:53'
System info: host: 'LAPTOP-RDI03SV1', ip: '192.168.0.101', os.name: 'Windows 10', os.arch: 'amd64', os.version: '10.0', java.version: '1.8.0_282'
Driver info: com.kms.katalon.selenium.driver.CChromeDriver
Capabilities {acceptInsecureCerts: false, browserName: chrome, browserVersion: 108.0.5359.125, chrome: {chromedriverVersion: 107.0.5304.62 (1eec40d3a576..., userDataDir: C:\Users\User\AppData\Local...}, goog:chromeOptions: {debuggerAddress: localhost:53061}, javascriptEnabled: true, networkConnectionEnabled: false, pageLoadStrategy: normal, platform: WINDOWS, platformName: WINDOWS, proxy: Proxy(), setWindowRect: true, strictFileInteractability: false, timeouts: {implicit: 0, pageLoad: 300000, script: 30000}, unhandledPromptBehavior: dismiss and notify, webauthn:extension:credBlob: true, webauthn:extension:largeBlob: true, webauthn:virtualAuthenticators: true}
Session ID: ee8641cd23ab21d991823bf54ecb22ed
*** Element info: {Using=xpath, value=(.//*[normalize-space(text()) and normalize-space(.)='Verified'])[4]/following::*[name()='svg'][1]}
	at org.openqa.selenium.remote.http.W3CHttpResponseCodec.createException(W3CHttpResponseCodec.java:187)
	at org.openqa.selenium.remote.http.W3CHttpResponseCodec.decode(W3CHttpResponseCodec.java:122)
	at org.openqa.selenium.remote.http.W3CHttpResponseCodec.decode(W3CHttpResponseCodec.java:49)
	at org.openqa.selenium.remote.HttpCommandExecutor.execute(HttpCommandExecutor.java:158)
	at org.openqa.selenium.remote.service.DriverCommandExecutor.execute(DriverCommandExecutor.java:83)
	at org.openqa.selenium.remote.RemoteWebDriver.execute(RemoteWebDriver.java:552)
	at com.kms.katalon.selenium.driver.CChromeDriver.execute(CChromeDriver.java:19)
	at org.openqa.selenium.remote.RemoteWebDriver.findElements(RemoteWebDriver.java:353)
	at org.openqa.selenium.remote.RemoteWebDriver.findElementsByXPath(RemoteWebDriver.java:432)
	at org.openqa.selenium.By$ByXPath.findElements(By.java:348)
	at org.openqa.selenium.remote.RemoteWebDriver.findElements(RemoteWebDriver.java:311)
	at org.openqa.selenium.support.events.EventFiringWebDriver.lambda$new$1(EventFiringWebDriver.java:105)
	at com.sun.proxy.$Proxy10.findElements(Unknown Source)
	at org.openqa.selenium.support.events.EventFiringWebDriver.findElements(EventFiringWebDriver.java:182)
	at com.kms.katalon.core.webui.common.WebUiCommonHelper.findElementByNormalMethods(WebUiCommonHelper.java:1016)
	at com.kms.katalon.core.webui.common.WebUiCommonHelper.findElementsBySelectedMethod(WebUiCommonHelper.java:911)
	at com.kms.katalon.core.webui.common.WebUiCommonHelper.findElementsBySelectedMethod(WebUiCommonHelper.java:894)
	at com.kms.katalon.core.webui.common.WebUiCommonHelper.findElementsBySelectedMethod(WebUiCommonHelper.java:889)
	at com.kms.katalon.core.webui.common.WebUiCommonHelper.findElementsByDefault(WebUiCommonHelper.java:885)
	at com.kms.katalon.core.webui.common.WebUiCommonHelper.findWebElements(WebUiCommonHelper.java:720)
	at com.kms.katalon.core.webui.common.WebUiCommonHelper.findWebElement(WebUiCommonHelper.java:1365)
	at com.kms.katalon.core.webui.keyword.internal.WebUIAbstractKeyword.findWebElement(WebUIAbstractKeyword.groovy:27)
	at com.kms.katalon.core.webui.keyword.builtin.ClickKeyword$_click_closure1.doCall(ClickKeyword.groovy:65)
	at com.kms.katalon.core.webui.keyword.builtin.ClickKeyword$_click_closure1.call(ClickKeyword.groovy)
	at com.kms.katalon.core.webui.keyword.internal.WebUIKeywordMain.runKeyword(WebUIKeywordMain.groovy:20)
	... 19 more]]></system-err>
      </testcase>
      <testcase name="Test Cases/BB003_UnverifUser" time="25.523" classname="Test Cases/BB003_UnverifUser" status="FAILED">
         <failure type="FAILED" message="Test Cases/BB003_UnverifUser FAILED.
Reason:
com.kms.katalon.core.exception.StepFailedException: Unable to click on object 'Object Repository/ManageUser/Option'
	at com.kms.katalon.core.webui.keyword.internal.WebUIKeywordMain.stepFailed(WebUIKeywordMain.groovy:64)
	at com.kms.katalon.core.webui.keyword.internal.WebUIKeywordMain.runKeyword(WebUIKeywordMain.groovy:26)
	at com.kms.katalon.core.webui.keyword.builtin.ClickKeyword.click(ClickKeyword.groovy:74)
	at com.kms.katalon.core.webui.keyword.builtin.ClickKeyword.execute(ClickKeyword.groovy:40)
	at com.kms.katalon.core.keyword.internal.KeywordExecutor.executeKeywordForPlatform(KeywordExecutor.groovy:74)
	at com.kms.katalon.core.webui.keyword.WebUiBuiltInKeywords.click(WebUiBuiltInKeywords.groovy:620)
	at com.kms.katalon.core.webui.keyword.WebUiBuiltInKeywords$click$2.call(Unknown Source)
	at BB003_UnverifUser.run(BB003_UnverifUser:34)
	at com.kms.katalon.core.main.ScriptEngine.run(ScriptEngine.java:194)
	at com.kms.katalon.core.main.ScriptEngine.runScriptAsRawText(ScriptEngine.java:119)
	at com.kms.katalon.core.main.TestCaseExecutor.runScript(TestCaseExecutor.java:445)
	at com.kms.katalon.core.main.TestCaseExecutor.doExecute(TestCaseExecutor.java:436)
	at com.kms.katalon.core.main.TestCaseExecutor.processExecutionPhase(TestCaseExecutor.java:415)
	at com.kms.katalon.core.main.TestCaseExecutor.accessMainPhase(TestCaseExecutor.java:407)
	at com.kms.katalon.core.main.TestCaseExecutor.execute(TestCaseExecutor.java:284)
	at com.kms.katalon.core.common.CommonExecutor.accessTestCaseMainPhase(CommonExecutor.java:65)
	at com.kms.katalon.core.main.TestSuiteExecutor.accessTestSuiteMainPhase(TestSuiteExecutor.java:144)
	at com.kms.katalon.core.main.TestSuiteExecutor.execute(TestSuiteExecutor.java:106)
	at com.kms.katalon.core.main.TestCaseMain.startTestSuite(TestCaseMain.java:185)
	at com.kms.katalon.core.main.TestCaseMain$startTestSuite$0.call(Unknown Source)
	at TempTestSuite1671555481448.run(TempTestSuite1671555481448.groovy:36)
Caused by: org.openqa.selenium.NoSuchWindowException: no such window: target window already closed
from unknown error: web view not found
  (Session info: chrome=108.0.5359.125)
Build info: version: '3.141.59', revision: 'e82be7d358', time: '2018-11-14T08:25:53'
System info: host: 'LAPTOP-RDI03SV1', ip: '192.168.0.101', os.name: 'Windows 10', os.arch: 'amd64', os.version: '10.0', java.version: '1.8.0_282'
Driver info: com.kms.katalon.selenium.driver.CChromeDriver
Capabilities {acceptInsecureCerts: false, browserName: chrome, browserVersion: 108.0.5359.125, chrome: {chromedriverVersion: 107.0.5304.62 (1eec40d3a576..., userDataDir: C:\Users\User\AppData\Local...}, goog:chromeOptions: {debuggerAddress: localhost:53104}, javascriptEnabled: true, networkConnectionEnabled: false, pageLoadStrategy: normal, platform: WINDOWS, platformName: WINDOWS, proxy: Proxy(), setWindowRect: true, strictFileInteractability: false, timeouts: {implicit: 0, pageLoad: 300000, script: 30000}, unhandledPromptBehavior: dismiss and notify, webauthn:extension:credBlob: true, webauthn:extension:largeBlob: true, webauthn:virtualAuthenticators: true}
Session ID: a55e83c1698f7de6b550131a484a32d6
*** Element info: {Using=xpath, value=(.//*[normalize-space(text()) and normalize-space(.)='Verified'])[4]/following::*[name()='svg'][1]}
	at org.openqa.selenium.remote.http.W3CHttpResponseCodec.createException(W3CHttpResponseCodec.java:187)
	at org.openqa.selenium.remote.http.W3CHttpResponseCodec.decode(W3CHttpResponseCodec.java:122)
	at org.openqa.selenium.remote.http.W3CHttpResponseCodec.decode(W3CHttpResponseCodec.java:49)
	at org.openqa.selenium.remote.HttpCommandExecutor.execute(HttpCommandExecutor.java:158)
	at org.openqa.selenium.remote.service.DriverCommandExecutor.execute(DriverCommandExecutor.java:83)
	at org.openqa.selenium.remote.RemoteWebDriver.execute(RemoteWebDriver.java:552)
	at com.kms.katalon.selenium.driver.CChromeDriver.execute(CChromeDriver.java:19)
	at org.openqa.selenium.remote.RemoteWebDriver.findElements(RemoteWebDriver.java:353)
	at org.openqa.selenium.remote.RemoteWebDriver.findElementsByXPath(RemoteWebDriver.java:432)
	at org.openqa.selenium.By$ByXPath.findElements(By.java:348)
	at org.openqa.selenium.remote.RemoteWebDriver.findElements(RemoteWebDriver.java:311)
	at org.openqa.selenium.support.events.EventFiringWebDriver.lambda$new$1(EventFiringWebDriver.java:105)
	at com.sun.proxy.$Proxy10.findElements(Unknown Source)
	at org.openqa.selenium.support.events.EventFiringWebDriver.findElements(EventFiringWebDriver.java:182)
	at com.kms.katalon.core.webui.common.WebUiCommonHelper.findElementByNormalMethods(WebUiCommonHelper.java:1016)
	at com.kms.katalon.core.webui.common.WebUiCommonHelper.findElementsBySelectedMethod(WebUiCommonHelper.java:911)
	at com.kms.katalon.core.webui.common.WebUiCommonHelper.findElementsBySelectedMethod(WebUiCommonHelper.java:894)
	at com.kms.katalon.core.webui.common.WebUiCommonHelper.findElementsBySelectedMethod(WebUiCommonHelper.java:889)
	at com.kms.katalon.core.webui.common.WebUiCommonHelper.findElementsByDefault(WebUiCommonHelper.java:885)
	at com.kms.katalon.core.webui.common.WebUiCommonHelper.findWebElements(WebUiCommonHelper.java:720)
	at com.kms.katalon.core.webui.common.WebUiCommonHelper.findWebElement(WebUiCommonHelper.java:1365)
	at com.kms.katalon.core.webui.keyword.internal.WebUIAbstractKeyword.findWebElement(WebUIAbstractKeyword.groovy:27)
	at com.kms.katalon.core.webui.keyword.builtin.ClickKeyword$_click_closure1.doCall(ClickKeyword.groovy:65)
	at com.kms.katalon.core.webui.keyword.builtin.ClickKeyword$_click_closure1.call(ClickKeyword.groovy)
	at com.kms.katalon.core.webui.keyword.internal.WebUIKeywordMain.runKeyword(WebUIKeywordMain.groovy:20)
	... 19 more
"/>
         <system-out><![CDATA[2022-12-20 23:59:20 - [TEST_CASE][FAILED] - Test Cases/BB003_UnverifUser: Test Cases/BB003_UnverifUser FAILED.
Reason:
com.kms.katalon.core.exception.StepFailedException: Unable to click on object 'Object Repository/ManageUser/Option'
	at com.kms.katalon.core.webui.keyword.internal.WebUIKeywordMain.stepFailed(WebUIKeywordMain.groovy:64)
	at com.kms.katalon.core.webui.keyword.internal.WebUIKeywordMain.runKeyword(WebUIKeywordMain.groovy:26)
	at com.kms.katalon.core.webui.keyword.builtin.ClickKeyword.click(ClickKeyword.groovy:74)
	at com.kms.katalon.core.webui.keyword.builtin.ClickKeyword.execute(ClickKeyword.groovy:40)
	at com.kms.katalon.core.keyword.internal.KeywordExecutor.executeKeywordForPlatform(KeywordExecutor.groovy:74)
	at com.kms.katalon.core.webui.keyword.WebUiBuiltInKeywords.click(WebUiBuiltInKeywords.groovy:620)
	at com.kms.katalon.core.webui.keyword.WebUiBuiltInKeywords$click$2.call(Unknown Source)
	at BB003_UnverifUser.run(BB003_UnverifUser:34)
	at com.kms.katalon.core.main.ScriptEngine.run(ScriptEngine.java:194)
	at com.kms.katalon.core.main.ScriptEngine.runScriptAsRawText(ScriptEngine.java:119)
	at com.kms.katalon.core.main.TestCaseExecutor.runScript(TestCaseExecutor.java:445)
	at com.kms.katalon.core.main.TestCaseExecutor.doExecute(TestCaseExecutor.java:436)
	at com.kms.katalon.core.main.TestCaseExecutor.processExecutionPhase(TestCaseExecutor.java:415)
	at com.kms.katalon.core.main.TestCaseExecutor.accessMainPhase(TestCaseExecutor.java:407)
	at com.kms.katalon.core.main.TestCaseExecutor.execute(TestCaseExecutor.java:284)
	at com.kms.katalon.core.common.CommonExecutor.accessTestCaseMainPhase(CommonExecutor.java:65)
	at com.kms.katalon.core.main.TestSuiteExecutor.accessTestSuiteMainPhase(TestSuiteExecutor.java:144)
	at com.kms.katalon.core.main.TestSuiteExecutor.execute(TestSuiteExecutor.java:106)
	at com.kms.katalon.core.main.TestCaseMain.startTestSuite(TestCaseMain.java:185)
	at com.kms.katalon.core.main.TestCaseMain$startTestSuite$0.call(Unknown Source)
	at TempTestSuite1671555481448.run(TempTestSuite1671555481448.groovy:36)
Caused by: org.openqa.selenium.NoSuchWindowException: no such window: target window already closed
from unknown error: web view not found
  (Session info: chrome=108.0.5359.125)
Build info: version: '3.141.59', revision: 'e82be7d358', time: '2018-11-14T08:25:53'
System info: host: 'LAPTOP-RDI03SV1', ip: '192.168.0.101', os.name: 'Windows 10', os.arch: 'amd64', os.version: '10.0', java.version: '1.8.0_282'
Driver info: com.kms.katalon.selenium.driver.CChromeDriver
Capabilities {acceptInsecureCerts: false, browserName: chrome, browserVersion: 108.0.5359.125, chrome: {chromedriverVersion: 107.0.5304.62 (1eec40d3a576..., userDataDir: C:\Users\User\AppData\Local...}, goog:chromeOptions: {debuggerAddress: localhost:53104}, javascriptEnabled: true, networkConnectionEnabled: false, pageLoadStrategy: normal, platform: WINDOWS, platformName: WINDOWS, proxy: Proxy(), setWindowRect: true, strictFileInteractability: false, timeouts: {implicit: 0, pageLoad: 300000, script: 30000}, unhandledPromptBehavior: dismiss and notify, webauthn:extension:credBlob: true, webauthn:extension:largeBlob: true, webauthn:virtualAuthenticators: true}
Session ID: a55e83c1698f7de6b550131a484a32d6
*** Element info: {Using=xpath, value=(.//*[normalize-space(text()) and normalize-space(.)='Verified'])[4]/following::*[name()='svg'][1]}
	at org.openqa.selenium.remote.http.W3CHttpResponseCodec.createException(W3CHttpResponseCodec.java:187)
	at org.openqa.selenium.remote.http.W3CHttpResponseCodec.decode(W3CHttpResponseCodec.java:122)
	at org.openqa.selenium.remote.http.W3CHttpResponseCodec.decode(W3CHttpResponseCodec.java:49)
	at org.openqa.selenium.remote.HttpCommandExecutor.execute(HttpCommandExecutor.java:158)
	at org.openqa.selenium.remote.service.DriverCommandExecutor.execute(DriverCommandExecutor.java:83)
	at org.openqa.selenium.remote.RemoteWebDriver.execute(RemoteWebDriver.java:552)
	at com.kms.katalon.selenium.driver.CChromeDriver.execute(CChromeDriver.java:19)
	at org.openqa.selenium.remote.RemoteWebDriver.findElements(RemoteWebDriver.java:353)
	at org.openqa.selenium.remote.RemoteWebDriver.findElementsByXPath(RemoteWebDriver.java:432)
	at org.openqa.selenium.By$ByXPath.findElements(By.java:348)
	at org.openqa.selenium.remote.RemoteWebDriver.findElements(RemoteWebDriver.java:311)
	at org.openqa.selenium.support.events.EventFiringWebDriver.lambda$new$1(EventFiringWebDriver.java:105)
	at com.sun.proxy.$Proxy10.findElements(Unknown Source)
	at org.openqa.selenium.support.events.EventFiringWebDriver.findElements(EventFiringWebDriver.java:182)
	at com.kms.katalon.core.webui.common.WebUiCommonHelper.findElementByNormalMethods(WebUiCommonHelper.java:1016)
	at com.kms.katalon.core.webui.common.WebUiCommonHelper.findElementsBySelectedMethod(WebUiCommonHelper.java:911)
	at com.kms.katalon.core.webui.common.WebUiCommonHelper.findElementsBySelectedMethod(WebUiCommonHelper.java:894)
	at com.kms.katalon.core.webui.common.WebUiCommonHelper.findElementsBySelectedMethod(WebUiCommonHelper.java:889)
	at com.kms.katalon.core.webui.common.WebUiCommonHelper.findElementsByDefault(WebUiCommonHelper.java:885)
	at com.kms.katalon.core.webui.common.WebUiCommonHelper.findWebElements(WebUiCommonHelper.java:720)
	at com.kms.katalon.core.webui.common.WebUiCommonHelper.findWebElement(WebUiCommonHelper.java:1365)
	at com.kms.katalon.core.webui.keyword.internal.WebUIAbstractKeyword.findWebElement(WebUIAbstractKeyword.groovy:27)
	at com.kms.katalon.core.webui.keyword.builtin.ClickKeyword$_click_closure1.doCall(ClickKeyword.groovy:65)
	at com.kms.katalon.core.webui.keyword.builtin.ClickKeyword$_click_closure1.call(ClickKeyword.groovy)
	at com.kms.katalon.core.webui.keyword.internal.WebUIKeywordMain.runKeyword(WebUIKeywordMain.groovy:20)
	... 19 more


2022-12-20 23:59:21 - [TEST_STEP][PASSED] - openBrowser(""): Browser is opened with url: ''

2022-12-20 23:59:21 - [MESSAGE][WARNING] - A browser is already opened. Closing browser and opening a new one

2022-12-20 23:59:21 - [MESSAGE][INFO] - Starting 'Chrome' driver

2022-12-20 23:59:21 - [MESSAGE][INFO] - Action delay is set to 0 milliseconds

2022-12-20 23:59:22 - [MESSAGE][PASSED] - Browser is opened with url: ''

2022-12-20 23:59:22 - [TEST_STEP][PASSED] - maximizeWindow(): Current window maximized

2022-12-20 23:59:23 - [MESSAGE][PASSED] - Current window maximized

2022-12-20 23:59:23 - [TEST_STEP][PASSED] - navigateToUrl("https://tes-capstone-website.vercel.app/admin/login"): Navigate to 'https://tes-capstone-website.vercel.app/admin/login' successfully

2022-12-20 23:59:26 - [MESSAGE][PASSED] - Navigate to 'https://tes-capstone-website.vercel.app/admin/login' successfully

2022-12-20 23:59:26 - [TEST_STEP][PASSED] - setText(findTestObject("Auth/Email"), "rnd.rindhu@gmail.com"): Text 'rnd.rindhu@gmail.com' is set on object 'Object Repository/Auth/Email'

2022-12-20 23:59:27 - [MESSAGE][PASSED] - Text 'rnd.rindhu@gmail.com' is set on object 'Object Repository/Auth/Email'

2022-12-20 23:59:27 - [TEST_STEP][PASSED] - setText(findTestObject("Auth/Password"), "@Password123"): Text '@Password123' is set on object 'Object Repository/Auth/Password'

2022-12-20 23:59:28 - [MESSAGE][PASSED] - Text '@Password123' is set on object 'Object Repository/Auth/Password'

2022-12-20 23:59:28 - [TEST_STEP][PASSED] - click(findTestObject("Auth/LoginButton")): Object: 'Object Repository/Auth/LoginButton' is clicked on

2022-12-20 23:59:28 - [MESSAGE][PASSED] - Object: 'Object Repository/Auth/LoginButton' is clicked on

2022-12-20 23:59:28 - [TEST_STEP][PASSED] - click(findTestObject("ManageUser/ManageUser")): Object: 'Object Repository/ManageUser/ManageUser' is clicked on

2022-12-20 23:59:31 - [MESSAGE][PASSED] - Object: 'Object Repository/ManageUser/ManageUser' is clicked on

2022-12-20 23:59:31 - [TEST_STEP][FAILED] - click(findTestObject("ManageUser/Option")): Unable to click on object 'Object Repository/ManageUser/Option' (Root cause: com.kms.katalon.core.exception.StepFailedException: Unable to click on object 'Object Repository/ManageUser/Option'
	at com.kms.katalon.core.webui.keyword.internal.WebUIKeywordMain.stepFailed(WebUIKeywordMain.groovy:64)
	at com.kms.katalon.core.webui.keyword.internal.WebUIKeywordMain.runKeyword(WebUIKeywordMain.groovy:26)
	at com.kms.katalon.core.webui.keyword.builtin.ClickKeyword.click(ClickKeyword.groovy:74)
	at com.kms.katalon.core.webui.keyword.builtin.ClickKeyword.execute(ClickKeyword.groovy:40)
	at com.kms.katalon.core.keyword.internal.KeywordExecutor.executeKeywordForPlatform(KeywordExecutor.groovy:74)
	at com.kms.katalon.core.webui.keyword.WebUiBuiltInKeywords.click(WebUiBuiltInKeywords.groovy:620)
	at com.kms.katalon.core.webui.keyword.WebUiBuiltInKeywords$click$2.call(Unknown Source)
	at BB003_UnverifUser.run(BB003_UnverifUser:34)
	at com.kms.katalon.core.main.ScriptEngine.run(ScriptEngine.java:194)
	at com.kms.katalon.core.main.ScriptEngine.runScriptAsRawText(ScriptEngine.java:119)
	at com.kms.katalon.core.main.TestCaseExecutor.runScript(TestCaseExecutor.java:445)
	at com.kms.katalon.core.main.TestCaseExecutor.doExecute(TestCaseExecutor.java:436)
	at com.kms.katalon.core.main.TestCaseExecutor.processExecutionPhase(TestCaseExecutor.java:415)
	at com.kms.katalon.core.main.TestCaseExecutor.accessMainPhase(TestCaseExecutor.java:407)
	at com.kms.katalon.core.main.TestCaseExecutor.execute(TestCaseExecutor.java:284)
	at com.kms.katalon.core.common.CommonExecutor.accessTestCaseMainPhase(CommonExecutor.java:65)
	at com.kms.katalon.core.main.TestSuiteExecutor.accessTestSuiteMainPhase(TestSuiteExecutor.java:144)
	at com.kms.katalon.core.main.TestSuiteExecutor.execute(TestSuiteExecutor.java:106)
	at com.kms.katalon.core.main.TestCaseMain.startTestSuite(TestCaseMain.java:185)
	at com.kms.katalon.core.main.TestCaseMain$startTestSuite$0.call(Unknown Source)
	at TempTestSuite1671555481448.run(TempTestSuite1671555481448.groovy:36)
Caused by: org.openqa.selenium.NoSuchWindowException: no such window: target window already closed
from unknown error: web view not found
  (Session info: chrome=108.0.5359.125)
Build info: version: '3.141.59', revision: 'e82be7d358', time: '2018-11-14T08:25:53'
System info: host: 'LAPTOP-RDI03SV1', ip: '192.168.0.101', os.name: 'Windows 10', os.arch: 'amd64', os.version: '10.0', java.version: '1.8.0_282'
Driver info: com.kms.katalon.selenium.driver.CChromeDriver
Capabilities {acceptInsecureCerts: false, browserName: chrome, browserVersion: 108.0.5359.125, chrome: {chromedriverVersion: 107.0.5304.62 (1eec40d3a576..., userDataDir: C:\Users\User\AppData\Local...}, goog:chromeOptions: {debuggerAddress: localhost:53104}, javascriptEnabled: true, networkConnectionEnabled: false, pageLoadStrategy: normal, platform: WINDOWS, platformName: WINDOWS, proxy: Proxy(), setWindowRect: true, strictFileInteractability: false, timeouts: {implicit: 0, pageLoad: 300000, script: 30000}, unhandledPromptBehavior: dismiss and notify, webauthn:extension:credBlob: true, webauthn:extension:largeBlob: true, webauthn:virtualAuthenticators: true}
Session ID: a55e83c1698f7de6b550131a484a32d6
*** Element info: {Using=xpath, value=(.//*[normalize-space(text()) and normalize-space(.)='Verified'])[4]/following::*[name()='svg'][1]}
	at org.openqa.selenium.remote.http.W3CHttpResponseCodec.createException(W3CHttpResponseCodec.java:187)
	at org.openqa.selenium.remote.http.W3CHttpResponseCodec.decode(W3CHttpResponseCodec.java:122)
	at org.openqa.selenium.remote.http.W3CHttpResponseCodec.decode(W3CHttpResponseCodec.java:49)
	at org.openqa.selenium.remote.HttpCommandExecutor.execute(HttpCommandExecutor.java:158)
	at org.openqa.selenium.remote.service.DriverCommandExecutor.execute(DriverCommandExecutor.java:83)
	at org.openqa.selenium.remote.RemoteWebDriver.execute(RemoteWebDriver.java:552)
	at com.kms.katalon.selenium.driver.CChromeDriver.execute(CChromeDriver.java:19)
	at org.openqa.selenium.remote.RemoteWebDriver.findElements(RemoteWebDriver.java:353)
	at org.openqa.selenium.remote.RemoteWebDriver.findElementsByXPath(RemoteWebDriver.java:432)
	at org.openqa.selenium.By$ByXPath.findElements(By.java:348)
	at org.openqa.selenium.remote.RemoteWebDriver.findElements(RemoteWebDriver.java:311)
	at org.openqa.selenium.support.events.EventFiringWebDriver.lambda$new$1(EventFiringWebDriver.java:105)
	at com.sun.proxy.$Proxy10.findElements(Unknown Source)
	at org.openqa.selenium.support.events.EventFiringWebDriver.findElements(EventFiringWebDriver.java:182)
	at com.kms.katalon.core.webui.common.WebUiCommonHelper.findElementByNormalMethods(WebUiCommonHelper.java:1016)
	at com.kms.katalon.core.webui.common.WebUiCommonHelper.findElementsBySelectedMethod(WebUiCommonHelper.java:911)
	at com.kms.katalon.core.webui.common.WebUiCommonHelper.findElementsBySelectedMethod(WebUiCommonHelper.java:894)
	at com.kms.katalon.core.webui.common.WebUiCommonHelper.findElementsBySelectedMethod(WebUiCommonHelper.java:889)
	at com.kms.katalon.core.webui.common.WebUiCommonHelper.findElementsByDefault(WebUiCommonHelper.java:885)
	at com.kms.katalon.core.webui.common.WebUiCommonHelper.findWebElements(WebUiCommonHelper.java:720)
	at com.kms.katalon.core.webui.common.WebUiCommonHelper.findWebElement(WebUiCommonHelper.java:1365)
	at com.kms.katalon.core.webui.keyword.internal.WebUIAbstractKeyword.findWebElement(WebUIAbstractKeyword.groovy:27)
	at com.kms.katalon.core.webui.keyword.builtin.ClickKeyword$_click_closure1.doCall(ClickKeyword.groovy:65)
	at com.kms.katalon.core.webui.keyword.builtin.ClickKeyword$_click_closure1.call(ClickKeyword.groovy)
	at com.kms.katalon.core.webui.keyword.internal.WebUIKeywordMain.runKeyword(WebUIKeywordMain.groovy:20)
	at com.kms.katalon.core.webui.keyword.builtin.ClickKeyword.click(ClickKeyword.groovy:74)
	at com.kms.katalon.core.webui.keyword.builtin.ClickKeyword.execute(ClickKeyword.groovy:40)
	at com.kms.katalon.core.keyword.internal.KeywordExecutor.executeKeywordForPlatform(KeywordExecutor.groovy:74)
	at com.kms.katalon.core.webui.keyword.WebUiBuiltInKeywords.click(WebUiBuiltInKeywords.groovy:620)
	at com.kms.katalon.core.webui.keyword.WebUiBuiltInKeywords$click$2.call(Unknown Source)
	at Script1670852324325.run(Script1670852324325.groovy:34)
	... 13 more
)

2022-12-20 23:59:46 - [MESSAGE][WARNING] - Cannot take screenshot

2022-12-20 23:59:46 - [MESSAGE][FAILED] - Unable to click on object 'Object Repository/ManageUser/Option' (Root cause: com.kms.katalon.core.exception.StepFailedException: Unable to click on object 'Object Repository/ManageUser/Option'
	at com.kms.katalon.core.webui.keyword.internal.WebUIKeywordMain.stepFailed(WebUIKeywordMain.groovy:64)
	at com.kms.katalon.core.webui.keyword.internal.WebUIKeywordMain.runKeyword(WebUIKeywordMain.groovy:26)
	at com.kms.katalon.core.webui.keyword.builtin.ClickKeyword.click(ClickKeyword.groovy:74)
	at com.kms.katalon.core.webui.keyword.builtin.ClickKeyword.execute(ClickKeyword.groovy:40)
	at com.kms.katalon.core.keyword.internal.KeywordExecutor.executeKeywordForPlatform(KeywordExecutor.groovy:74)
	at com.kms.katalon.core.webui.keyword.WebUiBuiltInKeywords.click(WebUiBuiltInKeywords.groovy:620)
	at com.kms.katalon.core.webui.keyword.WebUiBuiltInKeywords$click$2.call(Unknown Source)
	at BB003_UnverifUser.run(BB003_UnverifUser:34)
	at com.kms.katalon.core.main.ScriptEngine.run(ScriptEngine.java:194)
	at com.kms.katalon.core.main.ScriptEngine.runScriptAsRawText(ScriptEngine.java:119)
	at com.kms.katalon.core.main.TestCaseExecutor.runScript(TestCaseExecutor.java:445)
	at com.kms.katalon.core.main.TestCaseExecutor.doExecute(TestCaseExecutor.java:436)
	at com.kms.katalon.core.main.TestCaseExecutor.processExecutionPhase(TestCaseExecutor.java:415)
	at com.kms.katalon.core.main.TestCaseExecutor.accessMainPhase(TestCaseExecutor.java:407)
	at com.kms.katalon.core.main.TestCaseExecutor.execute(TestCaseExecutor.java:284)
	at com.kms.katalon.core.common.CommonExecutor.accessTestCaseMainPhase(CommonExecutor.java:65)
	at com.kms.katalon.core.main.TestSuiteExecutor.accessTestSuiteMainPhase(TestSuiteExecutor.java:144)
	at com.kms.katalon.core.main.TestSuiteExecutor.execute(TestSuiteExecutor.java:106)
	at com.kms.katalon.core.main.TestCaseMain.startTestSuite(TestCaseMain.java:185)
	at com.kms.katalon.core.main.TestCaseMain$startTestSuite$0.call(Unknown Source)
	at TempTestSuite1671555481448.run(TempTestSuite1671555481448.groovy:36)
Caused by: org.openqa.selenium.NoSuchWindowException: no such window: target window already closed
from unknown error: web view not found
  (Session info: chrome=108.0.5359.125)
Build info: version: '3.141.59', revision: 'e82be7d358', time: '2018-11-14T08:25:53'
System info: host: 'LAPTOP-RDI03SV1', ip: '192.168.0.101', os.name: 'Windows 10', os.arch: 'amd64', os.version: '10.0', java.version: '1.8.0_282'
Driver info: com.kms.katalon.selenium.driver.CChromeDriver
Capabilities {acceptInsecureCerts: false, browserName: chrome, browserVersion: 108.0.5359.125, chrome: {chromedriverVersion: 107.0.5304.62 (1eec40d3a576..., userDataDir: C:\Users\User\AppData\Local...}, goog:chromeOptions: {debuggerAddress: localhost:53104}, javascriptEnabled: true, networkConnectionEnabled: false, pageLoadStrategy: normal, platform: WINDOWS, platformName: WINDOWS, proxy: Proxy(), setWindowRect: true, strictFileInteractability: false, timeouts: {implicit: 0, pageLoad: 300000, script: 30000}, unhandledPromptBehavior: dismiss and notify, webauthn:extension:credBlob: true, webauthn:extension:largeBlob: true, webauthn:virtualAuthenticators: true}
Session ID: a55e83c1698f7de6b550131a484a32d6
*** Element info: {Using=xpath, value=(.//*[normalize-space(text()) and normalize-space(.)='Verified'])[4]/following::*[name()='svg'][1]}
	at org.openqa.selenium.remote.http.W3CHttpResponseCodec.createException(W3CHttpResponseCodec.java:187)
	at org.openqa.selenium.remote.http.W3CHttpResponseCodec.decode(W3CHttpResponseCodec.java:122)
	at org.openqa.selenium.remote.http.W3CHttpResponseCodec.decode(W3CHttpResponseCodec.java:49)
	at org.openqa.selenium.remote.HttpCommandExecutor.execute(HttpCommandExecutor.java:158)
	at org.openqa.selenium.remote.service.DriverCommandExecutor.execute(DriverCommandExecutor.java:83)
	at org.openqa.selenium.remote.RemoteWebDriver.execute(RemoteWebDriver.java:552)
	at com.kms.katalon.selenium.driver.CChromeDriver.execute(CChromeDriver.java:19)
	at org.openqa.selenium.remote.RemoteWebDriver.findElements(RemoteWebDriver.java:353)
	at org.openqa.selenium.remote.RemoteWebDriver.findElementsByXPath(RemoteWebDriver.java:432)
	at org.openqa.selenium.By$ByXPath.findElements(By.java:348)
	at org.openqa.selenium.remote.RemoteWebDriver.findElements(RemoteWebDriver.java:311)
	at org.openqa.selenium.support.events.EventFiringWebDriver.lambda$new$1(EventFiringWebDriver.java:105)
	at com.sun.proxy.$Proxy10.findElements(Unknown Source)
	at org.openqa.selenium.support.events.EventFiringWebDriver.findElements(EventFiringWebDriver.java:182)
	at com.kms.katalon.core.webui.common.WebUiCommonHelper.findElementByNormalMethods(WebUiCommonHelper.java:1016)
	at com.kms.katalon.core.webui.common.WebUiCommonHelper.findElementsBySelectedMethod(WebUiCommonHelper.java:911)
	at com.kms.katalon.core.webui.common.WebUiCommonHelper.findElementsBySelectedMethod(WebUiCommonHelper.java:894)
	at com.kms.katalon.core.webui.common.WebUiCommonHelper.findElementsBySelectedMethod(WebUiCommonHelper.java:889)
	at com.kms.katalon.core.webui.common.WebUiCommonHelper.findElementsByDefault(WebUiCommonHelper.java:885)
	at com.kms.katalon.core.webui.common.WebUiCommonHelper.findWebElements(WebUiCommonHelper.java:720)
	at com.kms.katalon.core.webui.common.WebUiCommonHelper.findWebElement(WebUiCommonHelper.java:1365)
	at com.kms.katalon.core.webui.keyword.internal.WebUIAbstractKeyword.findWebElement(WebUIAbstractKeyword.groovy:27)
	at com.kms.katalon.core.webui.keyword.builtin.ClickKeyword$_click_closure1.doCall(ClickKeyword.groovy:65)
	at com.kms.katalon.core.webui.keyword.builtin.ClickKeyword$_click_closure1.call(ClickKeyword.groovy)
	at com.kms.katalon.core.webui.keyword.internal.WebUIKeywordMain.runKeyword(WebUIKeywordMain.groovy:20)
	at com.kms.katalon.core.webui.keyword.builtin.ClickKeyword.click(ClickKeyword.groovy:74)
	at com.kms.katalon.core.webui.keyword.builtin.ClickKeyword.execute(ClickKeyword.groovy:40)
	at com.kms.katalon.core.keyword.internal.KeywordExecutor.executeKeywordForPlatform(KeywordExecutor.groovy:74)
	at com.kms.katalon.core.webui.keyword.WebUiBuiltInKeywords.click(WebUiBuiltInKeywords.groovy:620)
	at com.kms.katalon.core.webui.keyword.WebUiBuiltInKeywords$click$2.call(Unknown Source)
	at Script1670852324325.run(Script1670852324325.groovy:34)
	... 13 more
)]]></system-out>
         <system-err><![CDATA[2022-12-20 23:59:20 - [TEST_CASE][FAILED] - Test Cases/BB003_UnverifUser: Test Cases/BB003_UnverifUser FAILED.
Reason:
com.kms.katalon.core.exception.StepFailedException: Unable to click on object 'Object Repository/ManageUser/Option'
	at com.kms.katalon.core.webui.keyword.internal.WebUIKeywordMain.stepFailed(WebUIKeywordMain.groovy:64)
	at com.kms.katalon.core.webui.keyword.internal.WebUIKeywordMain.runKeyword(WebUIKeywordMain.groovy:26)
	at com.kms.katalon.core.webui.keyword.builtin.ClickKeyword.click(ClickKeyword.groovy:74)
	at com.kms.katalon.core.webui.keyword.builtin.ClickKeyword.execute(ClickKeyword.groovy:40)
	at com.kms.katalon.core.keyword.internal.KeywordExecutor.executeKeywordForPlatform(KeywordExecutor.groovy:74)
	at com.kms.katalon.core.webui.keyword.WebUiBuiltInKeywords.click(WebUiBuiltInKeywords.groovy:620)
	at com.kms.katalon.core.webui.keyword.WebUiBuiltInKeywords$click$2.call(Unknown Source)
	at BB003_UnverifUser.run(BB003_UnverifUser:34)
	at com.kms.katalon.core.main.ScriptEngine.run(ScriptEngine.java:194)
	at com.kms.katalon.core.main.ScriptEngine.runScriptAsRawText(ScriptEngine.java:119)
	at com.kms.katalon.core.main.TestCaseExecutor.runScript(TestCaseExecutor.java:445)
	at com.kms.katalon.core.main.TestCaseExecutor.doExecute(TestCaseExecutor.java:436)
	at com.kms.katalon.core.main.TestCaseExecutor.processExecutionPhase(TestCaseExecutor.java:415)
	at com.kms.katalon.core.main.TestCaseExecutor.accessMainPhase(TestCaseExecutor.java:407)
	at com.kms.katalon.core.main.TestCaseExecutor.execute(TestCaseExecutor.java:284)
	at com.kms.katalon.core.common.CommonExecutor.accessTestCaseMainPhase(CommonExecutor.java:65)
	at com.kms.katalon.core.main.TestSuiteExecutor.accessTestSuiteMainPhase(TestSuiteExecutor.java:144)
	at com.kms.katalon.core.main.TestSuiteExecutor.execute(TestSuiteExecutor.java:106)
	at com.kms.katalon.core.main.TestCaseMain.startTestSuite(TestCaseMain.java:185)
	at com.kms.katalon.core.main.TestCaseMain$startTestSuite$0.call(Unknown Source)
	at TempTestSuite1671555481448.run(TempTestSuite1671555481448.groovy:36)
Caused by: org.openqa.selenium.NoSuchWindowException: no such window: target window already closed
from unknown error: web view not found
  (Session info: chrome=108.0.5359.125)
Build info: version: '3.141.59', revision: 'e82be7d358', time: '2018-11-14T08:25:53'
System info: host: 'LAPTOP-RDI03SV1', ip: '192.168.0.101', os.name: 'Windows 10', os.arch: 'amd64', os.version: '10.0', java.version: '1.8.0_282'
Driver info: com.kms.katalon.selenium.driver.CChromeDriver
Capabilities {acceptInsecureCerts: false, browserName: chrome, browserVersion: 108.0.5359.125, chrome: {chromedriverVersion: 107.0.5304.62 (1eec40d3a576..., userDataDir: C:\Users\User\AppData\Local...}, goog:chromeOptions: {debuggerAddress: localhost:53104}, javascriptEnabled: true, networkConnectionEnabled: false, pageLoadStrategy: normal, platform: WINDOWS, platformName: WINDOWS, proxy: Proxy(), setWindowRect: true, strictFileInteractability: false, timeouts: {implicit: 0, pageLoad: 300000, script: 30000}, unhandledPromptBehavior: dismiss and notify, webauthn:extension:credBlob: true, webauthn:extension:largeBlob: true, webauthn:virtualAuthenticators: true}
Session ID: a55e83c1698f7de6b550131a484a32d6
*** Element info: {Using=xpath, value=(.//*[normalize-space(text()) and normalize-space(.)='Verified'])[4]/following::*[name()='svg'][1]}
	at org.openqa.selenium.remote.http.W3CHttpResponseCodec.createException(W3CHttpResponseCodec.java:187)
	at org.openqa.selenium.remote.http.W3CHttpResponseCodec.decode(W3CHttpResponseCodec.java:122)
	at org.openqa.selenium.remote.http.W3CHttpResponseCodec.decode(W3CHttpResponseCodec.java:49)
	at org.openqa.selenium.remote.HttpCommandExecutor.execute(HttpCommandExecutor.java:158)
	at org.openqa.selenium.remote.service.DriverCommandExecutor.execute(DriverCommandExecutor.java:83)
	at org.openqa.selenium.remote.RemoteWebDriver.execute(RemoteWebDriver.java:552)
	at com.kms.katalon.selenium.driver.CChromeDriver.execute(CChromeDriver.java:19)
	at org.openqa.selenium.remote.RemoteWebDriver.findElements(RemoteWebDriver.java:353)
	at org.openqa.selenium.remote.RemoteWebDriver.findElementsByXPath(RemoteWebDriver.java:432)
	at org.openqa.selenium.By$ByXPath.findElements(By.java:348)
	at org.openqa.selenium.remote.RemoteWebDriver.findElements(RemoteWebDriver.java:311)
	at org.openqa.selenium.support.events.EventFiringWebDriver.lambda$new$1(EventFiringWebDriver.java:105)
	at com.sun.proxy.$Proxy10.findElements(Unknown Source)
	at org.openqa.selenium.support.events.EventFiringWebDriver.findElements(EventFiringWebDriver.java:182)
	at com.kms.katalon.core.webui.common.WebUiCommonHelper.findElementByNormalMethods(WebUiCommonHelper.java:1016)
	at com.kms.katalon.core.webui.common.WebUiCommonHelper.findElementsBySelectedMethod(WebUiCommonHelper.java:911)
	at com.kms.katalon.core.webui.common.WebUiCommonHelper.findElementsBySelectedMethod(WebUiCommonHelper.java:894)
	at com.kms.katalon.core.webui.common.WebUiCommonHelper.findElementsBySelectedMethod(WebUiCommonHelper.java:889)
	at com.kms.katalon.core.webui.common.WebUiCommonHelper.findElementsByDefault(WebUiCommonHelper.java:885)
	at com.kms.katalon.core.webui.common.WebUiCommonHelper.findWebElements(WebUiCommonHelper.java:720)
	at com.kms.katalon.core.webui.common.WebUiCommonHelper.findWebElement(WebUiCommonHelper.java:1365)
	at com.kms.katalon.core.webui.keyword.internal.WebUIAbstractKeyword.findWebElement(WebUIAbstractKeyword.groovy:27)
	at com.kms.katalon.core.webui.keyword.builtin.ClickKeyword$_click_closure1.doCall(ClickKeyword.groovy:65)
	at com.kms.katalon.core.webui.keyword.builtin.ClickKeyword$_click_closure1.call(ClickKeyword.groovy)
	at com.kms.katalon.core.webui.keyword.internal.WebUIKeywordMain.runKeyword(WebUIKeywordMain.groovy:20)
	... 19 more]]></system-err>
      </testcase>
      <testcase name="Test Cases/BB005_SearchUser" time="12.377" classname="Test Cases/BB005_SearchUser" status="PASSED">
         <system-out><![CDATA[2022-12-20 23:59:46 - [TEST_CASE][PASSED] - Test Cases/BB005_SearchUser: Test Cases/BB005_SearchUser

2022-12-20 23:59:46 - [TEST_STEP][PASSED] - openBrowser(""): Browser is opened with url: ''

2022-12-20 23:59:46 - [MESSAGE][WARNING] - A browser is already opened. Closing browser and opening a new one

2022-12-20 23:59:47 - [MESSAGE][INFO] - Starting 'Chrome' driver

2022-12-20 23:59:47 - [MESSAGE][INFO] - Action delay is set to 0 milliseconds

2022-12-20 23:59:48 - [MESSAGE][PASSED] - Browser is opened with url: ''

2022-12-20 23:59:48 - [TEST_STEP][PASSED] - maximizeWindow(): Current window maximized

2022-12-20 23:59:48 - [MESSAGE][PASSED] - Current window maximized

2022-12-20 23:59:48 - [TEST_STEP][PASSED] - navigateToUrl("https://tes-capstone-website.vercel.app/admin/login"): Navigate to 'https://tes-capstone-website.vercel.app/admin/login' successfully

2022-12-20 23:59:52 - [MESSAGE][PASSED] - Navigate to 'https://tes-capstone-website.vercel.app/admin/login' successfully

2022-12-20 23:59:52 - [TEST_STEP][PASSED] - setText(findTestObject("Auth/Email"), "rnd.rindhu@gmail.com"): Text 'rnd.rindhu@gmail.com' is set on object 'Object Repository/Auth/Email'

2022-12-20 23:59:52 - [MESSAGE][PASSED] - Text 'rnd.rindhu@gmail.com' is set on object 'Object Repository/Auth/Email'

2022-12-20 23:59:52 - [TEST_STEP][PASSED] - setText(findTestObject("Auth/Password"), "@Password123"): Text '@Password123' is set on object 'Object Repository/Auth/Password'

2022-12-20 23:59:53 - [MESSAGE][PASSED] - Text '@Password123' is set on object 'Object Repository/Auth/Password'

2022-12-20 23:59:53 - [TEST_STEP][PASSED] - click(findTestObject("Auth/LoginButton")): Object: 'Object Repository/Auth/LoginButton' is clicked on

2022-12-20 23:59:54 - [MESSAGE][PASSED] - Object: 'Object Repository/Auth/LoginButton' is clicked on

2022-12-20 23:59:54 - [TEST_STEP][PASSED] - click(findTestObject("ManageUser/ManageUser")): Object: 'Object Repository/ManageUser/ManageUser' is clicked on

2022-12-20 23:59:57 - [MESSAGE][PASSED] - Object: 'Object Repository/ManageUser/ManageUser' is clicked on

2022-12-20 23:59:57 - [TEST_STEP][PASSED] - setText(findTestObject("ManageUser/Search"), "rin"): Text 'rin' is set on object 'Object Repository/ManageUser/Search'

2022-12-20 23:59:58 - [MESSAGE][PASSED] - Text 'rin' is set on object 'Object Repository/ManageUser/Search'

2022-12-20 23:59:58 - [TEST_STEP][PASSED] - closeBrowser(): Browser is closed

2022-12-20 23:59:58 - [MESSAGE][PASSED] - Browser is closed]]></system-out>
         <system-err><![CDATA[]]></system-err>
      </testcase>
      <testcase name="Test Cases/BC001_ViewTransaksi" time="8.469" classname="Test Cases/BC001_ViewTransaksi" status="FAILED">
         <failure type="FAILED" message="Test Cases/BC001_ViewTransaksi FAILED.
Reason:
com.kms.katalon.core.exception.StepFailedException: Unable to click on object 'Object Repository/ManageTransaksi/ManageTransaksi'
	at com.kms.katalon.core.webui.keyword.internal.WebUIKeywordMain.stepFailed(WebUIKeywordMain.groovy:64)
	at com.kms.katalon.core.webui.keyword.internal.WebUIKeywordMain.runKeyword(WebUIKeywordMain.groovy:26)
	at com.kms.katalon.core.webui.keyword.builtin.ClickKeyword.click(ClickKeyword.groovy:74)
	at com.kms.katalon.core.webui.keyword.builtin.ClickKeyword.execute(ClickKeyword.groovy:40)
	at com.kms.katalon.core.keyword.internal.KeywordExecutor.executeKeywordForPlatform(KeywordExecutor.groovy:74)
	at com.kms.katalon.core.webui.keyword.WebUiBuiltInKeywords.click(WebUiBuiltInKeywords.groovy:620)
	at com.kms.katalon.core.webui.keyword.WebUiBuiltInKeywords$click$2.call(Unknown Source)
	at BC001_ViewTransaksi.run(BC001_ViewTransaksi:32)
	at com.kms.katalon.core.main.ScriptEngine.run(ScriptEngine.java:194)
	at com.kms.katalon.core.main.ScriptEngine.runScriptAsRawText(ScriptEngine.java:119)
	at com.kms.katalon.core.main.TestCaseExecutor.runScript(TestCaseExecutor.java:445)
	at com.kms.katalon.core.main.TestCaseExecutor.doExecute(TestCaseExecutor.java:436)
	at com.kms.katalon.core.main.TestCaseExecutor.processExecutionPhase(TestCaseExecutor.java:415)
	at com.kms.katalon.core.main.TestCaseExecutor.accessMainPhase(TestCaseExecutor.java:407)
	at com.kms.katalon.core.main.TestCaseExecutor.execute(TestCaseExecutor.java:284)
	at com.kms.katalon.core.common.CommonExecutor.accessTestCaseMainPhase(CommonExecutor.java:65)
	at com.kms.katalon.core.main.TestSuiteExecutor.accessTestSuiteMainPhase(TestSuiteExecutor.java:144)
	at com.kms.katalon.core.main.TestSuiteExecutor.execute(TestSuiteExecutor.java:106)
	at com.kms.katalon.core.main.TestCaseMain.startTestSuite(TestCaseMain.java:185)
	at com.kms.katalon.core.main.TestCaseMain$startTestSuite$0.call(Unknown Source)
	at TempTestSuite1671555481448.run(TempTestSuite1671555481448.groovy:36)
Caused by: org.openqa.selenium.NoSuchWindowException: no such window: target window already closed
from unknown error: web view not found
  (Session info: chrome=108.0.5359.125)
Build info: version: '3.141.59', revision: 'e82be7d358', time: '2018-11-14T08:25:53'
System info: host: 'LAPTOP-RDI03SV1', ip: '192.168.0.101', os.name: 'Windows 10', os.arch: 'amd64', os.version: '10.0', java.version: '1.8.0_282'
Driver info: com.kms.katalon.selenium.driver.CChromeDriver
Capabilities {acceptInsecureCerts: false, browserName: chrome, browserVersion: 108.0.5359.125, chrome: {chromedriverVersion: 107.0.5304.62 (1eec40d3a576..., userDataDir: C:\Users\User\AppData\Local...}, goog:chromeOptions: {debuggerAddress: localhost:53180}, javascriptEnabled: true, networkConnectionEnabled: false, pageLoadStrategy: normal, platform: WINDOWS, platformName: WINDOWS, proxy: Proxy(), setWindowRect: true, strictFileInteractability: false, timeouts: {implicit: 0, pageLoad: 300000, script: 30000}, unhandledPromptBehavior: dismiss and notify, webauthn:extension:credBlob: true, webauthn:extension:largeBlob: true, webauthn:virtualAuthenticators: true}
Session ID: 3c222581433a433ea283d5ac439dd2b0
*** Element info: {Using=xpath, value=//div[@id='root']/div/nav/div/div/div/div/div/div[2]/div/div/div/div[3]/ul/a[3]}
	at org.openqa.selenium.remote.http.W3CHttpResponseCodec.createException(W3CHttpResponseCodec.java:187)
	at org.openqa.selenium.remote.http.W3CHttpResponseCodec.decode(W3CHttpResponseCodec.java:122)
	at org.openqa.selenium.remote.http.W3CHttpResponseCodec.decode(W3CHttpResponseCodec.java:49)
	at org.openqa.selenium.remote.HttpCommandExecutor.execute(HttpCommandExecutor.java:158)
	at org.openqa.selenium.remote.service.DriverCommandExecutor.execute(DriverCommandExecutor.java:83)
	at org.openqa.selenium.remote.RemoteWebDriver.execute(RemoteWebDriver.java:552)
	at com.kms.katalon.selenium.driver.CChromeDriver.execute(CChromeDriver.java:19)
	at org.openqa.selenium.remote.RemoteWebDriver.findElements(RemoteWebDriver.java:353)
	at org.openqa.selenium.remote.RemoteWebDriver.findElementsByXPath(RemoteWebDriver.java:432)
	at org.openqa.selenium.By$ByXPath.findElements(By.java:348)
	at org.openqa.selenium.remote.RemoteWebDriver.findElements(RemoteWebDriver.java:311)
	at org.openqa.selenium.support.events.EventFiringWebDriver.lambda$new$1(EventFiringWebDriver.java:105)
	at com.sun.proxy.$Proxy10.findElements(Unknown Source)
	at org.openqa.selenium.support.events.EventFiringWebDriver.findElements(EventFiringWebDriver.java:182)
	at com.kms.katalon.core.webui.common.WebUiCommonHelper.findElementByNormalMethods(WebUiCommonHelper.java:1016)
	at com.kms.katalon.core.webui.common.WebUiCommonHelper.findElementsBySelectedMethod(WebUiCommonHelper.java:911)
	at com.kms.katalon.core.webui.common.WebUiCommonHelper.findElementsBySelectedMethod(WebUiCommonHelper.java:894)
	at com.kms.katalon.core.webui.common.WebUiCommonHelper.findElementsBySelectedMethod(WebUiCommonHelper.java:889)
	at com.kms.katalon.core.webui.common.WebUiCommonHelper.findElementsByDefault(WebUiCommonHelper.java:885)
	at com.kms.katalon.core.webui.common.WebUiCommonHelper.findWebElements(WebUiCommonHelper.java:720)
	at com.kms.katalon.core.webui.common.WebUiCommonHelper.findWebElement(WebUiCommonHelper.java:1365)
	at com.kms.katalon.core.webui.keyword.internal.WebUIAbstractKeyword.findWebElement(WebUIAbstractKeyword.groovy:27)
	at com.kms.katalon.core.webui.keyword.builtin.ClickKeyword$_click_closure1.doCall(ClickKeyword.groovy:65)
	at com.kms.katalon.core.webui.keyword.builtin.ClickKeyword$_click_closure1.call(ClickKeyword.groovy)
	at com.kms.katalon.core.webui.keyword.internal.WebUIKeywordMain.runKeyword(WebUIKeywordMain.groovy:20)
	... 19 more
"/>
         <system-out><![CDATA[2022-12-20 23:59:58 - [TEST_CASE][FAILED] - Test Cases/BC001_ViewTransaksi: Test Cases/BC001_ViewTransaksi FAILED.
Reason:
com.kms.katalon.core.exception.StepFailedException: Unable to click on object 'Object Repository/ManageTransaksi/ManageTransaksi'
	at com.kms.katalon.core.webui.keyword.internal.WebUIKeywordMain.stepFailed(WebUIKeywordMain.groovy:64)
	at com.kms.katalon.core.webui.keyword.internal.WebUIKeywordMain.runKeyword(WebUIKeywordMain.groovy:26)
	at com.kms.katalon.core.webui.keyword.builtin.ClickKeyword.click(ClickKeyword.groovy:74)
	at com.kms.katalon.core.webui.keyword.builtin.ClickKeyword.execute(ClickKeyword.groovy:40)
	at com.kms.katalon.core.keyword.internal.KeywordExecutor.executeKeywordForPlatform(KeywordExecutor.groovy:74)
	at com.kms.katalon.core.webui.keyword.WebUiBuiltInKeywords.click(WebUiBuiltInKeywords.groovy:620)
	at com.kms.katalon.core.webui.keyword.WebUiBuiltInKeywords$click$2.call(Unknown Source)
	at BC001_ViewTransaksi.run(BC001_ViewTransaksi:32)
	at com.kms.katalon.core.main.ScriptEngine.run(ScriptEngine.java:194)
	at com.kms.katalon.core.main.ScriptEngine.runScriptAsRawText(ScriptEngine.java:119)
	at com.kms.katalon.core.main.TestCaseExecutor.runScript(TestCaseExecutor.java:445)
	at com.kms.katalon.core.main.TestCaseExecutor.doExecute(TestCaseExecutor.java:436)
	at com.kms.katalon.core.main.TestCaseExecutor.processExecutionPhase(TestCaseExecutor.java:415)
	at com.kms.katalon.core.main.TestCaseExecutor.accessMainPhase(TestCaseExecutor.java:407)
	at com.kms.katalon.core.main.TestCaseExecutor.execute(TestCaseExecutor.java:284)
	at com.kms.katalon.core.common.CommonExecutor.accessTestCaseMainPhase(CommonExecutor.java:65)
	at com.kms.katalon.core.main.TestSuiteExecutor.accessTestSuiteMainPhase(TestSuiteExecutor.java:144)
	at com.kms.katalon.core.main.TestSuiteExecutor.execute(TestSuiteExecutor.java:106)
	at com.kms.katalon.core.main.TestCaseMain.startTestSuite(TestCaseMain.java:185)
	at com.kms.katalon.core.main.TestCaseMain$startTestSuite$0.call(Unknown Source)
	at TempTestSuite1671555481448.run(TempTestSuite1671555481448.groovy:36)
Caused by: org.openqa.selenium.NoSuchWindowException: no such window: target window already closed
from unknown error: web view not found
  (Session info: chrome=108.0.5359.125)
Build info: version: '3.141.59', revision: 'e82be7d358', time: '2018-11-14T08:25:53'
System info: host: 'LAPTOP-RDI03SV1', ip: '192.168.0.101', os.name: 'Windows 10', os.arch: 'amd64', os.version: '10.0', java.version: '1.8.0_282'
Driver info: com.kms.katalon.selenium.driver.CChromeDriver
Capabilities {acceptInsecureCerts: false, browserName: chrome, browserVersion: 108.0.5359.125, chrome: {chromedriverVersion: 107.0.5304.62 (1eec40d3a576..., userDataDir: C:\Users\User\AppData\Local...}, goog:chromeOptions: {debuggerAddress: localhost:53180}, javascriptEnabled: true, networkConnectionEnabled: false, pageLoadStrategy: normal, platform: WINDOWS, platformName: WINDOWS, proxy: Proxy(), setWindowRect: true, strictFileInteractability: false, timeouts: {implicit: 0, pageLoad: 300000, script: 30000}, unhandledPromptBehavior: dismiss and notify, webauthn:extension:credBlob: true, webauthn:extension:largeBlob: true, webauthn:virtualAuthenticators: true}
Session ID: 3c222581433a433ea283d5ac439dd2b0
*** Element info: {Using=xpath, value=//div[@id='root']/div/nav/div/div/div/div/div/div[2]/div/div/div/div[3]/ul/a[3]}
	at org.openqa.selenium.remote.http.W3CHttpResponseCodec.createException(W3CHttpResponseCodec.java:187)
	at org.openqa.selenium.remote.http.W3CHttpResponseCodec.decode(W3CHttpResponseCodec.java:122)
	at org.openqa.selenium.remote.http.W3CHttpResponseCodec.decode(W3CHttpResponseCodec.java:49)
	at org.openqa.selenium.remote.HttpCommandExecutor.execute(HttpCommandExecutor.java:158)
	at org.openqa.selenium.remote.service.DriverCommandExecutor.execute(DriverCommandExecutor.java:83)
	at org.openqa.selenium.remote.RemoteWebDriver.execute(RemoteWebDriver.java:552)
	at com.kms.katalon.selenium.driver.CChromeDriver.execute(CChromeDriver.java:19)
	at org.openqa.selenium.remote.RemoteWebDriver.findElements(RemoteWebDriver.java:353)
	at org.openqa.selenium.remote.RemoteWebDriver.findElementsByXPath(RemoteWebDriver.java:432)
	at org.openqa.selenium.By$ByXPath.findElements(By.java:348)
	at org.openqa.selenium.remote.RemoteWebDriver.findElements(RemoteWebDriver.java:311)
	at org.openqa.selenium.support.events.EventFiringWebDriver.lambda$new$1(EventFiringWebDriver.java:105)
	at com.sun.proxy.$Proxy10.findElements(Unknown Source)
	at org.openqa.selenium.support.events.EventFiringWebDriver.findElements(EventFiringWebDriver.java:182)
	at com.kms.katalon.core.webui.common.WebUiCommonHelper.findElementByNormalMethods(WebUiCommonHelper.java:1016)
	at com.kms.katalon.core.webui.common.WebUiCommonHelper.findElementsBySelectedMethod(WebUiCommonHelper.java:911)
	at com.kms.katalon.core.webui.common.WebUiCommonHelper.findElementsBySelectedMethod(WebUiCommonHelper.java:894)
	at com.kms.katalon.core.webui.common.WebUiCommonHelper.findElementsBySelectedMethod(WebUiCommonHelper.java:889)
	at com.kms.katalon.core.webui.common.WebUiCommonHelper.findElementsByDefault(WebUiCommonHelper.java:885)
	at com.kms.katalon.core.webui.common.WebUiCommonHelper.findWebElements(WebUiCommonHelper.java:720)
	at com.kms.katalon.core.webui.common.WebUiCommonHelper.findWebElement(WebUiCommonHelper.java:1365)
	at com.kms.katalon.core.webui.keyword.internal.WebUIAbstractKeyword.findWebElement(WebUIAbstractKeyword.groovy:27)
	at com.kms.katalon.core.webui.keyword.builtin.ClickKeyword$_click_closure1.doCall(ClickKeyword.groovy:65)
	at com.kms.katalon.core.webui.keyword.builtin.ClickKeyword$_click_closure1.call(ClickKeyword.groovy)
	at com.kms.katalon.core.webui.keyword.internal.WebUIKeywordMain.runKeyword(WebUIKeywordMain.groovy:20)
	... 19 more


2022-12-20 23:59:59 - [TEST_STEP][PASSED] - openBrowser(""): Browser is opened with url: ''

2022-12-20 23:59:59 - [MESSAGE][INFO] - Starting 'Chrome' driver

2022-12-20 23:59:59 - [MESSAGE][INFO] - Action delay is set to 0 milliseconds

2022-12-21 00:00:00 - [MESSAGE][PASSED] - Browser is opened with url: ''

2022-12-21 00:00:00 - [TEST_STEP][PASSED] - maximizeWindow(): Current window maximized

2022-12-21 00:00:00 - [MESSAGE][PASSED] - Current window maximized

2022-12-21 00:00:00 - [TEST_STEP][PASSED] - navigateToUrl("https://tes-capstone-website.vercel.app/admin/login"): Navigate to 'https://tes-capstone-website.vercel.app/admin/login' successfully

2022-12-21 00:00:03 - [MESSAGE][PASSED] - Navigate to 'https://tes-capstone-website.vercel.app/admin/login' successfully

2022-12-21 00:00:03 - [TEST_STEP][PASSED] - setText(findTestObject("Auth/Email"), "admin@nyakit.in"): Text 'admin@nyakit.in' is set on object 'Object Repository/Auth/Email'

2022-12-21 00:00:04 - [MESSAGE][PASSED] - Text 'admin@nyakit.in' is set on object 'Object Repository/Auth/Email'

2022-12-21 00:00:04 - [TEST_STEP][PASSED] - setText(findTestObject("Auth/Password"), "@Password123"): Text '@Password123' is set on object 'Object Repository/Auth/Password'

2022-12-21 00:00:05 - [MESSAGE][PASSED] - Text '@Password123' is set on object 'Object Repository/Auth/Password'

2022-12-21 00:00:05 - [TEST_STEP][PASSED] - click(findTestObject("Auth/LoginButton")): Object: 'Object Repository/Auth/LoginButton' is clicked on

2022-12-21 00:00:06 - [MESSAGE][PASSED] - Object: 'Object Repository/Auth/LoginButton' is clicked on

2022-12-21 00:00:06 - [TEST_STEP][FAILED] - click(findTestObject("ManageTransaksi/ManageTransaksi")): Unable to click on object 'Object Repository/ManageTransaksi/ManageTransaksi' (Root cause: com.kms.katalon.core.exception.StepFailedException: Unable to click on object 'Object Repository/ManageTransaksi/ManageTransaksi'
	at com.kms.katalon.core.webui.keyword.internal.WebUIKeywordMain.stepFailed(WebUIKeywordMain.groovy:64)
	at com.kms.katalon.core.webui.keyword.internal.WebUIKeywordMain.runKeyword(WebUIKeywordMain.groovy:26)
	at com.kms.katalon.core.webui.keyword.builtin.ClickKeyword.click(ClickKeyword.groovy:74)
	at com.kms.katalon.core.webui.keyword.builtin.ClickKeyword.execute(ClickKeyword.groovy:40)
	at com.kms.katalon.core.keyword.internal.KeywordExecutor.executeKeywordForPlatform(KeywordExecutor.groovy:74)
	at com.kms.katalon.core.webui.keyword.WebUiBuiltInKeywords.click(WebUiBuiltInKeywords.groovy:620)
	at com.kms.katalon.core.webui.keyword.WebUiBuiltInKeywords$click$2.call(Unknown Source)
	at BC001_ViewTransaksi.run(BC001_ViewTransaksi:32)
	at com.kms.katalon.core.main.ScriptEngine.run(ScriptEngine.java:194)
	at com.kms.katalon.core.main.ScriptEngine.runScriptAsRawText(ScriptEngine.java:119)
	at com.kms.katalon.core.main.TestCaseExecutor.runScript(TestCaseExecutor.java:445)
	at com.kms.katalon.core.main.TestCaseExecutor.doExecute(TestCaseExecutor.java:436)
	at com.kms.katalon.core.main.TestCaseExecutor.processExecutionPhase(TestCaseExecutor.java:415)
	at com.kms.katalon.core.main.TestCaseExecutor.accessMainPhase(TestCaseExecutor.java:407)
	at com.kms.katalon.core.main.TestCaseExecutor.execute(TestCaseExecutor.java:284)
	at com.kms.katalon.core.common.CommonExecutor.accessTestCaseMainPhase(CommonExecutor.java:65)
	at com.kms.katalon.core.main.TestSuiteExecutor.accessTestSuiteMainPhase(TestSuiteExecutor.java:144)
	at com.kms.katalon.core.main.TestSuiteExecutor.execute(TestSuiteExecutor.java:106)
	at com.kms.katalon.core.main.TestCaseMain.startTestSuite(TestCaseMain.java:185)
	at com.kms.katalon.core.main.TestCaseMain$startTestSuite$0.call(Unknown Source)
	at TempTestSuite1671555481448.run(TempTestSuite1671555481448.groovy:36)
Caused by: org.openqa.selenium.NoSuchWindowException: no such window: target window already closed
from unknown error: web view not found
  (Session info: chrome=108.0.5359.125)
Build info: version: '3.141.59', revision: 'e82be7d358', time: '2018-11-14T08:25:53'
System info: host: 'LAPTOP-RDI03SV1', ip: '192.168.0.101', os.name: 'Windows 10', os.arch: 'amd64', os.version: '10.0', java.version: '1.8.0_282'
Driver info: com.kms.katalon.selenium.driver.CChromeDriver
Capabilities {acceptInsecureCerts: false, browserName: chrome, browserVersion: 108.0.5359.125, chrome: {chromedriverVersion: 107.0.5304.62 (1eec40d3a576..., userDataDir: C:\Users\User\AppData\Local...}, goog:chromeOptions: {debuggerAddress: localhost:53180}, javascriptEnabled: true, networkConnectionEnabled: false, pageLoadStrategy: normal, platform: WINDOWS, platformName: WINDOWS, proxy: Proxy(), setWindowRect: true, strictFileInteractability: false, timeouts: {implicit: 0, pageLoad: 300000, script: 30000}, unhandledPromptBehavior: dismiss and notify, webauthn:extension:credBlob: true, webauthn:extension:largeBlob: true, webauthn:virtualAuthenticators: true}
Session ID: 3c222581433a433ea283d5ac439dd2b0
*** Element info: {Using=xpath, value=//div[@id='root']/div/nav/div/div/div/div/div/div[2]/div/div/div/div[3]/ul/a[3]}
	at org.openqa.selenium.remote.http.W3CHttpResponseCodec.createException(W3CHttpResponseCodec.java:187)
	at org.openqa.selenium.remote.http.W3CHttpResponseCodec.decode(W3CHttpResponseCodec.java:122)
	at org.openqa.selenium.remote.http.W3CHttpResponseCodec.decode(W3CHttpResponseCodec.java:49)
	at org.openqa.selenium.remote.HttpCommandExecutor.execute(HttpCommandExecutor.java:158)
	at org.openqa.selenium.remote.service.DriverCommandExecutor.execute(DriverCommandExecutor.java:83)
	at org.openqa.selenium.remote.RemoteWebDriver.execute(RemoteWebDriver.java:552)
	at com.kms.katalon.selenium.driver.CChromeDriver.execute(CChromeDriver.java:19)
	at org.openqa.selenium.remote.RemoteWebDriver.findElements(RemoteWebDriver.java:353)
	at org.openqa.selenium.remote.RemoteWebDriver.findElementsByXPath(RemoteWebDriver.java:432)
	at org.openqa.selenium.By$ByXPath.findElements(By.java:348)
	at org.openqa.selenium.remote.RemoteWebDriver.findElements(RemoteWebDriver.java:311)
	at org.openqa.selenium.support.events.EventFiringWebDriver.lambda$new$1(EventFiringWebDriver.java:105)
	at com.sun.proxy.$Proxy10.findElements(Unknown Source)
	at org.openqa.selenium.support.events.EventFiringWebDriver.findElements(EventFiringWebDriver.java:182)
	at com.kms.katalon.core.webui.common.WebUiCommonHelper.findElementByNormalMethods(WebUiCommonHelper.java:1016)
	at com.kms.katalon.core.webui.common.WebUiCommonHelper.findElementsBySelectedMethod(WebUiCommonHelper.java:911)
	at com.kms.katalon.core.webui.common.WebUiCommonHelper.findElementsBySelectedMethod(WebUiCommonHelper.java:894)
	at com.kms.katalon.core.webui.common.WebUiCommonHelper.findElementsBySelectedMethod(WebUiCommonHelper.java:889)
	at com.kms.katalon.core.webui.common.WebUiCommonHelper.findElementsByDefault(WebUiCommonHelper.java:885)
	at com.kms.katalon.core.webui.common.WebUiCommonHelper.findWebElements(WebUiCommonHelper.java:720)
	at com.kms.katalon.core.webui.common.WebUiCommonHelper.findWebElement(WebUiCommonHelper.java:1365)
	at com.kms.katalon.core.webui.keyword.internal.WebUIAbstractKeyword.findWebElement(WebUIAbstractKeyword.groovy:27)
	at com.kms.katalon.core.webui.keyword.builtin.ClickKeyword$_click_closure1.doCall(ClickKeyword.groovy:65)
	at com.kms.katalon.core.webui.keyword.builtin.ClickKeyword$_click_closure1.call(ClickKeyword.groovy)
	at com.kms.katalon.core.webui.keyword.internal.WebUIKeywordMain.runKeyword(WebUIKeywordMain.groovy:20)
	at com.kms.katalon.core.webui.keyword.builtin.ClickKeyword.click(ClickKeyword.groovy:74)
	at com.kms.katalon.core.webui.keyword.builtin.ClickKeyword.execute(ClickKeyword.groovy:40)
	at com.kms.katalon.core.keyword.internal.KeywordExecutor.executeKeywordForPlatform(KeywordExecutor.groovy:74)
	at com.kms.katalon.core.webui.keyword.WebUiBuiltInKeywords.click(WebUiBuiltInKeywords.groovy:620)
	at com.kms.katalon.core.webui.keyword.WebUiBuiltInKeywords$click$2.call(Unknown Source)
	at Script1671018824391.run(Script1671018824391.groovy:32)
	... 13 more
)

2022-12-21 00:00:07 - [MESSAGE][WARNING] - Cannot take screenshot

2022-12-21 00:00:07 - [MESSAGE][FAILED] - Unable to click on object 'Object Repository/ManageTransaksi/ManageTransaksi' (Root cause: com.kms.katalon.core.exception.StepFailedException: Unable to click on object 'Object Repository/ManageTransaksi/ManageTransaksi'
	at com.kms.katalon.core.webui.keyword.internal.WebUIKeywordMain.stepFailed(WebUIKeywordMain.groovy:64)
	at com.kms.katalon.core.webui.keyword.internal.WebUIKeywordMain.runKeyword(WebUIKeywordMain.groovy:26)
	at com.kms.katalon.core.webui.keyword.builtin.ClickKeyword.click(ClickKeyword.groovy:74)
	at com.kms.katalon.core.webui.keyword.builtin.ClickKeyword.execute(ClickKeyword.groovy:40)
	at com.kms.katalon.core.keyword.internal.KeywordExecutor.executeKeywordForPlatform(KeywordExecutor.groovy:74)
	at com.kms.katalon.core.webui.keyword.WebUiBuiltInKeywords.click(WebUiBuiltInKeywords.groovy:620)
	at com.kms.katalon.core.webui.keyword.WebUiBuiltInKeywords$click$2.call(Unknown Source)
	at BC001_ViewTransaksi.run(BC001_ViewTransaksi:32)
	at com.kms.katalon.core.main.ScriptEngine.run(ScriptEngine.java:194)
	at com.kms.katalon.core.main.ScriptEngine.runScriptAsRawText(ScriptEngine.java:119)
	at com.kms.katalon.core.main.TestCaseExecutor.runScript(TestCaseExecutor.java:445)
	at com.kms.katalon.core.main.TestCaseExecutor.doExecute(TestCaseExecutor.java:436)
	at com.kms.katalon.core.main.TestCaseExecutor.processExecutionPhase(TestCaseExecutor.java:415)
	at com.kms.katalon.core.main.TestCaseExecutor.accessMainPhase(TestCaseExecutor.java:407)
	at com.kms.katalon.core.main.TestCaseExecutor.execute(TestCaseExecutor.java:284)
	at com.kms.katalon.core.common.CommonExecutor.accessTestCaseMainPhase(CommonExecutor.java:65)
	at com.kms.katalon.core.main.TestSuiteExecutor.accessTestSuiteMainPhase(TestSuiteExecutor.java:144)
	at com.kms.katalon.core.main.TestSuiteExecutor.execute(TestSuiteExecutor.java:106)
	at com.kms.katalon.core.main.TestCaseMain.startTestSuite(TestCaseMain.java:185)
	at com.kms.katalon.core.main.TestCaseMain$startTestSuite$0.call(Unknown Source)
	at TempTestSuite1671555481448.run(TempTestSuite1671555481448.groovy:36)
Caused by: org.openqa.selenium.NoSuchWindowException: no such window: target window already closed
from unknown error: web view not found
  (Session info: chrome=108.0.5359.125)
Build info: version: '3.141.59', revision: 'e82be7d358', time: '2018-11-14T08:25:53'
System info: host: 'LAPTOP-RDI03SV1', ip: '192.168.0.101', os.name: 'Windows 10', os.arch: 'amd64', os.version: '10.0', java.version: '1.8.0_282'
Driver info: com.kms.katalon.selenium.driver.CChromeDriver
Capabilities {acceptInsecureCerts: false, browserName: chrome, browserVersion: 108.0.5359.125, chrome: {chromedriverVersion: 107.0.5304.62 (1eec40d3a576..., userDataDir: C:\Users\User\AppData\Local...}, goog:chromeOptions: {debuggerAddress: localhost:53180}, javascriptEnabled: true, networkConnectionEnabled: false, pageLoadStrategy: normal, platform: WINDOWS, platformName: WINDOWS, proxy: Proxy(), setWindowRect: true, strictFileInteractability: false, timeouts: {implicit: 0, pageLoad: 300000, script: 30000}, unhandledPromptBehavior: dismiss and notify, webauthn:extension:credBlob: true, webauthn:extension:largeBlob: true, webauthn:virtualAuthenticators: true}
Session ID: 3c222581433a433ea283d5ac439dd2b0
*** Element info: {Using=xpath, value=//div[@id='root']/div/nav/div/div/div/div/div/div[2]/div/div/div/div[3]/ul/a[3]}
	at org.openqa.selenium.remote.http.W3CHttpResponseCodec.createException(W3CHttpResponseCodec.java:187)
	at org.openqa.selenium.remote.http.W3CHttpResponseCodec.decode(W3CHttpResponseCodec.java:122)
	at org.openqa.selenium.remote.http.W3CHttpResponseCodec.decode(W3CHttpResponseCodec.java:49)
	at org.openqa.selenium.remote.HttpCommandExecutor.execute(HttpCommandExecutor.java:158)
	at org.openqa.selenium.remote.service.DriverCommandExecutor.execute(DriverCommandExecutor.java:83)
	at org.openqa.selenium.remote.RemoteWebDriver.execute(RemoteWebDriver.java:552)
	at com.kms.katalon.selenium.driver.CChromeDriver.execute(CChromeDriver.java:19)
	at org.openqa.selenium.remote.RemoteWebDriver.findElements(RemoteWebDriver.java:353)
	at org.openqa.selenium.remote.RemoteWebDriver.findElementsByXPath(RemoteWebDriver.java:432)
	at org.openqa.selenium.By$ByXPath.findElements(By.java:348)
	at org.openqa.selenium.remote.RemoteWebDriver.findElements(RemoteWebDriver.java:311)
	at org.openqa.selenium.support.events.EventFiringWebDriver.lambda$new$1(EventFiringWebDriver.java:105)
	at com.sun.proxy.$Proxy10.findElements(Unknown Source)
	at org.openqa.selenium.support.events.EventFiringWebDriver.findElements(EventFiringWebDriver.java:182)
	at com.kms.katalon.core.webui.common.WebUiCommonHelper.findElementByNormalMethods(WebUiCommonHelper.java:1016)
	at com.kms.katalon.core.webui.common.WebUiCommonHelper.findElementsBySelectedMethod(WebUiCommonHelper.java:911)
	at com.kms.katalon.core.webui.common.WebUiCommonHelper.findElementsBySelectedMethod(WebUiCommonHelper.java:894)
	at com.kms.katalon.core.webui.common.WebUiCommonHelper.findElementsBySelectedMethod(WebUiCommonHelper.java:889)
	at com.kms.katalon.core.webui.common.WebUiCommonHelper.findElementsByDefault(WebUiCommonHelper.java:885)
	at com.kms.katalon.core.webui.common.WebUiCommonHelper.findWebElements(WebUiCommonHelper.java:720)
	at com.kms.katalon.core.webui.common.WebUiCommonHelper.findWebElement(WebUiCommonHelper.java:1365)
	at com.kms.katalon.core.webui.keyword.internal.WebUIAbstractKeyword.findWebElement(WebUIAbstractKeyword.groovy:27)
	at com.kms.katalon.core.webui.keyword.builtin.ClickKeyword$_click_closure1.doCall(ClickKeyword.groovy:65)
	at com.kms.katalon.core.webui.keyword.builtin.ClickKeyword$_click_closure1.call(ClickKeyword.groovy)
	at com.kms.katalon.core.webui.keyword.internal.WebUIKeywordMain.runKeyword(WebUIKeywordMain.groovy:20)
	at com.kms.katalon.core.webui.keyword.builtin.ClickKeyword.click(ClickKeyword.groovy:74)
	at com.kms.katalon.core.webui.keyword.builtin.ClickKeyword.execute(ClickKeyword.groovy:40)
	at com.kms.katalon.core.keyword.internal.KeywordExecutor.executeKeywordForPlatform(KeywordExecutor.groovy:74)
	at com.kms.katalon.core.webui.keyword.WebUiBuiltInKeywords.click(WebUiBuiltInKeywords.groovy:620)
	at com.kms.katalon.core.webui.keyword.WebUiBuiltInKeywords$click$2.call(Unknown Source)
	at Script1671018824391.run(Script1671018824391.groovy:32)
	... 13 more
)]]></system-out>
         <system-err><![CDATA[2022-12-20 23:59:58 - [TEST_CASE][FAILED] - Test Cases/BC001_ViewTransaksi: Test Cases/BC001_ViewTransaksi FAILED.
Reason:
com.kms.katalon.core.exception.StepFailedException: Unable to click on object 'Object Repository/ManageTransaksi/ManageTransaksi'
	at com.kms.katalon.core.webui.keyword.internal.WebUIKeywordMain.stepFailed(WebUIKeywordMain.groovy:64)
	at com.kms.katalon.core.webui.keyword.internal.WebUIKeywordMain.runKeyword(WebUIKeywordMain.groovy:26)
	at com.kms.katalon.core.webui.keyword.builtin.ClickKeyword.click(ClickKeyword.groovy:74)
	at com.kms.katalon.core.webui.keyword.builtin.ClickKeyword.execute(ClickKeyword.groovy:40)
	at com.kms.katalon.core.keyword.internal.KeywordExecutor.executeKeywordForPlatform(KeywordExecutor.groovy:74)
	at com.kms.katalon.core.webui.keyword.WebUiBuiltInKeywords.click(WebUiBuiltInKeywords.groovy:620)
	at com.kms.katalon.core.webui.keyword.WebUiBuiltInKeywords$click$2.call(Unknown Source)
	at BC001_ViewTransaksi.run(BC001_ViewTransaksi:32)
	at com.kms.katalon.core.main.ScriptEngine.run(ScriptEngine.java:194)
	at com.kms.katalon.core.main.ScriptEngine.runScriptAsRawText(ScriptEngine.java:119)
	at com.kms.katalon.core.main.TestCaseExecutor.runScript(TestCaseExecutor.java:445)
	at com.kms.katalon.core.main.TestCaseExecutor.doExecute(TestCaseExecutor.java:436)
	at com.kms.katalon.core.main.TestCaseExecutor.processExecutionPhase(TestCaseExecutor.java:415)
	at com.kms.katalon.core.main.TestCaseExecutor.accessMainPhase(TestCaseExecutor.java:407)
	at com.kms.katalon.core.main.TestCaseExecutor.execute(TestCaseExecutor.java:284)
	at com.kms.katalon.core.common.CommonExecutor.accessTestCaseMainPhase(CommonExecutor.java:65)
	at com.kms.katalon.core.main.TestSuiteExecutor.accessTestSuiteMainPhase(TestSuiteExecutor.java:144)
	at com.kms.katalon.core.main.TestSuiteExecutor.execute(TestSuiteExecutor.java:106)
	at com.kms.katalon.core.main.TestCaseMain.startTestSuite(TestCaseMain.java:185)
	at com.kms.katalon.core.main.TestCaseMain$startTestSuite$0.call(Unknown Source)
	at TempTestSuite1671555481448.run(TempTestSuite1671555481448.groovy:36)
Caused by: org.openqa.selenium.NoSuchWindowException: no such window: target window already closed
from unknown error: web view not found
  (Session info: chrome=108.0.5359.125)
Build info: version: '3.141.59', revision: 'e82be7d358', time: '2018-11-14T08:25:53'
System info: host: 'LAPTOP-RDI03SV1', ip: '192.168.0.101', os.name: 'Windows 10', os.arch: 'amd64', os.version: '10.0', java.version: '1.8.0_282'
Driver info: com.kms.katalon.selenium.driver.CChromeDriver
Capabilities {acceptInsecureCerts: false, browserName: chrome, browserVersion: 108.0.5359.125, chrome: {chromedriverVersion: 107.0.5304.62 (1eec40d3a576..., userDataDir: C:\Users\User\AppData\Local...}, goog:chromeOptions: {debuggerAddress: localhost:53180}, javascriptEnabled: true, networkConnectionEnabled: false, pageLoadStrategy: normal, platform: WINDOWS, platformName: WINDOWS, proxy: Proxy(), setWindowRect: true, strictFileInteractability: false, timeouts: {implicit: 0, pageLoad: 300000, script: 30000}, unhandledPromptBehavior: dismiss and notify, webauthn:extension:credBlob: true, webauthn:extension:largeBlob: true, webauthn:virtualAuthenticators: true}
Session ID: 3c222581433a433ea283d5ac439dd2b0
*** Element info: {Using=xpath, value=//div[@id='root']/div/nav/div/div/div/div/div/div[2]/div/div/div/div[3]/ul/a[3]}
	at org.openqa.selenium.remote.http.W3CHttpResponseCodec.createException(W3CHttpResponseCodec.java:187)
	at org.openqa.selenium.remote.http.W3CHttpResponseCodec.decode(W3CHttpResponseCodec.java:122)
	at org.openqa.selenium.remote.http.W3CHttpResponseCodec.decode(W3CHttpResponseCodec.java:49)
	at org.openqa.selenium.remote.HttpCommandExecutor.execute(HttpCommandExecutor.java:158)
	at org.openqa.selenium.remote.service.DriverCommandExecutor.execute(DriverCommandExecutor.java:83)
	at org.openqa.selenium.remote.RemoteWebDriver.execute(RemoteWebDriver.java:552)
	at com.kms.katalon.selenium.driver.CChromeDriver.execute(CChromeDriver.java:19)
	at org.openqa.selenium.remote.RemoteWebDriver.findElements(RemoteWebDriver.java:353)
	at org.openqa.selenium.remote.RemoteWebDriver.findElementsByXPath(RemoteWebDriver.java:432)
	at org.openqa.selenium.By$ByXPath.findElements(By.java:348)
	at org.openqa.selenium.remote.RemoteWebDriver.findElements(RemoteWebDriver.java:311)
	at org.openqa.selenium.support.events.EventFiringWebDriver.lambda$new$1(EventFiringWebDriver.java:105)
	at com.sun.proxy.$Proxy10.findElements(Unknown Source)
	at org.openqa.selenium.support.events.EventFiringWebDriver.findElements(EventFiringWebDriver.java:182)
	at com.kms.katalon.core.webui.common.WebUiCommonHelper.findElementByNormalMethods(WebUiCommonHelper.java:1016)
	at com.kms.katalon.core.webui.common.WebUiCommonHelper.findElementsBySelectedMethod(WebUiCommonHelper.java:911)
	at com.kms.katalon.core.webui.common.WebUiCommonHelper.findElementsBySelectedMethod(WebUiCommonHelper.java:894)
	at com.kms.katalon.core.webui.common.WebUiCommonHelper.findElementsBySelectedMethod(WebUiCommonHelper.java:889)
	at com.kms.katalon.core.webui.common.WebUiCommonHelper.findElementsByDefault(WebUiCommonHelper.java:885)
	at com.kms.katalon.core.webui.common.WebUiCommonHelper.findWebElements(WebUiCommonHelper.java:720)
	at com.kms.katalon.core.webui.common.WebUiCommonHelper.findWebElement(WebUiCommonHelper.java:1365)
	at com.kms.katalon.core.webui.keyword.internal.WebUIAbstractKeyword.findWebElement(WebUIAbstractKeyword.groovy:27)
	at com.kms.katalon.core.webui.keyword.builtin.ClickKeyword$_click_closure1.doCall(ClickKeyword.groovy:65)
	at com.kms.katalon.core.webui.keyword.builtin.ClickKeyword$_click_closure1.call(ClickKeyword.groovy)
	at com.kms.katalon.core.webui.keyword.internal.WebUIKeywordMain.runKeyword(WebUIKeywordMain.groovy:20)
	... 19 more]]></system-err>
      </testcase>
      <testcase name="Test Cases/BC002_TransSuccess" time="46.936" classname="Test Cases/BC002_TransSuccess" status="FAILED">
         <failure type="FAILED" message="Test Cases/BC002_TransSuccess FAILED.
Reason:
com.kms.katalon.core.exception.StepFailedException: Unable to click on object 'Object Repository/ManageUser/simpanButton'
	at com.kms.katalon.core.webui.keyword.internal.WebUIKeywordMain.stepFailed(WebUIKeywordMain.groovy:64)
	at com.kms.katalon.core.webui.keyword.internal.WebUIKeywordMain.runKeyword(WebUIKeywordMain.groovy:26)
	at com.kms.katalon.core.webui.keyword.builtin.ClickKeyword.click(ClickKeyword.groovy:74)
	at com.kms.katalon.core.webui.keyword.builtin.ClickKeyword.execute(ClickKeyword.groovy:40)
	at com.kms.katalon.core.keyword.internal.KeywordExecutor.executeKeywordForPlatform(KeywordExecutor.groovy:74)
	at com.kms.katalon.core.webui.keyword.WebUiBuiltInKeywords.click(WebUiBuiltInKeywords.groovy:620)
	at com.kms.katalon.core.webui.keyword.WebUiBuiltInKeywords$click$2.call(Unknown Source)
	at BC002_TransSuccess.run(BC002_TransSuccess:40)
	at com.kms.katalon.core.main.ScriptEngine.run(ScriptEngine.java:194)
	at com.kms.katalon.core.main.ScriptEngine.runScriptAsRawText(ScriptEngine.java:119)
	at com.kms.katalon.core.main.TestCaseExecutor.runScript(TestCaseExecutor.java:445)
	at com.kms.katalon.core.main.TestCaseExecutor.doExecute(TestCaseExecutor.java:436)
	at com.kms.katalon.core.main.TestCaseExecutor.processExecutionPhase(TestCaseExecutor.java:415)
	at com.kms.katalon.core.main.TestCaseExecutor.accessMainPhase(TestCaseExecutor.java:407)
	at com.kms.katalon.core.main.TestCaseExecutor.execute(TestCaseExecutor.java:284)
	at com.kms.katalon.core.common.CommonExecutor.accessTestCaseMainPhase(CommonExecutor.java:65)
	at com.kms.katalon.core.main.TestSuiteExecutor.accessTestSuiteMainPhase(TestSuiteExecutor.java:144)
	at com.kms.katalon.core.main.TestSuiteExecutor.execute(TestSuiteExecutor.java:106)
	at com.kms.katalon.core.main.TestCaseMain.startTestSuite(TestCaseMain.java:185)
	at com.kms.katalon.core.main.TestCaseMain$startTestSuite$0.call(Unknown Source)
	at TempTestSuite1671555481448.run(TempTestSuite1671555481448.groovy:36)
Caused by: com.kms.katalon.core.webui.exception.WebElementNotFoundException: Web element with id: 'Object Repository/ManageUser/simpanButton' located by '/html/body/div[3]/div[3]/p/form/div[2]/button' not found
	at com.kms.katalon.core.webui.common.WebUiCommonHelper.findWebElement(WebUiCommonHelper.java:1370)
	at com.kms.katalon.core.webui.keyword.internal.WebUIAbstractKeyword.findWebElement(WebUIAbstractKeyword.groovy:27)
	at com.kms.katalon.core.webui.keyword.builtin.ClickKeyword$_click_closure1.doCall(ClickKeyword.groovy:65)
	at com.kms.katalon.core.webui.keyword.builtin.ClickKeyword$_click_closure1.call(ClickKeyword.groovy)
	at com.kms.katalon.core.webui.keyword.internal.WebUIKeywordMain.runKeyword(WebUIKeywordMain.groovy:20)
	... 19 more
"/>
         <system-out><![CDATA[2022-12-21 00:00:07 - [TEST_CASE][FAILED] - Test Cases/BC002_TransSuccess: Test Cases/BC002_TransSuccess FAILED.
Reason:
com.kms.katalon.core.exception.StepFailedException: Unable to click on object 'Object Repository/ManageUser/simpanButton'
	at com.kms.katalon.core.webui.keyword.internal.WebUIKeywordMain.stepFailed(WebUIKeywordMain.groovy:64)
	at com.kms.katalon.core.webui.keyword.internal.WebUIKeywordMain.runKeyword(WebUIKeywordMain.groovy:26)
	at com.kms.katalon.core.webui.keyword.builtin.ClickKeyword.click(ClickKeyword.groovy:74)
	at com.kms.katalon.core.webui.keyword.builtin.ClickKeyword.execute(ClickKeyword.groovy:40)
	at com.kms.katalon.core.keyword.internal.KeywordExecutor.executeKeywordForPlatform(KeywordExecutor.groovy:74)
	at com.kms.katalon.core.webui.keyword.WebUiBuiltInKeywords.click(WebUiBuiltInKeywords.groovy:620)
	at com.kms.katalon.core.webui.keyword.WebUiBuiltInKeywords$click$2.call(Unknown Source)
	at BC002_TransSuccess.run(BC002_TransSuccess:40)
	at com.kms.katalon.core.main.ScriptEngine.run(ScriptEngine.java:194)
	at com.kms.katalon.core.main.ScriptEngine.runScriptAsRawText(ScriptEngine.java:119)
	at com.kms.katalon.core.main.TestCaseExecutor.runScript(TestCaseExecutor.java:445)
	at com.kms.katalon.core.main.TestCaseExecutor.doExecute(TestCaseExecutor.java:436)
	at com.kms.katalon.core.main.TestCaseExecutor.processExecutionPhase(TestCaseExecutor.java:415)
	at com.kms.katalon.core.main.TestCaseExecutor.accessMainPhase(TestCaseExecutor.java:407)
	at com.kms.katalon.core.main.TestCaseExecutor.execute(TestCaseExecutor.java:284)
	at com.kms.katalon.core.common.CommonExecutor.accessTestCaseMainPhase(CommonExecutor.java:65)
	at com.kms.katalon.core.main.TestSuiteExecutor.accessTestSuiteMainPhase(TestSuiteExecutor.java:144)
	at com.kms.katalon.core.main.TestSuiteExecutor.execute(TestSuiteExecutor.java:106)
	at com.kms.katalon.core.main.TestCaseMain.startTestSuite(TestCaseMain.java:185)
	at com.kms.katalon.core.main.TestCaseMain$startTestSuite$0.call(Unknown Source)
	at TempTestSuite1671555481448.run(TempTestSuite1671555481448.groovy:36)
Caused by: com.kms.katalon.core.webui.exception.WebElementNotFoundException: Web element with id: 'Object Repository/ManageUser/simpanButton' located by '/html/body/div[3]/div[3]/p/form/div[2]/button' not found
	at com.kms.katalon.core.webui.common.WebUiCommonHelper.findWebElement(WebUiCommonHelper.java:1370)
	at com.kms.katalon.core.webui.keyword.internal.WebUIAbstractKeyword.findWebElement(WebUIAbstractKeyword.groovy:27)
	at com.kms.katalon.core.webui.keyword.builtin.ClickKeyword$_click_closure1.doCall(ClickKeyword.groovy:65)
	at com.kms.katalon.core.webui.keyword.builtin.ClickKeyword$_click_closure1.call(ClickKeyword.groovy)
	at com.kms.katalon.core.webui.keyword.internal.WebUIKeywordMain.runKeyword(WebUIKeywordMain.groovy:20)
	... 19 more


2022-12-21 00:00:07 - [TEST_STEP][PASSED] - openBrowser(""): Browser is opened with url: ''

2022-12-21 00:00:07 - [MESSAGE][WARNING] - A browser is already opened. Closing browser and opening a new one

2022-12-21 00:00:08 - [MESSAGE][INFO] - Starting 'Chrome' driver

2022-12-21 00:00:08 - [MESSAGE][INFO] - Action delay is set to 0 milliseconds

2022-12-21 00:00:09 - [MESSAGE][PASSED] - Browser is opened with url: ''

2022-12-21 00:00:09 - [TEST_STEP][PASSED] - maximizeWindow(): Current window maximized

2022-12-21 00:00:09 - [MESSAGE][PASSED] - Current window maximized

2022-12-21 00:00:09 - [TEST_STEP][PASSED] - navigateToUrl("https://tes-capstone-website.vercel.app/admin/login"): Navigate to 'https://tes-capstone-website.vercel.app/admin/login' successfully

2022-12-21 00:00:13 - [MESSAGE][PASSED] - Navigate to 'https://tes-capstone-website.vercel.app/admin/login' successfully

2022-12-21 00:00:13 - [TEST_STEP][PASSED] - setText(findTestObject("Auth/Email"), "admin@nyakit.in"): Text 'admin@nyakit.in' is set on object 'Object Repository/Auth/Email'

2022-12-21 00:00:14 - [MESSAGE][PASSED] - Text 'admin@nyakit.in' is set on object 'Object Repository/Auth/Email'

2022-12-21 00:00:14 - [TEST_STEP][PASSED] - setText(findTestObject("Auth/Password"), "@Password123"): Text '@Password123' is set on object 'Object Repository/Auth/Password'

2022-12-21 00:00:15 - [MESSAGE][PASSED] - Text '@Password123' is set on object 'Object Repository/Auth/Password'

2022-12-21 00:00:15 - [TEST_STEP][PASSED] - click(findTestObject("Auth/LoginButton")): Object: 'Object Repository/Auth/LoginButton' is clicked on

2022-12-21 00:00:15 - [MESSAGE][PASSED] - Object: 'Object Repository/Auth/LoginButton' is clicked on

2022-12-21 00:00:15 - [TEST_STEP][PASSED] - click(findTestObject("ManageTransaksi/ManageTransaksi")): Object: 'Object Repository/ManageTransaksi/ManageTransaksi' is clicked on

2022-12-21 00:00:19 - [MESSAGE][PASSED] - Object: 'Object Repository/ManageTransaksi/ManageTransaksi' is clicked on

2022-12-21 00:00:19 - [TEST_STEP][PASSED] - click(findTestObject("ManageTransaksi/Option")): Object: 'Object Repository/ManageTransaksi/Option' is clicked on

2022-12-21 00:00:20 - [MESSAGE][PASSED] - Object: 'Object Repository/ManageTransaksi/Option' is clicked on

2022-12-21 00:00:20 - [TEST_STEP][PASSED] - click(findTestObject("ManageTransaksi/Edit")): Object: 'Object Repository/ManageTransaksi/Edit' is clicked on

2022-12-21 00:00:21 - [MESSAGE][PASSED] - Object: 'Object Repository/ManageTransaksi/Edit' is clicked on

2022-12-21 00:00:21 - [TEST_STEP][PASSED] - selectOptionByValue(findTestObject("ManageTransaksi/PilihDisini"), "SUCCESS", true): All options with value 'SUCCESS' are selected in object 'Object Repository/ManageTransaksi/PilihDisini'  using regular expression

2022-12-21 00:00:22 - [MESSAGE][PASSED] - All options with value 'SUCCESS' are selected in object 'Object Repository/ManageTransaksi/PilihDisini'  using regular expression

2022-12-21 00:00:22 - [TEST_STEP][FAILED] - click(findTestObject("ManageUser/simpanButton")): Unable to click on object 'Object Repository/ManageUser/simpanButton' (Root cause: com.kms.katalon.core.exception.StepFailedException: Unable to click on object 'Object Repository/ManageUser/simpanButton'
	at com.kms.katalon.core.webui.keyword.internal.WebUIKeywordMain.stepFailed(WebUIKeywordMain.groovy:64)
	at com.kms.katalon.core.webui.keyword.internal.WebUIKeywordMain.runKeyword(WebUIKeywordMain.groovy:26)
	at com.kms.katalon.core.webui.keyword.builtin.ClickKeyword.click(ClickKeyword.groovy:74)
	at com.kms.katalon.core.webui.keyword.builtin.ClickKeyword.execute(ClickKeyword.groovy:40)
	at com.kms.katalon.core.keyword.internal.KeywordExecutor.executeKeywordForPlatform(KeywordExecutor.groovy:74)
	at com.kms.katalon.core.webui.keyword.WebUiBuiltInKeywords.click(WebUiBuiltInKeywords.groovy:620)
	at com.kms.katalon.core.webui.keyword.WebUiBuiltInKeywords$click$2.call(Unknown Source)
	at BC002_TransSuccess.run(BC002_TransSuccess:40)
	at com.kms.katalon.core.main.ScriptEngine.run(ScriptEngine.java:194)
	at com.kms.katalon.core.main.ScriptEngine.runScriptAsRawText(ScriptEngine.java:119)
	at com.kms.katalon.core.main.TestCaseExecutor.runScript(TestCaseExecutor.java:445)
	at com.kms.katalon.core.main.TestCaseExecutor.doExecute(TestCaseExecutor.java:436)
	at com.kms.katalon.core.main.TestCaseExecutor.processExecutionPhase(TestCaseExecutor.java:415)
	at com.kms.katalon.core.main.TestCaseExecutor.accessMainPhase(TestCaseExecutor.java:407)
	at com.kms.katalon.core.main.TestCaseExecutor.execute(TestCaseExecutor.java:284)
	at com.kms.katalon.core.common.CommonExecutor.accessTestCaseMainPhase(CommonExecutor.java:65)
	at com.kms.katalon.core.main.TestSuiteExecutor.accessTestSuiteMainPhase(TestSuiteExecutor.java:144)
	at com.kms.katalon.core.main.TestSuiteExecutor.execute(TestSuiteExecutor.java:106)
	at com.kms.katalon.core.main.TestCaseMain.startTestSuite(TestCaseMain.java:185)
	at com.kms.katalon.core.main.TestCaseMain$startTestSuite$0.call(Unknown Source)
	at TempTestSuite1671555481448.run(TempTestSuite1671555481448.groovy:36)
Caused by: com.kms.katalon.core.webui.exception.WebElementNotFoundException: Web element with id: 'Object Repository/ManageUser/simpanButton' located by '/html/body/div[3]/div[3]/p/form/div[2]/button' not found
	at com.kms.katalon.core.webui.common.WebUiCommonHelper.findWebElement(WebUiCommonHelper.java:1370)
	at com.kms.katalon.core.webui.keyword.internal.WebUIAbstractKeyword.findWebElement(WebUIAbstractKeyword.groovy:27)
	at com.kms.katalon.core.webui.keyword.builtin.ClickKeyword$_click_closure1.doCall(ClickKeyword.groovy:65)
	at com.kms.katalon.core.webui.keyword.builtin.ClickKeyword$_click_closure1.call(ClickKeyword.groovy)
	at com.kms.katalon.core.webui.keyword.internal.WebUIKeywordMain.runKeyword(WebUIKeywordMain.groovy:20)
	at com.kms.katalon.core.webui.keyword.builtin.ClickKeyword.click(ClickKeyword.groovy:74)
	at com.kms.katalon.core.webui.keyword.builtin.ClickKeyword.execute(ClickKeyword.groovy:40)
	at com.kms.katalon.core.keyword.internal.KeywordExecutor.executeKeywordForPlatform(KeywordExecutor.groovy:74)
	at com.kms.katalon.core.webui.keyword.WebUiBuiltInKeywords.click(WebUiBuiltInKeywords.groovy:620)
	at com.kms.katalon.core.webui.keyword.WebUiBuiltInKeywords$click$2.call(Unknown Source)
	at Script1671018972685.run(Script1671018972685.groovy:40)
	... 13 more
)

2022-12-21 00:00:54 - [MESSAGE][INFO] - Unable to find the element located by 'By.xpath: /html/body/div[3]/div[3]/p/form/div[2]/button'. Please recheck the objects properties to make sure the desired element is located. 

2022-12-21 00:00:54 - [MESSAGE][FAILED] - Unable to click on object 'Object Repository/ManageUser/simpanButton' (Root cause: com.kms.katalon.core.exception.StepFailedException: Unable to click on object 'Object Repository/ManageUser/simpanButton'
	at com.kms.katalon.core.webui.keyword.internal.WebUIKeywordMain.stepFailed(WebUIKeywordMain.groovy:64)
	at com.kms.katalon.core.webui.keyword.internal.WebUIKeywordMain.runKeyword(WebUIKeywordMain.groovy:26)
	at com.kms.katalon.core.webui.keyword.builtin.ClickKeyword.click(ClickKeyword.groovy:74)
	at com.kms.katalon.core.webui.keyword.builtin.ClickKeyword.execute(ClickKeyword.groovy:40)
	at com.kms.katalon.core.keyword.internal.KeywordExecutor.executeKeywordForPlatform(KeywordExecutor.groovy:74)
	at com.kms.katalon.core.webui.keyword.WebUiBuiltInKeywords.click(WebUiBuiltInKeywords.groovy:620)
	at com.kms.katalon.core.webui.keyword.WebUiBuiltInKeywords$click$2.call(Unknown Source)
	at BC002_TransSuccess.run(BC002_TransSuccess:40)
	at com.kms.katalon.core.main.ScriptEngine.run(ScriptEngine.java:194)
	at com.kms.katalon.core.main.ScriptEngine.runScriptAsRawText(ScriptEngine.java:119)
	at com.kms.katalon.core.main.TestCaseExecutor.runScript(TestCaseExecutor.java:445)
	at com.kms.katalon.core.main.TestCaseExecutor.doExecute(TestCaseExecutor.java:436)
	at com.kms.katalon.core.main.TestCaseExecutor.processExecutionPhase(TestCaseExecutor.java:415)
	at com.kms.katalon.core.main.TestCaseExecutor.accessMainPhase(TestCaseExecutor.java:407)
	at com.kms.katalon.core.main.TestCaseExecutor.execute(TestCaseExecutor.java:284)
	at com.kms.katalon.core.common.CommonExecutor.accessTestCaseMainPhase(CommonExecutor.java:65)
	at com.kms.katalon.core.main.TestSuiteExecutor.accessTestSuiteMainPhase(TestSuiteExecutor.java:144)
	at com.kms.katalon.core.main.TestSuiteExecutor.execute(TestSuiteExecutor.java:106)
	at com.kms.katalon.core.main.TestCaseMain.startTestSuite(TestCaseMain.java:185)
	at com.kms.katalon.core.main.TestCaseMain$startTestSuite$0.call(Unknown Source)
	at TempTestSuite1671555481448.run(TempTestSuite1671555481448.groovy:36)
Caused by: com.kms.katalon.core.webui.exception.WebElementNotFoundException: Web element with id: 'Object Repository/ManageUser/simpanButton' located by '/html/body/div[3]/div[3]/p/form/div[2]/button' not found
	at com.kms.katalon.core.webui.common.WebUiCommonHelper.findWebElement(WebUiCommonHelper.java:1370)
	at com.kms.katalon.core.webui.keyword.internal.WebUIAbstractKeyword.findWebElement(WebUIAbstractKeyword.groovy:27)
	at com.kms.katalon.core.webui.keyword.builtin.ClickKeyword$_click_closure1.doCall(ClickKeyword.groovy:65)
	at com.kms.katalon.core.webui.keyword.builtin.ClickKeyword$_click_closure1.call(ClickKeyword.groovy)
	at com.kms.katalon.core.webui.keyword.internal.WebUIKeywordMain.runKeyword(WebUIKeywordMain.groovy:20)
	at com.kms.katalon.core.webui.keyword.builtin.ClickKeyword.click(ClickKeyword.groovy:74)
	at com.kms.katalon.core.webui.keyword.builtin.ClickKeyword.execute(ClickKeyword.groovy:40)
	at com.kms.katalon.core.keyword.internal.KeywordExecutor.executeKeywordForPlatform(KeywordExecutor.groovy:74)
	at com.kms.katalon.core.webui.keyword.WebUiBuiltInKeywords.click(WebUiBuiltInKeywords.groovy:620)
	at com.kms.katalon.core.webui.keyword.WebUiBuiltInKeywords$click$2.call(Unknown Source)
	at Script1671018972685.run(Script1671018972685.groovy:40)
	... 13 more
)
[[ATTACHMENT|C:\\Users\\User\\git\\QE_Web\\Reports\\20221220_235801\\RegressionWeb\\20221220_235801\\1671555654016.png]]]]></system-out>
         <system-err><![CDATA[2022-12-21 00:00:07 - [TEST_CASE][FAILED] - Test Cases/BC002_TransSuccess: Test Cases/BC002_TransSuccess FAILED.
Reason:
com.kms.katalon.core.exception.StepFailedException: Unable to click on object 'Object Repository/ManageUser/simpanButton'
	at com.kms.katalon.core.webui.keyword.internal.WebUIKeywordMain.stepFailed(WebUIKeywordMain.groovy:64)
	at com.kms.katalon.core.webui.keyword.internal.WebUIKeywordMain.runKeyword(WebUIKeywordMain.groovy:26)
	at com.kms.katalon.core.webui.keyword.builtin.ClickKeyword.click(ClickKeyword.groovy:74)
	at com.kms.katalon.core.webui.keyword.builtin.ClickKeyword.execute(ClickKeyword.groovy:40)
	at com.kms.katalon.core.keyword.internal.KeywordExecutor.executeKeywordForPlatform(KeywordExecutor.groovy:74)
	at com.kms.katalon.core.webui.keyword.WebUiBuiltInKeywords.click(WebUiBuiltInKeywords.groovy:620)
	at com.kms.katalon.core.webui.keyword.WebUiBuiltInKeywords$click$2.call(Unknown Source)
	at BC002_TransSuccess.run(BC002_TransSuccess:40)
	at com.kms.katalon.core.main.ScriptEngine.run(ScriptEngine.java:194)
	at com.kms.katalon.core.main.ScriptEngine.runScriptAsRawText(ScriptEngine.java:119)
	at com.kms.katalon.core.main.TestCaseExecutor.runScript(TestCaseExecutor.java:445)
	at com.kms.katalon.core.main.TestCaseExecutor.doExecute(TestCaseExecutor.java:436)
	at com.kms.katalon.core.main.TestCaseExecutor.processExecutionPhase(TestCaseExecutor.java:415)
	at com.kms.katalon.core.main.TestCaseExecutor.accessMainPhase(TestCaseExecutor.java:407)
	at com.kms.katalon.core.main.TestCaseExecutor.execute(TestCaseExecutor.java:284)
	at com.kms.katalon.core.common.CommonExecutor.accessTestCaseMainPhase(CommonExecutor.java:65)
	at com.kms.katalon.core.main.TestSuiteExecutor.accessTestSuiteMainPhase(TestSuiteExecutor.java:144)
	at com.kms.katalon.core.main.TestSuiteExecutor.execute(TestSuiteExecutor.java:106)
	at com.kms.katalon.core.main.TestCaseMain.startTestSuite(TestCaseMain.java:185)
	at com.kms.katalon.core.main.TestCaseMain$startTestSuite$0.call(Unknown Source)
	at TempTestSuite1671555481448.run(TempTestSuite1671555481448.groovy:36)
Caused by: com.kms.katalon.core.webui.exception.WebElementNotFoundException: Web element with id: 'Object Repository/ManageUser/simpanButton' located by '/html/body/div[3]/div[3]/p/form/div[2]/button' not found
	at com.kms.katalon.core.webui.common.WebUiCommonHelper.findWebElement(WebUiCommonHelper.java:1370)
	at com.kms.katalon.core.webui.keyword.internal.WebUIAbstractKeyword.findWebElement(WebUIAbstractKeyword.groovy:27)
	at com.kms.katalon.core.webui.keyword.builtin.ClickKeyword$_click_closure1.doCall(ClickKeyword.groovy:65)
	at com.kms.katalon.core.webui.keyword.builtin.ClickKeyword$_click_closure1.call(ClickKeyword.groovy)
	at com.kms.katalon.core.webui.keyword.internal.WebUIKeywordMain.runKeyword(WebUIKeywordMain.groovy:20)
	... 19 more]]></system-err>
      </testcase>
      <testcase name="Test Cases/BC003_TransPending" time="48.634" classname="Test Cases/BC003_TransPending" status="FAILED">
         <failure type="FAILED" message="Test Cases/BC003_TransPending FAILED.
Reason:
com.kms.katalon.core.exception.StepFailedException: Unable to click on object 'Object Repository/ManageUser/simpanButton'
	at com.kms.katalon.core.webui.keyword.internal.WebUIKeywordMain.stepFailed(WebUIKeywordMain.groovy:64)
	at com.kms.katalon.core.webui.keyword.internal.WebUIKeywordMain.runKeyword(WebUIKeywordMain.groovy:26)
	at com.kms.katalon.core.webui.keyword.builtin.ClickKeyword.click(ClickKeyword.groovy:74)
	at com.kms.katalon.core.webui.keyword.builtin.ClickKeyword.execute(ClickKeyword.groovy:40)
	at com.kms.katalon.core.keyword.internal.KeywordExecutor.executeKeywordForPlatform(KeywordExecutor.groovy:74)
	at com.kms.katalon.core.webui.keyword.WebUiBuiltInKeywords.click(WebUiBuiltInKeywords.groovy:620)
	at com.kms.katalon.core.webui.keyword.WebUiBuiltInKeywords$click$2.call(Unknown Source)
	at BC003_TransPending.run(BC003_TransPending:40)
	at com.kms.katalon.core.main.ScriptEngine.run(ScriptEngine.java:194)
	at com.kms.katalon.core.main.ScriptEngine.runScriptAsRawText(ScriptEngine.java:119)
	at com.kms.katalon.core.main.TestCaseExecutor.runScript(TestCaseExecutor.java:445)
	at com.kms.katalon.core.main.TestCaseExecutor.doExecute(TestCaseExecutor.java:436)
	at com.kms.katalon.core.main.TestCaseExecutor.processExecutionPhase(TestCaseExecutor.java:415)
	at com.kms.katalon.core.main.TestCaseExecutor.accessMainPhase(TestCaseExecutor.java:407)
	at com.kms.katalon.core.main.TestCaseExecutor.execute(TestCaseExecutor.java:284)
	at com.kms.katalon.core.common.CommonExecutor.accessTestCaseMainPhase(CommonExecutor.java:65)
	at com.kms.katalon.core.main.TestSuiteExecutor.accessTestSuiteMainPhase(TestSuiteExecutor.java:144)
	at com.kms.katalon.core.main.TestSuiteExecutor.execute(TestSuiteExecutor.java:106)
	at com.kms.katalon.core.main.TestCaseMain.startTestSuite(TestCaseMain.java:185)
	at com.kms.katalon.core.main.TestCaseMain$startTestSuite$0.call(Unknown Source)
	at TempTestSuite1671555481448.run(TempTestSuite1671555481448.groovy:36)
Caused by: com.kms.katalon.core.webui.exception.WebElementNotFoundException: Web element with id: 'Object Repository/ManageUser/simpanButton' located by '/html/body/div[3]/div[3]/p/form/div[2]/button' not found
	at com.kms.katalon.core.webui.common.WebUiCommonHelper.findWebElement(WebUiCommonHelper.java:1370)
	at com.kms.katalon.core.webui.keyword.internal.WebUIAbstractKeyword.findWebElement(WebUIAbstractKeyword.groovy:27)
	at com.kms.katalon.core.webui.keyword.builtin.ClickKeyword$_click_closure1.doCall(ClickKeyword.groovy:65)
	at com.kms.katalon.core.webui.keyword.builtin.ClickKeyword$_click_closure1.call(ClickKeyword.groovy)
	at com.kms.katalon.core.webui.keyword.internal.WebUIKeywordMain.runKeyword(WebUIKeywordMain.groovy:20)
	... 19 more
"/>
         <system-out><![CDATA[2022-12-21 00:00:54 - [TEST_CASE][FAILED] - Test Cases/BC003_TransPending: Test Cases/BC003_TransPending FAILED.
Reason:
com.kms.katalon.core.exception.StepFailedException: Unable to click on object 'Object Repository/ManageUser/simpanButton'
	at com.kms.katalon.core.webui.keyword.internal.WebUIKeywordMain.stepFailed(WebUIKeywordMain.groovy:64)
	at com.kms.katalon.core.webui.keyword.internal.WebUIKeywordMain.runKeyword(WebUIKeywordMain.groovy:26)
	at com.kms.katalon.core.webui.keyword.builtin.ClickKeyword.click(ClickKeyword.groovy:74)
	at com.kms.katalon.core.webui.keyword.builtin.ClickKeyword.execute(ClickKeyword.groovy:40)
	at com.kms.katalon.core.keyword.internal.KeywordExecutor.executeKeywordForPlatform(KeywordExecutor.groovy:74)
	at com.kms.katalon.core.webui.keyword.WebUiBuiltInKeywords.click(WebUiBuiltInKeywords.groovy:620)
	at com.kms.katalon.core.webui.keyword.WebUiBuiltInKeywords$click$2.call(Unknown Source)
	at BC003_TransPending.run(BC003_TransPending:40)
	at com.kms.katalon.core.main.ScriptEngine.run(ScriptEngine.java:194)
	at com.kms.katalon.core.main.ScriptEngine.runScriptAsRawText(ScriptEngine.java:119)
	at com.kms.katalon.core.main.TestCaseExecutor.runScript(TestCaseExecutor.java:445)
	at com.kms.katalon.core.main.TestCaseExecutor.doExecute(TestCaseExecutor.java:436)
	at com.kms.katalon.core.main.TestCaseExecutor.processExecutionPhase(TestCaseExecutor.java:415)
	at com.kms.katalon.core.main.TestCaseExecutor.accessMainPhase(TestCaseExecutor.java:407)
	at com.kms.katalon.core.main.TestCaseExecutor.execute(TestCaseExecutor.java:284)
	at com.kms.katalon.core.common.CommonExecutor.accessTestCaseMainPhase(CommonExecutor.java:65)
	at com.kms.katalon.core.main.TestSuiteExecutor.accessTestSuiteMainPhase(TestSuiteExecutor.java:144)
	at com.kms.katalon.core.main.TestSuiteExecutor.execute(TestSuiteExecutor.java:106)
	at com.kms.katalon.core.main.TestCaseMain.startTestSuite(TestCaseMain.java:185)
	at com.kms.katalon.core.main.TestCaseMain$startTestSuite$0.call(Unknown Source)
	at TempTestSuite1671555481448.run(TempTestSuite1671555481448.groovy:36)
Caused by: com.kms.katalon.core.webui.exception.WebElementNotFoundException: Web element with id: 'Object Repository/ManageUser/simpanButton' located by '/html/body/div[3]/div[3]/p/form/div[2]/button' not found
	at com.kms.katalon.core.webui.common.WebUiCommonHelper.findWebElement(WebUiCommonHelper.java:1370)
	at com.kms.katalon.core.webui.keyword.internal.WebUIAbstractKeyword.findWebElement(WebUIAbstractKeyword.groovy:27)
	at com.kms.katalon.core.webui.keyword.builtin.ClickKeyword$_click_closure1.doCall(ClickKeyword.groovy:65)
	at com.kms.katalon.core.webui.keyword.builtin.ClickKeyword$_click_closure1.call(ClickKeyword.groovy)
	at com.kms.katalon.core.webui.keyword.internal.WebUIKeywordMain.runKeyword(WebUIKeywordMain.groovy:20)
	... 19 more


2022-12-21 00:00:54 - [TEST_STEP][PASSED] - openBrowser(""): Browser is opened with url: ''

2022-12-21 00:00:54 - [MESSAGE][WARNING] - A browser is already opened. Closing browser and opening a new one

2022-12-21 00:00:55 - [MESSAGE][INFO] - Starting 'Chrome' driver

2022-12-21 00:00:55 - [MESSAGE][INFO] - Action delay is set to 0 milliseconds

2022-12-21 00:00:56 - [MESSAGE][PASSED] - Browser is opened with url: ''

2022-12-21 00:00:56 - [TEST_STEP][PASSED] - maximizeWindow(): Current window maximized

2022-12-21 00:00:56 - [MESSAGE][PASSED] - Current window maximized

2022-12-21 00:00:56 - [TEST_STEP][PASSED] - navigateToUrl("https://tes-capstone-website.vercel.app/admin/login"): Navigate to 'https://tes-capstone-website.vercel.app/admin/login' successfully

2022-12-21 00:01:00 - [MESSAGE][PASSED] - Navigate to 'https://tes-capstone-website.vercel.app/admin/login' successfully

2022-12-21 00:01:00 - [TEST_STEP][PASSED] - setText(findTestObject("Auth/Email"), "admin@nyakit.in"): Text 'admin@nyakit.in' is set on object 'Object Repository/Auth/Email'

2022-12-21 00:01:02 - [MESSAGE][PASSED] - Text 'admin@nyakit.in' is set on object 'Object Repository/Auth/Email'

2022-12-21 00:01:02 - [TEST_STEP][PASSED] - setText(findTestObject("Auth/Password"), "@Password123"): Text '@Password123' is set on object 'Object Repository/Auth/Password'

2022-12-21 00:01:03 - [MESSAGE][PASSED] - Text '@Password123' is set on object 'Object Repository/Auth/Password'

2022-12-21 00:01:03 - [TEST_STEP][PASSED] - click(findTestObject("Auth/LoginButton")): Object: 'Object Repository/Auth/LoginButton' is clicked on

2022-12-21 00:01:04 - [MESSAGE][PASSED] - Object: 'Object Repository/Auth/LoginButton' is clicked on

2022-12-21 00:01:04 - [TEST_STEP][PASSED] - click(findTestObject("ManageTransaksi/ManageTransaksi")): Object: 'Object Repository/ManageTransaksi/ManageTransaksi' is clicked on

2022-12-21 00:01:07 - [MESSAGE][PASSED] - Object: 'Object Repository/ManageTransaksi/ManageTransaksi' is clicked on

2022-12-21 00:01:07 - [TEST_STEP][PASSED] - click(findTestObject("ManageTransaksi/Option")): Object: 'Object Repository/ManageTransaksi/Option' is clicked on

2022-12-21 00:01:08 - [MESSAGE][PASSED] - Object: 'Object Repository/ManageTransaksi/Option' is clicked on

2022-12-21 00:01:08 - [TEST_STEP][PASSED] - click(findTestObject("ManageTransaksi/Edit")): Object: 'Object Repository/ManageTransaksi/Edit' is clicked on

2022-12-21 00:01:09 - [MESSAGE][PASSED] - Object: 'Object Repository/ManageTransaksi/Edit' is clicked on

2022-12-21 00:01:09 - [TEST_STEP][PASSED] - selectOptionByValue(findTestObject("ManageTransaksi/PilihDisini"), "PENDING", true): All options with value 'PENDING' are selected in object 'Object Repository/ManageTransaksi/PilihDisini'  using regular expression

2022-12-21 00:01:11 - [MESSAGE][PASSED] - All options with value 'PENDING' are selected in object 'Object Repository/ManageTransaksi/PilihDisini'  using regular expression

2022-12-21 00:01:11 - [TEST_STEP][FAILED] - click(findTestObject("ManageUser/simpanButton")): Unable to click on object 'Object Repository/ManageUser/simpanButton' (Root cause: com.kms.katalon.core.exception.StepFailedException: Unable to click on object 'Object Repository/ManageUser/simpanButton'
	at com.kms.katalon.core.webui.keyword.internal.WebUIKeywordMain.stepFailed(WebUIKeywordMain.groovy:64)
	at com.kms.katalon.core.webui.keyword.internal.WebUIKeywordMain.runKeyword(WebUIKeywordMain.groovy:26)
	at com.kms.katalon.core.webui.keyword.builtin.ClickKeyword.click(ClickKeyword.groovy:74)
	at com.kms.katalon.core.webui.keyword.builtin.ClickKeyword.execute(ClickKeyword.groovy:40)
	at com.kms.katalon.core.keyword.internal.KeywordExecutor.executeKeywordForPlatform(KeywordExecutor.groovy:74)
	at com.kms.katalon.core.webui.keyword.WebUiBuiltInKeywords.click(WebUiBuiltInKeywords.groovy:620)
	at com.kms.katalon.core.webui.keyword.WebUiBuiltInKeywords$click$2.call(Unknown Source)
	at BC003_TransPending.run(BC003_TransPending:40)
	at com.kms.katalon.core.main.ScriptEngine.run(ScriptEngine.java:194)
	at com.kms.katalon.core.main.ScriptEngine.runScriptAsRawText(ScriptEngine.java:119)
	at com.kms.katalon.core.main.TestCaseExecutor.runScript(TestCaseExecutor.java:445)
	at com.kms.katalon.core.main.TestCaseExecutor.doExecute(TestCaseExecutor.java:436)
	at com.kms.katalon.core.main.TestCaseExecutor.processExecutionPhase(TestCaseExecutor.java:415)
	at com.kms.katalon.core.main.TestCaseExecutor.accessMainPhase(TestCaseExecutor.java:407)
	at com.kms.katalon.core.main.TestCaseExecutor.execute(TestCaseExecutor.java:284)
	at com.kms.katalon.core.common.CommonExecutor.accessTestCaseMainPhase(CommonExecutor.java:65)
	at com.kms.katalon.core.main.TestSuiteExecutor.accessTestSuiteMainPhase(TestSuiteExecutor.java:144)
	at com.kms.katalon.core.main.TestSuiteExecutor.execute(TestSuiteExecutor.java:106)
	at com.kms.katalon.core.main.TestCaseMain.startTestSuite(TestCaseMain.java:185)
	at com.kms.katalon.core.main.TestCaseMain$startTestSuite$0.call(Unknown Source)
	at TempTestSuite1671555481448.run(TempTestSuite1671555481448.groovy:36)
Caused by: com.kms.katalon.core.webui.exception.WebElementNotFoundException: Web element with id: 'Object Repository/ManageUser/simpanButton' located by '/html/body/div[3]/div[3]/p/form/div[2]/button' not found
	at com.kms.katalon.core.webui.common.WebUiCommonHelper.findWebElement(WebUiCommonHelper.java:1370)
	at com.kms.katalon.core.webui.keyword.internal.WebUIAbstractKeyword.findWebElement(WebUIAbstractKeyword.groovy:27)
	at com.kms.katalon.core.webui.keyword.builtin.ClickKeyword$_click_closure1.doCall(ClickKeyword.groovy:65)
	at com.kms.katalon.core.webui.keyword.builtin.ClickKeyword$_click_closure1.call(ClickKeyword.groovy)
	at com.kms.katalon.core.webui.keyword.internal.WebUIKeywordMain.runKeyword(WebUIKeywordMain.groovy:20)
	at com.kms.katalon.core.webui.keyword.builtin.ClickKeyword.click(ClickKeyword.groovy:74)
	at com.kms.katalon.core.webui.keyword.builtin.ClickKeyword.execute(ClickKeyword.groovy:40)
	at com.kms.katalon.core.keyword.internal.KeywordExecutor.executeKeywordForPlatform(KeywordExecutor.groovy:74)
	at com.kms.katalon.core.webui.keyword.WebUiBuiltInKeywords.click(WebUiBuiltInKeywords.groovy:620)
	at com.kms.katalon.core.webui.keyword.WebUiBuiltInKeywords$click$2.call(Unknown Source)
	at Script1671240477566.run(Script1671240477566.groovy:40)
	... 13 more
)

2022-12-21 00:01:42 - [MESSAGE][INFO] - Unable to find the element located by 'By.xpath: /html/body/div[3]/div[3]/p/form/div[2]/button'. Please recheck the objects properties to make sure the desired element is located. 

2022-12-21 00:01:42 - [MESSAGE][FAILED] - Unable to click on object 'Object Repository/ManageUser/simpanButton' (Root cause: com.kms.katalon.core.exception.StepFailedException: Unable to click on object 'Object Repository/ManageUser/simpanButton'
	at com.kms.katalon.core.webui.keyword.internal.WebUIKeywordMain.stepFailed(WebUIKeywordMain.groovy:64)
	at com.kms.katalon.core.webui.keyword.internal.WebUIKeywordMain.runKeyword(WebUIKeywordMain.groovy:26)
	at com.kms.katalon.core.webui.keyword.builtin.ClickKeyword.click(ClickKeyword.groovy:74)
	at com.kms.katalon.core.webui.keyword.builtin.ClickKeyword.execute(ClickKeyword.groovy:40)
	at com.kms.katalon.core.keyword.internal.KeywordExecutor.executeKeywordForPlatform(KeywordExecutor.groovy:74)
	at com.kms.katalon.core.webui.keyword.WebUiBuiltInKeywords.click(WebUiBuiltInKeywords.groovy:620)
	at com.kms.katalon.core.webui.keyword.WebUiBuiltInKeywords$click$2.call(Unknown Source)
	at BC003_TransPending.run(BC003_TransPending:40)
	at com.kms.katalon.core.main.ScriptEngine.run(ScriptEngine.java:194)
	at com.kms.katalon.core.main.ScriptEngine.runScriptAsRawText(ScriptEngine.java:119)
	at com.kms.katalon.core.main.TestCaseExecutor.runScript(TestCaseExecutor.java:445)
	at com.kms.katalon.core.main.TestCaseExecutor.doExecute(TestCaseExecutor.java:436)
	at com.kms.katalon.core.main.TestCaseExecutor.processExecutionPhase(TestCaseExecutor.java:415)
	at com.kms.katalon.core.main.TestCaseExecutor.accessMainPhase(TestCaseExecutor.java:407)
	at com.kms.katalon.core.main.TestCaseExecutor.execute(TestCaseExecutor.java:284)
	at com.kms.katalon.core.common.CommonExecutor.accessTestCaseMainPhase(CommonExecutor.java:65)
	at com.kms.katalon.core.main.TestSuiteExecutor.accessTestSuiteMainPhase(TestSuiteExecutor.java:144)
	at com.kms.katalon.core.main.TestSuiteExecutor.execute(TestSuiteExecutor.java:106)
	at com.kms.katalon.core.main.TestCaseMain.startTestSuite(TestCaseMain.java:185)
	at com.kms.katalon.core.main.TestCaseMain$startTestSuite$0.call(Unknown Source)
	at TempTestSuite1671555481448.run(TempTestSuite1671555481448.groovy:36)
Caused by: com.kms.katalon.core.webui.exception.WebElementNotFoundException: Web element with id: 'Object Repository/ManageUser/simpanButton' located by '/html/body/div[3]/div[3]/p/form/div[2]/button' not found
	at com.kms.katalon.core.webui.common.WebUiCommonHelper.findWebElement(WebUiCommonHelper.java:1370)
	at com.kms.katalon.core.webui.keyword.internal.WebUIAbstractKeyword.findWebElement(WebUIAbstractKeyword.groovy:27)
	at com.kms.katalon.core.webui.keyword.builtin.ClickKeyword$_click_closure1.doCall(ClickKeyword.groovy:65)
	at com.kms.katalon.core.webui.keyword.builtin.ClickKeyword$_click_closure1.call(ClickKeyword.groovy)
	at com.kms.katalon.core.webui.keyword.internal.WebUIKeywordMain.runKeyword(WebUIKeywordMain.groovy:20)
	at com.kms.katalon.core.webui.keyword.builtin.ClickKeyword.click(ClickKeyword.groovy:74)
	at com.kms.katalon.core.webui.keyword.builtin.ClickKeyword.execute(ClickKeyword.groovy:40)
	at com.kms.katalon.core.keyword.internal.KeywordExecutor.executeKeywordForPlatform(KeywordExecutor.groovy:74)
	at com.kms.katalon.core.webui.keyword.WebUiBuiltInKeywords.click(WebUiBuiltInKeywords.groovy:620)
	at com.kms.katalon.core.webui.keyword.WebUiBuiltInKeywords$click$2.call(Unknown Source)
	at Script1671240477566.run(Script1671240477566.groovy:40)
	... 13 more
)
[[ATTACHMENT|C:\\Users\\User\\git\\QE_Web\\Reports\\20221220_235801\\RegressionWeb\\20221220_235801\\1671555702716.png]]]]></system-out>
         <system-err><![CDATA[2022-12-21 00:00:54 - [TEST_CASE][FAILED] - Test Cases/BC003_TransPending: Test Cases/BC003_TransPending FAILED.
Reason:
com.kms.katalon.core.exception.StepFailedException: Unable to click on object 'Object Repository/ManageUser/simpanButton'
	at com.kms.katalon.core.webui.keyword.internal.WebUIKeywordMain.stepFailed(WebUIKeywordMain.groovy:64)
	at com.kms.katalon.core.webui.keyword.internal.WebUIKeywordMain.runKeyword(WebUIKeywordMain.groovy:26)
	at com.kms.katalon.core.webui.keyword.builtin.ClickKeyword.click(ClickKeyword.groovy:74)
	at com.kms.katalon.core.webui.keyword.builtin.ClickKeyword.execute(ClickKeyword.groovy:40)
	at com.kms.katalon.core.keyword.internal.KeywordExecutor.executeKeywordForPlatform(KeywordExecutor.groovy:74)
	at com.kms.katalon.core.webui.keyword.WebUiBuiltInKeywords.click(WebUiBuiltInKeywords.groovy:620)
	at com.kms.katalon.core.webui.keyword.WebUiBuiltInKeywords$click$2.call(Unknown Source)
	at BC003_TransPending.run(BC003_TransPending:40)
	at com.kms.katalon.core.main.ScriptEngine.run(ScriptEngine.java:194)
	at com.kms.katalon.core.main.ScriptEngine.runScriptAsRawText(ScriptEngine.java:119)
	at com.kms.katalon.core.main.TestCaseExecutor.runScript(TestCaseExecutor.java:445)
	at com.kms.katalon.core.main.TestCaseExecutor.doExecute(TestCaseExecutor.java:436)
	at com.kms.katalon.core.main.TestCaseExecutor.processExecutionPhase(TestCaseExecutor.java:415)
	at com.kms.katalon.core.main.TestCaseExecutor.accessMainPhase(TestCaseExecutor.java:407)
	at com.kms.katalon.core.main.TestCaseExecutor.execute(TestCaseExecutor.java:284)
	at com.kms.katalon.core.common.CommonExecutor.accessTestCaseMainPhase(CommonExecutor.java:65)
	at com.kms.katalon.core.main.TestSuiteExecutor.accessTestSuiteMainPhase(TestSuiteExecutor.java:144)
	at com.kms.katalon.core.main.TestSuiteExecutor.execute(TestSuiteExecutor.java:106)
	at com.kms.katalon.core.main.TestCaseMain.startTestSuite(TestCaseMain.java:185)
	at com.kms.katalon.core.main.TestCaseMain$startTestSuite$0.call(Unknown Source)
	at TempTestSuite1671555481448.run(TempTestSuite1671555481448.groovy:36)
Caused by: com.kms.katalon.core.webui.exception.WebElementNotFoundException: Web element with id: 'Object Repository/ManageUser/simpanButton' located by '/html/body/div[3]/div[3]/p/form/div[2]/button' not found
	at com.kms.katalon.core.webui.common.WebUiCommonHelper.findWebElement(WebUiCommonHelper.java:1370)
	at com.kms.katalon.core.webui.keyword.internal.WebUIAbstractKeyword.findWebElement(WebUIAbstractKeyword.groovy:27)
	at com.kms.katalon.core.webui.keyword.builtin.ClickKeyword$_click_closure1.doCall(ClickKeyword.groovy:65)
	at com.kms.katalon.core.webui.keyword.builtin.ClickKeyword$_click_closure1.call(ClickKeyword.groovy)
	at com.kms.katalon.core.webui.keyword.internal.WebUIKeywordMain.runKeyword(WebUIKeywordMain.groovy:20)
	... 19 more]]></system-err>
      </testcase>
      <testcase name="Test Cases/BC004_TransCancel" time="31.928" classname="Test Cases/BC004_TransCancel" status="FAILED">
         <failure type="FAILED" message="Test Cases/BC004_TransCancel FAILED.
Reason:
com.kms.katalon.core.exception.StepFailedException: Unable to click on object 'Object Repository/ManageUser/simpanButton'
	at com.kms.katalon.core.webui.keyword.internal.WebUIKeywordMain.stepFailed(WebUIKeywordMain.groovy:64)
	at com.kms.katalon.core.webui.keyword.internal.WebUIKeywordMain.runKeyword(WebUIKeywordMain.groovy:26)
	at com.kms.katalon.core.webui.keyword.builtin.ClickKeyword.click(ClickKeyword.groovy:74)
	at com.kms.katalon.core.webui.keyword.builtin.ClickKeyword.execute(ClickKeyword.groovy:40)
	at com.kms.katalon.core.keyword.internal.KeywordExecutor.executeKeywordForPlatform(KeywordExecutor.groovy:74)
	at com.kms.katalon.core.webui.keyword.WebUiBuiltInKeywords.click(WebUiBuiltInKeywords.groovy:620)
	at com.kms.katalon.core.webui.keyword.WebUiBuiltInKeywords$click$2.call(Unknown Source)
	at BC004_TransCancel.run(BC004_TransCancel:40)
	at com.kms.katalon.core.main.ScriptEngine.run(ScriptEngine.java:194)
	at com.kms.katalon.core.main.ScriptEngine.runScriptAsRawText(ScriptEngine.java:119)
	at com.kms.katalon.core.main.TestCaseExecutor.runScript(TestCaseExecutor.java:445)
	at com.kms.katalon.core.main.TestCaseExecutor.doExecute(TestCaseExecutor.java:436)
	at com.kms.katalon.core.main.TestCaseExecutor.processExecutionPhase(TestCaseExecutor.java:415)
	at com.kms.katalon.core.main.TestCaseExecutor.accessMainPhase(TestCaseExecutor.java:407)
	at com.kms.katalon.core.main.TestCaseExecutor.execute(TestCaseExecutor.java:284)
	at com.kms.katalon.core.common.CommonExecutor.accessTestCaseMainPhase(CommonExecutor.java:65)
	at com.kms.katalon.core.main.TestSuiteExecutor.accessTestSuiteMainPhase(TestSuiteExecutor.java:144)
	at com.kms.katalon.core.main.TestSuiteExecutor.execute(TestSuiteExecutor.java:106)
	at com.kms.katalon.core.main.TestCaseMain.startTestSuite(TestCaseMain.java:185)
	at com.kms.katalon.core.main.TestCaseMain$startTestSuite$0.call(Unknown Source)
	at TempTestSuite1671555481448.run(TempTestSuite1671555481448.groovy:36)
Caused by: org.openqa.selenium.NoSuchWindowException: no such window: target window already closed
from unknown error: web view not found
  (Session info: chrome=108.0.5359.125)
Build info: version: '3.141.59', revision: 'e82be7d358', time: '2018-11-14T08:25:53'
System info: host: 'LAPTOP-RDI03SV1', ip: '192.168.0.101', os.name: 'Windows 10', os.arch: 'amd64', os.version: '10.0', java.version: '1.8.0_282'
Driver info: com.kms.katalon.selenium.driver.CChromeDriver
Capabilities {acceptInsecureCerts: false, browserName: chrome, browserVersion: 108.0.5359.125, chrome: {chromedriverVersion: 107.0.5304.62 (1eec40d3a576..., userDataDir: C:\Users\User\AppData\Local...}, goog:chromeOptions: {debuggerAddress: localhost:58850}, javascriptEnabled: true, networkConnectionEnabled: false, pageLoadStrategy: normal, platform: WINDOWS, platformName: WINDOWS, proxy: Proxy(), setWindowRect: true, strictFileInteractability: false, timeouts: {implicit: 0, pageLoad: 300000, script: 30000}, unhandledPromptBehavior: dismiss and notify, webauthn:extension:credBlob: true, webauthn:extension:largeBlob: true, webauthn:virtualAuthenticators: true}
Session ID: f5e002271a562df826284d7577eaf5d1
*** Element info: {Using=xpath, value=/html/body/div[3]/div[3]/p/form/div[2]/button}
	at org.openqa.selenium.remote.http.W3CHttpResponseCodec.createException(W3CHttpResponseCodec.java:187)
	at org.openqa.selenium.remote.http.W3CHttpResponseCodec.decode(W3CHttpResponseCodec.java:122)
	at org.openqa.selenium.remote.http.W3CHttpResponseCodec.decode(W3CHttpResponseCodec.java:49)
	at org.openqa.selenium.remote.HttpCommandExecutor.execute(HttpCommandExecutor.java:158)
	at org.openqa.selenium.remote.service.DriverCommandExecutor.execute(DriverCommandExecutor.java:83)
	at org.openqa.selenium.remote.RemoteWebDriver.execute(RemoteWebDriver.java:552)
	at com.kms.katalon.selenium.driver.CChromeDriver.execute(CChromeDriver.java:19)
	at org.openqa.selenium.remote.RemoteWebDriver.findElements(RemoteWebDriver.java:353)
	at org.openqa.selenium.remote.RemoteWebDriver.findElementsByXPath(RemoteWebDriver.java:432)
	at org.openqa.selenium.By$ByXPath.findElements(By.java:348)
	at org.openqa.selenium.remote.RemoteWebDriver.findElements(RemoteWebDriver.java:311)
	at org.openqa.selenium.support.events.EventFiringWebDriver.lambda$new$1(EventFiringWebDriver.java:105)
	at com.sun.proxy.$Proxy10.findElements(Unknown Source)
	at org.openqa.selenium.support.events.EventFiringWebDriver.findElements(EventFiringWebDriver.java:182)
	at com.kms.katalon.core.webui.common.WebUiCommonHelper.findElementByNormalMethods(WebUiCommonHelper.java:1016)
	at com.kms.katalon.core.webui.common.WebUiCommonHelper.findElementsBySelectedMethod(WebUiCommonHelper.java:911)
	at com.kms.katalon.core.webui.common.WebUiCommonHelper.findElementsBySelectedMethod(WebUiCommonHelper.java:894)
	at com.kms.katalon.core.webui.common.WebUiCommonHelper.findElementsBySelectedMethod(WebUiCommonHelper.java:889)
	at com.kms.katalon.core.webui.common.WebUiCommonHelper.findElementsByDefault(WebUiCommonHelper.java:885)
	at com.kms.katalon.core.webui.common.WebUiCommonHelper.findWebElements(WebUiCommonHelper.java:720)
	at com.kms.katalon.core.webui.common.WebUiCommonHelper.findWebElement(WebUiCommonHelper.java:1365)
	at com.kms.katalon.core.webui.keyword.internal.WebUIAbstractKeyword.findWebElement(WebUIAbstractKeyword.groovy:27)
	at com.kms.katalon.core.webui.keyword.builtin.ClickKeyword$_click_closure1.doCall(ClickKeyword.groovy:65)
	at com.kms.katalon.core.webui.keyword.builtin.ClickKeyword$_click_closure1.call(ClickKeyword.groovy)
	at com.kms.katalon.core.webui.keyword.internal.WebUIKeywordMain.runKeyword(WebUIKeywordMain.groovy:20)
	... 19 more
"/>
         <system-out><![CDATA[2022-12-21 00:01:42 - [TEST_CASE][FAILED] - Test Cases/BC004_TransCancel: Test Cases/BC004_TransCancel FAILED.
Reason:
com.kms.katalon.core.exception.StepFailedException: Unable to click on object 'Object Repository/ManageUser/simpanButton'
	at com.kms.katalon.core.webui.keyword.internal.WebUIKeywordMain.stepFailed(WebUIKeywordMain.groovy:64)
	at com.kms.katalon.core.webui.keyword.internal.WebUIKeywordMain.runKeyword(WebUIKeywordMain.groovy:26)
	at com.kms.katalon.core.webui.keyword.builtin.ClickKeyword.click(ClickKeyword.groovy:74)
	at com.kms.katalon.core.webui.keyword.builtin.ClickKeyword.execute(ClickKeyword.groovy:40)
	at com.kms.katalon.core.keyword.internal.KeywordExecutor.executeKeywordForPlatform(KeywordExecutor.groovy:74)
	at com.kms.katalon.core.webui.keyword.WebUiBuiltInKeywords.click(WebUiBuiltInKeywords.groovy:620)
	at com.kms.katalon.core.webui.keyword.WebUiBuiltInKeywords$click$2.call(Unknown Source)
	at BC004_TransCancel.run(BC004_TransCancel:40)
	at com.kms.katalon.core.main.ScriptEngine.run(ScriptEngine.java:194)
	at com.kms.katalon.core.main.ScriptEngine.runScriptAsRawText(ScriptEngine.java:119)
	at com.kms.katalon.core.main.TestCaseExecutor.runScript(TestCaseExecutor.java:445)
	at com.kms.katalon.core.main.TestCaseExecutor.doExecute(TestCaseExecutor.java:436)
	at com.kms.katalon.core.main.TestCaseExecutor.processExecutionPhase(TestCaseExecutor.java:415)
	at com.kms.katalon.core.main.TestCaseExecutor.accessMainPhase(TestCaseExecutor.java:407)
	at com.kms.katalon.core.main.TestCaseExecutor.execute(TestCaseExecutor.java:284)
	at com.kms.katalon.core.common.CommonExecutor.accessTestCaseMainPhase(CommonExecutor.java:65)
	at com.kms.katalon.core.main.TestSuiteExecutor.accessTestSuiteMainPhase(TestSuiteExecutor.java:144)
	at com.kms.katalon.core.main.TestSuiteExecutor.execute(TestSuiteExecutor.java:106)
	at com.kms.katalon.core.main.TestCaseMain.startTestSuite(TestCaseMain.java:185)
	at com.kms.katalon.core.main.TestCaseMain$startTestSuite$0.call(Unknown Source)
	at TempTestSuite1671555481448.run(TempTestSuite1671555481448.groovy:36)
Caused by: org.openqa.selenium.NoSuchWindowException: no such window: target window already closed
from unknown error: web view not found
  (Session info: chrome=108.0.5359.125)
Build info: version: '3.141.59', revision: 'e82be7d358', time: '2018-11-14T08:25:53'
System info: host: 'LAPTOP-RDI03SV1', ip: '192.168.0.101', os.name: 'Windows 10', os.arch: 'amd64', os.version: '10.0', java.version: '1.8.0_282'
Driver info: com.kms.katalon.selenium.driver.CChromeDriver
Capabilities {acceptInsecureCerts: false, browserName: chrome, browserVersion: 108.0.5359.125, chrome: {chromedriverVersion: 107.0.5304.62 (1eec40d3a576..., userDataDir: C:\Users\User\AppData\Local...}, goog:chromeOptions: {debuggerAddress: localhost:58850}, javascriptEnabled: true, networkConnectionEnabled: false, pageLoadStrategy: normal, platform: WINDOWS, platformName: WINDOWS, proxy: Proxy(), setWindowRect: true, strictFileInteractability: false, timeouts: {implicit: 0, pageLoad: 300000, script: 30000}, unhandledPromptBehavior: dismiss and notify, webauthn:extension:credBlob: true, webauthn:extension:largeBlob: true, webauthn:virtualAuthenticators: true}
Session ID: f5e002271a562df826284d7577eaf5d1
*** Element info: {Using=xpath, value=/html/body/div[3]/div[3]/p/form/div[2]/button}
	at org.openqa.selenium.remote.http.W3CHttpResponseCodec.createException(W3CHttpResponseCodec.java:187)
	at org.openqa.selenium.remote.http.W3CHttpResponseCodec.decode(W3CHttpResponseCodec.java:122)
	at org.openqa.selenium.remote.http.W3CHttpResponseCodec.decode(W3CHttpResponseCodec.java:49)
	at org.openqa.selenium.remote.HttpCommandExecutor.execute(HttpCommandExecutor.java:158)
	at org.openqa.selenium.remote.service.DriverCommandExecutor.execute(DriverCommandExecutor.java:83)
	at org.openqa.selenium.remote.RemoteWebDriver.execute(RemoteWebDriver.java:552)
	at com.kms.katalon.selenium.driver.CChromeDriver.execute(CChromeDriver.java:19)
	at org.openqa.selenium.remote.RemoteWebDriver.findElements(RemoteWebDriver.java:353)
	at org.openqa.selenium.remote.RemoteWebDriver.findElementsByXPath(RemoteWebDriver.java:432)
	at org.openqa.selenium.By$ByXPath.findElements(By.java:348)
	at org.openqa.selenium.remote.RemoteWebDriver.findElements(RemoteWebDriver.java:311)
	at org.openqa.selenium.support.events.EventFiringWebDriver.lambda$new$1(EventFiringWebDriver.java:105)
	at com.sun.proxy.$Proxy10.findElements(Unknown Source)
	at org.openqa.selenium.support.events.EventFiringWebDriver.findElements(EventFiringWebDriver.java:182)
	at com.kms.katalon.core.webui.common.WebUiCommonHelper.findElementByNormalMethods(WebUiCommonHelper.java:1016)
	at com.kms.katalon.core.webui.common.WebUiCommonHelper.findElementsBySelectedMethod(WebUiCommonHelper.java:911)
	at com.kms.katalon.core.webui.common.WebUiCommonHelper.findElementsBySelectedMethod(WebUiCommonHelper.java:894)
	at com.kms.katalon.core.webui.common.WebUiCommonHelper.findElementsBySelectedMethod(WebUiCommonHelper.java:889)
	at com.kms.katalon.core.webui.common.WebUiCommonHelper.findElementsByDefault(WebUiCommonHelper.java:885)
	at com.kms.katalon.core.webui.common.WebUiCommonHelper.findWebElements(WebUiCommonHelper.java:720)
	at com.kms.katalon.core.webui.common.WebUiCommonHelper.findWebElement(WebUiCommonHelper.java:1365)
	at com.kms.katalon.core.webui.keyword.internal.WebUIAbstractKeyword.findWebElement(WebUIAbstractKeyword.groovy:27)
	at com.kms.katalon.core.webui.keyword.builtin.ClickKeyword$_click_closure1.doCall(ClickKeyword.groovy:65)
	at com.kms.katalon.core.webui.keyword.builtin.ClickKeyword$_click_closure1.call(ClickKeyword.groovy)
	at com.kms.katalon.core.webui.keyword.internal.WebUIKeywordMain.runKeyword(WebUIKeywordMain.groovy:20)
	... 19 more


2022-12-21 00:01:43 - [TEST_STEP][PASSED] - openBrowser(""): Browser is opened with url: ''

2022-12-21 00:01:43 - [MESSAGE][WARNING] - A browser is already opened. Closing browser and opening a new one

2022-12-21 00:01:43 - [MESSAGE][INFO] - Starting 'Chrome' driver

2022-12-21 00:01:43 - [MESSAGE][INFO] - Action delay is set to 0 milliseconds

2022-12-21 00:01:44 - [MESSAGE][PASSED] - Browser is opened with url: ''

2022-12-21 00:01:44 - [TEST_STEP][PASSED] - maximizeWindow(): Current window maximized

2022-12-21 00:01:45 - [MESSAGE][PASSED] - Current window maximized

2022-12-21 00:01:45 - [TEST_STEP][PASSED] - navigateToUrl("https://tes-capstone-website.vercel.app/admin/login"): Navigate to 'https://tes-capstone-website.vercel.app/admin/login' successfully

2022-12-21 00:01:52 - [MESSAGE][PASSED] - Navigate to 'https://tes-capstone-website.vercel.app/admin/login' successfully

2022-12-21 00:01:52 - [TEST_STEP][PASSED] - setText(findTestObject("Auth/Email"), "admin@nyakit.in"): Text 'admin@nyakit.in' is set on object 'Object Repository/Auth/Email'

2022-12-21 00:01:53 - [MESSAGE][PASSED] - Text 'admin@nyakit.in' is set on object 'Object Repository/Auth/Email'

2022-12-21 00:01:53 - [TEST_STEP][PASSED] - setText(findTestObject("Auth/Password"), "@Password123"): Text '@Password123' is set on object 'Object Repository/Auth/Password'

2022-12-21 00:01:54 - [MESSAGE][PASSED] - Text '@Password123' is set on object 'Object Repository/Auth/Password'

2022-12-21 00:01:54 - [TEST_STEP][PASSED] - click(findTestObject("Auth/LoginButton")): Object: 'Object Repository/Auth/LoginButton' is clicked on

2022-12-21 00:01:54 - [MESSAGE][PASSED] - Object: 'Object Repository/Auth/LoginButton' is clicked on

2022-12-21 00:01:54 - [TEST_STEP][PASSED] - click(findTestObject("ManageTransaksi/ManageTransaksi")): Object: 'Object Repository/ManageTransaksi/ManageTransaksi' is clicked on

2022-12-21 00:01:58 - [MESSAGE][PASSED] - Object: 'Object Repository/ManageTransaksi/ManageTransaksi' is clicked on

2022-12-21 00:01:58 - [TEST_STEP][PASSED] - click(findTestObject("ManageTransaksi/Option")): Object: 'Object Repository/ManageTransaksi/Option' is clicked on

2022-12-21 00:01:59 - [MESSAGE][PASSED] - Object: 'Object Repository/ManageTransaksi/Option' is clicked on

2022-12-21 00:01:59 - [TEST_STEP][PASSED] - click(findTestObject("ManageTransaksi/Edit")): Object: 'Object Repository/ManageTransaksi/Edit' is clicked on

2022-12-21 00:02:00 - [MESSAGE][PASSED] - Object: 'Object Repository/ManageTransaksi/Edit' is clicked on

2022-12-21 00:02:00 - [TEST_STEP][PASSED] - selectOptionByValue(findTestObject("ManageTransaksi/PilihDisini"), "CANCEL", true): All options with value 'CANCEL' are selected in object 'Object Repository/ManageTransaksi/PilihDisini'  using regular expression

2022-12-21 00:02:01 - [MESSAGE][PASSED] - All options with value 'CANCEL' are selected in object 'Object Repository/ManageTransaksi/PilihDisini'  using regular expression

2022-12-21 00:02:01 - [TEST_STEP][FAILED] - click(findTestObject("ManageUser/simpanButton")): Unable to click on object 'Object Repository/ManageUser/simpanButton' (Root cause: com.kms.katalon.core.exception.StepFailedException: Unable to click on object 'Object Repository/ManageUser/simpanButton'
	at com.kms.katalon.core.webui.keyword.internal.WebUIKeywordMain.stepFailed(WebUIKeywordMain.groovy:64)
	at com.kms.katalon.core.webui.keyword.internal.WebUIKeywordMain.runKeyword(WebUIKeywordMain.groovy:26)
	at com.kms.katalon.core.webui.keyword.builtin.ClickKeyword.click(ClickKeyword.groovy:74)
	at com.kms.katalon.core.webui.keyword.builtin.ClickKeyword.execute(ClickKeyword.groovy:40)
	at com.kms.katalon.core.keyword.internal.KeywordExecutor.executeKeywordForPlatform(KeywordExecutor.groovy:74)
	at com.kms.katalon.core.webui.keyword.WebUiBuiltInKeywords.click(WebUiBuiltInKeywords.groovy:620)
	at com.kms.katalon.core.webui.keyword.WebUiBuiltInKeywords$click$2.call(Unknown Source)
	at BC004_TransCancel.run(BC004_TransCancel:40)
	at com.kms.katalon.core.main.ScriptEngine.run(ScriptEngine.java:194)
	at com.kms.katalon.core.main.ScriptEngine.runScriptAsRawText(ScriptEngine.java:119)
	at com.kms.katalon.core.main.TestCaseExecutor.runScript(TestCaseExecutor.java:445)
	at com.kms.katalon.core.main.TestCaseExecutor.doExecute(TestCaseExecutor.java:436)
	at com.kms.katalon.core.main.TestCaseExecutor.processExecutionPhase(TestCaseExecutor.java:415)
	at com.kms.katalon.core.main.TestCaseExecutor.accessMainPhase(TestCaseExecutor.java:407)
	at com.kms.katalon.core.main.TestCaseExecutor.execute(TestCaseExecutor.java:284)
	at com.kms.katalon.core.common.CommonExecutor.accessTestCaseMainPhase(CommonExecutor.java:65)
	at com.kms.katalon.core.main.TestSuiteExecutor.accessTestSuiteMainPhase(TestSuiteExecutor.java:144)
	at com.kms.katalon.core.main.TestSuiteExecutor.execute(TestSuiteExecutor.java:106)
	at com.kms.katalon.core.main.TestCaseMain.startTestSuite(TestCaseMain.java:185)
	at com.kms.katalon.core.main.TestCaseMain$startTestSuite$0.call(Unknown Source)
	at TempTestSuite1671555481448.run(TempTestSuite1671555481448.groovy:36)
Caused by: org.openqa.selenium.NoSuchWindowException: no such window: target window already closed
from unknown error: web view not found
  (Session info: chrome=108.0.5359.125)
Build info: version: '3.141.59', revision: 'e82be7d358', time: '2018-11-14T08:25:53'
System info: host: 'LAPTOP-RDI03SV1', ip: '192.168.0.101', os.name: 'Windows 10', os.arch: 'amd64', os.version: '10.0', java.version: '1.8.0_282'
Driver info: com.kms.katalon.selenium.driver.CChromeDriver
Capabilities {acceptInsecureCerts: false, browserName: chrome, browserVersion: 108.0.5359.125, chrome: {chromedriverVersion: 107.0.5304.62 (1eec40d3a576..., userDataDir: C:\Users\User\AppData\Local...}, goog:chromeOptions: {debuggerAddress: localhost:58850}, javascriptEnabled: true, networkConnectionEnabled: false, pageLoadStrategy: normal, platform: WINDOWS, platformName: WINDOWS, proxy: Proxy(), setWindowRect: true, strictFileInteractability: false, timeouts: {implicit: 0, pageLoad: 300000, script: 30000}, unhandledPromptBehavior: dismiss and notify, webauthn:extension:credBlob: true, webauthn:extension:largeBlob: true, webauthn:virtualAuthenticators: true}
Session ID: f5e002271a562df826284d7577eaf5d1
*** Element info: {Using=xpath, value=/html/body/div[3]/div[3]/p/form/div[2]/button}
	at org.openqa.selenium.remote.http.W3CHttpResponseCodec.createException(W3CHttpResponseCodec.java:187)
	at org.openqa.selenium.remote.http.W3CHttpResponseCodec.decode(W3CHttpResponseCodec.java:122)
	at org.openqa.selenium.remote.http.W3CHttpResponseCodec.decode(W3CHttpResponseCodec.java:49)
	at org.openqa.selenium.remote.HttpCommandExecutor.execute(HttpCommandExecutor.java:158)
	at org.openqa.selenium.remote.service.DriverCommandExecutor.execute(DriverCommandExecutor.java:83)
	at org.openqa.selenium.remote.RemoteWebDriver.execute(RemoteWebDriver.java:552)
	at com.kms.katalon.selenium.driver.CChromeDriver.execute(CChromeDriver.java:19)
	at org.openqa.selenium.remote.RemoteWebDriver.findElements(RemoteWebDriver.java:353)
	at org.openqa.selenium.remote.RemoteWebDriver.findElementsByXPath(RemoteWebDriver.java:432)
	at org.openqa.selenium.By$ByXPath.findElements(By.java:348)
	at org.openqa.selenium.remote.RemoteWebDriver.findElements(RemoteWebDriver.java:311)
	at org.openqa.selenium.support.events.EventFiringWebDriver.lambda$new$1(EventFiringWebDriver.java:105)
	at com.sun.proxy.$Proxy10.findElements(Unknown Source)
	at org.openqa.selenium.support.events.EventFiringWebDriver.findElements(EventFiringWebDriver.java:182)
	at com.kms.katalon.core.webui.common.WebUiCommonHelper.findElementByNormalMethods(WebUiCommonHelper.java:1016)
	at com.kms.katalon.core.webui.common.WebUiCommonHelper.findElementsBySelectedMethod(WebUiCommonHelper.java:911)
	at com.kms.katalon.core.webui.common.WebUiCommonHelper.findElementsBySelectedMethod(WebUiCommonHelper.java:894)
	at com.kms.katalon.core.webui.common.WebUiCommonHelper.findElementsBySelectedMethod(WebUiCommonHelper.java:889)
	at com.kms.katalon.core.webui.common.WebUiCommonHelper.findElementsByDefault(WebUiCommonHelper.java:885)
	at com.kms.katalon.core.webui.common.WebUiCommonHelper.findWebElements(WebUiCommonHelper.java:720)
	at com.kms.katalon.core.webui.common.WebUiCommonHelper.findWebElement(WebUiCommonHelper.java:1365)
	at com.kms.katalon.core.webui.keyword.internal.WebUIAbstractKeyword.findWebElement(WebUIAbstractKeyword.groovy:27)
	at com.kms.katalon.core.webui.keyword.builtin.ClickKeyword$_click_closure1.doCall(ClickKeyword.groovy:65)
	at com.kms.katalon.core.webui.keyword.builtin.ClickKeyword$_click_closure1.call(ClickKeyword.groovy)
	at com.kms.katalon.core.webui.keyword.internal.WebUIKeywordMain.runKeyword(WebUIKeywordMain.groovy:20)
	at com.kms.katalon.core.webui.keyword.builtin.ClickKeyword.click(ClickKeyword.groovy:74)
	at com.kms.katalon.core.webui.keyword.builtin.ClickKeyword.execute(ClickKeyword.groovy:40)
	at com.kms.katalon.core.keyword.internal.KeywordExecutor.executeKeywordForPlatform(KeywordExecutor.groovy:74)
	at com.kms.katalon.core.webui.keyword.WebUiBuiltInKeywords.click(WebUiBuiltInKeywords.groovy:620)
	at com.kms.katalon.core.webui.keyword.WebUiBuiltInKeywords$click$2.call(Unknown Source)
	at Script1671240514811.run(Script1671240514811.groovy:40)
	... 13 more
)

2022-12-21 00:02:14 - [MESSAGE][WARNING] - Cannot take screenshot

2022-12-21 00:02:14 - [MESSAGE][FAILED] - Unable to click on object 'Object Repository/ManageUser/simpanButton' (Root cause: com.kms.katalon.core.exception.StepFailedException: Unable to click on object 'Object Repository/ManageUser/simpanButton'
	at com.kms.katalon.core.webui.keyword.internal.WebUIKeywordMain.stepFailed(WebUIKeywordMain.groovy:64)
	at com.kms.katalon.core.webui.keyword.internal.WebUIKeywordMain.runKeyword(WebUIKeywordMain.groovy:26)
	at com.kms.katalon.core.webui.keyword.builtin.ClickKeyword.click(ClickKeyword.groovy:74)
	at com.kms.katalon.core.webui.keyword.builtin.ClickKeyword.execute(ClickKeyword.groovy:40)
	at com.kms.katalon.core.keyword.internal.KeywordExecutor.executeKeywordForPlatform(KeywordExecutor.groovy:74)
	at com.kms.katalon.core.webui.keyword.WebUiBuiltInKeywords.click(WebUiBuiltInKeywords.groovy:620)
	at com.kms.katalon.core.webui.keyword.WebUiBuiltInKeywords$click$2.call(Unknown Source)
	at BC004_TransCancel.run(BC004_TransCancel:40)
	at com.kms.katalon.core.main.ScriptEngine.run(ScriptEngine.java:194)
	at com.kms.katalon.core.main.ScriptEngine.runScriptAsRawText(ScriptEngine.java:119)
	at com.kms.katalon.core.main.TestCaseExecutor.runScript(TestCaseExecutor.java:445)
	at com.kms.katalon.core.main.TestCaseExecutor.doExecute(TestCaseExecutor.java:436)
	at com.kms.katalon.core.main.TestCaseExecutor.processExecutionPhase(TestCaseExecutor.java:415)
	at com.kms.katalon.core.main.TestCaseExecutor.accessMainPhase(TestCaseExecutor.java:407)
	at com.kms.katalon.core.main.TestCaseExecutor.execute(TestCaseExecutor.java:284)
	at com.kms.katalon.core.common.CommonExecutor.accessTestCaseMainPhase(CommonExecutor.java:65)
	at com.kms.katalon.core.main.TestSuiteExecutor.accessTestSuiteMainPhase(TestSuiteExecutor.java:144)
	at com.kms.katalon.core.main.TestSuiteExecutor.execute(TestSuiteExecutor.java:106)
	at com.kms.katalon.core.main.TestCaseMain.startTestSuite(TestCaseMain.java:185)
	at com.kms.katalon.core.main.TestCaseMain$startTestSuite$0.call(Unknown Source)
	at TempTestSuite1671555481448.run(TempTestSuite1671555481448.groovy:36)
Caused by: org.openqa.selenium.NoSuchWindowException: no such window: target window already closed
from unknown error: web view not found
  (Session info: chrome=108.0.5359.125)
Build info: version: '3.141.59', revision: 'e82be7d358', time: '2018-11-14T08:25:53'
System info: host: 'LAPTOP-RDI03SV1', ip: '192.168.0.101', os.name: 'Windows 10', os.arch: 'amd64', os.version: '10.0', java.version: '1.8.0_282'
Driver info: com.kms.katalon.selenium.driver.CChromeDriver
Capabilities {acceptInsecureCerts: false, browserName: chrome, browserVersion: 108.0.5359.125, chrome: {chromedriverVersion: 107.0.5304.62 (1eec40d3a576..., userDataDir: C:\Users\User\AppData\Local...}, goog:chromeOptions: {debuggerAddress: localhost:58850}, javascriptEnabled: true, networkConnectionEnabled: false, pageLoadStrategy: normal, platform: WINDOWS, platformName: WINDOWS, proxy: Proxy(), setWindowRect: true, strictFileInteractability: false, timeouts: {implicit: 0, pageLoad: 300000, script: 30000}, unhandledPromptBehavior: dismiss and notify, webauthn:extension:credBlob: true, webauthn:extension:largeBlob: true, webauthn:virtualAuthenticators: true}
Session ID: f5e002271a562df826284d7577eaf5d1
*** Element info: {Using=xpath, value=/html/body/div[3]/div[3]/p/form/div[2]/button}
	at org.openqa.selenium.remote.http.W3CHttpResponseCodec.createException(W3CHttpResponseCodec.java:187)
	at org.openqa.selenium.remote.http.W3CHttpResponseCodec.decode(W3CHttpResponseCodec.java:122)
	at org.openqa.selenium.remote.http.W3CHttpResponseCodec.decode(W3CHttpResponseCodec.java:49)
	at org.openqa.selenium.remote.HttpCommandExecutor.execute(HttpCommandExecutor.java:158)
	at org.openqa.selenium.remote.service.DriverCommandExecutor.execute(DriverCommandExecutor.java:83)
	at org.openqa.selenium.remote.RemoteWebDriver.execute(RemoteWebDriver.java:552)
	at com.kms.katalon.selenium.driver.CChromeDriver.execute(CChromeDriver.java:19)
	at org.openqa.selenium.remote.RemoteWebDriver.findElements(RemoteWebDriver.java:353)
	at org.openqa.selenium.remote.RemoteWebDriver.findElementsByXPath(RemoteWebDriver.java:432)
	at org.openqa.selenium.By$ByXPath.findElements(By.java:348)
	at org.openqa.selenium.remote.RemoteWebDriver.findElements(RemoteWebDriver.java:311)
	at org.openqa.selenium.support.events.EventFiringWebDriver.lambda$new$1(EventFiringWebDriver.java:105)
	at com.sun.proxy.$Proxy10.findElements(Unknown Source)
	at org.openqa.selenium.support.events.EventFiringWebDriver.findElements(EventFiringWebDriver.java:182)
	at com.kms.katalon.core.webui.common.WebUiCommonHelper.findElementByNormalMethods(WebUiCommonHelper.java:1016)
	at com.kms.katalon.core.webui.common.WebUiCommonHelper.findElementsBySelectedMethod(WebUiCommonHelper.java:911)
	at com.kms.katalon.core.webui.common.WebUiCommonHelper.findElementsBySelectedMethod(WebUiCommonHelper.java:894)
	at com.kms.katalon.core.webui.common.WebUiCommonHelper.findElementsBySelectedMethod(WebUiCommonHelper.java:889)
	at com.kms.katalon.core.webui.common.WebUiCommonHelper.findElementsByDefault(WebUiCommonHelper.java:885)
	at com.kms.katalon.core.webui.common.WebUiCommonHelper.findWebElements(WebUiCommonHelper.java:720)
	at com.kms.katalon.core.webui.common.WebUiCommonHelper.findWebElement(WebUiCommonHelper.java:1365)
	at com.kms.katalon.core.webui.keyword.internal.WebUIAbstractKeyword.findWebElement(WebUIAbstractKeyword.groovy:27)
	at com.kms.katalon.core.webui.keyword.builtin.ClickKeyword$_click_closure1.doCall(ClickKeyword.groovy:65)
	at com.kms.katalon.core.webui.keyword.builtin.ClickKeyword$_click_closure1.call(ClickKeyword.groovy)
	at com.kms.katalon.core.webui.keyword.internal.WebUIKeywordMain.runKeyword(WebUIKeywordMain.groovy:20)
	at com.kms.katalon.core.webui.keyword.builtin.ClickKeyword.click(ClickKeyword.groovy:74)
	at com.kms.katalon.core.webui.keyword.builtin.ClickKeyword.execute(ClickKeyword.groovy:40)
	at com.kms.katalon.core.keyword.internal.KeywordExecutor.executeKeywordForPlatform(KeywordExecutor.groovy:74)
	at com.kms.katalon.core.webui.keyword.WebUiBuiltInKeywords.click(WebUiBuiltInKeywords.groovy:620)
	at com.kms.katalon.core.webui.keyword.WebUiBuiltInKeywords$click$2.call(Unknown Source)
	at Script1671240514811.run(Script1671240514811.groovy:40)
	... 13 more
)]]></system-out>
         <system-err><![CDATA[2022-12-21 00:01:42 - [TEST_CASE][FAILED] - Test Cases/BC004_TransCancel: Test Cases/BC004_TransCancel FAILED.
Reason:
com.kms.katalon.core.exception.StepFailedException: Unable to click on object 'Object Repository/ManageUser/simpanButton'
	at com.kms.katalon.core.webui.keyword.internal.WebUIKeywordMain.stepFailed(WebUIKeywordMain.groovy:64)
	at com.kms.katalon.core.webui.keyword.internal.WebUIKeywordMain.runKeyword(WebUIKeywordMain.groovy:26)
	at com.kms.katalon.core.webui.keyword.builtin.ClickKeyword.click(ClickKeyword.groovy:74)
	at com.kms.katalon.core.webui.keyword.builtin.ClickKeyword.execute(ClickKeyword.groovy:40)
	at com.kms.katalon.core.keyword.internal.KeywordExecutor.executeKeywordForPlatform(KeywordExecutor.groovy:74)
	at com.kms.katalon.core.webui.keyword.WebUiBuiltInKeywords.click(WebUiBuiltInKeywords.groovy:620)
	at com.kms.katalon.core.webui.keyword.WebUiBuiltInKeywords$click$2.call(Unknown Source)
	at BC004_TransCancel.run(BC004_TransCancel:40)
	at com.kms.katalon.core.main.ScriptEngine.run(ScriptEngine.java:194)
	at com.kms.katalon.core.main.ScriptEngine.runScriptAsRawText(ScriptEngine.java:119)
	at com.kms.katalon.core.main.TestCaseExecutor.runScript(TestCaseExecutor.java:445)
	at com.kms.katalon.core.main.TestCaseExecutor.doExecute(TestCaseExecutor.java:436)
	at com.kms.katalon.core.main.TestCaseExecutor.processExecutionPhase(TestCaseExecutor.java:415)
	at com.kms.katalon.core.main.TestCaseExecutor.accessMainPhase(TestCaseExecutor.java:407)
	at com.kms.katalon.core.main.TestCaseExecutor.execute(TestCaseExecutor.java:284)
	at com.kms.katalon.core.common.CommonExecutor.accessTestCaseMainPhase(CommonExecutor.java:65)
	at com.kms.katalon.core.main.TestSuiteExecutor.accessTestSuiteMainPhase(TestSuiteExecutor.java:144)
	at com.kms.katalon.core.main.TestSuiteExecutor.execute(TestSuiteExecutor.java:106)
	at com.kms.katalon.core.main.TestCaseMain.startTestSuite(TestCaseMain.java:185)
	at com.kms.katalon.core.main.TestCaseMain$startTestSuite$0.call(Unknown Source)
	at TempTestSuite1671555481448.run(TempTestSuite1671555481448.groovy:36)
Caused by: org.openqa.selenium.NoSuchWindowException: no such window: target window already closed
from unknown error: web view not found
  (Session info: chrome=108.0.5359.125)
Build info: version: '3.141.59', revision: 'e82be7d358', time: '2018-11-14T08:25:53'
System info: host: 'LAPTOP-RDI03SV1', ip: '192.168.0.101', os.name: 'Windows 10', os.arch: 'amd64', os.version: '10.0', java.version: '1.8.0_282'
Driver info: com.kms.katalon.selenium.driver.CChromeDriver
Capabilities {acceptInsecureCerts: false, browserName: chrome, browserVersion: 108.0.5359.125, chrome: {chromedriverVersion: 107.0.5304.62 (1eec40d3a576..., userDataDir: C:\Users\User\AppData\Local...}, goog:chromeOptions: {debuggerAddress: localhost:58850}, javascriptEnabled: true, networkConnectionEnabled: false, pageLoadStrategy: normal, platform: WINDOWS, platformName: WINDOWS, proxy: Proxy(), setWindowRect: true, strictFileInteractability: false, timeouts: {implicit: 0, pageLoad: 300000, script: 30000}, unhandledPromptBehavior: dismiss and notify, webauthn:extension:credBlob: true, webauthn:extension:largeBlob: true, webauthn:virtualAuthenticators: true}
Session ID: f5e002271a562df826284d7577eaf5d1
*** Element info: {Using=xpath, value=/html/body/div[3]/div[3]/p/form/div[2]/button}
	at org.openqa.selenium.remote.http.W3CHttpResponseCodec.createException(W3CHttpResponseCodec.java:187)
	at org.openqa.selenium.remote.http.W3CHttpResponseCodec.decode(W3CHttpResponseCodec.java:122)
	at org.openqa.selenium.remote.http.W3CHttpResponseCodec.decode(W3CHttpResponseCodec.java:49)
	at org.openqa.selenium.remote.HttpCommandExecutor.execute(HttpCommandExecutor.java:158)
	at org.openqa.selenium.remote.service.DriverCommandExecutor.execute(DriverCommandExecutor.java:83)
	at org.openqa.selenium.remote.RemoteWebDriver.execute(RemoteWebDriver.java:552)
	at com.kms.katalon.selenium.driver.CChromeDriver.execute(CChromeDriver.java:19)
	at org.openqa.selenium.remote.RemoteWebDriver.findElements(RemoteWebDriver.java:353)
	at org.openqa.selenium.remote.RemoteWebDriver.findElementsByXPath(RemoteWebDriver.java:432)
	at org.openqa.selenium.By$ByXPath.findElements(By.java:348)
	at org.openqa.selenium.remote.RemoteWebDriver.findElements(RemoteWebDriver.java:311)
	at org.openqa.selenium.support.events.EventFiringWebDriver.lambda$new$1(EventFiringWebDriver.java:105)
	at com.sun.proxy.$Proxy10.findElements(Unknown Source)
	at org.openqa.selenium.support.events.EventFiringWebDriver.findElements(EventFiringWebDriver.java:182)
	at com.kms.katalon.core.webui.common.WebUiCommonHelper.findElementByNormalMethods(WebUiCommonHelper.java:1016)
	at com.kms.katalon.core.webui.common.WebUiCommonHelper.findElementsBySelectedMethod(WebUiCommonHelper.java:911)
	at com.kms.katalon.core.webui.common.WebUiCommonHelper.findElementsBySelectedMethod(WebUiCommonHelper.java:894)
	at com.kms.katalon.core.webui.common.WebUiCommonHelper.findElementsBySelectedMethod(WebUiCommonHelper.java:889)
	at com.kms.katalon.core.webui.common.WebUiCommonHelper.findElementsByDefault(WebUiCommonHelper.java:885)
	at com.kms.katalon.core.webui.common.WebUiCommonHelper.findWebElements(WebUiCommonHelper.java:720)
	at com.kms.katalon.core.webui.common.WebUiCommonHelper.findWebElement(WebUiCommonHelper.java:1365)
	at com.kms.katalon.core.webui.keyword.internal.WebUIAbstractKeyword.findWebElement(WebUIAbstractKeyword.groovy:27)
	at com.kms.katalon.core.webui.keyword.builtin.ClickKeyword$_click_closure1.doCall(ClickKeyword.groovy:65)
	at com.kms.katalon.core.webui.keyword.builtin.ClickKeyword$_click_closure1.call(ClickKeyword.groovy)
	at com.kms.katalon.core.webui.keyword.internal.WebUIKeywordMain.runKeyword(WebUIKeywordMain.groovy:20)
	... 19 more]]></system-err>
      </testcase>
      <testcase name="Test Cases/BC005_TransWithoutSimpan" time="15.369" classname="Test Cases/BC005_TransWithoutSimpan" status="PASSED">
         <system-out><![CDATA[2022-12-21 00:02:14 - [TEST_CASE][PASSED] - Test Cases/BC005_TransWithoutSimpan: Test Cases/BC005_TransWithoutSimpan

2022-12-21 00:02:15 - [TEST_STEP][PASSED] - openBrowser(""): Browser is opened with url: ''

2022-12-21 00:02:15 - [MESSAGE][WARNING] - A browser is already opened. Closing browser and opening a new one

2022-12-21 00:02:15 - [MESSAGE][INFO] - Starting 'Chrome' driver

2022-12-21 00:02:15 - [MESSAGE][INFO] - Action delay is set to 0 milliseconds

2022-12-21 00:02:17 - [MESSAGE][PASSED] - Browser is opened with url: ''

2022-12-21 00:02:17 - [TEST_STEP][PASSED] - maximizeWindow(): Current window maximized

2022-12-21 00:02:17 - [MESSAGE][PASSED] - Current window maximized

2022-12-21 00:02:17 - [TEST_STEP][PASSED] - navigateToUrl("https://tes-capstone-website.vercel.app/admin/login"): Navigate to 'https://tes-capstone-website.vercel.app/admin/login' successfully

2022-12-21 00:02:20 - [MESSAGE][PASSED] - Navigate to 'https://tes-capstone-website.vercel.app/admin/login' successfully

2022-12-21 00:02:20 - [TEST_STEP][PASSED] - setText(findTestObject("Auth/Email"), "admin@nyakit.in"): Text 'admin@nyakit.in' is set on object 'Object Repository/Auth/Email'

2022-12-21 00:02:21 - [MESSAGE][PASSED] - Text 'admin@nyakit.in' is set on object 'Object Repository/Auth/Email'

2022-12-21 00:02:21 - [TEST_STEP][PASSED] - setText(findTestObject("Auth/Password"), "@Password123"): Text '@Password123' is set on object 'Object Repository/Auth/Password'

2022-12-21 00:02:22 - [MESSAGE][PASSED] - Text '@Password123' is set on object 'Object Repository/Auth/Password'

2022-12-21 00:02:22 - [TEST_STEP][PASSED] - click(findTestObject("Auth/LoginButton")): Object: 'Object Repository/Auth/LoginButton' is clicked on

2022-12-21 00:02:23 - [MESSAGE][PASSED] - Object: 'Object Repository/Auth/LoginButton' is clicked on

2022-12-21 00:02:23 - [TEST_STEP][PASSED] - click(findTestObject("ManageTransaksi/ManageTransaksi")): Object: 'Object Repository/ManageTransaksi/ManageTransaksi' is clicked on

2022-12-21 00:02:26 - [MESSAGE][PASSED] - Object: 'Object Repository/ManageTransaksi/ManageTransaksi' is clicked on

2022-12-21 00:02:26 - [TEST_STEP][PASSED] - click(findTestObject("ManageTransaksi/Option")): Object: 'Object Repository/ManageTransaksi/Option' is clicked on

2022-12-21 00:02:27 - [MESSAGE][PASSED] - Object: 'Object Repository/ManageTransaksi/Option' is clicked on

2022-12-21 00:02:27 - [TEST_STEP][PASSED] - click(findTestObject("ManageTransaksi/Edit")): Object: 'Object Repository/ManageTransaksi/Edit' is clicked on

2022-12-21 00:02:28 - [MESSAGE][PASSED] - Object: 'Object Repository/ManageTransaksi/Edit' is clicked on

2022-12-21 00:02:28 - [TEST_STEP][PASSED] - selectOptionByValue(findTestObject("ManageTransaksi/PilihDisini"), "SUCCESS", true): All options with value 'SUCCESS' are selected in object 'Object Repository/ManageTransaksi/PilihDisini'  using regular expression

2022-12-21 00:02:29 - [MESSAGE][PASSED] - All options with value 'SUCCESS' are selected in object 'Object Repository/ManageTransaksi/PilihDisini'  using regular expression

2022-12-21 00:02:29 - [TEST_STEP][PASSED] - closeBrowser(): Browser is closed

2022-12-21 00:02:30 - [MESSAGE][PASSED] - Browser is closed]]></system-out>
         <system-err><![CDATA[]]></system-err>
      </testcase>
      <testcase name="Test Cases/BD001_ViewManageProduct" time="11.917" classname="Test Cases/BD001_ViewManageProduct" status="PASSED">
         <system-out><![CDATA[2022-12-21 00:02:30 - [TEST_CASE][PASSED] - Test Cases/BD001_ViewManageProduct: Test Cases/BD001_ViewManageProduct

2022-12-21 00:02:30 - [TEST_STEP][PASSED] - openBrowser(""): Browser is opened with url: ''

2022-12-21 00:02:30 - [MESSAGE][INFO] - Starting 'Chrome' driver

2022-12-21 00:02:30 - [MESSAGE][INFO] - Action delay is set to 0 milliseconds

2022-12-21 00:02:31 - [MESSAGE][PASSED] - Browser is opened with url: ''

2022-12-21 00:02:31 - [TEST_STEP][PASSED] - maximizeWindow(): Current window maximized

2022-12-21 00:02:31 - [MESSAGE][PASSED] - Current window maximized

2022-12-21 00:02:31 - [TEST_STEP][PASSED] - navigateToUrl("https://tes-capstone-website.vercel.app/admin/login"): Navigate to 'https://tes-capstone-website.vercel.app/admin/login' successfully

2022-12-21 00:02:35 - [MESSAGE][PASSED] - Navigate to 'https://tes-capstone-website.vercel.app/admin/login' successfully

2022-12-21 00:02:35 - [TEST_STEP][PASSED] - setText(findTestObject("Auth/Email"), "admin@nyakit.in"): Text 'admin@nyakit.in' is set on object 'Object Repository/Auth/Email'

2022-12-21 00:02:36 - [MESSAGE][PASSED] - Text 'admin@nyakit.in' is set on object 'Object Repository/Auth/Email'

2022-12-21 00:02:36 - [TEST_STEP][PASSED] - setText(findTestObject("Auth/Password"), "@Password123"): Text '@Password123' is set on object 'Object Repository/Auth/Password'

2022-12-21 00:02:37 - [MESSAGE][PASSED] - Text '@Password123' is set on object 'Object Repository/Auth/Password'

2022-12-21 00:02:37 - [TEST_STEP][PASSED] - click(findTestObject("Auth/LoginButton")): Object: 'Object Repository/Auth/LoginButton' is clicked on

2022-12-21 00:02:37 - [MESSAGE][PASSED] - Object: 'Object Repository/Auth/LoginButton' is clicked on

2022-12-21 00:02:37 - [TEST_STEP][PASSED] - click(findTestObject("ManageProduct/Product")): Object: 'Object Repository/ManageProduct/Product' is clicked on

2022-12-21 00:02:40 - [MESSAGE][PASSED] - Object: 'Object Repository/ManageProduct/Product' is clicked on

2022-12-21 00:02:40 - [TEST_STEP][PASSED] - click(findTestObject("ManageProduct/Daily")): Object: 'Object Repository/ManageProduct/Daily' is clicked on

2022-12-21 00:02:41 - [MESSAGE][PASSED] - Object: 'Object Repository/ManageProduct/Daily' is clicked on

2022-12-21 00:02:41 - [TEST_STEP][PASSED] - closeBrowser(): Browser is closed

2022-12-21 00:02:42 - [MESSAGE][PASSED] - Browser is closed]]></system-out>
         <system-err><![CDATA[]]></system-err>
      </testcase>
      <testcase name="Test Cases/BD003_AddProductDaily" time="20.478" classname="Test Cases/BD003_AddProductDaily" status="PASSED">
         <system-out><![CDATA[2022-12-21 00:02:42 - [TEST_CASE][PASSED] - Test Cases/BD003_AddProductDaily: Test Cases/BD003_AddProductDaily

2022-12-21 00:02:42 - [TEST_STEP][PASSED] - openBrowser(""): Browser is opened with url: ''

2022-12-21 00:02:42 - [MESSAGE][INFO] - Starting 'Chrome' driver

2022-12-21 00:02:42 - [MESSAGE][INFO] - Action delay is set to 0 milliseconds

2022-12-21 00:02:43 - [MESSAGE][PASSED] - Browser is opened with url: ''

2022-12-21 00:02:43 - [TEST_STEP][PASSED] - maximizeWindow(): Current window maximized

2022-12-21 00:02:43 - [MESSAGE][PASSED] - Current window maximized

2022-12-21 00:02:43 - [TEST_STEP][PASSED] - navigateToUrl("https://tes-capstone-website.vercel.app/admin/login"): Navigate to 'https://tes-capstone-website.vercel.app/admin/login' successfully

2022-12-21 00:02:47 - [MESSAGE][PASSED] - Navigate to 'https://tes-capstone-website.vercel.app/admin/login' successfully

2022-12-21 00:02:47 - [TEST_STEP][PASSED] - setText(findTestObject("Auth/Email"), "admin@nyakit.in"): Text 'admin@nyakit.in' is set on object 'Object Repository/Auth/Email'

2022-12-21 00:02:48 - [MESSAGE][PASSED] - Text 'admin@nyakit.in' is set on object 'Object Repository/Auth/Email'

2022-12-21 00:02:48 - [TEST_STEP][PASSED] - setText(findTestObject("Auth/Password"), "@Password123"): Text '@Password123' is set on object 'Object Repository/Auth/Password'

2022-12-21 00:02:48 - [MESSAGE][PASSED] - Text '@Password123' is set on object 'Object Repository/Auth/Password'

2022-12-21 00:02:48 - [TEST_STEP][PASSED] - click(findTestObject("Auth/LoginButton")): Object: 'Object Repository/Auth/LoginButton' is clicked on

2022-12-21 00:02:49 - [MESSAGE][PASSED] - Object: 'Object Repository/Auth/LoginButton' is clicked on

2022-12-21 00:02:49 - [TEST_STEP][PASSED] - click(findTestObject("ManageProduct/Product")): Object: 'Object Repository/ManageProduct/Product' is clicked on

2022-12-21 00:02:52 - [MESSAGE][PASSED] - Object: 'Object Repository/ManageProduct/Product' is clicked on

2022-12-21 00:02:52 - [TEST_STEP][PASSED] - click(findTestObject("ManageProduct/Daily")): Object: 'Object Repository/ManageProduct/Daily' is clicked on

2022-12-21 00:02:53 - [MESSAGE][PASSED] - Object: 'Object Repository/ManageProduct/Daily' is clicked on

2022-12-21 00:02:53 - [TEST_STEP][PASSED] - click(findTestObject("Daily/TambahProduk")): Object: 'Object Repository/Daily/TambahProduk' is clicked on

2022-12-21 00:02:54 - [MESSAGE][PASSED] - Object: 'Object Repository/Daily/TambahProduk' is clicked on

2022-12-21 00:02:54 - [TEST_STEP][PASSED] - setText(findTestObject("Daily/Gambar"), "Telkomsel"): Text 'Telkomsel' is set on object 'Object Repository/Daily/Gambar'

2022-12-21 00:02:55 - [MESSAGE][PASSED] - Text 'Telkomsel' is set on object 'Object Repository/Daily/Gambar'

2022-12-21 00:02:55 - [TEST_STEP][PASSED] - setText(findTestObject("Daily/KodeProduk"), "01telkomsel"): Text '01telkomsel' is set on object 'Object Repository/Daily/KodeProduk'

2022-12-21 00:02:56 - [MESSAGE][PASSED] - Text '01telkomsel' is set on object 'Object Repository/Daily/KodeProduk'

2022-12-21 00:02:56 - [TEST_STEP][PASSED] - setText(findTestObject("Daily/Deskripsi"), "pulsa 1000 Telkomsel"): Text 'pulsa 1000 Telkomsel' is set on object 'Object Repository/Daily/Deskripsi'

2022-12-21 00:02:57 - [MESSAGE][PASSED] - Text 'pulsa 1000 Telkomsel' is set on object 'Object Repository/Daily/Deskripsi'

2022-12-21 00:02:57 - [TEST_STEP][PASSED] - setText(findTestObject("Daily/Nominal"), "1000"): Text '1000' is set on object 'Object Repository/Daily/Nominal'

2022-12-21 00:02:57 - [MESSAGE][PASSED] - Text '1000' is set on object 'Object Repository/Daily/Nominal'

2022-12-21 00:02:57 - [TEST_STEP][PASSED] - selectOptionByValue(findTestObject("Daily/PilihDisini"), "pulsa", true): All options with value 'pulsa' are selected in object 'Object Repository/Daily/PilihDisini'  using regular expression

2022-12-21 00:02:59 - [MESSAGE][PASSED] - All options with value 'pulsa' are selected in object 'Object Repository/Daily/PilihDisini'  using regular expression

2022-12-21 00:02:59 - [TEST_STEP][PASSED] - setText(findTestObject("Daily/Harga"), "1500"): Text '1500' is set on object 'Object Repository/Daily/Harga'

2022-12-21 00:03:00 - [MESSAGE][PASSED] - Text '1500' is set on object 'Object Repository/Daily/Harga'

2022-12-21 00:03:00 - [TEST_STEP][PASSED] - click(findTestObject("Daily/Simpan")): Object: 'Object Repository/Daily/Simpan' is clicked on

2022-12-21 00:03:00 - [MESSAGE][PASSED] - Object: 'Object Repository/Daily/Simpan' is clicked on

2022-12-21 00:03:00 - [TEST_STEP][PASSED] - click(findTestObject("Daily/Close")): Object: 'Object Repository/Daily/Close' is clicked on

2022-12-21 00:03:01 - [MESSAGE][PASSED] - Object: 'Object Repository/Daily/Close' is clicked on

2022-12-21 00:03:01 - [TEST_STEP][PASSED] - closeBrowser(): Browser is closed

2022-12-21 00:03:02 - [MESSAGE][PASSED] - Browser is closed]]></system-out>
         <system-err><![CDATA[]]></system-err>
      </testcase>
      <testcase name="Test Cases/BD004_DailyWithoutGambar" time="20.755" classname="Test Cases/BD004_DailyWithoutGambar" status="PASSED">
         <system-out><![CDATA[2022-12-21 00:03:02 - [TEST_CASE][PASSED] - Test Cases/BD004_DailyWithoutGambar: Test Cases/BD004_DailyWithoutGambar

2022-12-21 00:03:02 - [TEST_STEP][PASSED] - openBrowser(""): Browser is opened with url: ''

2022-12-21 00:03:02 - [MESSAGE][INFO] - Starting 'Chrome' driver

2022-12-21 00:03:02 - [MESSAGE][INFO] - Action delay is set to 0 milliseconds

2022-12-21 00:03:04 - [MESSAGE][PASSED] - Browser is opened with url: ''

2022-12-21 00:03:04 - [TEST_STEP][PASSED] - maximizeWindow(): Current window maximized

2022-12-21 00:03:04 - [MESSAGE][PASSED] - Current window maximized

2022-12-21 00:03:04 - [TEST_STEP][PASSED] - navigateToUrl("https://tes-capstone-website.vercel.app/admin/login"): Navigate to 'https://tes-capstone-website.vercel.app/admin/login' successfully

2022-12-21 00:03:08 - [MESSAGE][PASSED] - Navigate to 'https://tes-capstone-website.vercel.app/admin/login' successfully

2022-12-21 00:03:08 - [TEST_STEP][PASSED] - setText(findTestObject("Auth/Email"), "admin@nyakit.in"): Text 'admin@nyakit.in' is set on object 'Object Repository/Auth/Email'

2022-12-21 00:03:09 - [MESSAGE][PASSED] - Text 'admin@nyakit.in' is set on object 'Object Repository/Auth/Email'

2022-12-21 00:03:09 - [TEST_STEP][PASSED] - setText(findTestObject("Auth/Password"), "@Password123"): Text '@Password123' is set on object 'Object Repository/Auth/Password'

2022-12-21 00:03:10 - [MESSAGE][PASSED] - Text '@Password123' is set on object 'Object Repository/Auth/Password'

2022-12-21 00:03:10 - [TEST_STEP][PASSED] - click(findTestObject("Auth/LoginButton")): Object: 'Object Repository/Auth/LoginButton' is clicked on

2022-12-21 00:03:11 - [MESSAGE][PASSED] - Object: 'Object Repository/Auth/LoginButton' is clicked on

2022-12-21 00:03:11 - [TEST_STEP][PASSED] - click(findTestObject("ManageProduct/Product")): Object: 'Object Repository/ManageProduct/Product' is clicked on

2022-12-21 00:03:14 - [MESSAGE][PASSED] - Object: 'Object Repository/ManageProduct/Product' is clicked on

2022-12-21 00:03:14 - [TEST_STEP][PASSED] - click(findTestObject("ManageProduct/Daily")): Object: 'Object Repository/ManageProduct/Daily' is clicked on

2022-12-21 00:03:15 - [MESSAGE][PASSED] - Object: 'Object Repository/ManageProduct/Daily' is clicked on

2022-12-21 00:03:15 - [TEST_STEP][PASSED] - click(findTestObject("Daily/TambahProduk")): Object: 'Object Repository/Daily/TambahProduk' is clicked on

2022-12-21 00:03:16 - [MESSAGE][PASSED] - Object: 'Object Repository/Daily/TambahProduk' is clicked on

2022-12-21 00:03:16 - [TEST_STEP][PASSED] - setText(findTestObject("Daily/KodeProduk"), "01telkomsel"): Text '01telkomsel' is set on object 'Object Repository/Daily/KodeProduk'

2022-12-21 00:03:17 - [MESSAGE][PASSED] - Text '01telkomsel' is set on object 'Object Repository/Daily/KodeProduk'

2022-12-21 00:03:17 - [TEST_STEP][PASSED] - setText(findTestObject("Daily/Deskripsi"), "pulsa 1000 Telkomsel"): Text 'pulsa 1000 Telkomsel' is set on object 'Object Repository/Daily/Deskripsi'

2022-12-21 00:03:19 - [MESSAGE][PASSED] - Text 'pulsa 1000 Telkomsel' is set on object 'Object Repository/Daily/Deskripsi'

2022-12-21 00:03:19 - [TEST_STEP][PASSED] - setText(findTestObject("Daily/Nominal"), "1000"): Text '1000' is set on object 'Object Repository/Daily/Nominal'

2022-12-21 00:03:19 - [MESSAGE][PASSED] - Text '1000' is set on object 'Object Repository/Daily/Nominal'

2022-12-21 00:03:19 - [TEST_STEP][PASSED] - selectOptionByValue(findTestObject("Daily/PilihDisini"), "pulsa", true): All options with value 'pulsa' are selected in object 'Object Repository/Daily/PilihDisini'  using regular expression

2022-12-21 00:03:21 - [MESSAGE][PASSED] - All options with value 'pulsa' are selected in object 'Object Repository/Daily/PilihDisini'  using regular expression

2022-12-21 00:03:21 - [TEST_STEP][PASSED] - setText(findTestObject("Daily/Harga"), "1500"): Text '1500' is set on object 'Object Repository/Daily/Harga'

2022-12-21 00:03:22 - [MESSAGE][PASSED] - Text '1500' is set on object 'Object Repository/Daily/Harga'

2022-12-21 00:03:22 - [TEST_STEP][PASSED] - click(findTestObject("Daily/Simpan")): Object: 'Object Repository/Daily/Simpan' is clicked on

2022-12-21 00:03:22 - [MESSAGE][PASSED] - Object: 'Object Repository/Daily/Simpan' is clicked on

2022-12-21 00:03:22 - [TEST_STEP][PASSED] - closeBrowser(): Browser is closed

2022-12-21 00:03:23 - [MESSAGE][PASSED] - Browser is closed]]></system-out>
         <system-err><![CDATA[]]></system-err>
      </testcase>
      <testcase name="Test Cases/BD005_DailyWithoutKodeProduk" time="29.033" classname="Test Cases/BD005_DailyWithoutKodeProduk" status="PASSED">
         <system-out><![CDATA[2022-12-21 00:03:23 - [TEST_CASE][PASSED] - Test Cases/BD005_DailyWithoutKodeProduk: Test Cases/BD005_DailyWithoutKodeProduk

2022-12-21 00:03:23 - [TEST_STEP][PASSED] - openBrowser(""): Browser is opened with url: ''

2022-12-21 00:03:23 - [MESSAGE][INFO] - Starting 'Chrome' driver

2022-12-21 00:03:23 - [MESSAGE][INFO] - Action delay is set to 0 milliseconds

2022-12-21 00:03:25 - [MESSAGE][PASSED] - Browser is opened with url: ''

2022-12-21 00:03:25 - [TEST_STEP][PASSED] - maximizeWindow(): Current window maximized

2022-12-21 00:03:26 - [MESSAGE][PASSED] - Current window maximized

2022-12-21 00:03:26 - [TEST_STEP][PASSED] - navigateToUrl("https://tes-capstone-website.vercel.app/admin/login"): Navigate to 'https://tes-capstone-website.vercel.app/admin/login' successfully

2022-12-21 00:03:37 - [MESSAGE][PASSED] - Navigate to 'https://tes-capstone-website.vercel.app/admin/login' successfully

2022-12-21 00:03:37 - [TEST_STEP][PASSED] - setText(findTestObject("Auth/Email"), "admin@nyakit.in"): Text 'admin@nyakit.in' is set on object 'Object Repository/Auth/Email'

2022-12-21 00:03:38 - [MESSAGE][PASSED] - Text 'admin@nyakit.in' is set on object 'Object Repository/Auth/Email'

2022-12-21 00:03:38 - [TEST_STEP][PASSED] - setText(findTestObject("Auth/Password"), "@Password123"): Text '@Password123' is set on object 'Object Repository/Auth/Password'

2022-12-21 00:03:39 - [MESSAGE][PASSED] - Text '@Password123' is set on object 'Object Repository/Auth/Password'

2022-12-21 00:03:39 - [TEST_STEP][PASSED] - click(findTestObject("Auth/LoginButton")): Object: 'Object Repository/Auth/LoginButton' is clicked on

2022-12-21 00:03:39 - [MESSAGE][PASSED] - Object: 'Object Repository/Auth/LoginButton' is clicked on

2022-12-21 00:03:39 - [TEST_STEP][PASSED] - click(findTestObject("ManageProduct/Product")): Object: 'Object Repository/ManageProduct/Product' is clicked on

2022-12-21 00:03:42 - [MESSAGE][PASSED] - Object: 'Object Repository/ManageProduct/Product' is clicked on

2022-12-21 00:03:42 - [TEST_STEP][PASSED] - click(findTestObject("ManageProduct/Daily")): Object: 'Object Repository/ManageProduct/Daily' is clicked on

2022-12-21 00:03:43 - [MESSAGE][PASSED] - Object: 'Object Repository/ManageProduct/Daily' is clicked on

2022-12-21 00:03:43 - [TEST_STEP][PASSED] - click(findTestObject("Daily/TambahProduk")): Object: 'Object Repository/Daily/TambahProduk' is clicked on

2022-12-21 00:03:45 - [MESSAGE][PASSED] - Object: 'Object Repository/Daily/TambahProduk' is clicked on

2022-12-21 00:03:45 - [TEST_STEP][PASSED] - setText(findTestObject("Daily/Gambar"), "Telkomsel"): Text 'Telkomsel' is set on object 'Object Repository/Daily/Gambar'

2022-12-21 00:03:47 - [MESSAGE][PASSED] - Text 'Telkomsel' is set on object 'Object Repository/Daily/Gambar'

2022-12-21 00:03:47 - [TEST_STEP][PASSED] - setText(findTestObject("Daily/Deskripsi"), "pulsa 1000 Telkomsel"): Text 'pulsa 1000 Telkomsel' is set on object 'Object Repository/Daily/Deskripsi'

2022-12-21 00:03:48 - [MESSAGE][PASSED] - Text 'pulsa 1000 Telkomsel' is set on object 'Object Repository/Daily/Deskripsi'

2022-12-21 00:03:48 - [TEST_STEP][PASSED] - setText(findTestObject("Daily/Nominal"), "1000"): Text '1000' is set on object 'Object Repository/Daily/Nominal'

2022-12-21 00:03:49 - [MESSAGE][PASSED] - Text '1000' is set on object 'Object Repository/Daily/Nominal'

2022-12-21 00:03:49 - [TEST_STEP][PASSED] - selectOptionByValue(findTestObject("Daily/PilihDisini"), "pulsa", true): All options with value 'pulsa' are selected in object 'Object Repository/Daily/PilihDisini'  using regular expression

2022-12-21 00:03:50 - [MESSAGE][PASSED] - All options with value 'pulsa' are selected in object 'Object Repository/Daily/PilihDisini'  using regular expression

2022-12-21 00:03:50 - [TEST_STEP][PASSED] - setText(findTestObject("Daily/Harga"), "1500"): Text '1500' is set on object 'Object Repository/Daily/Harga'

2022-12-21 00:03:51 - [MESSAGE][PASSED] - Text '1500' is set on object 'Object Repository/Daily/Harga'

2022-12-21 00:03:51 - [TEST_STEP][PASSED] - click(findTestObject("Daily/Simpan")): Object: 'Object Repository/Daily/Simpan' is clicked on

2022-12-21 00:03:51 - [MESSAGE][PASSED] - Object: 'Object Repository/Daily/Simpan' is clicked on

2022-12-21 00:03:51 - [TEST_STEP][PASSED] - closeBrowser(): Browser is closed

2022-12-21 00:03:52 - [MESSAGE][PASSED] - Browser is closed]]></system-out>
         <system-err><![CDATA[]]></system-err>
      </testcase>
      <testcase name="Test Cases/BD006_DailyWithoutDeskripsi" time="18.656" classname="Test Cases/BD006_DailyWithoutDeskripsi" status="PASSED">
         <system-out><![CDATA[2022-12-21 00:03:52 - [TEST_CASE][PASSED] - Test Cases/BD006_DailyWithoutDeskripsi: Test Cases/BD006_DailyWithoutDeskripsi

2022-12-21 00:03:52 - [TEST_STEP][PASSED] - openBrowser(""): Browser is opened with url: ''

2022-12-21 00:03:52 - [MESSAGE][INFO] - Starting 'Chrome' driver

2022-12-21 00:03:52 - [MESSAGE][INFO] - Action delay is set to 0 milliseconds

2022-12-21 00:03:54 - [MESSAGE][PASSED] - Browser is opened with url: ''

2022-12-21 00:03:54 - [TEST_STEP][PASSED] - maximizeWindow(): Current window maximized

2022-12-21 00:03:54 - [MESSAGE][PASSED] - Current window maximized

2022-12-21 00:03:54 - [TEST_STEP][PASSED] - navigateToUrl("https://tes-capstone-website.vercel.app/admin/login"): Navigate to 'https://tes-capstone-website.vercel.app/admin/login' successfully

2022-12-21 00:03:57 - [MESSAGE][PASSED] - Navigate to 'https://tes-capstone-website.vercel.app/admin/login' successfully

2022-12-21 00:03:57 - [TEST_STEP][PASSED] - setText(findTestObject("Auth/Email"), "admin@nyakit.in"): Text 'admin@nyakit.in' is set on object 'Object Repository/Auth/Email'

2022-12-21 00:03:58 - [MESSAGE][PASSED] - Text 'admin@nyakit.in' is set on object 'Object Repository/Auth/Email'

2022-12-21 00:03:58 - [TEST_STEP][PASSED] - setText(findTestObject("Auth/Password"), "@Password123"): Text '@Password123' is set on object 'Object Repository/Auth/Password'

2022-12-21 00:03:59 - [MESSAGE][PASSED] - Text '@Password123' is set on object 'Object Repository/Auth/Password'

2022-12-21 00:03:59 - [TEST_STEP][PASSED] - click(findTestObject("Auth/LoginButton")): Object: 'Object Repository/Auth/LoginButton' is clicked on

2022-12-21 00:03:59 - [MESSAGE][PASSED] - Object: 'Object Repository/Auth/LoginButton' is clicked on

2022-12-21 00:03:59 - [TEST_STEP][PASSED] - click(findTestObject("ManageProduct/Product")): Object: 'Object Repository/ManageProduct/Product' is clicked on

2022-12-21 00:04:03 - [MESSAGE][PASSED] - Object: 'Object Repository/ManageProduct/Product' is clicked on

2022-12-21 00:04:03 - [TEST_STEP][PASSED] - click(findTestObject("ManageProduct/Daily")): Object: 'Object Repository/ManageProduct/Daily' is clicked on

2022-12-21 00:04:03 - [MESSAGE][PASSED] - Object: 'Object Repository/ManageProduct/Daily' is clicked on

2022-12-21 00:04:03 - [TEST_STEP][PASSED] - click(findTestObject("Daily/TambahProduk")): Object: 'Object Repository/Daily/TambahProduk' is clicked on

2022-12-21 00:04:04 - [MESSAGE][PASSED] - Object: 'Object Repository/Daily/TambahProduk' is clicked on

2022-12-21 00:04:04 - [TEST_STEP][PASSED] - setText(findTestObject("Daily/Gambar"), "Telkomsel"): Text 'Telkomsel' is set on object 'Object Repository/Daily/Gambar'

2022-12-21 00:04:05 - [MESSAGE][PASSED] - Text 'Telkomsel' is set on object 'Object Repository/Daily/Gambar'

2022-12-21 00:04:05 - [TEST_STEP][PASSED] - setText(findTestObject("Daily/KodeProduk"), "01telkomsel"): Text '01telkomsel' is set on object 'Object Repository/Daily/KodeProduk'

2022-12-21 00:04:06 - [MESSAGE][PASSED] - Text '01telkomsel' is set on object 'Object Repository/Daily/KodeProduk'

2022-12-21 00:04:06 - [TEST_STEP][PASSED] - setText(findTestObject("Daily/Nominal"), "1000"): Text '1000' is set on object 'Object Repository/Daily/Nominal'

2022-12-21 00:04:07 - [MESSAGE][PASSED] - Text '1000' is set on object 'Object Repository/Daily/Nominal'

2022-12-21 00:04:07 - [TEST_STEP][PASSED] - selectOptionByValue(findTestObject("Daily/PilihDisini"), "pulsa", true): All options with value 'pulsa' are selected in object 'Object Repository/Daily/PilihDisini'  using regular expression

2022-12-21 00:04:09 - [MESSAGE][PASSED] - All options with value 'pulsa' are selected in object 'Object Repository/Daily/PilihDisini'  using regular expression

2022-12-21 00:04:09 - [TEST_STEP][PASSED] - setText(findTestObject("Daily/Harga"), "1500"): Text '1500' is set on object 'Object Repository/Daily/Harga'

2022-12-21 00:04:09 - [MESSAGE][PASSED] - Text '1500' is set on object 'Object Repository/Daily/Harga'

2022-12-21 00:04:09 - [TEST_STEP][PASSED] - click(findTestObject("Daily/Simpan")): Object: 'Object Repository/Daily/Simpan' is clicked on

2022-12-21 00:04:10 - [MESSAGE][PASSED] - Object: 'Object Repository/Daily/Simpan' is clicked on

2022-12-21 00:04:10 - [TEST_STEP][PASSED] - closeBrowser(): Browser is closed

2022-12-21 00:04:11 - [MESSAGE][PASSED] - Browser is closed]]></system-out>
         <system-err><![CDATA[]]></system-err>
      </testcase>
      <testcase name="Test Cases/BD007_DailyWithoutNominal" time="18.744" classname="Test Cases/BD007_DailyWithoutNominal" status="PASSED">
         <system-out><![CDATA[2022-12-21 00:04:11 - [TEST_CASE][PASSED] - Test Cases/BD007_DailyWithoutNominal: Test Cases/BD007_DailyWithoutNominal

2022-12-21 00:04:11 - [TEST_STEP][PASSED] - openBrowser(""): Browser is opened with url: ''

2022-12-21 00:04:11 - [MESSAGE][INFO] - Starting 'Chrome' driver

2022-12-21 00:04:11 - [MESSAGE][INFO] - Action delay is set to 0 milliseconds

2022-12-21 00:04:12 - [MESSAGE][PASSED] - Browser is opened with url: ''

2022-12-21 00:04:12 - [TEST_STEP][PASSED] - maximizeWindow(): Current window maximized

2022-12-21 00:04:12 - [MESSAGE][PASSED] - Current window maximized

2022-12-21 00:04:12 - [TEST_STEP][PASSED] - navigateToUrl("https://tes-capstone-website.vercel.app/admin/login"): Navigate to 'https://tes-capstone-website.vercel.app/admin/login' successfully

2022-12-21 00:04:16 - [MESSAGE][PASSED] - Navigate to 'https://tes-capstone-website.vercel.app/admin/login' successfully

2022-12-21 00:04:16 - [TEST_STEP][PASSED] - setText(findTestObject("Auth/Email"), "admin@nyakit.in"): Text 'admin@nyakit.in' is set on object 'Object Repository/Auth/Email'

2022-12-21 00:04:17 - [MESSAGE][PASSED] - Text 'admin@nyakit.in' is set on object 'Object Repository/Auth/Email'

2022-12-21 00:04:17 - [TEST_STEP][PASSED] - setText(findTestObject("Auth/Password"), "@Password123"): Text '@Password123' is set on object 'Object Repository/Auth/Password'

2022-12-21 00:04:18 - [MESSAGE][PASSED] - Text '@Password123' is set on object 'Object Repository/Auth/Password'

2022-12-21 00:04:18 - [TEST_STEP][PASSED] - click(findTestObject("Auth/LoginButton")): Object: 'Object Repository/Auth/LoginButton' is clicked on

2022-12-21 00:04:18 - [MESSAGE][PASSED] - Object: 'Object Repository/Auth/LoginButton' is clicked on

2022-12-21 00:04:18 - [TEST_STEP][PASSED] - click(findTestObject("ManageProduct/Product")): Object: 'Object Repository/ManageProduct/Product' is clicked on

2022-12-21 00:04:21 - [MESSAGE][PASSED] - Object: 'Object Repository/ManageProduct/Product' is clicked on

2022-12-21 00:04:21 - [TEST_STEP][PASSED] - click(findTestObject("ManageProduct/Daily")): Object: 'Object Repository/ManageProduct/Daily' is clicked on

2022-12-21 00:04:22 - [MESSAGE][PASSED] - Object: 'Object Repository/ManageProduct/Daily' is clicked on

2022-12-21 00:04:22 - [TEST_STEP][PASSED] - click(findTestObject("Daily/TambahProduk")): Object: 'Object Repository/Daily/TambahProduk' is clicked on

2022-12-21 00:04:23 - [MESSAGE][PASSED] - Object: 'Object Repository/Daily/TambahProduk' is clicked on

2022-12-21 00:04:23 - [TEST_STEP][PASSED] - setText(findTestObject("Daily/Gambar"), "Telkomsel"): Text 'Telkomsel' is set on object 'Object Repository/Daily/Gambar'

2022-12-21 00:04:24 - [MESSAGE][PASSED] - Text 'Telkomsel' is set on object 'Object Repository/Daily/Gambar'

2022-12-21 00:04:24 - [TEST_STEP][PASSED] - setText(findTestObject("Daily/KodeProduk"), "01telkomsel"): Text '01telkomsel' is set on object 'Object Repository/Daily/KodeProduk'

2022-12-21 00:04:25 - [MESSAGE][PASSED] - Text '01telkomsel' is set on object 'Object Repository/Daily/KodeProduk'

2022-12-21 00:04:25 - [TEST_STEP][PASSED] - setText(findTestObject("Daily/Deskripsi"), "pulsa 1000 Telkomsel"): Text 'pulsa 1000 Telkomsel' is set on object 'Object Repository/Daily/Deskripsi'

2022-12-21 00:04:26 - [MESSAGE][PASSED] - Text 'pulsa 1000 Telkomsel' is set on object 'Object Repository/Daily/Deskripsi'

2022-12-21 00:04:26 - [TEST_STEP][PASSED] - selectOptionByValue(findTestObject("Daily/PilihDisini"), "pulsa", true): All options with value 'pulsa' are selected in object 'Object Repository/Daily/PilihDisini'  using regular expression

2022-12-21 00:04:27 - [MESSAGE][PASSED] - All options with value 'pulsa' are selected in object 'Object Repository/Daily/PilihDisini'  using regular expression

2022-12-21 00:04:27 - [TEST_STEP][PASSED] - setText(findTestObject("Daily/Harga"), "1500"): Text '1500' is set on object 'Object Repository/Daily/Harga'

2022-12-21 00:04:28 - [MESSAGE][PASSED] - Text '1500' is set on object 'Object Repository/Daily/Harga'

2022-12-21 00:04:28 - [TEST_STEP][PASSED] - click(findTestObject("Daily/Simpan")): Object: 'Object Repository/Daily/Simpan' is clicked on

2022-12-21 00:04:29 - [MESSAGE][PASSED] - Object: 'Object Repository/Daily/Simpan' is clicked on

2022-12-21 00:04:29 - [TEST_STEP][PASSED] - closeBrowser(): Browser is closed

2022-12-21 00:04:29 - [MESSAGE][PASSED] - Browser is closed]]></system-out>
         <system-err><![CDATA[]]></system-err>
      </testcase>
      <testcase name="Test Cases/BD008_DailyWithoutKategori" time="18.39" classname="Test Cases/BD008_DailyWithoutKategori" status="PASSED">
         <system-out><![CDATA[2022-12-21 00:04:29 - [TEST_CASE][PASSED] - Test Cases/BD008_DailyWithoutKategori: Test Cases/BD008_DailyWithoutKategori

2022-12-21 00:04:30 - [TEST_STEP][PASSED] - openBrowser(""): Browser is opened with url: ''

2022-12-21 00:04:30 - [MESSAGE][INFO] - Starting 'Chrome' driver

2022-12-21 00:04:30 - [MESSAGE][INFO] - Action delay is set to 0 milliseconds

2022-12-21 00:04:31 - [MESSAGE][PASSED] - Browser is opened with url: ''

2022-12-21 00:04:31 - [TEST_STEP][PASSED] - maximizeWindow(): Current window maximized

2022-12-21 00:04:31 - [MESSAGE][PASSED] - Current window maximized

2022-12-21 00:04:31 - [TEST_STEP][PASSED] - navigateToUrl("https://tes-capstone-website.vercel.app/admin/login"): Navigate to 'https://tes-capstone-website.vercel.app/admin/login' successfully

2022-12-21 00:04:35 - [MESSAGE][PASSED] - Navigate to 'https://tes-capstone-website.vercel.app/admin/login' successfully

2022-12-21 00:04:35 - [TEST_STEP][PASSED] - setText(findTestObject("Auth/Email"), "admin@nyakit.in"): Text 'admin@nyakit.in' is set on object 'Object Repository/Auth/Email'

2022-12-21 00:04:35 - [MESSAGE][PASSED] - Text 'admin@nyakit.in' is set on object 'Object Repository/Auth/Email'

2022-12-21 00:04:35 - [TEST_STEP][PASSED] - setText(findTestObject("Auth/Password"), "@Password123"): Text '@Password123' is set on object 'Object Repository/Auth/Password'

2022-12-21 00:04:37 - [MESSAGE][PASSED] - Text '@Password123' is set on object 'Object Repository/Auth/Password'

2022-12-21 00:04:37 - [TEST_STEP][PASSED] - click(findTestObject("Auth/LoginButton")): Object: 'Object Repository/Auth/LoginButton' is clicked on

2022-12-21 00:04:37 - [MESSAGE][PASSED] - Object: 'Object Repository/Auth/LoginButton' is clicked on

2022-12-21 00:04:37 - [TEST_STEP][PASSED] - click(findTestObject("ManageProduct/Product")): Object: 'Object Repository/ManageProduct/Product' is clicked on

2022-12-21 00:04:40 - [MESSAGE][PASSED] - Object: 'Object Repository/ManageProduct/Product' is clicked on

2022-12-21 00:04:40 - [TEST_STEP][PASSED] - click(findTestObject("ManageProduct/Daily")): Object: 'Object Repository/ManageProduct/Daily' is clicked on

2022-12-21 00:04:41 - [MESSAGE][PASSED] - Object: 'Object Repository/ManageProduct/Daily' is clicked on

2022-12-21 00:04:41 - [TEST_STEP][PASSED] - click(findTestObject("Daily/TambahProduk")): Object: 'Object Repository/Daily/TambahProduk' is clicked on

2022-12-21 00:04:42 - [MESSAGE][PASSED] - Object: 'Object Repository/Daily/TambahProduk' is clicked on

2022-12-21 00:04:42 - [TEST_STEP][PASSED] - setText(findTestObject("Daily/Gambar"), "Telkomsel"): Text 'Telkomsel' is set on object 'Object Repository/Daily/Gambar'

2022-12-21 00:04:43 - [MESSAGE][PASSED] - Text 'Telkomsel' is set on object 'Object Repository/Daily/Gambar'

2022-12-21 00:04:43 - [TEST_STEP][PASSED] - setText(findTestObject("Daily/KodeProduk"), "01telkomsel"): Text '01telkomsel' is set on object 'Object Repository/Daily/KodeProduk'

2022-12-21 00:04:44 - [MESSAGE][PASSED] - Text '01telkomsel' is set on object 'Object Repository/Daily/KodeProduk'

2022-12-21 00:04:44 - [TEST_STEP][PASSED] - setText(findTestObject("Daily/Deskripsi"), "pulsa 1000 Telkomsel"): Text 'pulsa 1000 Telkomsel' is set on object 'Object Repository/Daily/Deskripsi'

2022-12-21 00:04:45 - [MESSAGE][PASSED] - Text 'pulsa 1000 Telkomsel' is set on object 'Object Repository/Daily/Deskripsi'

2022-12-21 00:04:45 - [TEST_STEP][PASSED] - setText(findTestObject("Daily/Nominal"), "1000"): Text '1000' is set on object 'Object Repository/Daily/Nominal'

2022-12-21 00:04:46 - [MESSAGE][PASSED] - Text '1000' is set on object 'Object Repository/Daily/Nominal'

2022-12-21 00:04:46 - [TEST_STEP][PASSED] - setText(findTestObject("Daily/Harga"), "1500"): Text '1500' is set on object 'Object Repository/Daily/Harga'

2022-12-21 00:04:47 - [MESSAGE][PASSED] - Text '1500' is set on object 'Object Repository/Daily/Harga'

2022-12-21 00:04:47 - [TEST_STEP][PASSED] - click(findTestObject("Daily/Simpan")): Object: 'Object Repository/Daily/Simpan' is clicked on

2022-12-21 00:04:47 - [MESSAGE][PASSED] - Object: 'Object Repository/Daily/Simpan' is clicked on

2022-12-21 00:04:47 - [TEST_STEP][PASSED] - closeBrowser(): Browser is closed

2022-12-21 00:04:48 - [MESSAGE][PASSED] - Browser is closed]]></system-out>
         <system-err><![CDATA[]]></system-err>
      </testcase>
      <testcase name="Test Cases/BD009_DailyWithoutHarga" time="18.173" classname="Test Cases/BD009_DailyWithoutHarga" status="PASSED">
         <system-out><![CDATA[2022-12-21 00:04:48 - [TEST_CASE][PASSED] - Test Cases/BD009_DailyWithoutHarga: Test Cases/BD009_DailyWithoutHarga

2022-12-21 00:04:48 - [TEST_STEP][PASSED] - openBrowser(""): Browser is opened with url: ''

2022-12-21 00:04:48 - [MESSAGE][INFO] - Starting 'Chrome' driver

2022-12-21 00:04:48 - [MESSAGE][INFO] - Action delay is set to 0 milliseconds

2022-12-21 00:04:49 - [MESSAGE][PASSED] - Browser is opened with url: ''

2022-12-21 00:04:49 - [TEST_STEP][PASSED] - maximizeWindow(): Current window maximized

2022-12-21 00:04:49 - [MESSAGE][PASSED] - Current window maximized

2022-12-21 00:04:49 - [TEST_STEP][PASSED] - navigateToUrl("https://tes-capstone-website.vercel.app/admin/login"): Navigate to 'https://tes-capstone-website.vercel.app/admin/login' successfully

2022-12-21 00:04:53 - [MESSAGE][PASSED] - Navigate to 'https://tes-capstone-website.vercel.app/admin/login' successfully

2022-12-21 00:04:53 - [TEST_STEP][PASSED] - setText(findTestObject("Auth/Email"), "admin@nyakit.in"): Text 'admin@nyakit.in' is set on object 'Object Repository/Auth/Email'

2022-12-21 00:04:54 - [MESSAGE][PASSED] - Text 'admin@nyakit.in' is set on object 'Object Repository/Auth/Email'

2022-12-21 00:04:54 - [TEST_STEP][PASSED] - setText(findTestObject("Auth/Password"), "@Password123"): Text '@Password123' is set on object 'Object Repository/Auth/Password'

2022-12-21 00:04:55 - [MESSAGE][PASSED] - Text '@Password123' is set on object 'Object Repository/Auth/Password'

2022-12-21 00:04:55 - [TEST_STEP][PASSED] - click(findTestObject("Auth/LoginButton")): Object: 'Object Repository/Auth/LoginButton' is clicked on

2022-12-21 00:04:55 - [MESSAGE][PASSED] - Object: 'Object Repository/Auth/LoginButton' is clicked on

2022-12-21 00:04:55 - [TEST_STEP][PASSED] - click(findTestObject("ManageProduct/Product")): Object: 'Object Repository/ManageProduct/Product' is clicked on

2022-12-21 00:04:58 - [MESSAGE][PASSED] - Object: 'Object Repository/ManageProduct/Product' is clicked on

2022-12-21 00:04:58 - [TEST_STEP][PASSED] - click(findTestObject("ManageProduct/Daily")): Object: 'Object Repository/ManageProduct/Daily' is clicked on

2022-12-21 00:04:59 - [MESSAGE][PASSED] - Object: 'Object Repository/ManageProduct/Daily' is clicked on

2022-12-21 00:04:59 - [TEST_STEP][PASSED] - click(findTestObject("Daily/TambahProduk")): Object: 'Object Repository/Daily/TambahProduk' is clicked on

2022-12-21 00:05:00 - [MESSAGE][PASSED] - Object: 'Object Repository/Daily/TambahProduk' is clicked on

2022-12-21 00:05:00 - [TEST_STEP][PASSED] - setText(findTestObject("Daily/Gambar"), "Telkomsel"): Text 'Telkomsel' is set on object 'Object Repository/Daily/Gambar'

2022-12-21 00:05:01 - [MESSAGE][PASSED] - Text 'Telkomsel' is set on object 'Object Repository/Daily/Gambar'

2022-12-21 00:05:01 - [TEST_STEP][PASSED] - setText(findTestObject("Daily/KodeProduk"), "01telkomsel"): Text '01telkomsel' is set on object 'Object Repository/Daily/KodeProduk'

2022-12-21 00:05:02 - [MESSAGE][PASSED] - Text '01telkomsel' is set on object 'Object Repository/Daily/KodeProduk'

2022-12-21 00:05:02 - [TEST_STEP][PASSED] - setText(findTestObject("Daily/Deskripsi"), "pulsa 1000 Telkomsel"): Text 'pulsa 1000 Telkomsel' is set on object 'Object Repository/Daily/Deskripsi'

2022-12-21 00:05:03 - [MESSAGE][PASSED] - Text 'pulsa 1000 Telkomsel' is set on object 'Object Repository/Daily/Deskripsi'

2022-12-21 00:05:03 - [TEST_STEP][PASSED] - setText(findTestObject("Daily/Nominal"), "1000"): Text '1000' is set on object 'Object Repository/Daily/Nominal'

2022-12-21 00:05:04 - [MESSAGE][PASSED] - Text '1000' is set on object 'Object Repository/Daily/Nominal'

2022-12-21 00:05:04 - [TEST_STEP][PASSED] - selectOptionByValue(findTestObject("Daily/PilihDisini"), "pulsa", true): All options with value 'pulsa' are selected in object 'Object Repository/Daily/PilihDisini'  using regular expression

2022-12-21 00:05:05 - [MESSAGE][PASSED] - All options with value 'pulsa' are selected in object 'Object Repository/Daily/PilihDisini'  using regular expression

2022-12-21 00:05:05 - [TEST_STEP][PASSED] - click(findTestObject("Daily/Simpan")): Object: 'Object Repository/Daily/Simpan' is clicked on

2022-12-21 00:05:05 - [MESSAGE][PASSED] - Object: 'Object Repository/Daily/Simpan' is clicked on

2022-12-21 00:05:05 - [TEST_STEP][PASSED] - closeBrowser(): Browser is closed

2022-12-21 00:05:06 - [MESSAGE][PASSED] - Browser is closed]]></system-out>
         <system-err><![CDATA[]]></system-err>
      </testcase>
      <testcase name="Test Cases/BD010_SearchDaily" time="13.432" classname="Test Cases/BD010_SearchDaily" status="PASSED">
         <system-out><![CDATA[2022-12-21 00:05:06 - [TEST_CASE][PASSED] - Test Cases/BD010_SearchDaily: Test Cases/BD010_SearchDaily

2022-12-21 00:05:06 - [TEST_STEP][PASSED] - openBrowser(""): Browser is opened with url: ''

2022-12-21 00:05:06 - [MESSAGE][INFO] - Starting 'Chrome' driver

2022-12-21 00:05:06 - [MESSAGE][INFO] - Action delay is set to 0 milliseconds

2022-12-21 00:05:07 - [MESSAGE][PASSED] - Browser is opened with url: ''

2022-12-21 00:05:07 - [TEST_STEP][PASSED] - maximizeWindow(): Current window maximized

2022-12-21 00:05:07 - [MESSAGE][PASSED] - Current window maximized

2022-12-21 00:05:07 - [TEST_STEP][PASSED] - navigateToUrl("https://tes-capstone-website.vercel.app/admin/login"): Navigate to 'https://tes-capstone-website.vercel.app/admin/login' successfully

2022-12-21 00:05:11 - [MESSAGE][PASSED] - Navigate to 'https://tes-capstone-website.vercel.app/admin/login' successfully

2022-12-21 00:05:11 - [TEST_STEP][PASSED] - setText(findTestObject("Auth/Email"), "admin@nyakit.in"): Text 'admin@nyakit.in' is set on object 'Object Repository/Auth/Email'

2022-12-21 00:05:12 - [MESSAGE][PASSED] - Text 'admin@nyakit.in' is set on object 'Object Repository/Auth/Email'

2022-12-21 00:05:12 - [TEST_STEP][PASSED] - setText(findTestObject("Auth/Password"), "@Password123"): Text '@Password123' is set on object 'Object Repository/Auth/Password'

2022-12-21 00:05:13 - [MESSAGE][PASSED] - Text '@Password123' is set on object 'Object Repository/Auth/Password'

2022-12-21 00:05:13 - [TEST_STEP][PASSED] - click(findTestObject("Auth/LoginButton")): Object: 'Object Repository/Auth/LoginButton' is clicked on

2022-12-21 00:05:13 - [MESSAGE][PASSED] - Object: 'Object Repository/Auth/LoginButton' is clicked on

2022-12-21 00:05:13 - [TEST_STEP][PASSED] - click(findTestObject("ManageProduct/Product")): Object: 'Object Repository/ManageProduct/Product' is clicked on

2022-12-21 00:05:16 - [MESSAGE][PASSED] - Object: 'Object Repository/ManageProduct/Product' is clicked on

2022-12-21 00:05:16 - [TEST_STEP][PASSED] - click(findTestObject("ManageProduct/Daily")): Object: 'Object Repository/ManageProduct/Daily' is clicked on

2022-12-21 00:05:17 - [MESSAGE][PASSED] - Object: 'Object Repository/ManageProduct/Daily' is clicked on

2022-12-21 00:05:17 - [TEST_STEP][PASSED] - setText(findTestObject("Daily/Search"), "xl"): Text 'xl' is set on object 'Object Repository/Daily/Search'

2022-12-21 00:05:19 - [MESSAGE][PASSED] - Text 'xl' is set on object 'Object Repository/Daily/Search'

2022-12-21 00:05:19 - [TEST_STEP][PASSED] - closeBrowser(): Browser is closed

2022-12-21 00:05:19 - [MESSAGE][PASSED] - Browser is closed]]></system-out>
         <system-err><![CDATA[]]></system-err>
      </testcase>
      <testcase name="Test Cases/BD012_ViewProductBills" time="11.808" classname="Test Cases/BD012_ViewProductBills" status="PASSED">
         <system-out><![CDATA[2022-12-21 00:05:19 - [TEST_CASE][PASSED] - Test Cases/BD012_ViewProductBills: Test Cases/BD012_ViewProductBills

2022-12-21 00:05:20 - [TEST_STEP][PASSED] - openBrowser(""): Browser is opened with url: ''

2022-12-21 00:05:20 - [MESSAGE][INFO] - Starting 'Chrome' driver

2022-12-21 00:05:20 - [MESSAGE][INFO] - Action delay is set to 0 milliseconds

2022-12-21 00:05:21 - [MESSAGE][PASSED] - Browser is opened with url: ''

2022-12-21 00:05:21 - [TEST_STEP][PASSED] - maximizeWindow(): Current window maximized

2022-12-21 00:05:21 - [MESSAGE][PASSED] - Current window maximized

2022-12-21 00:05:21 - [TEST_STEP][PASSED] - navigateToUrl("https://tes-capstone-website.vercel.app/admin/login"): Navigate to 'https://tes-capstone-website.vercel.app/admin/login' successfully

2022-12-21 00:05:25 - [MESSAGE][PASSED] - Navigate to 'https://tes-capstone-website.vercel.app/admin/login' successfully

2022-12-21 00:05:25 - [TEST_STEP][PASSED] - setText(findTestObject("Auth/Email"), "admin@nyakit.in"): Text 'admin@nyakit.in' is set on object 'Object Repository/Auth/Email'

2022-12-21 00:05:26 - [MESSAGE][PASSED] - Text 'admin@nyakit.in' is set on object 'Object Repository/Auth/Email'

2022-12-21 00:05:26 - [TEST_STEP][PASSED] - setText(findTestObject("Auth/Password"), "@Password123"): Text '@Password123' is set on object 'Object Repository/Auth/Password'

2022-12-21 00:05:26 - [MESSAGE][PASSED] - Text '@Password123' is set on object 'Object Repository/Auth/Password'

2022-12-21 00:05:26 - [TEST_STEP][PASSED] - click(findTestObject("Auth/LoginButton")): Object: 'Object Repository/Auth/LoginButton' is clicked on

2022-12-21 00:05:27 - [MESSAGE][PASSED] - Object: 'Object Repository/Auth/LoginButton' is clicked on

2022-12-21 00:05:27 - [TEST_STEP][PASSED] - click(findTestObject("ManageProduct/Product")): Object: 'Object Repository/ManageProduct/Product' is clicked on

2022-12-21 00:05:30 - [MESSAGE][PASSED] - Object: 'Object Repository/ManageProduct/Product' is clicked on

2022-12-21 00:05:30 - [TEST_STEP][PASSED] - click(findTestObject("ManageProduct/Bills")): Object: 'Object Repository/ManageProduct/Bills' is clicked on

2022-12-21 00:05:31 - [MESSAGE][PASSED] - Object: 'Object Repository/ManageProduct/Bills' is clicked on

2022-12-21 00:05:31 - [TEST_STEP][PASSED] - closeBrowser(): Browser is closed

2022-12-21 00:05:31 - [MESSAGE][PASSED] - Browser is closed]]></system-out>
         <system-err><![CDATA[]]></system-err>
      </testcase>
      <testcase name="Test Cases/BD014_AddProductBills" time="39.298" classname="Test Cases/BD014_AddProductBills" status="PASSED">
         <system-out><![CDATA[2022-12-21 00:05:31 - [TEST_CASE][PASSED] - Test Cases/BD014_AddProductBills: Test Cases/BD014_AddProductBills

2022-12-21 00:05:31 - [TEST_STEP][PASSED] - openBrowser(""): Browser is opened with url: ''

2022-12-21 00:05:31 - [MESSAGE][INFO] - Starting 'Chrome' driver

2022-12-21 00:05:31 - [MESSAGE][INFO] - Action delay is set to 0 milliseconds

2022-12-21 00:05:33 - [MESSAGE][PASSED] - Browser is opened with url: ''

2022-12-21 00:05:33 - [TEST_STEP][PASSED] - maximizeWindow(): Current window maximized

2022-12-21 00:05:33 - [MESSAGE][PASSED] - Current window maximized

2022-12-21 00:05:33 - [TEST_STEP][PASSED] - navigateToUrl("https://tes-capstone-website.vercel.app/admin/login"): Navigate to 'https://tes-capstone-website.vercel.app/admin/login' successfully

2022-12-21 00:05:40 - [MESSAGE][PASSED] - Navigate to 'https://tes-capstone-website.vercel.app/admin/login' successfully

2022-12-21 00:05:40 - [TEST_STEP][PASSED] - setText(findTestObject("Auth/Email"), "admin@nyakit.in"): Text 'admin@nyakit.in' is set on object 'Object Repository/Auth/Email'

2022-12-21 00:05:41 - [MESSAGE][PASSED] - Text 'admin@nyakit.in' is set on object 'Object Repository/Auth/Email'

2022-12-21 00:05:41 - [TEST_STEP][PASSED] - setText(findTestObject("Auth/Password"), "@Password123"): Text '@Password123' is set on object 'Object Repository/Auth/Password'

2022-12-21 00:05:42 - [MESSAGE][PASSED] - Text '@Password123' is set on object 'Object Repository/Auth/Password'

2022-12-21 00:05:42 - [TEST_STEP][PASSED] - click(findTestObject("Auth/LoginButton")): Object: 'Object Repository/Auth/LoginButton' is clicked on

2022-12-21 00:05:43 - [MESSAGE][PASSED] - Object: 'Object Repository/Auth/LoginButton' is clicked on

2022-12-21 00:05:43 - [TEST_STEP][PASSED] - click(findTestObject("ManageProduct/Product")): Object: 'Object Repository/ManageProduct/Product' is clicked on

2022-12-21 00:05:46 - [MESSAGE][PASSED] - Object: 'Object Repository/ManageProduct/Product' is clicked on

2022-12-21 00:05:46 - [TEST_STEP][PASSED] - click(findTestObject("ManageProduct/Bills")): Object: 'Object Repository/ManageProduct/Bills' is clicked on

2022-12-21 00:05:46 - [MESSAGE][PASSED] - Object: 'Object Repository/ManageProduct/Bills' is clicked on

2022-12-21 00:05:46 - [TEST_STEP][PASSED] - click(findTestObject("Daily/TambahProduk")): Object: 'Object Repository/Daily/TambahProduk' is clicked on

2022-12-21 00:05:48 - [MESSAGE][PASSED] - Object: 'Object Repository/Daily/TambahProduk' is clicked on

2022-12-21 00:05:48 - [TEST_STEP][PASSED] - setText(findTestObject("Daily/Gambar"), "Alterra"): Text 'Alterra' is set on object 'Object Repository/Daily/Gambar'

2022-12-21 00:05:49 - [MESSAGE][PASSED] - Text 'Alterra' is set on object 'Object Repository/Daily/Gambar'

2022-12-21 00:05:49 - [TEST_STEP][PASSED] - setText(findTestObject("Daily/KodeProduk"), "01alterra"): Text '01alterra' is set on object 'Object Repository/Daily/KodeProduk'

2022-12-21 00:05:50 - [MESSAGE][PASSED] - Text '01alterra' is set on object 'Object Repository/Daily/KodeProduk'

2022-12-21 00:05:50 - [TEST_STEP][PASSED] - setText(findTestObject("Daily/Deskripsi"), "Bootcamp QE"): Text 'Bootcamp QE' is set on object 'Object Repository/Daily/Deskripsi'

2022-12-21 00:05:50 - [MESSAGE][PASSED] - Text 'Bootcamp QE' is set on object 'Object Repository/Daily/Deskripsi'

2022-12-21 00:05:50 - [TEST_STEP][PASSED] - setText(findTestObject("Daily/Nominal"), "1000000"): Text '1000000' is set on object 'Object Repository/Daily/Nominal'

2022-12-21 00:05:51 - [MESSAGE][PASSED] - Text '1000000' is set on object 'Object Repository/Daily/Nominal'

2022-12-21 00:05:51 - [TEST_STEP][PASSED] - selectOptionByValue(findTestObject("Daily/PilihDisini"), "Pendidikan", true): All options with value 'Pendidikan' are selected in object 'Object Repository/Daily/PilihDisini'  using regular expression

2022-12-21 00:05:53 - [MESSAGE][PASSED] - All options with value 'Pendidikan' are selected in object 'Object Repository/Daily/PilihDisini'  using regular expression

2022-12-21 00:05:53 - [TEST_STEP][PASSED] - setText(findTestObject("Daily/Harga"), "1000000"): Text '1000000' is set on object 'Object Repository/Daily/Harga'

2022-12-21 00:05:53 - [MESSAGE][PASSED] - Text '1000000' is set on object 'Object Repository/Daily/Harga'

2022-12-21 00:05:53 - [TEST_STEP][PASSED] - click(findTestObject("Daily/Simpan")): Object: 'Object Repository/Daily/Simpan' is clicked on

2022-12-21 00:05:54 - [MESSAGE][PASSED] - Object: 'Object Repository/Daily/Simpan' is clicked on

2022-12-21 00:05:54 - [TEST_STEP][PASSED] - click(findTestObject("Daily/Close")): Object: 'Object Repository/Daily/Close' is clicked on

2022-12-21 00:06:10 - [MESSAGE][PASSED] - Object: 'Object Repository/Daily/Close' is clicked on

2022-12-21 00:06:10 - [TEST_STEP][PASSED] - closeBrowser(): Browser is closed

2022-12-21 00:06:10 - [MESSAGE][PASSED] - Browser is closed]]></system-out>
         <system-err><![CDATA[]]></system-err>
      </testcase>
      <testcase name="Test Cases/BD015_BillsWithoutGambar" time="20.061" classname="Test Cases/BD015_BillsWithoutGambar" status="PASSED">
         <system-out><![CDATA[2022-12-21 00:06:10 - [TEST_CASE][PASSED] - Test Cases/BD015_BillsWithoutGambar: Test Cases/BD015_BillsWithoutGambar

2022-12-21 00:06:11 - [TEST_STEP][PASSED] - openBrowser(""): Browser is opened with url: ''

2022-12-21 00:06:11 - [MESSAGE][INFO] - Starting 'Chrome' driver

2022-12-21 00:06:11 - [MESSAGE][INFO] - Action delay is set to 0 milliseconds

2022-12-21 00:06:12 - [MESSAGE][PASSED] - Browser is opened with url: ''

2022-12-21 00:06:12 - [TEST_STEP][PASSED] - maximizeWindow(): Current window maximized

2022-12-21 00:06:12 - [MESSAGE][PASSED] - Current window maximized

2022-12-21 00:06:12 - [TEST_STEP][PASSED] - navigateToUrl("https://tes-capstone-website.vercel.app/admin/login"): Navigate to 'https://tes-capstone-website.vercel.app/admin/login' successfully

2022-12-21 00:06:16 - [MESSAGE][PASSED] - Navigate to 'https://tes-capstone-website.vercel.app/admin/login' successfully

2022-12-21 00:06:16 - [TEST_STEP][PASSED] - setText(findTestObject("Auth/Email"), "admin@nyakit.in"): Text 'admin@nyakit.in' is set on object 'Object Repository/Auth/Email'

2022-12-21 00:06:17 - [MESSAGE][PASSED] - Text 'admin@nyakit.in' is set on object 'Object Repository/Auth/Email'

2022-12-21 00:06:17 - [TEST_STEP][PASSED] - setText(findTestObject("Auth/Password"), "@Password123"): Text '@Password123' is set on object 'Object Repository/Auth/Password'

2022-12-21 00:06:18 - [MESSAGE][PASSED] - Text '@Password123' is set on object 'Object Repository/Auth/Password'

2022-12-21 00:06:18 - [TEST_STEP][PASSED] - click(findTestObject("Auth/LoginButton")): Object: 'Object Repository/Auth/LoginButton' is clicked on

2022-12-21 00:06:19 - [MESSAGE][PASSED] - Object: 'Object Repository/Auth/LoginButton' is clicked on

2022-12-21 00:06:19 - [TEST_STEP][PASSED] - click(findTestObject("ManageProduct/Product")): Object: 'Object Repository/ManageProduct/Product' is clicked on

2022-12-21 00:06:22 - [MESSAGE][PASSED] - Object: 'Object Repository/ManageProduct/Product' is clicked on

2022-12-21 00:06:22 - [TEST_STEP][PASSED] - click(findTestObject("ManageProduct/Bills")): Object: 'Object Repository/ManageProduct/Bills' is clicked on

2022-12-21 00:06:23 - [MESSAGE][PASSED] - Object: 'Object Repository/ManageProduct/Bills' is clicked on

2022-12-21 00:06:23 - [TEST_STEP][PASSED] - click(findTestObject("Daily/TambahProduk")): Object: 'Object Repository/Daily/TambahProduk' is clicked on

2022-12-21 00:06:24 - [MESSAGE][PASSED] - Object: 'Object Repository/Daily/TambahProduk' is clicked on

2022-12-21 00:06:24 - [TEST_STEP][PASSED] - setText(findTestObject("Daily/KodeProduk"), "01alterra"): Text '01alterra' is set on object 'Object Repository/Daily/KodeProduk'

2022-12-21 00:06:25 - [MESSAGE][PASSED] - Text '01alterra' is set on object 'Object Repository/Daily/KodeProduk'

2022-12-21 00:06:25 - [TEST_STEP][PASSED] - setText(findTestObject("Daily/Deskripsi"), "Bootcamp QE"): Text 'Bootcamp QE' is set on object 'Object Repository/Daily/Deskripsi'

2022-12-21 00:06:26 - [MESSAGE][PASSED] - Text 'Bootcamp QE' is set on object 'Object Repository/Daily/Deskripsi'

2022-12-21 00:06:26 - [TEST_STEP][PASSED] - setText(findTestObject("Daily/Nominal"), "1000000"): Text '1000000' is set on object 'Object Repository/Daily/Nominal'

2022-12-21 00:06:27 - [MESSAGE][PASSED] - Text '1000000' is set on object 'Object Repository/Daily/Nominal'

2022-12-21 00:06:27 - [TEST_STEP][PASSED] - selectOptionByValue(findTestObject("Daily/PilihDisini"), "Pendidikan", true): All options with value 'Pendidikan' are selected in object 'Object Repository/Daily/PilihDisini'  using regular expression

2022-12-21 00:06:28 - [MESSAGE][PASSED] - All options with value 'Pendidikan' are selected in object 'Object Repository/Daily/PilihDisini'  using regular expression

2022-12-21 00:06:28 - [TEST_STEP][PASSED] - setText(findTestObject("Daily/Harga"), "1000000"): Text '1000000' is set on object 'Object Repository/Daily/Harga'

2022-12-21 00:06:29 - [MESSAGE][PASSED] - Text '1000000' is set on object 'Object Repository/Daily/Harga'

2022-12-21 00:06:29 - [TEST_STEP][PASSED] - click(findTestObject("Daily/Simpan")): Object: 'Object Repository/Daily/Simpan' is clicked on

2022-12-21 00:06:30 - [MESSAGE][PASSED] - Object: 'Object Repository/Daily/Simpan' is clicked on

2022-12-21 00:06:30 - [TEST_STEP][PASSED] - closeBrowser(): Browser is closed

2022-12-21 00:06:31 - [MESSAGE][PASSED] - Browser is closed]]></system-out>
         <system-err><![CDATA[]]></system-err>
      </testcase>
      <testcase name="Test Cases/BD016_BillsWithoutKodeProduk" time="22.737" classname="Test Cases/BD016_BillsWithoutKodeProduk" status="PASSED">
         <system-out><![CDATA[2022-12-21 00:06:31 - [TEST_CASE][PASSED] - Test Cases/BD016_BillsWithoutKodeProduk: Test Cases/BD016_BillsWithoutKodeProduk

2022-12-21 00:06:31 - [TEST_STEP][PASSED] - openBrowser(""): Browser is opened with url: ''

2022-12-21 00:06:31 - [MESSAGE][INFO] - Starting 'Chrome' driver

2022-12-21 00:06:31 - [MESSAGE][INFO] - Action delay is set to 0 milliseconds

2022-12-21 00:06:32 - [MESSAGE][PASSED] - Browser is opened with url: ''

2022-12-21 00:06:32 - [TEST_STEP][PASSED] - maximizeWindow(): Current window maximized

2022-12-21 00:06:32 - [MESSAGE][PASSED] - Current window maximized

2022-12-21 00:06:32 - [TEST_STEP][PASSED] - navigateToUrl("https://tes-capstone-website.vercel.app/admin/login"): Navigate to 'https://tes-capstone-website.vercel.app/admin/login' successfully

2022-12-21 00:06:39 - [MESSAGE][PASSED] - Navigate to 'https://tes-capstone-website.vercel.app/admin/login' successfully

2022-12-21 00:06:39 - [TEST_STEP][PASSED] - setText(findTestObject("Auth/Email"), "admin@nyakit.in"): Text 'admin@nyakit.in' is set on object 'Object Repository/Auth/Email'

2022-12-21 00:06:40 - [MESSAGE][PASSED] - Text 'admin@nyakit.in' is set on object 'Object Repository/Auth/Email'

2022-12-21 00:06:40 - [TEST_STEP][PASSED] - setText(findTestObject("Auth/Password"), "@Password123"): Text '@Password123' is set on object 'Object Repository/Auth/Password'

2022-12-21 00:06:41 - [MESSAGE][PASSED] - Text '@Password123' is set on object 'Object Repository/Auth/Password'

2022-12-21 00:06:41 - [TEST_STEP][PASSED] - click(findTestObject("Auth/LoginButton")): Object: 'Object Repository/Auth/LoginButton' is clicked on

2022-12-21 00:06:42 - [MESSAGE][PASSED] - Object: 'Object Repository/Auth/LoginButton' is clicked on

2022-12-21 00:06:42 - [TEST_STEP][PASSED] - click(findTestObject("ManageProduct/Product")): Object: 'Object Repository/ManageProduct/Product' is clicked on

2022-12-21 00:06:45 - [MESSAGE][PASSED] - Object: 'Object Repository/ManageProduct/Product' is clicked on

2022-12-21 00:06:45 - [TEST_STEP][PASSED] - click(findTestObject("ManageProduct/Bills")): Object: 'Object Repository/ManageProduct/Bills' is clicked on

2022-12-21 00:06:46 - [MESSAGE][PASSED] - Object: 'Object Repository/ManageProduct/Bills' is clicked on

2022-12-21 00:06:46 - [TEST_STEP][PASSED] - click(findTestObject("Daily/TambahProduk")): Object: 'Object Repository/Daily/TambahProduk' is clicked on

2022-12-21 00:06:47 - [MESSAGE][PASSED] - Object: 'Object Repository/Daily/TambahProduk' is clicked on

2022-12-21 00:06:47 - [TEST_STEP][PASSED] - setText(findTestObject("Daily/Gambar"), "Alterra"): Text 'Alterra' is set on object 'Object Repository/Daily/Gambar'

2022-12-21 00:06:48 - [MESSAGE][PASSED] - Text 'Alterra' is set on object 'Object Repository/Daily/Gambar'

2022-12-21 00:06:48 - [TEST_STEP][PASSED] - setText(findTestObject("Daily/Deskripsi"), "Bootcamp QE"): Text 'Bootcamp QE' is set on object 'Object Repository/Daily/Deskripsi'

2022-12-21 00:06:49 - [MESSAGE][PASSED] - Text 'Bootcamp QE' is set on object 'Object Repository/Daily/Deskripsi'

2022-12-21 00:06:49 - [TEST_STEP][PASSED] - setText(findTestObject("Daily/Nominal"), "1000000"): Text '1000000' is set on object 'Object Repository/Daily/Nominal'

2022-12-21 00:06:50 - [MESSAGE][PASSED] - Text '1000000' is set on object 'Object Repository/Daily/Nominal'

2022-12-21 00:06:50 - [TEST_STEP][PASSED] - selectOptionByValue(findTestObject("Daily/PilihDisini"), "Pendidikan", true): All options with value 'Pendidikan' are selected in object 'Object Repository/Daily/PilihDisini'  using regular expression

2022-12-21 00:06:51 - [MESSAGE][PASSED] - All options with value 'Pendidikan' are selected in object 'Object Repository/Daily/PilihDisini'  using regular expression

2022-12-21 00:06:51 - [TEST_STEP][PASSED] - setText(findTestObject("Daily/Harga"), "1000000"): Text '1000000' is set on object 'Object Repository/Daily/Harga'

2022-12-21 00:06:52 - [MESSAGE][PASSED] - Text '1000000' is set on object 'Object Repository/Daily/Harga'

2022-12-21 00:06:52 - [TEST_STEP][PASSED] - click(findTestObject("Daily/Simpan")): Object: 'Object Repository/Daily/Simpan' is clicked on

2022-12-21 00:06:53 - [MESSAGE][PASSED] - Object: 'Object Repository/Daily/Simpan' is clicked on

2022-12-21 00:06:53 - [TEST_STEP][PASSED] - closeBrowser(): Browser is closed

2022-12-21 00:06:53 - [MESSAGE][PASSED] - Browser is closed]]></system-out>
         <system-err><![CDATA[]]></system-err>
      </testcase>
      <testcase name="Test Cases/BD017_BillsWihoutDeskripsi" time="18.234" classname="Test Cases/BD017_BillsWihoutDeskripsi" status="PASSED">
         <system-out><![CDATA[2022-12-21 00:06:53 - [TEST_CASE][PASSED] - Test Cases/BD017_BillsWihoutDeskripsi: Test Cases/BD017_BillsWihoutDeskripsi

2022-12-21 00:06:54 - [TEST_STEP][PASSED] - openBrowser(""): Browser is opened with url: ''

2022-12-21 00:06:54 - [MESSAGE][INFO] - Starting 'Chrome' driver

2022-12-21 00:06:54 - [MESSAGE][INFO] - Action delay is set to 0 milliseconds

2022-12-21 00:06:55 - [MESSAGE][PASSED] - Browser is opened with url: ''

2022-12-21 00:06:55 - [TEST_STEP][PASSED] - maximizeWindow(): Current window maximized

2022-12-21 00:06:55 - [MESSAGE][PASSED] - Current window maximized

2022-12-21 00:06:55 - [TEST_STEP][PASSED] - navigateToUrl("https://tes-capstone-website.vercel.app/admin/login"): Navigate to 'https://tes-capstone-website.vercel.app/admin/login' successfully

2022-12-21 00:06:58 - [MESSAGE][PASSED] - Navigate to 'https://tes-capstone-website.vercel.app/admin/login' successfully

2022-12-21 00:06:58 - [TEST_STEP][PASSED] - setText(findTestObject("Auth/Email"), "admin@nyakit.in"): Text 'admin@nyakit.in' is set on object 'Object Repository/Auth/Email'

2022-12-21 00:06:59 - [MESSAGE][PASSED] - Text 'admin@nyakit.in' is set on object 'Object Repository/Auth/Email'

2022-12-21 00:06:59 - [TEST_STEP][PASSED] - setText(findTestObject("Auth/Password"), "@Password123"): Text '@Password123' is set on object 'Object Repository/Auth/Password'

2022-12-21 00:07:00 - [MESSAGE][PASSED] - Text '@Password123' is set on object 'Object Repository/Auth/Password'

2022-12-21 00:07:00 - [TEST_STEP][PASSED] - click(findTestObject("Auth/LoginButton")): Object: 'Object Repository/Auth/LoginButton' is clicked on

2022-12-21 00:07:00 - [MESSAGE][PASSED] - Object: 'Object Repository/Auth/LoginButton' is clicked on

2022-12-21 00:07:00 - [TEST_STEP][PASSED] - click(findTestObject("ManageProduct/Product")): Object: 'Object Repository/ManageProduct/Product' is clicked on

2022-12-21 00:07:04 - [MESSAGE][PASSED] - Object: 'Object Repository/ManageProduct/Product' is clicked on

2022-12-21 00:07:04 - [TEST_STEP][PASSED] - click(findTestObject("ManageProduct/Bills")): Object: 'Object Repository/ManageProduct/Bills' is clicked on

2022-12-21 00:07:04 - [MESSAGE][PASSED] - Object: 'Object Repository/ManageProduct/Bills' is clicked on

2022-12-21 00:07:04 - [TEST_STEP][PASSED] - click(findTestObject("Daily/TambahProduk")): Object: 'Object Repository/Daily/TambahProduk' is clicked on

2022-12-21 00:07:05 - [MESSAGE][PASSED] - Object: 'Object Repository/Daily/TambahProduk' is clicked on

2022-12-21 00:07:05 - [TEST_STEP][PASSED] - setText(findTestObject("Daily/Gambar"), "Alterra"): Text 'Alterra' is set on object 'Object Repository/Daily/Gambar'

2022-12-21 00:07:06 - [MESSAGE][PASSED] - Text 'Alterra' is set on object 'Object Repository/Daily/Gambar'

2022-12-21 00:07:06 - [TEST_STEP][PASSED] - setText(findTestObject("Daily/KodeProduk"), "01alterra"): Text '01alterra' is set on object 'Object Repository/Daily/KodeProduk'

2022-12-21 00:07:07 - [MESSAGE][PASSED] - Text '01alterra' is set on object 'Object Repository/Daily/KodeProduk'

2022-12-21 00:07:07 - [TEST_STEP][PASSED] - setText(findTestObject("Daily/Nominal"), "1000000"): Text '1000000' is set on object 'Object Repository/Daily/Nominal'

2022-12-21 00:07:08 - [MESSAGE][PASSED] - Text '1000000' is set on object 'Object Repository/Daily/Nominal'

2022-12-21 00:07:08 - [TEST_STEP][PASSED] - selectOptionByValue(findTestObject("Daily/PilihDisini"), "Pendidikan", true): All options with value 'Pendidikan' are selected in object 'Object Repository/Daily/PilihDisini'  using regular expression

2022-12-21 00:07:10 - [MESSAGE][PASSED] - All options with value 'Pendidikan' are selected in object 'Object Repository/Daily/PilihDisini'  using regular expression

2022-12-21 00:07:10 - [TEST_STEP][PASSED] - setText(findTestObject("Daily/Harga"), "1000000"): Text '1000000' is set on object 'Object Repository/Daily/Harga'

2022-12-21 00:07:11 - [MESSAGE][PASSED] - Text '1000000' is set on object 'Object Repository/Daily/Harga'

2022-12-21 00:07:11 - [TEST_STEP][PASSED] - click(findTestObject("Daily/Simpan")): Object: 'Object Repository/Daily/Simpan' is clicked on

2022-12-21 00:07:11 - [MESSAGE][PASSED] - Object: 'Object Repository/Daily/Simpan' is clicked on

2022-12-21 00:07:11 - [TEST_STEP][PASSED] - closeBrowser(): Browser is closed

2022-12-21 00:07:12 - [MESSAGE][PASSED] - Browser is closed]]></system-out>
         <system-err><![CDATA[]]></system-err>
      </testcase>
      <testcase name="Test Cases/BD018_BillsWihoutNominal" time="26.209" classname="Test Cases/BD018_BillsWihoutNominal" status="PASSED">
         <system-out><![CDATA[2022-12-21 00:07:12 - [TEST_CASE][PASSED] - Test Cases/BD018_BillsWihoutNominal: Test Cases/BD018_BillsWihoutNominal

2022-12-21 00:07:12 - [TEST_STEP][PASSED] - openBrowser(""): Browser is opened with url: ''

2022-12-21 00:07:12 - [MESSAGE][INFO] - Starting 'Chrome' driver

2022-12-21 00:07:12 - [MESSAGE][INFO] - Action delay is set to 0 milliseconds

2022-12-21 00:07:13 - [MESSAGE][PASSED] - Browser is opened with url: ''

2022-12-21 00:07:13 - [TEST_STEP][PASSED] - maximizeWindow(): Current window maximized

2022-12-21 00:07:13 - [MESSAGE][PASSED] - Current window maximized

2022-12-21 00:07:13 - [TEST_STEP][PASSED] - navigateToUrl("https://tes-capstone-website.vercel.app/admin/login"): Navigate to 'https://tes-capstone-website.vercel.app/admin/login' successfully

2022-12-21 00:07:25 - [MESSAGE][PASSED] - Navigate to 'https://tes-capstone-website.vercel.app/admin/login' successfully

2022-12-21 00:07:25 - [TEST_STEP][PASSED] - setText(findTestObject("Auth/Email"), "admin@nyakit.in"): Text 'admin@nyakit.in' is set on object 'Object Repository/Auth/Email'

2022-12-21 00:07:25 - [MESSAGE][PASSED] - Text 'admin@nyakit.in' is set on object 'Object Repository/Auth/Email'

2022-12-21 00:07:25 - [TEST_STEP][PASSED] - setText(findTestObject("Auth/Password"), "@Password123"): Text '@Password123' is set on object 'Object Repository/Auth/Password'

2022-12-21 00:07:26 - [MESSAGE][PASSED] - Text '@Password123' is set on object 'Object Repository/Auth/Password'

2022-12-21 00:07:26 - [TEST_STEP][PASSED] - click(findTestObject("Auth/LoginButton")): Object: 'Object Repository/Auth/LoginButton' is clicked on

2022-12-21 00:07:27 - [MESSAGE][PASSED] - Object: 'Object Repository/Auth/LoginButton' is clicked on

2022-12-21 00:07:27 - [TEST_STEP][PASSED] - click(findTestObject("ManageProduct/Product")): Object: 'Object Repository/ManageProduct/Product' is clicked on

2022-12-21 00:07:30 - [MESSAGE][PASSED] - Object: 'Object Repository/ManageProduct/Product' is clicked on

2022-12-21 00:07:30 - [TEST_STEP][PASSED] - click(findTestObject("ManageProduct/Bills")): Object: 'Object Repository/ManageProduct/Bills' is clicked on

2022-12-21 00:07:30 - [MESSAGE][PASSED] - Object: 'Object Repository/ManageProduct/Bills' is clicked on

2022-12-21 00:07:30 - [TEST_STEP][PASSED] - click(findTestObject("Daily/TambahProduk")): Object: 'Object Repository/Daily/TambahProduk' is clicked on

2022-12-21 00:07:31 - [MESSAGE][PASSED] - Object: 'Object Repository/Daily/TambahProduk' is clicked on

2022-12-21 00:07:31 - [TEST_STEP][PASSED] - setText(findTestObject("Daily/Gambar"), "Alterra"): Text 'Alterra' is set on object 'Object Repository/Daily/Gambar'

2022-12-21 00:07:33 - [MESSAGE][PASSED] - Text 'Alterra' is set on object 'Object Repository/Daily/Gambar'

2022-12-21 00:07:33 - [TEST_STEP][PASSED] - setText(findTestObject("Daily/KodeProduk"), "01alterra"): Text '01alterra' is set on object 'Object Repository/Daily/KodeProduk'

2022-12-21 00:07:33 - [MESSAGE][PASSED] - Text '01alterra' is set on object 'Object Repository/Daily/KodeProduk'

2022-12-21 00:07:33 - [TEST_STEP][PASSED] - setText(findTestObject("Daily/Deskripsi"), "Bootcamp QE"): Text 'Bootcamp QE' is set on object 'Object Repository/Daily/Deskripsi'

2022-12-21 00:07:34 - [MESSAGE][PASSED] - Text 'Bootcamp QE' is set on object 'Object Repository/Daily/Deskripsi'

2022-12-21 00:07:34 - [TEST_STEP][PASSED] - selectOptionByValue(findTestObject("Daily/PilihDisini"), "Pendidikan", true): All options with value 'Pendidikan' are selected in object 'Object Repository/Daily/PilihDisini'  using regular expression

2022-12-21 00:07:36 - [MESSAGE][PASSED] - All options with value 'Pendidikan' are selected in object 'Object Repository/Daily/PilihDisini'  using regular expression

2022-12-21 00:07:36 - [TEST_STEP][PASSED] - setText(findTestObject("Daily/Harga"), "1000000"): Text '1000000' is set on object 'Object Repository/Daily/Harga'

2022-12-21 00:07:37 - [MESSAGE][PASSED] - Text '1000000' is set on object 'Object Repository/Daily/Harga'

2022-12-21 00:07:37 - [TEST_STEP][PASSED] - click(findTestObject("Daily/Simpan")): Object: 'Object Repository/Daily/Simpan' is clicked on

2022-12-21 00:07:37 - [MESSAGE][PASSED] - Object: 'Object Repository/Daily/Simpan' is clicked on

2022-12-21 00:07:37 - [TEST_STEP][PASSED] - closeBrowser(): Browser is closed

2022-12-21 00:07:38 - [MESSAGE][PASSED] - Browser is closed]]></system-out>
         <system-err><![CDATA[]]></system-err>
      </testcase>
      <testcase name="Test Cases/BD019_BillsWithoutKategori" time="27.434" classname="Test Cases/BD019_BillsWithoutKategori" status="PASSED">
         <system-out><![CDATA[2022-12-21 00:07:38 - [TEST_CASE][PASSED] - Test Cases/BD019_BillsWithoutKategori: Test Cases/BD019_BillsWithoutKategori

2022-12-21 00:07:38 - [TEST_STEP][PASSED] - openBrowser(""): Browser is opened with url: ''

2022-12-21 00:07:38 - [MESSAGE][INFO] - Starting 'Chrome' driver

2022-12-21 00:07:38 - [MESSAGE][INFO] - Action delay is set to 0 milliseconds

2022-12-21 00:07:39 - [MESSAGE][PASSED] - Browser is opened with url: ''

2022-12-21 00:07:39 - [TEST_STEP][PASSED] - maximizeWindow(): Current window maximized

2022-12-21 00:07:39 - [MESSAGE][PASSED] - Current window maximized

2022-12-21 00:07:39 - [TEST_STEP][PASSED] - navigateToUrl("https://tes-capstone-website.vercel.app/admin/login"): Navigate to 'https://tes-capstone-website.vercel.app/admin/login' successfully

2022-12-21 00:07:51 - [MESSAGE][PASSED] - Navigate to 'https://tes-capstone-website.vercel.app/admin/login' successfully

2022-12-21 00:07:51 - [TEST_STEP][PASSED] - setText(findTestObject("Auth/Email"), "admin@nyakit.in"): Text 'admin@nyakit.in' is set on object 'Object Repository/Auth/Email'

2022-12-21 00:07:53 - [MESSAGE][PASSED] - Text 'admin@nyakit.in' is set on object 'Object Repository/Auth/Email'

2022-12-21 00:07:53 - [TEST_STEP][PASSED] - setText(findTestObject("Auth/Password"), "@Password123"): Text '@Password123' is set on object 'Object Repository/Auth/Password'

2022-12-21 00:07:54 - [MESSAGE][PASSED] - Text '@Password123' is set on object 'Object Repository/Auth/Password'

2022-12-21 00:07:54 - [TEST_STEP][PASSED] - click(findTestObject("Auth/LoginButton")): Object: 'Object Repository/Auth/LoginButton' is clicked on

2022-12-21 00:07:54 - [MESSAGE][PASSED] - Object: 'Object Repository/Auth/LoginButton' is clicked on

2022-12-21 00:07:54 - [TEST_STEP][PASSED] - click(findTestObject("ManageProduct/Product")): Object: 'Object Repository/ManageProduct/Product' is clicked on

2022-12-21 00:07:57 - [MESSAGE][PASSED] - Object: 'Object Repository/ManageProduct/Product' is clicked on

2022-12-21 00:07:57 - [TEST_STEP][PASSED] - click(findTestObject("ManageProduct/Bills")): Object: 'Object Repository/ManageProduct/Bills' is clicked on

2022-12-21 00:07:58 - [MESSAGE][PASSED] - Object: 'Object Repository/ManageProduct/Bills' is clicked on

2022-12-21 00:07:58 - [TEST_STEP][PASSED] - click(findTestObject("Daily/TambahProduk")): Object: 'Object Repository/Daily/TambahProduk' is clicked on

2022-12-21 00:07:59 - [MESSAGE][PASSED] - Object: 'Object Repository/Daily/TambahProduk' is clicked on

2022-12-21 00:07:59 - [TEST_STEP][PASSED] - setText(findTestObject("Daily/Gambar"), "Alterra"): Text 'Alterra' is set on object 'Object Repository/Daily/Gambar'

2022-12-21 00:08:00 - [MESSAGE][PASSED] - Text 'Alterra' is set on object 'Object Repository/Daily/Gambar'

2022-12-21 00:08:00 - [TEST_STEP][PASSED] - setText(findTestObject("Daily/KodeProduk"), "01alterra"): Text '01alterra' is set on object 'Object Repository/Daily/KodeProduk'

2022-12-21 00:08:01 - [MESSAGE][PASSED] - Text '01alterra' is set on object 'Object Repository/Daily/KodeProduk'

2022-12-21 00:08:01 - [TEST_STEP][PASSED] - setText(findTestObject("Daily/Deskripsi"), "Bootcamp QE"): Text 'Bootcamp QE' is set on object 'Object Repository/Daily/Deskripsi'

2022-12-21 00:08:02 - [MESSAGE][PASSED] - Text 'Bootcamp QE' is set on object 'Object Repository/Daily/Deskripsi'

2022-12-21 00:08:02 - [TEST_STEP][PASSED] - setText(findTestObject("Daily/Nominal"), "1000000"): Text '1000000' is set on object 'Object Repository/Daily/Nominal'

2022-12-21 00:08:03 - [MESSAGE][PASSED] - Text '1000000' is set on object 'Object Repository/Daily/Nominal'

2022-12-21 00:08:03 - [TEST_STEP][PASSED] - setText(findTestObject("Daily/Harga"), "1000000"): Text '1000000' is set on object 'Object Repository/Daily/Harga'

2022-12-21 00:08:04 - [MESSAGE][PASSED] - Text '1000000' is set on object 'Object Repository/Daily/Harga'

2022-12-21 00:08:04 - [TEST_STEP][PASSED] - click(findTestObject("Daily/Simpan")): Object: 'Object Repository/Daily/Simpan' is clicked on

2022-12-21 00:08:05 - [MESSAGE][PASSED] - Object: 'Object Repository/Daily/Simpan' is clicked on

2022-12-21 00:08:05 - [TEST_STEP][PASSED] - closeBrowser(): Browser is closed

2022-12-21 00:08:05 - [MESSAGE][PASSED] - Browser is closed]]></system-out>
         <system-err><![CDATA[]]></system-err>
      </testcase>
      <testcase name="Test Cases/BD020_BillsWihoutHarga" time="18.931" classname="Test Cases/BD020_BillsWihoutHarga" status="PASSED">
         <system-out><![CDATA[2022-12-21 00:08:05 - [TEST_CASE][PASSED] - Test Cases/BD020_BillsWihoutHarga: Test Cases/BD020_BillsWihoutHarga

2022-12-21 00:08:05 - [TEST_STEP][PASSED] - openBrowser(""): Browser is opened with url: ''

2022-12-21 00:08:05 - [MESSAGE][INFO] - Starting 'Chrome' driver

2022-12-21 00:08:05 - [MESSAGE][INFO] - Action delay is set to 0 milliseconds

2022-12-21 00:08:07 - [MESSAGE][PASSED] - Browser is opened with url: ''

2022-12-21 00:08:07 - [TEST_STEP][PASSED] - maximizeWindow(): Current window maximized

2022-12-21 00:08:07 - [MESSAGE][PASSED] - Current window maximized

2022-12-21 00:08:07 - [TEST_STEP][PASSED] - navigateToUrl("https://tes-capstone-website.vercel.app/admin/login"): Navigate to 'https://tes-capstone-website.vercel.app/admin/login' successfully

2022-12-21 00:08:10 - [MESSAGE][PASSED] - Navigate to 'https://tes-capstone-website.vercel.app/admin/login' successfully

2022-12-21 00:08:10 - [TEST_STEP][PASSED] - setText(findTestObject("Auth/Email"), "admin@nyakit.in"): Text 'admin@nyakit.in' is set on object 'Object Repository/Auth/Email'

2022-12-21 00:08:11 - [MESSAGE][PASSED] - Text 'admin@nyakit.in' is set on object 'Object Repository/Auth/Email'

2022-12-21 00:08:11 - [TEST_STEP][PASSED] - setText(findTestObject("Auth/Password"), "@Password123"): Text '@Password123' is set on object 'Object Repository/Auth/Password'

2022-12-21 00:08:12 - [MESSAGE][PASSED] - Text '@Password123' is set on object 'Object Repository/Auth/Password'

2022-12-21 00:08:12 - [TEST_STEP][PASSED] - click(findTestObject("Auth/LoginButton")): Object: 'Object Repository/Auth/LoginButton' is clicked on

2022-12-21 00:08:13 - [MESSAGE][PASSED] - Object: 'Object Repository/Auth/LoginButton' is clicked on

2022-12-21 00:08:13 - [TEST_STEP][PASSED] - click(findTestObject("ManageProduct/Product")): Object: 'Object Repository/ManageProduct/Product' is clicked on

2022-12-21 00:08:16 - [MESSAGE][PASSED] - Object: 'Object Repository/ManageProduct/Product' is clicked on

2022-12-21 00:08:16 - [TEST_STEP][PASSED] - click(findTestObject("ManageProduct/Bills")): Object: 'Object Repository/ManageProduct/Bills' is clicked on

2022-12-21 00:08:17 - [MESSAGE][PASSED] - Object: 'Object Repository/ManageProduct/Bills' is clicked on

2022-12-21 00:08:17 - [TEST_STEP][PASSED] - click(findTestObject("Daily/TambahProduk")): Object: 'Object Repository/Daily/TambahProduk' is clicked on

2022-12-21 00:08:18 - [MESSAGE][PASSED] - Object: 'Object Repository/Daily/TambahProduk' is clicked on

2022-12-21 00:08:18 - [TEST_STEP][PASSED] - setText(findTestObject("Daily/Gambar"), "Alterra"): Text 'Alterra' is set on object 'Object Repository/Daily/Gambar'

2022-12-21 00:08:19 - [MESSAGE][PASSED] - Text 'Alterra' is set on object 'Object Repository/Daily/Gambar'

2022-12-21 00:08:19 - [TEST_STEP][PASSED] - setText(findTestObject("Daily/KodeProduk"), "01alterra"): Text '01alterra' is set on object 'Object Repository/Daily/KodeProduk'

2022-12-21 00:08:20 - [MESSAGE][PASSED] - Text '01alterra' is set on object 'Object Repository/Daily/KodeProduk'

2022-12-21 00:08:20 - [TEST_STEP][PASSED] - setText(findTestObject("Daily/Deskripsi"), "Bootcamp QE"): Text 'Bootcamp QE' is set on object 'Object Repository/Daily/Deskripsi'

2022-12-21 00:08:21 - [MESSAGE][PASSED] - Text 'Bootcamp QE' is set on object 'Object Repository/Daily/Deskripsi'

2022-12-21 00:08:21 - [TEST_STEP][PASSED] - setText(findTestObject("Daily/Nominal"), "1000000"): Text '1000000' is set on object 'Object Repository/Daily/Nominal'

2022-12-21 00:08:22 - [MESSAGE][PASSED] - Text '1000000' is set on object 'Object Repository/Daily/Nominal'

2022-12-21 00:08:22 - [TEST_STEP][PASSED] - selectOptionByValue(findTestObject("Daily/PilihDisini"), "Pendidikan", true): All options with value 'Pendidikan' are selected in object 'Object Repository/Daily/PilihDisini'  using regular expression

2022-12-21 00:08:23 - [MESSAGE][PASSED] - All options with value 'Pendidikan' are selected in object 'Object Repository/Daily/PilihDisini'  using regular expression

2022-12-21 00:08:23 - [TEST_STEP][PASSED] - click(findTestObject("Daily/Simpan")): Object: 'Object Repository/Daily/Simpan' is clicked on

2022-12-21 00:08:24 - [MESSAGE][PASSED] - Object: 'Object Repository/Daily/Simpan' is clicked on

2022-12-21 00:08:24 - [TEST_STEP][PASSED] - closeBrowser(): Browser is closed

2022-12-21 00:08:24 - [MESSAGE][PASSED] - Browser is closed]]></system-out>
         <system-err><![CDATA[]]></system-err>
      </testcase>
      <testcase name="Test Cases/BD021_SearchBills" time="27.792" classname="Test Cases/BD021_SearchBills" status="PASSED">
         <system-out><![CDATA[2022-12-21 00:08:24 - [TEST_CASE][PASSED] - Test Cases/BD021_SearchBills: Test Cases/BD021_SearchBills

2022-12-21 00:08:24 - [TEST_STEP][PASSED] - openBrowser(""): Browser is opened with url: ''

2022-12-21 00:08:24 - [MESSAGE][INFO] - Starting 'Chrome' driver

2022-12-21 00:08:24 - [MESSAGE][INFO] - Action delay is set to 0 milliseconds

2022-12-21 00:08:26 - [MESSAGE][PASSED] - Browser is opened with url: ''

2022-12-21 00:08:26 - [TEST_STEP][PASSED] - maximizeWindow(): Current window maximized

2022-12-21 00:08:26 - [MESSAGE][PASSED] - Current window maximized

2022-12-21 00:08:26 - [TEST_STEP][PASSED] - navigateToUrl("https://tes-capstone-website.vercel.app/admin/login"): Navigate to 'https://tes-capstone-website.vercel.app/admin/login' successfully

2022-12-21 00:08:44 - [MESSAGE][PASSED] - Navigate to 'https://tes-capstone-website.vercel.app/admin/login' successfully

2022-12-21 00:08:44 - [TEST_STEP][PASSED] - setText(findTestObject("Auth/Email"), "admin@nyakit.in"): Text 'admin@nyakit.in' is set on object 'Object Repository/Auth/Email'

2022-12-21 00:08:45 - [MESSAGE][PASSED] - Text 'admin@nyakit.in' is set on object 'Object Repository/Auth/Email'

2022-12-21 00:08:45 - [TEST_STEP][PASSED] - setText(findTestObject("Auth/Password"), "@Password123"): Text '@Password123' is set on object 'Object Repository/Auth/Password'

2022-12-21 00:08:46 - [MESSAGE][PASSED] - Text '@Password123' is set on object 'Object Repository/Auth/Password'

2022-12-21 00:08:46 - [TEST_STEP][PASSED] - click(findTestObject("Auth/LoginButton")): Object: 'Object Repository/Auth/LoginButton' is clicked on

2022-12-21 00:08:46 - [MESSAGE][PASSED] - Object: 'Object Repository/Auth/LoginButton' is clicked on

2022-12-21 00:08:46 - [TEST_STEP][PASSED] - click(findTestObject("ManageProduct/Product")): Object: 'Object Repository/ManageProduct/Product' is clicked on

2022-12-21 00:08:49 - [MESSAGE][PASSED] - Object: 'Object Repository/ManageProduct/Product' is clicked on

2022-12-21 00:08:49 - [TEST_STEP][PASSED] - click(findTestObject("ManageProduct/Bills")): Object: 'Object Repository/ManageProduct/Bills' is clicked on

2022-12-21 00:08:50 - [MESSAGE][PASSED] - Object: 'Object Repository/ManageProduct/Bills' is clicked on

2022-12-21 00:08:50 - [TEST_STEP][PASSED] - setText(findTestObject("Daily/Search"), "xl"): Text 'xl' is set on object 'Object Repository/Daily/Search'

2022-12-21 00:08:51 - [MESSAGE][PASSED] - Text 'xl' is set on object 'Object Repository/Daily/Search'

2022-12-21 00:08:51 - [TEST_STEP][PASSED] - closeBrowser(): Browser is closed

2022-12-21 00:08:52 - [MESSAGE][PASSED] - Browser is closed]]></system-out>
         <system-err><![CDATA[]]></system-err>
      </testcase>
      <testcase name="Test Cases/BD023_ViewEntertaint" time="12.112" classname="Test Cases/BD023_ViewEntertaint" status="PASSED">
         <system-out><![CDATA[2022-12-21 00:08:52 - [TEST_CASE][PASSED] - Test Cases/BD023_ViewEntertaint: Test Cases/BD023_ViewEntertaint

2022-12-21 00:08:52 - [TEST_STEP][PASSED] - openBrowser(""): Browser is opened with url: ''

2022-12-21 00:08:52 - [MESSAGE][INFO] - Starting 'Chrome' driver

2022-12-21 00:08:52 - [MESSAGE][INFO] - Action delay is set to 0 milliseconds

2022-12-21 00:08:53 - [MESSAGE][PASSED] - Browser is opened with url: ''

2022-12-21 00:08:53 - [TEST_STEP][PASSED] - maximizeWindow(): Current window maximized

2022-12-21 00:08:54 - [MESSAGE][PASSED] - Current window maximized

2022-12-21 00:08:54 - [TEST_STEP][PASSED] - navigateToUrl("https://tes-capstone-website.vercel.app/admin/login"): Navigate to 'https://tes-capstone-website.vercel.app/admin/login' successfully

2022-12-21 00:08:57 - [MESSAGE][PASSED] - Navigate to 'https://tes-capstone-website.vercel.app/admin/login' successfully

2022-12-21 00:08:57 - [TEST_STEP][PASSED] - setText(findTestObject("Auth/Email"), "admin@nyakit.in"): Text 'admin@nyakit.in' is set on object 'Object Repository/Auth/Email'

2022-12-21 00:08:58 - [MESSAGE][PASSED] - Text 'admin@nyakit.in' is set on object 'Object Repository/Auth/Email'

2022-12-21 00:08:58 - [TEST_STEP][PASSED] - setText(findTestObject("Auth/Password"), "@Password123"): Text '@Password123' is set on object 'Object Repository/Auth/Password'

2022-12-21 00:08:59 - [MESSAGE][PASSED] - Text '@Password123' is set on object 'Object Repository/Auth/Password'

2022-12-21 00:08:59 - [TEST_STEP][PASSED] - click(findTestObject("Auth/LoginButton")): Object: 'Object Repository/Auth/LoginButton' is clicked on

2022-12-21 00:08:59 - [MESSAGE][PASSED] - Object: 'Object Repository/Auth/LoginButton' is clicked on

2022-12-21 00:08:59 - [TEST_STEP][PASSED] - click(findTestObject("ManageProduct/Product")): Object: 'Object Repository/ManageProduct/Product' is clicked on

2022-12-21 00:09:03 - [MESSAGE][PASSED] - Object: 'Object Repository/ManageProduct/Product' is clicked on

2022-12-21 00:09:03 - [TEST_STEP][PASSED] - click(findTestObject("ManageProduct/Entertainment")): Object: 'Object Repository/ManageProduct/Entertainment' is clicked on

2022-12-21 00:09:03 - [MESSAGE][PASSED] - Object: 'Object Repository/ManageProduct/Entertainment' is clicked on

2022-12-21 00:09:03 - [TEST_STEP][PASSED] - closeBrowser(): Browser is closed

2022-12-21 00:09:04 - [MESSAGE][PASSED] - Browser is closed]]></system-out>
         <system-err><![CDATA[]]></system-err>
      </testcase>
      <testcase name="Test Cases/BD025_AddProductEntertaintment" time="50.907" classname="Test Cases/BD025_AddProductEntertaintment" status="FAILED">
         <failure type="FAILED" message="Test Cases/BD025_AddProductEntertaintment FAILED.
Reason:
com.kms.katalon.core.exception.StepFailedException: Unable to click on object 'Object Repository/Daily/Simpan'
	at com.kms.katalon.core.webui.keyword.internal.WebUIKeywordMain.stepFailed(WebUIKeywordMain.groovy:64)
	at com.kms.katalon.core.webui.keyword.internal.WebUIKeywordMain.runKeyword(WebUIKeywordMain.groovy:26)
	at com.kms.katalon.core.webui.keyword.builtin.ClickKeyword.click(ClickKeyword.groovy:74)
	at com.kms.katalon.core.webui.keyword.builtin.ClickKeyword.execute(ClickKeyword.groovy:40)
	at com.kms.katalon.core.keyword.internal.KeywordExecutor.executeKeywordForPlatform(KeywordExecutor.groovy:74)
	at com.kms.katalon.core.webui.keyword.WebUiBuiltInKeywords.click(WebUiBuiltInKeywords.groovy:620)
	at com.kms.katalon.core.webui.keyword.WebUiBuiltInKeywords$click$2.call(Unknown Source)
	at BD025_AddProductEntertaintment.run(BD025_AddProductEntertaintment:50)
	at com.kms.katalon.core.main.ScriptEngine.run(ScriptEngine.java:194)
	at com.kms.katalon.core.main.ScriptEngine.runScriptAsRawText(ScriptEngine.java:119)
	at com.kms.katalon.core.main.TestCaseExecutor.runScript(TestCaseExecutor.java:445)
	at com.kms.katalon.core.main.TestCaseExecutor.doExecute(TestCaseExecutor.java:436)
	at com.kms.katalon.core.main.TestCaseExecutor.processExecutionPhase(TestCaseExecutor.java:415)
	at com.kms.katalon.core.main.TestCaseExecutor.accessMainPhase(TestCaseExecutor.java:407)
	at com.kms.katalon.core.main.TestCaseExecutor.execute(TestCaseExecutor.java:284)
	at com.kms.katalon.core.common.CommonExecutor.accessTestCaseMainPhase(CommonExecutor.java:65)
	at com.kms.katalon.core.main.TestSuiteExecutor.accessTestSuiteMainPhase(TestSuiteExecutor.java:144)
	at com.kms.katalon.core.main.TestSuiteExecutor.execute(TestSuiteExecutor.java:106)
	at com.kms.katalon.core.main.TestCaseMain.startTestSuite(TestCaseMain.java:185)
	at com.kms.katalon.core.main.TestCaseMain$startTestSuite$0.call(Unknown Source)
	at TempTestSuite1671555481448.run(TempTestSuite1671555481448.groovy:36)
Caused by: com.kms.katalon.core.webui.exception.WebElementNotFoundException: Web element with id: 'Object Repository/Daily/Simpan' located by '(//button[@type='button'])[20]' not found
	at com.kms.katalon.core.webui.common.WebUiCommonHelper.findWebElement(WebUiCommonHelper.java:1370)
	at com.kms.katalon.core.webui.keyword.internal.WebUIAbstractKeyword.findWebElement(WebUIAbstractKeyword.groovy:27)
	at com.kms.katalon.core.webui.keyword.builtin.ClickKeyword$_click_closure1.doCall(ClickKeyword.groovy:65)
	at com.kms.katalon.core.webui.keyword.builtin.ClickKeyword$_click_closure1.call(ClickKeyword.groovy)
	at com.kms.katalon.core.webui.keyword.internal.WebUIKeywordMain.runKeyword(WebUIKeywordMain.groovy:20)
	... 19 more
"/>
         <system-out><![CDATA[2022-12-21 00:09:04 - [TEST_CASE][FAILED] - Test Cases/BD025_AddProductEntertaintment: Test Cases/BD025_AddProductEntertaintment FAILED.
Reason:
com.kms.katalon.core.exception.StepFailedException: Unable to click on object 'Object Repository/Daily/Simpan'
	at com.kms.katalon.core.webui.keyword.internal.WebUIKeywordMain.stepFailed(WebUIKeywordMain.groovy:64)
	at com.kms.katalon.core.webui.keyword.internal.WebUIKeywordMain.runKeyword(WebUIKeywordMain.groovy:26)
	at com.kms.katalon.core.webui.keyword.builtin.ClickKeyword.click(ClickKeyword.groovy:74)
	at com.kms.katalon.core.webui.keyword.builtin.ClickKeyword.execute(ClickKeyword.groovy:40)
	at com.kms.katalon.core.keyword.internal.KeywordExecutor.executeKeywordForPlatform(KeywordExecutor.groovy:74)
	at com.kms.katalon.core.webui.keyword.WebUiBuiltInKeywords.click(WebUiBuiltInKeywords.groovy:620)
	at com.kms.katalon.core.webui.keyword.WebUiBuiltInKeywords$click$2.call(Unknown Source)
	at BD025_AddProductEntertaintment.run(BD025_AddProductEntertaintment:50)
	at com.kms.katalon.core.main.ScriptEngine.run(ScriptEngine.java:194)
	at com.kms.katalon.core.main.ScriptEngine.runScriptAsRawText(ScriptEngine.java:119)
	at com.kms.katalon.core.main.TestCaseExecutor.runScript(TestCaseExecutor.java:445)
	at com.kms.katalon.core.main.TestCaseExecutor.doExecute(TestCaseExecutor.java:436)
	at com.kms.katalon.core.main.TestCaseExecutor.processExecutionPhase(TestCaseExecutor.java:415)
	at com.kms.katalon.core.main.TestCaseExecutor.accessMainPhase(TestCaseExecutor.java:407)
	at com.kms.katalon.core.main.TestCaseExecutor.execute(TestCaseExecutor.java:284)
	at com.kms.katalon.core.common.CommonExecutor.accessTestCaseMainPhase(CommonExecutor.java:65)
	at com.kms.katalon.core.main.TestSuiteExecutor.accessTestSuiteMainPhase(TestSuiteExecutor.java:144)
	at com.kms.katalon.core.main.TestSuiteExecutor.execute(TestSuiteExecutor.java:106)
	at com.kms.katalon.core.main.TestCaseMain.startTestSuite(TestCaseMain.java:185)
	at com.kms.katalon.core.main.TestCaseMain$startTestSuite$0.call(Unknown Source)
	at TempTestSuite1671555481448.run(TempTestSuite1671555481448.groovy:36)
Caused by: com.kms.katalon.core.webui.exception.WebElementNotFoundException: Web element with id: 'Object Repository/Daily/Simpan' located by '(//button[@type='button'])[20]' not found
	at com.kms.katalon.core.webui.common.WebUiCommonHelper.findWebElement(WebUiCommonHelper.java:1370)
	at com.kms.katalon.core.webui.keyword.internal.WebUIAbstractKeyword.findWebElement(WebUIAbstractKeyword.groovy:27)
	at com.kms.katalon.core.webui.keyword.builtin.ClickKeyword$_click_closure1.doCall(ClickKeyword.groovy:65)
	at com.kms.katalon.core.webui.keyword.builtin.ClickKeyword$_click_closure1.call(ClickKeyword.groovy)
	at com.kms.katalon.core.webui.keyword.internal.WebUIKeywordMain.runKeyword(WebUIKeywordMain.groovy:20)
	... 19 more


2022-12-21 00:09:04 - [TEST_STEP][PASSED] - openBrowser(""): Browser is opened with url: ''

2022-12-21 00:09:04 - [MESSAGE][INFO] - Starting 'Chrome' driver

2022-12-21 00:09:04 - [MESSAGE][INFO] - Action delay is set to 0 milliseconds

2022-12-21 00:09:06 - [MESSAGE][PASSED] - Browser is opened with url: ''

2022-12-21 00:09:06 - [TEST_STEP][PASSED] - maximizeWindow(): Current window maximized

2022-12-21 00:09:06 - [MESSAGE][PASSED] - Current window maximized

2022-12-21 00:09:06 - [TEST_STEP][PASSED] - navigateToUrl("https://tes-capstone-website.vercel.app/admin/login"): Navigate to 'https://tes-capstone-website.vercel.app/admin/login' successfully

2022-12-21 00:09:11 - [MESSAGE][PASSED] - Navigate to 'https://tes-capstone-website.vercel.app/admin/login' successfully

2022-12-21 00:09:11 - [TEST_STEP][PASSED] - setText(findTestObject("Auth/Email"), "admin@nyakit.in"): Text 'admin@nyakit.in' is set on object 'Object Repository/Auth/Email'

2022-12-21 00:09:12 - [MESSAGE][PASSED] - Text 'admin@nyakit.in' is set on object 'Object Repository/Auth/Email'

2022-12-21 00:09:12 - [TEST_STEP][PASSED] - setText(findTestObject("Auth/Password"), "@Password123"): Text '@Password123' is set on object 'Object Repository/Auth/Password'

2022-12-21 00:09:12 - [MESSAGE][PASSED] - Text '@Password123' is set on object 'Object Repository/Auth/Password'

2022-12-21 00:09:12 - [TEST_STEP][PASSED] - click(findTestObject("Auth/LoginButton")): Object: 'Object Repository/Auth/LoginButton' is clicked on

2022-12-21 00:09:13 - [MESSAGE][PASSED] - Object: 'Object Repository/Auth/LoginButton' is clicked on

2022-12-21 00:09:13 - [TEST_STEP][PASSED] - click(findTestObject("ManageProduct/Product")): Object: 'Object Repository/ManageProduct/Product' is clicked on

2022-12-21 00:09:16 - [MESSAGE][PASSED] - Object: 'Object Repository/ManageProduct/Product' is clicked on

2022-12-21 00:09:16 - [TEST_STEP][PASSED] - click(findTestObject("ManageProduct/Entertainment")): Object: 'Object Repository/ManageProduct/Entertainment' is clicked on

2022-12-21 00:09:17 - [MESSAGE][PASSED] - Object: 'Object Repository/ManageProduct/Entertainment' is clicked on

2022-12-21 00:09:17 - [TEST_STEP][PASSED] - click(findTestObject("Daily/TambahProduk")): Object: 'Object Repository/Daily/TambahProduk' is clicked on

2022-12-21 00:09:18 - [MESSAGE][PASSED] - Object: 'Object Repository/Daily/TambahProduk' is clicked on

2022-12-21 00:09:18 - [TEST_STEP][PASSED] - setText(findTestObject("Daily/Gambar"), "Mobile Legend"): Text 'Mobile Legend' is set on object 'Object Repository/Daily/Gambar'

2022-12-21 00:09:19 - [MESSAGE][PASSED] - Text 'Mobile Legend' is set on object 'Object Repository/Daily/Gambar'

2022-12-21 00:09:19 - [TEST_STEP][PASSED] - setText(findTestObject("Daily/KodeProduk"), "01ml"): Text '01ml' is set on object 'Object Repository/Daily/KodeProduk'

2022-12-21 00:09:20 - [MESSAGE][PASSED] - Text '01ml' is set on object 'Object Repository/Daily/KodeProduk'

2022-12-21 00:09:20 - [TEST_STEP][PASSED] - setText(findTestObject("Daily/Deskripsi"), "Diamond Mobile Legend"): Text 'Diamond Mobile Legend' is set on object 'Object Repository/Daily/Deskripsi'

2022-12-21 00:09:21 - [MESSAGE][PASSED] - Text 'Diamond Mobile Legend' is set on object 'Object Repository/Daily/Deskripsi'

2022-12-21 00:09:21 - [TEST_STEP][PASSED] - setText(findTestObject("Daily/Nominal"), "50000"): Text '50000' is set on object 'Object Repository/Daily/Nominal'

2022-12-21 00:09:22 - [MESSAGE][PASSED] - Text '50000' is set on object 'Object Repository/Daily/Nominal'

2022-12-21 00:09:22 - [TEST_STEP][PASSED] - selectOptionByValue(findTestObject("Daily/PilihDisini"), "Games", true): All options with value 'Games' are selected in object 'Object Repository/Daily/PilihDisini'  using regular expression

2022-12-21 00:09:23 - [MESSAGE][PASSED] - All options with value 'Games' are selected in object 'Object Repository/Daily/PilihDisini'  using regular expression

2022-12-21 00:09:23 - [TEST_STEP][PASSED] - setText(findTestObject("Daily/Harga"), "50500"): Text '50500' is set on object 'Object Repository/Daily/Harga'

2022-12-21 00:09:24 - [MESSAGE][PASSED] - Text '50500' is set on object 'Object Repository/Daily/Harga'

2022-12-21 00:09:24 - [TEST_STEP][FAILED] - click(findTestObject("Daily/Simpan")): Unable to click on object 'Object Repository/Daily/Simpan' (Root cause: com.kms.katalon.core.exception.StepFailedException: Unable to click on object 'Object Repository/Daily/Simpan'
	at com.kms.katalon.core.webui.keyword.internal.WebUIKeywordMain.stepFailed(WebUIKeywordMain.groovy:64)
	at com.kms.katalon.core.webui.keyword.internal.WebUIKeywordMain.runKeyword(WebUIKeywordMain.groovy:26)
	at com.kms.katalon.core.webui.keyword.builtin.ClickKeyword.click(ClickKeyword.groovy:74)
	at com.kms.katalon.core.webui.keyword.builtin.ClickKeyword.execute(ClickKeyword.groovy:40)
	at com.kms.katalon.core.keyword.internal.KeywordExecutor.executeKeywordForPlatform(KeywordExecutor.groovy:74)
	at com.kms.katalon.core.webui.keyword.WebUiBuiltInKeywords.click(WebUiBuiltInKeywords.groovy:620)
	at com.kms.katalon.core.webui.keyword.WebUiBuiltInKeywords$click$2.call(Unknown Source)
	at BD025_AddProductEntertaintment.run(BD025_AddProductEntertaintment:50)
	at com.kms.katalon.core.main.ScriptEngine.run(ScriptEngine.java:194)
	at com.kms.katalon.core.main.ScriptEngine.runScriptAsRawText(ScriptEngine.java:119)
	at com.kms.katalon.core.main.TestCaseExecutor.runScript(TestCaseExecutor.java:445)
	at com.kms.katalon.core.main.TestCaseExecutor.doExecute(TestCaseExecutor.java:436)
	at com.kms.katalon.core.main.TestCaseExecutor.processExecutionPhase(TestCaseExecutor.java:415)
	at com.kms.katalon.core.main.TestCaseExecutor.accessMainPhase(TestCaseExecutor.java:407)
	at com.kms.katalon.core.main.TestCaseExecutor.execute(TestCaseExecutor.java:284)
	at com.kms.katalon.core.common.CommonExecutor.accessTestCaseMainPhase(CommonExecutor.java:65)
	at com.kms.katalon.core.main.TestSuiteExecutor.accessTestSuiteMainPhase(TestSuiteExecutor.java:144)
	at com.kms.katalon.core.main.TestSuiteExecutor.execute(TestSuiteExecutor.java:106)
	at com.kms.katalon.core.main.TestCaseMain.startTestSuite(TestCaseMain.java:185)
	at com.kms.katalon.core.main.TestCaseMain$startTestSuite$0.call(Unknown Source)
	at TempTestSuite1671555481448.run(TempTestSuite1671555481448.groovy:36)
Caused by: com.kms.katalon.core.webui.exception.WebElementNotFoundException: Web element with id: 'Object Repository/Daily/Simpan' located by '(//button[@type='button'])[20]' not found
	at com.kms.katalon.core.webui.common.WebUiCommonHelper.findWebElement(WebUiCommonHelper.java:1370)
	at com.kms.katalon.core.webui.keyword.internal.WebUIAbstractKeyword.findWebElement(WebUIAbstractKeyword.groovy:27)
	at com.kms.katalon.core.webui.keyword.builtin.ClickKeyword$_click_closure1.doCall(ClickKeyword.groovy:65)
	at com.kms.katalon.core.webui.keyword.builtin.ClickKeyword$_click_closure1.call(ClickKeyword.groovy)
	at com.kms.katalon.core.webui.keyword.internal.WebUIKeywordMain.runKeyword(WebUIKeywordMain.groovy:20)
	at com.kms.katalon.core.webui.keyword.builtin.ClickKeyword.click(ClickKeyword.groovy:74)
	at com.kms.katalon.core.webui.keyword.builtin.ClickKeyword.execute(ClickKeyword.groovy:40)
	at com.kms.katalon.core.keyword.internal.KeywordExecutor.executeKeywordForPlatform(KeywordExecutor.groovy:74)
	at com.kms.katalon.core.webui.keyword.WebUiBuiltInKeywords.click(WebUiBuiltInKeywords.groovy:620)
	at com.kms.katalon.core.webui.keyword.WebUiBuiltInKeywords$click$2.call(Unknown Source)
	at Script1671554956778.run(Script1671554956778.groovy:50)
	... 13 more
)

2022-12-21 00:09:55 - [MESSAGE][INFO] - Unable to find the element located by 'By.xpath: (//button[@type='button'])[20]'. Please recheck the objects properties to make sure the desired element is located. 

2022-12-21 00:09:55 - [MESSAGE][FAILED] - Unable to click on object 'Object Repository/Daily/Simpan' (Root cause: com.kms.katalon.core.exception.StepFailedException: Unable to click on object 'Object Repository/Daily/Simpan'
	at com.kms.katalon.core.webui.keyword.internal.WebUIKeywordMain.stepFailed(WebUIKeywordMain.groovy:64)
	at com.kms.katalon.core.webui.keyword.internal.WebUIKeywordMain.runKeyword(WebUIKeywordMain.groovy:26)
	at com.kms.katalon.core.webui.keyword.builtin.ClickKeyword.click(ClickKeyword.groovy:74)
	at com.kms.katalon.core.webui.keyword.builtin.ClickKeyword.execute(ClickKeyword.groovy:40)
	at com.kms.katalon.core.keyword.internal.KeywordExecutor.executeKeywordForPlatform(KeywordExecutor.groovy:74)
	at com.kms.katalon.core.webui.keyword.WebUiBuiltInKeywords.click(WebUiBuiltInKeywords.groovy:620)
	at com.kms.katalon.core.webui.keyword.WebUiBuiltInKeywords$click$2.call(Unknown Source)
	at BD025_AddProductEntertaintment.run(BD025_AddProductEntertaintment:50)
	at com.kms.katalon.core.main.ScriptEngine.run(ScriptEngine.java:194)
	at com.kms.katalon.core.main.ScriptEngine.runScriptAsRawText(ScriptEngine.java:119)
	at com.kms.katalon.core.main.TestCaseExecutor.runScript(TestCaseExecutor.java:445)
	at com.kms.katalon.core.main.TestCaseExecutor.doExecute(TestCaseExecutor.java:436)
	at com.kms.katalon.core.main.TestCaseExecutor.processExecutionPhase(TestCaseExecutor.java:415)
	at com.kms.katalon.core.main.TestCaseExecutor.accessMainPhase(TestCaseExecutor.java:407)
	at com.kms.katalon.core.main.TestCaseExecutor.execute(TestCaseExecutor.java:284)
	at com.kms.katalon.core.common.CommonExecutor.accessTestCaseMainPhase(CommonExecutor.java:65)
	at com.kms.katalon.core.main.TestSuiteExecutor.accessTestSuiteMainPhase(TestSuiteExecutor.java:144)
	at com.kms.katalon.core.main.TestSuiteExecutor.execute(TestSuiteExecutor.java:106)
	at com.kms.katalon.core.main.TestCaseMain.startTestSuite(TestCaseMain.java:185)
	at com.kms.katalon.core.main.TestCaseMain$startTestSuite$0.call(Unknown Source)
	at TempTestSuite1671555481448.run(TempTestSuite1671555481448.groovy:36)
Caused by: com.kms.katalon.core.webui.exception.WebElementNotFoundException: Web element with id: 'Object Repository/Daily/Simpan' located by '(//button[@type='button'])[20]' not found
	at com.kms.katalon.core.webui.common.WebUiCommonHelper.findWebElement(WebUiCommonHelper.java:1370)
	at com.kms.katalon.core.webui.keyword.internal.WebUIAbstractKeyword.findWebElement(WebUIAbstractKeyword.groovy:27)
	at com.kms.katalon.core.webui.keyword.builtin.ClickKeyword$_click_closure1.doCall(ClickKeyword.groovy:65)
	at com.kms.katalon.core.webui.keyword.builtin.ClickKeyword$_click_closure1.call(ClickKeyword.groovy)
	at com.kms.katalon.core.webui.keyword.internal.WebUIKeywordMain.runKeyword(WebUIKeywordMain.groovy:20)
	at com.kms.katalon.core.webui.keyword.builtin.ClickKeyword.click(ClickKeyword.groovy:74)
	at com.kms.katalon.core.webui.keyword.builtin.ClickKeyword.execute(ClickKeyword.groovy:40)
	at com.kms.katalon.core.keyword.internal.KeywordExecutor.executeKeywordForPlatform(KeywordExecutor.groovy:74)
	at com.kms.katalon.core.webui.keyword.WebUiBuiltInKeywords.click(WebUiBuiltInKeywords.groovy:620)
	at com.kms.katalon.core.webui.keyword.WebUiBuiltInKeywords$click$2.call(Unknown Source)
	at Script1671554956778.run(Script1671554956778.groovy:50)
	... 13 more
)
[[ATTACHMENT|C:\\Users\\User\\git\\QE_Web\\Reports\\20221220_235801\\RegressionWeb\\20221220_235801\\1671556195288.png]]]]></system-out>
         <system-err><![CDATA[2022-12-21 00:09:04 - [TEST_CASE][FAILED] - Test Cases/BD025_AddProductEntertaintment: Test Cases/BD025_AddProductEntertaintment FAILED.
Reason:
com.kms.katalon.core.exception.StepFailedException: Unable to click on object 'Object Repository/Daily/Simpan'
	at com.kms.katalon.core.webui.keyword.internal.WebUIKeywordMain.stepFailed(WebUIKeywordMain.groovy:64)
	at com.kms.katalon.core.webui.keyword.internal.WebUIKeywordMain.runKeyword(WebUIKeywordMain.groovy:26)
	at com.kms.katalon.core.webui.keyword.builtin.ClickKeyword.click(ClickKeyword.groovy:74)
	at com.kms.katalon.core.webui.keyword.builtin.ClickKeyword.execute(ClickKeyword.groovy:40)
	at com.kms.katalon.core.keyword.internal.KeywordExecutor.executeKeywordForPlatform(KeywordExecutor.groovy:74)
	at com.kms.katalon.core.webui.keyword.WebUiBuiltInKeywords.click(WebUiBuiltInKeywords.groovy:620)
	at com.kms.katalon.core.webui.keyword.WebUiBuiltInKeywords$click$2.call(Unknown Source)
	at BD025_AddProductEntertaintment.run(BD025_AddProductEntertaintment:50)
	at com.kms.katalon.core.main.ScriptEngine.run(ScriptEngine.java:194)
	at com.kms.katalon.core.main.ScriptEngine.runScriptAsRawText(ScriptEngine.java:119)
	at com.kms.katalon.core.main.TestCaseExecutor.runScript(TestCaseExecutor.java:445)
	at com.kms.katalon.core.main.TestCaseExecutor.doExecute(TestCaseExecutor.java:436)
	at com.kms.katalon.core.main.TestCaseExecutor.processExecutionPhase(TestCaseExecutor.java:415)
	at com.kms.katalon.core.main.TestCaseExecutor.accessMainPhase(TestCaseExecutor.java:407)
	at com.kms.katalon.core.main.TestCaseExecutor.execute(TestCaseExecutor.java:284)
	at com.kms.katalon.core.common.CommonExecutor.accessTestCaseMainPhase(CommonExecutor.java:65)
	at com.kms.katalon.core.main.TestSuiteExecutor.accessTestSuiteMainPhase(TestSuiteExecutor.java:144)
	at com.kms.katalon.core.main.TestSuiteExecutor.execute(TestSuiteExecutor.java:106)
	at com.kms.katalon.core.main.TestCaseMain.startTestSuite(TestCaseMain.java:185)
	at com.kms.katalon.core.main.TestCaseMain$startTestSuite$0.call(Unknown Source)
	at TempTestSuite1671555481448.run(TempTestSuite1671555481448.groovy:36)
Caused by: com.kms.katalon.core.webui.exception.WebElementNotFoundException: Web element with id: 'Object Repository/Daily/Simpan' located by '(//button[@type='button'])[20]' not found
	at com.kms.katalon.core.webui.common.WebUiCommonHelper.findWebElement(WebUiCommonHelper.java:1370)
	at com.kms.katalon.core.webui.keyword.internal.WebUIAbstractKeyword.findWebElement(WebUIAbstractKeyword.groovy:27)
	at com.kms.katalon.core.webui.keyword.builtin.ClickKeyword$_click_closure1.doCall(ClickKeyword.groovy:65)
	at com.kms.katalon.core.webui.keyword.builtin.ClickKeyword$_click_closure1.call(ClickKeyword.groovy)
	at com.kms.katalon.core.webui.keyword.internal.WebUIKeywordMain.runKeyword(WebUIKeywordMain.groovy:20)
	... 19 more]]></system-err>
      </testcase>
      <testcase name="Test Cases/BD026_EnterWithoutGambar" time="49.675" classname="Test Cases/BD026_EnterWithoutGambar" status="FAILED">
         <failure type="FAILED" message="Test Cases/BD026_EnterWithoutGambar FAILED.
Reason:
com.kms.katalon.core.exception.StepFailedException: Unable to click on object 'Object Repository/Daily/Simpan'
	at com.kms.katalon.core.webui.keyword.internal.WebUIKeywordMain.stepFailed(WebUIKeywordMain.groovy:64)
	at com.kms.katalon.core.webui.keyword.internal.WebUIKeywordMain.runKeyword(WebUIKeywordMain.groovy:26)
	at com.kms.katalon.core.webui.keyword.builtin.ClickKeyword.click(ClickKeyword.groovy:74)
	at com.kms.katalon.core.webui.keyword.builtin.ClickKeyword.execute(ClickKeyword.groovy:40)
	at com.kms.katalon.core.keyword.internal.KeywordExecutor.executeKeywordForPlatform(KeywordExecutor.groovy:74)
	at com.kms.katalon.core.webui.keyword.WebUiBuiltInKeywords.click(WebUiBuiltInKeywords.groovy:620)
	at com.kms.katalon.core.webui.keyword.WebUiBuiltInKeywords$click$2.call(Unknown Source)
	at BD026_EnterWithoutGambar.run(BD026_EnterWithoutGambar:48)
	at com.kms.katalon.core.main.ScriptEngine.run(ScriptEngine.java:194)
	at com.kms.katalon.core.main.ScriptEngine.runScriptAsRawText(ScriptEngine.java:119)
	at com.kms.katalon.core.main.TestCaseExecutor.runScript(TestCaseExecutor.java:445)
	at com.kms.katalon.core.main.TestCaseExecutor.doExecute(TestCaseExecutor.java:436)
	at com.kms.katalon.core.main.TestCaseExecutor.processExecutionPhase(TestCaseExecutor.java:415)
	at com.kms.katalon.core.main.TestCaseExecutor.accessMainPhase(TestCaseExecutor.java:407)
	at com.kms.katalon.core.main.TestCaseExecutor.execute(TestCaseExecutor.java:284)
	at com.kms.katalon.core.common.CommonExecutor.accessTestCaseMainPhase(CommonExecutor.java:65)
	at com.kms.katalon.core.main.TestSuiteExecutor.accessTestSuiteMainPhase(TestSuiteExecutor.java:144)
	at com.kms.katalon.core.main.TestSuiteExecutor.execute(TestSuiteExecutor.java:106)
	at com.kms.katalon.core.main.TestCaseMain.startTestSuite(TestCaseMain.java:185)
	at com.kms.katalon.core.main.TestCaseMain$startTestSuite$0.call(Unknown Source)
	at TempTestSuite1671555481448.run(TempTestSuite1671555481448.groovy:36)
Caused by: com.kms.katalon.core.webui.exception.WebElementNotFoundException: Web element with id: 'Object Repository/Daily/Simpan' located by '(//button[@type='button'])[20]' not found
	at com.kms.katalon.core.webui.common.WebUiCommonHelper.findWebElement(WebUiCommonHelper.java:1370)
	at com.kms.katalon.core.webui.keyword.internal.WebUIAbstractKeyword.findWebElement(WebUIAbstractKeyword.groovy:27)
	at com.kms.katalon.core.webui.keyword.builtin.ClickKeyword$_click_closure1.doCall(ClickKeyword.groovy:65)
	at com.kms.katalon.core.webui.keyword.builtin.ClickKeyword$_click_closure1.call(ClickKeyword.groovy)
	at com.kms.katalon.core.webui.keyword.internal.WebUIKeywordMain.runKeyword(WebUIKeywordMain.groovy:20)
	... 19 more
"/>
         <system-out><![CDATA[2022-12-21 00:09:55 - [TEST_CASE][FAILED] - Test Cases/BD026_EnterWithoutGambar: Test Cases/BD026_EnterWithoutGambar FAILED.
Reason:
com.kms.katalon.core.exception.StepFailedException: Unable to click on object 'Object Repository/Daily/Simpan'
	at com.kms.katalon.core.webui.keyword.internal.WebUIKeywordMain.stepFailed(WebUIKeywordMain.groovy:64)
	at com.kms.katalon.core.webui.keyword.internal.WebUIKeywordMain.runKeyword(WebUIKeywordMain.groovy:26)
	at com.kms.katalon.core.webui.keyword.builtin.ClickKeyword.click(ClickKeyword.groovy:74)
	at com.kms.katalon.core.webui.keyword.builtin.ClickKeyword.execute(ClickKeyword.groovy:40)
	at com.kms.katalon.core.keyword.internal.KeywordExecutor.executeKeywordForPlatform(KeywordExecutor.groovy:74)
	at com.kms.katalon.core.webui.keyword.WebUiBuiltInKeywords.click(WebUiBuiltInKeywords.groovy:620)
	at com.kms.katalon.core.webui.keyword.WebUiBuiltInKeywords$click$2.call(Unknown Source)
	at BD026_EnterWithoutGambar.run(BD026_EnterWithoutGambar:48)
	at com.kms.katalon.core.main.ScriptEngine.run(ScriptEngine.java:194)
	at com.kms.katalon.core.main.ScriptEngine.runScriptAsRawText(ScriptEngine.java:119)
	at com.kms.katalon.core.main.TestCaseExecutor.runScript(TestCaseExecutor.java:445)
	at com.kms.katalon.core.main.TestCaseExecutor.doExecute(TestCaseExecutor.java:436)
	at com.kms.katalon.core.main.TestCaseExecutor.processExecutionPhase(TestCaseExecutor.java:415)
	at com.kms.katalon.core.main.TestCaseExecutor.accessMainPhase(TestCaseExecutor.java:407)
	at com.kms.katalon.core.main.TestCaseExecutor.execute(TestCaseExecutor.java:284)
	at com.kms.katalon.core.common.CommonExecutor.accessTestCaseMainPhase(CommonExecutor.java:65)
	at com.kms.katalon.core.main.TestSuiteExecutor.accessTestSuiteMainPhase(TestSuiteExecutor.java:144)
	at com.kms.katalon.core.main.TestSuiteExecutor.execute(TestSuiteExecutor.java:106)
	at com.kms.katalon.core.main.TestCaseMain.startTestSuite(TestCaseMain.java:185)
	at com.kms.katalon.core.main.TestCaseMain$startTestSuite$0.call(Unknown Source)
	at TempTestSuite1671555481448.run(TempTestSuite1671555481448.groovy:36)
Caused by: com.kms.katalon.core.webui.exception.WebElementNotFoundException: Web element with id: 'Object Repository/Daily/Simpan' located by '(//button[@type='button'])[20]' not found
	at com.kms.katalon.core.webui.common.WebUiCommonHelper.findWebElement(WebUiCommonHelper.java:1370)
	at com.kms.katalon.core.webui.keyword.internal.WebUIAbstractKeyword.findWebElement(WebUIAbstractKeyword.groovy:27)
	at com.kms.katalon.core.webui.keyword.builtin.ClickKeyword$_click_closure1.doCall(ClickKeyword.groovy:65)
	at com.kms.katalon.core.webui.keyword.builtin.ClickKeyword$_click_closure1.call(ClickKeyword.groovy)
	at com.kms.katalon.core.webui.keyword.internal.WebUIKeywordMain.runKeyword(WebUIKeywordMain.groovy:20)
	... 19 more


2022-12-21 00:09:55 - [TEST_STEP][PASSED] - openBrowser(""): Browser is opened with url: ''

2022-12-21 00:09:55 - [MESSAGE][WARNING] - A browser is already opened. Closing browser and opening a new one

2022-12-21 00:09:56 - [MESSAGE][INFO] - Starting 'Chrome' driver

2022-12-21 00:09:56 - [MESSAGE][INFO] - Action delay is set to 0 milliseconds

2022-12-21 00:09:57 - [MESSAGE][PASSED] - Browser is opened with url: ''

2022-12-21 00:09:57 - [TEST_STEP][PASSED] - maximizeWindow(): Current window maximized

2022-12-21 00:09:57 - [MESSAGE][PASSED] - Current window maximized

2022-12-21 00:09:57 - [TEST_STEP][PASSED] - navigateToUrl("https://tes-capstone-website.vercel.app/admin/login"): Navigate to 'https://tes-capstone-website.vercel.app/admin/login' successfully

2022-12-21 00:10:01 - [MESSAGE][PASSED] - Navigate to 'https://tes-capstone-website.vercel.app/admin/login' successfully

2022-12-21 00:10:01 - [TEST_STEP][PASSED] - setText(findTestObject("Auth/Email"), "admin@nyakit.in"): Text 'admin@nyakit.in' is set on object 'Object Repository/Auth/Email'

2022-12-21 00:10:02 - [MESSAGE][PASSED] - Text 'admin@nyakit.in' is set on object 'Object Repository/Auth/Email'

2022-12-21 00:10:02 - [TEST_STEP][PASSED] - setText(findTestObject("Auth/Password"), "@Password123"): Text '@Password123' is set on object 'Object Repository/Auth/Password'

2022-12-21 00:10:03 - [MESSAGE][PASSED] - Text '@Password123' is set on object 'Object Repository/Auth/Password'

2022-12-21 00:10:03 - [TEST_STEP][PASSED] - click(findTestObject("Auth/LoginButton")): Object: 'Object Repository/Auth/LoginButton' is clicked on

2022-12-21 00:10:03 - [MESSAGE][PASSED] - Object: 'Object Repository/Auth/LoginButton' is clicked on

2022-12-21 00:10:03 - [TEST_STEP][PASSED] - click(findTestObject("ManageProduct/Product")): Object: 'Object Repository/ManageProduct/Product' is clicked on

2022-12-21 00:10:06 - [MESSAGE][PASSED] - Object: 'Object Repository/ManageProduct/Product' is clicked on

2022-12-21 00:10:06 - [TEST_STEP][PASSED] - click(findTestObject("ManageProduct/Entertainment")): Object: 'Object Repository/ManageProduct/Entertainment' is clicked on

2022-12-21 00:10:07 - [MESSAGE][PASSED] - Object: 'Object Repository/ManageProduct/Entertainment' is clicked on

2022-12-21 00:10:07 - [TEST_STEP][PASSED] - click(findTestObject("Daily/TambahProduk")): Object: 'Object Repository/Daily/TambahProduk' is clicked on

2022-12-21 00:10:08 - [MESSAGE][PASSED] - Object: 'Object Repository/Daily/TambahProduk' is clicked on

2022-12-21 00:10:08 - [TEST_STEP][PASSED] - setText(findTestObject("Daily/KodeProduk"), "01ml"): Text '01ml' is set on object 'Object Repository/Daily/KodeProduk'

2022-12-21 00:10:09 - [MESSAGE][PASSED] - Text '01ml' is set on object 'Object Repository/Daily/KodeProduk'

2022-12-21 00:10:09 - [TEST_STEP][PASSED] - setText(findTestObject("Daily/Deskripsi"), "Diamond Mobile Legend"): Text 'Diamond Mobile Legend' is set on object 'Object Repository/Daily/Deskripsi'

2022-12-21 00:10:10 - [MESSAGE][PASSED] - Text 'Diamond Mobile Legend' is set on object 'Object Repository/Daily/Deskripsi'

2022-12-21 00:10:10 - [TEST_STEP][PASSED] - setText(findTestObject("Daily/Nominal"), "50000"): Text '50000' is set on object 'Object Repository/Daily/Nominal'

2022-12-21 00:10:11 - [MESSAGE][PASSED] - Text '50000' is set on object 'Object Repository/Daily/Nominal'

2022-12-21 00:10:11 - [TEST_STEP][PASSED] - selectOptionByValue(findTestObject("Daily/PilihDisini"), "Games", true): All options with value 'Games' are selected in object 'Object Repository/Daily/PilihDisini'  using regular expression

2022-12-21 00:10:12 - [MESSAGE][PASSED] - All options with value 'Games' are selected in object 'Object Repository/Daily/PilihDisini'  using regular expression

2022-12-21 00:10:12 - [TEST_STEP][PASSED] - setText(findTestObject("Daily/Harga"), "50500"): Text '50500' is set on object 'Object Repository/Daily/Harga'

2022-12-21 00:10:13 - [MESSAGE][PASSED] - Text '50500' is set on object 'Object Repository/Daily/Harga'

2022-12-21 00:10:13 - [TEST_STEP][FAILED] - click(findTestObject("Daily/Simpan")): Unable to click on object 'Object Repository/Daily/Simpan' (Root cause: com.kms.katalon.core.exception.StepFailedException: Unable to click on object 'Object Repository/Daily/Simpan'
	at com.kms.katalon.core.webui.keyword.internal.WebUIKeywordMain.stepFailed(WebUIKeywordMain.groovy:64)
	at com.kms.katalon.core.webui.keyword.internal.WebUIKeywordMain.runKeyword(WebUIKeywordMain.groovy:26)
	at com.kms.katalon.core.webui.keyword.builtin.ClickKeyword.click(ClickKeyword.groovy:74)
	at com.kms.katalon.core.webui.keyword.builtin.ClickKeyword.execute(ClickKeyword.groovy:40)
	at com.kms.katalon.core.keyword.internal.KeywordExecutor.executeKeywordForPlatform(KeywordExecutor.groovy:74)
	at com.kms.katalon.core.webui.keyword.WebUiBuiltInKeywords.click(WebUiBuiltInKeywords.groovy:620)
	at com.kms.katalon.core.webui.keyword.WebUiBuiltInKeywords$click$2.call(Unknown Source)
	at BD026_EnterWithoutGambar.run(BD026_EnterWithoutGambar:48)
	at com.kms.katalon.core.main.ScriptEngine.run(ScriptEngine.java:194)
	at com.kms.katalon.core.main.ScriptEngine.runScriptAsRawText(ScriptEngine.java:119)
	at com.kms.katalon.core.main.TestCaseExecutor.runScript(TestCaseExecutor.java:445)
	at com.kms.katalon.core.main.TestCaseExecutor.doExecute(TestCaseExecutor.java:436)
	at com.kms.katalon.core.main.TestCaseExecutor.processExecutionPhase(TestCaseExecutor.java:415)
	at com.kms.katalon.core.main.TestCaseExecutor.accessMainPhase(TestCaseExecutor.java:407)
	at com.kms.katalon.core.main.TestCaseExecutor.execute(TestCaseExecutor.java:284)
	at com.kms.katalon.core.common.CommonExecutor.accessTestCaseMainPhase(CommonExecutor.java:65)
	at com.kms.katalon.core.main.TestSuiteExecutor.accessTestSuiteMainPhase(TestSuiteExecutor.java:144)
	at com.kms.katalon.core.main.TestSuiteExecutor.execute(TestSuiteExecutor.java:106)
	at com.kms.katalon.core.main.TestCaseMain.startTestSuite(TestCaseMain.java:185)
	at com.kms.katalon.core.main.TestCaseMain$startTestSuite$0.call(Unknown Source)
	at TempTestSuite1671555481448.run(TempTestSuite1671555481448.groovy:36)
Caused by: com.kms.katalon.core.webui.exception.WebElementNotFoundException: Web element with id: 'Object Repository/Daily/Simpan' located by '(//button[@type='button'])[20]' not found
	at com.kms.katalon.core.webui.common.WebUiCommonHelper.findWebElement(WebUiCommonHelper.java:1370)
	at com.kms.katalon.core.webui.keyword.internal.WebUIAbstractKeyword.findWebElement(WebUIAbstractKeyword.groovy:27)
	at com.kms.katalon.core.webui.keyword.builtin.ClickKeyword$_click_closure1.doCall(ClickKeyword.groovy:65)
	at com.kms.katalon.core.webui.keyword.builtin.ClickKeyword$_click_closure1.call(ClickKeyword.groovy)
	at com.kms.katalon.core.webui.keyword.internal.WebUIKeywordMain.runKeyword(WebUIKeywordMain.groovy:20)
	at com.kms.katalon.core.webui.keyword.builtin.ClickKeyword.click(ClickKeyword.groovy:74)
	at com.kms.katalon.core.webui.keyword.builtin.ClickKeyword.execute(ClickKeyword.groovy:40)
	at com.kms.katalon.core.keyword.internal.KeywordExecutor.executeKeywordForPlatform(KeywordExecutor.groovy:74)
	at com.kms.katalon.core.webui.keyword.WebUiBuiltInKeywords.click(WebUiBuiltInKeywords.groovy:620)
	at com.kms.katalon.core.webui.keyword.WebUiBuiltInKeywords$click$2.call(Unknown Source)
	at Script1671555050158.run(Script1671555050158.groovy:48)
	... 13 more
)

2022-12-21 00:10:44 - [MESSAGE][INFO] - Unable to find the element located by 'By.xpath: (//button[@type='button'])[20]'. Please recheck the objects properties to make sure the desired element is located. 

2022-12-21 00:10:45 - [MESSAGE][FAILED] - Unable to click on object 'Object Repository/Daily/Simpan' (Root cause: com.kms.katalon.core.exception.StepFailedException: Unable to click on object 'Object Repository/Daily/Simpan'
	at com.kms.katalon.core.webui.keyword.internal.WebUIKeywordMain.stepFailed(WebUIKeywordMain.groovy:64)
	at com.kms.katalon.core.webui.keyword.internal.WebUIKeywordMain.runKeyword(WebUIKeywordMain.groovy:26)
	at com.kms.katalon.core.webui.keyword.builtin.ClickKeyword.click(ClickKeyword.groovy:74)
	at com.kms.katalon.core.webui.keyword.builtin.ClickKeyword.execute(ClickKeyword.groovy:40)
	at com.kms.katalon.core.keyword.internal.KeywordExecutor.executeKeywordForPlatform(KeywordExecutor.groovy:74)
	at com.kms.katalon.core.webui.keyword.WebUiBuiltInKeywords.click(WebUiBuiltInKeywords.groovy:620)
	at com.kms.katalon.core.webui.keyword.WebUiBuiltInKeywords$click$2.call(Unknown Source)
	at BD026_EnterWithoutGambar.run(BD026_EnterWithoutGambar:48)
	at com.kms.katalon.core.main.ScriptEngine.run(ScriptEngine.java:194)
	at com.kms.katalon.core.main.ScriptEngine.runScriptAsRawText(ScriptEngine.java:119)
	at com.kms.katalon.core.main.TestCaseExecutor.runScript(TestCaseExecutor.java:445)
	at com.kms.katalon.core.main.TestCaseExecutor.doExecute(TestCaseExecutor.java:436)
	at com.kms.katalon.core.main.TestCaseExecutor.processExecutionPhase(TestCaseExecutor.java:415)
	at com.kms.katalon.core.main.TestCaseExecutor.accessMainPhase(TestCaseExecutor.java:407)
	at com.kms.katalon.core.main.TestCaseExecutor.execute(TestCaseExecutor.java:284)
	at com.kms.katalon.core.common.CommonExecutor.accessTestCaseMainPhase(CommonExecutor.java:65)
	at com.kms.katalon.core.main.TestSuiteExecutor.accessTestSuiteMainPhase(TestSuiteExecutor.java:144)
	at com.kms.katalon.core.main.TestSuiteExecutor.execute(TestSuiteExecutor.java:106)
	at com.kms.katalon.core.main.TestCaseMain.startTestSuite(TestCaseMain.java:185)
	at com.kms.katalon.core.main.TestCaseMain$startTestSuite$0.call(Unknown Source)
	at TempTestSuite1671555481448.run(TempTestSuite1671555481448.groovy:36)
Caused by: com.kms.katalon.core.webui.exception.WebElementNotFoundException: Web element with id: 'Object Repository/Daily/Simpan' located by '(//button[@type='button'])[20]' not found
	at com.kms.katalon.core.webui.common.WebUiCommonHelper.findWebElement(WebUiCommonHelper.java:1370)
	at com.kms.katalon.core.webui.keyword.internal.WebUIAbstractKeyword.findWebElement(WebUIAbstractKeyword.groovy:27)
	at com.kms.katalon.core.webui.keyword.builtin.ClickKeyword$_click_closure1.doCall(ClickKeyword.groovy:65)
	at com.kms.katalon.core.webui.keyword.builtin.ClickKeyword$_click_closure1.call(ClickKeyword.groovy)
	at com.kms.katalon.core.webui.keyword.internal.WebUIKeywordMain.runKeyword(WebUIKeywordMain.groovy:20)
	at com.kms.katalon.core.webui.keyword.builtin.ClickKeyword.click(ClickKeyword.groovy:74)
	at com.kms.katalon.core.webui.keyword.builtin.ClickKeyword.execute(ClickKeyword.groovy:40)
	at com.kms.katalon.core.keyword.internal.KeywordExecutor.executeKeywordForPlatform(KeywordExecutor.groovy:74)
	at com.kms.katalon.core.webui.keyword.WebUiBuiltInKeywords.click(WebUiBuiltInKeywords.groovy:620)
	at com.kms.katalon.core.webui.keyword.WebUiBuiltInKeywords$click$2.call(Unknown Source)
	at Script1671555050158.run(Script1671555050158.groovy:48)
	... 13 more
)
[[ATTACHMENT|C:\\Users\\User\\git\\QE_Web\\Reports\\20221220_235801\\RegressionWeb\\20221220_235801\\1671556244951.png]]]]></system-out>
         <system-err><![CDATA[2022-12-21 00:09:55 - [TEST_CASE][FAILED] - Test Cases/BD026_EnterWithoutGambar: Test Cases/BD026_EnterWithoutGambar FAILED.
Reason:
com.kms.katalon.core.exception.StepFailedException: Unable to click on object 'Object Repository/Daily/Simpan'
	at com.kms.katalon.core.webui.keyword.internal.WebUIKeywordMain.stepFailed(WebUIKeywordMain.groovy:64)
	at com.kms.katalon.core.webui.keyword.internal.WebUIKeywordMain.runKeyword(WebUIKeywordMain.groovy:26)
	at com.kms.katalon.core.webui.keyword.builtin.ClickKeyword.click(ClickKeyword.groovy:74)
	at com.kms.katalon.core.webui.keyword.builtin.ClickKeyword.execute(ClickKeyword.groovy:40)
	at com.kms.katalon.core.keyword.internal.KeywordExecutor.executeKeywordForPlatform(KeywordExecutor.groovy:74)
	at com.kms.katalon.core.webui.keyword.WebUiBuiltInKeywords.click(WebUiBuiltInKeywords.groovy:620)
	at com.kms.katalon.core.webui.keyword.WebUiBuiltInKeywords$click$2.call(Unknown Source)
	at BD026_EnterWithoutGambar.run(BD026_EnterWithoutGambar:48)
	at com.kms.katalon.core.main.ScriptEngine.run(ScriptEngine.java:194)
	at com.kms.katalon.core.main.ScriptEngine.runScriptAsRawText(ScriptEngine.java:119)
	at com.kms.katalon.core.main.TestCaseExecutor.runScript(TestCaseExecutor.java:445)
	at com.kms.katalon.core.main.TestCaseExecutor.doExecute(TestCaseExecutor.java:436)
	at com.kms.katalon.core.main.TestCaseExecutor.processExecutionPhase(TestCaseExecutor.java:415)
	at com.kms.katalon.core.main.TestCaseExecutor.accessMainPhase(TestCaseExecutor.java:407)
	at com.kms.katalon.core.main.TestCaseExecutor.execute(TestCaseExecutor.java:284)
	at com.kms.katalon.core.common.CommonExecutor.accessTestCaseMainPhase(CommonExecutor.java:65)
	at com.kms.katalon.core.main.TestSuiteExecutor.accessTestSuiteMainPhase(TestSuiteExecutor.java:144)
	at com.kms.katalon.core.main.TestSuiteExecutor.execute(TestSuiteExecutor.java:106)
	at com.kms.katalon.core.main.TestCaseMain.startTestSuite(TestCaseMain.java:185)
	at com.kms.katalon.core.main.TestCaseMain$startTestSuite$0.call(Unknown Source)
	at TempTestSuite1671555481448.run(TempTestSuite1671555481448.groovy:36)
Caused by: com.kms.katalon.core.webui.exception.WebElementNotFoundException: Web element with id: 'Object Repository/Daily/Simpan' located by '(//button[@type='button'])[20]' not found
	at com.kms.katalon.core.webui.common.WebUiCommonHelper.findWebElement(WebUiCommonHelper.java:1370)
	at com.kms.katalon.core.webui.keyword.internal.WebUIAbstractKeyword.findWebElement(WebUIAbstractKeyword.groovy:27)
	at com.kms.katalon.core.webui.keyword.builtin.ClickKeyword$_click_closure1.doCall(ClickKeyword.groovy:65)
	at com.kms.katalon.core.webui.keyword.builtin.ClickKeyword$_click_closure1.call(ClickKeyword.groovy)
	at com.kms.katalon.core.webui.keyword.internal.WebUIKeywordMain.runKeyword(WebUIKeywordMain.groovy:20)
	... 19 more]]></system-err>
      </testcase>
      <testcase name="Test Cases/BD027_EnterWihoutKodeProduk" time="54.603" classname="Test Cases/BD027_EnterWihoutKodeProduk" status="FAILED">
         <failure type="FAILED" message="Test Cases/BD027_EnterWihoutKodeProduk FAILED.
Reason:
com.kms.katalon.core.exception.StepFailedException: Unable to click on object 'Object Repository/Daily/Simpan'
	at com.kms.katalon.core.webui.keyword.internal.WebUIKeywordMain.stepFailed(WebUIKeywordMain.groovy:64)
	at com.kms.katalon.core.webui.keyword.internal.WebUIKeywordMain.runKeyword(WebUIKeywordMain.groovy:26)
	at com.kms.katalon.core.webui.keyword.builtin.ClickKeyword.click(ClickKeyword.groovy:74)
	at com.kms.katalon.core.webui.keyword.builtin.ClickKeyword.execute(ClickKeyword.groovy:40)
	at com.kms.katalon.core.keyword.internal.KeywordExecutor.executeKeywordForPlatform(KeywordExecutor.groovy:74)
	at com.kms.katalon.core.webui.keyword.WebUiBuiltInKeywords.click(WebUiBuiltInKeywords.groovy:620)
	at com.kms.katalon.core.webui.keyword.WebUiBuiltInKeywords$click$2.call(Unknown Source)
	at BD027_EnterWihoutKodeProduk.run(BD027_EnterWihoutKodeProduk:48)
	at com.kms.katalon.core.main.ScriptEngine.run(ScriptEngine.java:194)
	at com.kms.katalon.core.main.ScriptEngine.runScriptAsRawText(ScriptEngine.java:119)
	at com.kms.katalon.core.main.TestCaseExecutor.runScript(TestCaseExecutor.java:445)
	at com.kms.katalon.core.main.TestCaseExecutor.doExecute(TestCaseExecutor.java:436)
	at com.kms.katalon.core.main.TestCaseExecutor.processExecutionPhase(TestCaseExecutor.java:415)
	at com.kms.katalon.core.main.TestCaseExecutor.accessMainPhase(TestCaseExecutor.java:407)
	at com.kms.katalon.core.main.TestCaseExecutor.execute(TestCaseExecutor.java:284)
	at com.kms.katalon.core.common.CommonExecutor.accessTestCaseMainPhase(CommonExecutor.java:65)
	at com.kms.katalon.core.main.TestSuiteExecutor.accessTestSuiteMainPhase(TestSuiteExecutor.java:144)
	at com.kms.katalon.core.main.TestSuiteExecutor.execute(TestSuiteExecutor.java:106)
	at com.kms.katalon.core.main.TestCaseMain.startTestSuite(TestCaseMain.java:185)
	at com.kms.katalon.core.main.TestCaseMain$startTestSuite$0.call(Unknown Source)
	at TempTestSuite1671555481448.run(TempTestSuite1671555481448.groovy:36)
Caused by: com.kms.katalon.core.webui.exception.WebElementNotFoundException: Web element with id: 'Object Repository/Daily/Simpan' located by '(//button[@type='button'])[20]' not found
	at com.kms.katalon.core.webui.common.WebUiCommonHelper.findWebElement(WebUiCommonHelper.java:1370)
	at com.kms.katalon.core.webui.keyword.internal.WebUIAbstractKeyword.findWebElement(WebUIAbstractKeyword.groovy:27)
	at com.kms.katalon.core.webui.keyword.builtin.ClickKeyword$_click_closure1.doCall(ClickKeyword.groovy:65)
	at com.kms.katalon.core.webui.keyword.builtin.ClickKeyword$_click_closure1.call(ClickKeyword.groovy)
	at com.kms.katalon.core.webui.keyword.internal.WebUIKeywordMain.runKeyword(WebUIKeywordMain.groovy:20)
	... 19 more
"/>
         <system-out><![CDATA[2022-12-21 00:10:45 - [TEST_CASE][FAILED] - Test Cases/BD027_EnterWihoutKodeProduk: Test Cases/BD027_EnterWihoutKodeProduk FAILED.
Reason:
com.kms.katalon.core.exception.StepFailedException: Unable to click on object 'Object Repository/Daily/Simpan'
	at com.kms.katalon.core.webui.keyword.internal.WebUIKeywordMain.stepFailed(WebUIKeywordMain.groovy:64)
	at com.kms.katalon.core.webui.keyword.internal.WebUIKeywordMain.runKeyword(WebUIKeywordMain.groovy:26)
	at com.kms.katalon.core.webui.keyword.builtin.ClickKeyword.click(ClickKeyword.groovy:74)
	at com.kms.katalon.core.webui.keyword.builtin.ClickKeyword.execute(ClickKeyword.groovy:40)
	at com.kms.katalon.core.keyword.internal.KeywordExecutor.executeKeywordForPlatform(KeywordExecutor.groovy:74)
	at com.kms.katalon.core.webui.keyword.WebUiBuiltInKeywords.click(WebUiBuiltInKeywords.groovy:620)
	at com.kms.katalon.core.webui.keyword.WebUiBuiltInKeywords$click$2.call(Unknown Source)
	at BD027_EnterWihoutKodeProduk.run(BD027_EnterWihoutKodeProduk:48)
	at com.kms.katalon.core.main.ScriptEngine.run(ScriptEngine.java:194)
	at com.kms.katalon.core.main.ScriptEngine.runScriptAsRawText(ScriptEngine.java:119)
	at com.kms.katalon.core.main.TestCaseExecutor.runScript(TestCaseExecutor.java:445)
	at com.kms.katalon.core.main.TestCaseExecutor.doExecute(TestCaseExecutor.java:436)
	at com.kms.katalon.core.main.TestCaseExecutor.processExecutionPhase(TestCaseExecutor.java:415)
	at com.kms.katalon.core.main.TestCaseExecutor.accessMainPhase(TestCaseExecutor.java:407)
	at com.kms.katalon.core.main.TestCaseExecutor.execute(TestCaseExecutor.java:284)
	at com.kms.katalon.core.common.CommonExecutor.accessTestCaseMainPhase(CommonExecutor.java:65)
	at com.kms.katalon.core.main.TestSuiteExecutor.accessTestSuiteMainPhase(TestSuiteExecutor.java:144)
	at com.kms.katalon.core.main.TestSuiteExecutor.execute(TestSuiteExecutor.java:106)
	at com.kms.katalon.core.main.TestCaseMain.startTestSuite(TestCaseMain.java:185)
	at com.kms.katalon.core.main.TestCaseMain$startTestSuite$0.call(Unknown Source)
	at TempTestSuite1671555481448.run(TempTestSuite1671555481448.groovy:36)
Caused by: com.kms.katalon.core.webui.exception.WebElementNotFoundException: Web element with id: 'Object Repository/Daily/Simpan' located by '(//button[@type='button'])[20]' not found
	at com.kms.katalon.core.webui.common.WebUiCommonHelper.findWebElement(WebUiCommonHelper.java:1370)
	at com.kms.katalon.core.webui.keyword.internal.WebUIAbstractKeyword.findWebElement(WebUIAbstractKeyword.groovy:27)
	at com.kms.katalon.core.webui.keyword.builtin.ClickKeyword$_click_closure1.doCall(ClickKeyword.groovy:65)
	at com.kms.katalon.core.webui.keyword.builtin.ClickKeyword$_click_closure1.call(ClickKeyword.groovy)
	at com.kms.katalon.core.webui.keyword.internal.WebUIKeywordMain.runKeyword(WebUIKeywordMain.groovy:20)
	... 19 more


2022-12-21 00:10:45 - [TEST_STEP][PASSED] - openBrowser(""): Browser is opened with url: ''

2022-12-21 00:10:45 - [MESSAGE][WARNING] - A browser is already opened. Closing browser and opening a new one

2022-12-21 00:10:46 - [MESSAGE][INFO] - Starting 'Chrome' driver

2022-12-21 00:10:46 - [MESSAGE][INFO] - Action delay is set to 0 milliseconds

2022-12-21 00:10:47 - [MESSAGE][PASSED] - Browser is opened with url: ''

2022-12-21 00:10:47 - [TEST_STEP][PASSED] - maximizeWindow(): Current window maximized

2022-12-21 00:10:47 - [MESSAGE][PASSED] - Current window maximized

2022-12-21 00:10:47 - [TEST_STEP][PASSED] - navigateToUrl("https://tes-capstone-website.vercel.app/admin/login"): Navigate to 'https://tes-capstone-website.vercel.app/admin/login' successfully

2022-12-21 00:10:56 - [MESSAGE][PASSED] - Navigate to 'https://tes-capstone-website.vercel.app/admin/login' successfully

2022-12-21 00:10:56 - [TEST_STEP][PASSED] - setText(findTestObject("Auth/Email"), "admin@nyakit.in"): Text 'admin@nyakit.in' is set on object 'Object Repository/Auth/Email'

2022-12-21 00:10:57 - [MESSAGE][PASSED] - Text 'admin@nyakit.in' is set on object 'Object Repository/Auth/Email'

2022-12-21 00:10:57 - [TEST_STEP][PASSED] - setText(findTestObject("Auth/Password"), "@Password123"): Text '@Password123' is set on object 'Object Repository/Auth/Password'

2022-12-21 00:10:58 - [MESSAGE][PASSED] - Text '@Password123' is set on object 'Object Repository/Auth/Password'

2022-12-21 00:10:58 - [TEST_STEP][PASSED] - click(findTestObject("Auth/LoginButton")): Object: 'Object Repository/Auth/LoginButton' is clicked on

2022-12-21 00:10:58 - [MESSAGE][PASSED] - Object: 'Object Repository/Auth/LoginButton' is clicked on

2022-12-21 00:10:58 - [TEST_STEP][PASSED] - click(findTestObject("ManageProduct/Product")): Object: 'Object Repository/ManageProduct/Product' is clicked on

2022-12-21 00:11:01 - [MESSAGE][PASSED] - Object: 'Object Repository/ManageProduct/Product' is clicked on

2022-12-21 00:11:01 - [TEST_STEP][PASSED] - click(findTestObject("ManageProduct/Entertainment")): Object: 'Object Repository/ManageProduct/Entertainment' is clicked on

2022-12-21 00:11:02 - [MESSAGE][PASSED] - Object: 'Object Repository/ManageProduct/Entertainment' is clicked on

2022-12-21 00:11:02 - [TEST_STEP][PASSED] - click(findTestObject("Daily/TambahProduk")): Object: 'Object Repository/Daily/TambahProduk' is clicked on

2022-12-21 00:11:03 - [MESSAGE][PASSED] - Object: 'Object Repository/Daily/TambahProduk' is clicked on

2022-12-21 00:11:03 - [TEST_STEP][PASSED] - setText(findTestObject("Daily/Gambar"), "Mobile Legend"): Text 'Mobile Legend' is set on object 'Object Repository/Daily/Gambar'

2022-12-21 00:11:04 - [MESSAGE][PASSED] - Text 'Mobile Legend' is set on object 'Object Repository/Daily/Gambar'

2022-12-21 00:11:04 - [TEST_STEP][PASSED] - setText(findTestObject("Daily/Deskripsi"), "Diamond Mobile Legend"): Text 'Diamond Mobile Legend' is set on object 'Object Repository/Daily/Deskripsi'

2022-12-21 00:11:05 - [MESSAGE][PASSED] - Text 'Diamond Mobile Legend' is set on object 'Object Repository/Daily/Deskripsi'

2022-12-21 00:11:05 - [TEST_STEP][PASSED] - setText(findTestObject("Daily/Nominal"), "50000"): Text '50000' is set on object 'Object Repository/Daily/Nominal'

2022-12-21 00:11:06 - [MESSAGE][PASSED] - Text '50000' is set on object 'Object Repository/Daily/Nominal'

2022-12-21 00:11:06 - [TEST_STEP][PASSED] - selectOptionByValue(findTestObject("Daily/PilihDisini"), "Games", true): All options with value 'Games' are selected in object 'Object Repository/Daily/PilihDisini'  using regular expression

2022-12-21 00:11:07 - [MESSAGE][PASSED] - All options with value 'Games' are selected in object 'Object Repository/Daily/PilihDisini'  using regular expression

2022-12-21 00:11:07 - [TEST_STEP][PASSED] - setText(findTestObject("Daily/Harga"), "50500"): Text '50500' is set on object 'Object Repository/Daily/Harga'

2022-12-21 00:11:08 - [MESSAGE][PASSED] - Text '50500' is set on object 'Object Repository/Daily/Harga'

2022-12-21 00:11:08 - [TEST_STEP][FAILED] - click(findTestObject("Daily/Simpan")): Unable to click on object 'Object Repository/Daily/Simpan' (Root cause: com.kms.katalon.core.exception.StepFailedException: Unable to click on object 'Object Repository/Daily/Simpan'
	at com.kms.katalon.core.webui.keyword.internal.WebUIKeywordMain.stepFailed(WebUIKeywordMain.groovy:64)
	at com.kms.katalon.core.webui.keyword.internal.WebUIKeywordMain.runKeyword(WebUIKeywordMain.groovy:26)
	at com.kms.katalon.core.webui.keyword.builtin.ClickKeyword.click(ClickKeyword.groovy:74)
	at com.kms.katalon.core.webui.keyword.builtin.ClickKeyword.execute(ClickKeyword.groovy:40)
	at com.kms.katalon.core.keyword.internal.KeywordExecutor.executeKeywordForPlatform(KeywordExecutor.groovy:74)
	at com.kms.katalon.core.webui.keyword.WebUiBuiltInKeywords.click(WebUiBuiltInKeywords.groovy:620)
	at com.kms.katalon.core.webui.keyword.WebUiBuiltInKeywords$click$2.call(Unknown Source)
	at BD027_EnterWihoutKodeProduk.run(BD027_EnterWihoutKodeProduk:48)
	at com.kms.katalon.core.main.ScriptEngine.run(ScriptEngine.java:194)
	at com.kms.katalon.core.main.ScriptEngine.runScriptAsRawText(ScriptEngine.java:119)
	at com.kms.katalon.core.main.TestCaseExecutor.runScript(TestCaseExecutor.java:445)
	at com.kms.katalon.core.main.TestCaseExecutor.doExecute(TestCaseExecutor.java:436)
	at com.kms.katalon.core.main.TestCaseExecutor.processExecutionPhase(TestCaseExecutor.java:415)
	at com.kms.katalon.core.main.TestCaseExecutor.accessMainPhase(TestCaseExecutor.java:407)
	at com.kms.katalon.core.main.TestCaseExecutor.execute(TestCaseExecutor.java:284)
	at com.kms.katalon.core.common.CommonExecutor.accessTestCaseMainPhase(CommonExecutor.java:65)
	at com.kms.katalon.core.main.TestSuiteExecutor.accessTestSuiteMainPhase(TestSuiteExecutor.java:144)
	at com.kms.katalon.core.main.TestSuiteExecutor.execute(TestSuiteExecutor.java:106)
	at com.kms.katalon.core.main.TestCaseMain.startTestSuite(TestCaseMain.java:185)
	at com.kms.katalon.core.main.TestCaseMain$startTestSuite$0.call(Unknown Source)
	at TempTestSuite1671555481448.run(TempTestSuite1671555481448.groovy:36)
Caused by: com.kms.katalon.core.webui.exception.WebElementNotFoundException: Web element with id: 'Object Repository/Daily/Simpan' located by '(//button[@type='button'])[20]' not found
	at com.kms.katalon.core.webui.common.WebUiCommonHelper.findWebElement(WebUiCommonHelper.java:1370)
	at com.kms.katalon.core.webui.keyword.internal.WebUIAbstractKeyword.findWebElement(WebUIAbstractKeyword.groovy:27)
	at com.kms.katalon.core.webui.keyword.builtin.ClickKeyword$_click_closure1.doCall(ClickKeyword.groovy:65)
	at com.kms.katalon.core.webui.keyword.builtin.ClickKeyword$_click_closure1.call(ClickKeyword.groovy)
	at com.kms.katalon.core.webui.keyword.internal.WebUIKeywordMain.runKeyword(WebUIKeywordMain.groovy:20)
	at com.kms.katalon.core.webui.keyword.builtin.ClickKeyword.click(ClickKeyword.groovy:74)
	at com.kms.katalon.core.webui.keyword.builtin.ClickKeyword.execute(ClickKeyword.groovy:40)
	at com.kms.katalon.core.keyword.internal.KeywordExecutor.executeKeywordForPlatform(KeywordExecutor.groovy:74)
	at com.kms.katalon.core.webui.keyword.WebUiBuiltInKeywords.click(WebUiBuiltInKeywords.groovy:620)
	at com.kms.katalon.core.webui.keyword.WebUiBuiltInKeywords$click$2.call(Unknown Source)
	at Script1671555089376.run(Script1671555089376.groovy:48)
	... 13 more
)

2022-12-21 00:11:39 - [MESSAGE][INFO] - Unable to find the element located by 'By.xpath: (//button[@type='button'])[20]'. Please recheck the objects properties to make sure the desired element is located. 

2022-12-21 00:11:39 - [MESSAGE][FAILED] - Unable to click on object 'Object Repository/Daily/Simpan' (Root cause: com.kms.katalon.core.exception.StepFailedException: Unable to click on object 'Object Repository/Daily/Simpan'
	at com.kms.katalon.core.webui.keyword.internal.WebUIKeywordMain.stepFailed(WebUIKeywordMain.groovy:64)
	at com.kms.katalon.core.webui.keyword.internal.WebUIKeywordMain.runKeyword(WebUIKeywordMain.groovy:26)
	at com.kms.katalon.core.webui.keyword.builtin.ClickKeyword.click(ClickKeyword.groovy:74)
	at com.kms.katalon.core.webui.keyword.builtin.ClickKeyword.execute(ClickKeyword.groovy:40)
	at com.kms.katalon.core.keyword.internal.KeywordExecutor.executeKeywordForPlatform(KeywordExecutor.groovy:74)
	at com.kms.katalon.core.webui.keyword.WebUiBuiltInKeywords.click(WebUiBuiltInKeywords.groovy:620)
	at com.kms.katalon.core.webui.keyword.WebUiBuiltInKeywords$click$2.call(Unknown Source)
	at BD027_EnterWihoutKodeProduk.run(BD027_EnterWihoutKodeProduk:48)
	at com.kms.katalon.core.main.ScriptEngine.run(ScriptEngine.java:194)
	at com.kms.katalon.core.main.ScriptEngine.runScriptAsRawText(ScriptEngine.java:119)
	at com.kms.katalon.core.main.TestCaseExecutor.runScript(TestCaseExecutor.java:445)
	at com.kms.katalon.core.main.TestCaseExecutor.doExecute(TestCaseExecutor.java:436)
	at com.kms.katalon.core.main.TestCaseExecutor.processExecutionPhase(TestCaseExecutor.java:415)
	at com.kms.katalon.core.main.TestCaseExecutor.accessMainPhase(TestCaseExecutor.java:407)
	at com.kms.katalon.core.main.TestCaseExecutor.execute(TestCaseExecutor.java:284)
	at com.kms.katalon.core.common.CommonExecutor.accessTestCaseMainPhase(CommonExecutor.java:65)
	at com.kms.katalon.core.main.TestSuiteExecutor.accessTestSuiteMainPhase(TestSuiteExecutor.java:144)
	at com.kms.katalon.core.main.TestSuiteExecutor.execute(TestSuiteExecutor.java:106)
	at com.kms.katalon.core.main.TestCaseMain.startTestSuite(TestCaseMain.java:185)
	at com.kms.katalon.core.main.TestCaseMain$startTestSuite$0.call(Unknown Source)
	at TempTestSuite1671555481448.run(TempTestSuite1671555481448.groovy:36)
Caused by: com.kms.katalon.core.webui.exception.WebElementNotFoundException: Web element with id: 'Object Repository/Daily/Simpan' located by '(//button[@type='button'])[20]' not found
	at com.kms.katalon.core.webui.common.WebUiCommonHelper.findWebElement(WebUiCommonHelper.java:1370)
	at com.kms.katalon.core.webui.keyword.internal.WebUIAbstractKeyword.findWebElement(WebUIAbstractKeyword.groovy:27)
	at com.kms.katalon.core.webui.keyword.builtin.ClickKeyword$_click_closure1.doCall(ClickKeyword.groovy:65)
	at com.kms.katalon.core.webui.keyword.builtin.ClickKeyword$_click_closure1.call(ClickKeyword.groovy)
	at com.kms.katalon.core.webui.keyword.internal.WebUIKeywordMain.runKeyword(WebUIKeywordMain.groovy:20)
	at com.kms.katalon.core.webui.keyword.builtin.ClickKeyword.click(ClickKeyword.groovy:74)
	at com.kms.katalon.core.webui.keyword.builtin.ClickKeyword.execute(ClickKeyword.groovy:40)
	at com.kms.katalon.core.keyword.internal.KeywordExecutor.executeKeywordForPlatform(KeywordExecutor.groovy:74)
	at com.kms.katalon.core.webui.keyword.WebUiBuiltInKeywords.click(WebUiBuiltInKeywords.groovy:620)
	at com.kms.katalon.core.webui.keyword.WebUiBuiltInKeywords$click$2.call(Unknown Source)
	at Script1671555089376.run(Script1671555089376.groovy:48)
	... 13 more
)
[[ATTACHMENT|C:\\Users\\User\\git\\QE_Web\\Reports\\20221220_235801\\RegressionWeb\\20221220_235801\\1671556299587.png]]]]></system-out>
         <system-err><![CDATA[2022-12-21 00:10:45 - [TEST_CASE][FAILED] - Test Cases/BD027_EnterWihoutKodeProduk: Test Cases/BD027_EnterWihoutKodeProduk FAILED.
Reason:
com.kms.katalon.core.exception.StepFailedException: Unable to click on object 'Object Repository/Daily/Simpan'
	at com.kms.katalon.core.webui.keyword.internal.WebUIKeywordMain.stepFailed(WebUIKeywordMain.groovy:64)
	at com.kms.katalon.core.webui.keyword.internal.WebUIKeywordMain.runKeyword(WebUIKeywordMain.groovy:26)
	at com.kms.katalon.core.webui.keyword.builtin.ClickKeyword.click(ClickKeyword.groovy:74)
	at com.kms.katalon.core.webui.keyword.builtin.ClickKeyword.execute(ClickKeyword.groovy:40)
	at com.kms.katalon.core.keyword.internal.KeywordExecutor.executeKeywordForPlatform(KeywordExecutor.groovy:74)
	at com.kms.katalon.core.webui.keyword.WebUiBuiltInKeywords.click(WebUiBuiltInKeywords.groovy:620)
	at com.kms.katalon.core.webui.keyword.WebUiBuiltInKeywords$click$2.call(Unknown Source)
	at BD027_EnterWihoutKodeProduk.run(BD027_EnterWihoutKodeProduk:48)
	at com.kms.katalon.core.main.ScriptEngine.run(ScriptEngine.java:194)
	at com.kms.katalon.core.main.ScriptEngine.runScriptAsRawText(ScriptEngine.java:119)
	at com.kms.katalon.core.main.TestCaseExecutor.runScript(TestCaseExecutor.java:445)
	at com.kms.katalon.core.main.TestCaseExecutor.doExecute(TestCaseExecutor.java:436)
	at com.kms.katalon.core.main.TestCaseExecutor.processExecutionPhase(TestCaseExecutor.java:415)
	at com.kms.katalon.core.main.TestCaseExecutor.accessMainPhase(TestCaseExecutor.java:407)
	at com.kms.katalon.core.main.TestCaseExecutor.execute(TestCaseExecutor.java:284)
	at com.kms.katalon.core.common.CommonExecutor.accessTestCaseMainPhase(CommonExecutor.java:65)
	at com.kms.katalon.core.main.TestSuiteExecutor.accessTestSuiteMainPhase(TestSuiteExecutor.java:144)
	at com.kms.katalon.core.main.TestSuiteExecutor.execute(TestSuiteExecutor.java:106)
	at com.kms.katalon.core.main.TestCaseMain.startTestSuite(TestCaseMain.java:185)
	at com.kms.katalon.core.main.TestCaseMain$startTestSuite$0.call(Unknown Source)
	at TempTestSuite1671555481448.run(TempTestSuite1671555481448.groovy:36)
Caused by: com.kms.katalon.core.webui.exception.WebElementNotFoundException: Web element with id: 'Object Repository/Daily/Simpan' located by '(//button[@type='button'])[20]' not found
	at com.kms.katalon.core.webui.common.WebUiCommonHelper.findWebElement(WebUiCommonHelper.java:1370)
	at com.kms.katalon.core.webui.keyword.internal.WebUIAbstractKeyword.findWebElement(WebUIAbstractKeyword.groovy:27)
	at com.kms.katalon.core.webui.keyword.builtin.ClickKeyword$_click_closure1.doCall(ClickKeyword.groovy:65)
	at com.kms.katalon.core.webui.keyword.builtin.ClickKeyword$_click_closure1.call(ClickKeyword.groovy)
	at com.kms.katalon.core.webui.keyword.internal.WebUIKeywordMain.runKeyword(WebUIKeywordMain.groovy:20)
	... 19 more]]></system-err>
      </testcase>
      <testcase name="Test Cases/BD028_enterWithoutDeskripsi" time="49.61" classname="Test Cases/BD028_enterWithoutDeskripsi" status="FAILED">
         <failure type="FAILED" message="Test Cases/BD028_enterWithoutDeskripsi FAILED.
Reason:
com.kms.katalon.core.exception.StepFailedException: Unable to click on object 'Object Repository/Daily/Simpan'
	at com.kms.katalon.core.webui.keyword.internal.WebUIKeywordMain.stepFailed(WebUIKeywordMain.groovy:64)
	at com.kms.katalon.core.webui.keyword.internal.WebUIKeywordMain.runKeyword(WebUIKeywordMain.groovy:26)
	at com.kms.katalon.core.webui.keyword.builtin.ClickKeyword.click(ClickKeyword.groovy:74)
	at com.kms.katalon.core.webui.keyword.builtin.ClickKeyword.execute(ClickKeyword.groovy:40)
	at com.kms.katalon.core.keyword.internal.KeywordExecutor.executeKeywordForPlatform(KeywordExecutor.groovy:74)
	at com.kms.katalon.core.webui.keyword.WebUiBuiltInKeywords.click(WebUiBuiltInKeywords.groovy:620)
	at com.kms.katalon.core.webui.keyword.WebUiBuiltInKeywords$click$2.call(Unknown Source)
	at BD028_enterWithoutDeskripsi.run(BD028_enterWithoutDeskripsi:48)
	at com.kms.katalon.core.main.ScriptEngine.run(ScriptEngine.java:194)
	at com.kms.katalon.core.main.ScriptEngine.runScriptAsRawText(ScriptEngine.java:119)
	at com.kms.katalon.core.main.TestCaseExecutor.runScript(TestCaseExecutor.java:445)
	at com.kms.katalon.core.main.TestCaseExecutor.doExecute(TestCaseExecutor.java:436)
	at com.kms.katalon.core.main.TestCaseExecutor.processExecutionPhase(TestCaseExecutor.java:415)
	at com.kms.katalon.core.main.TestCaseExecutor.accessMainPhase(TestCaseExecutor.java:407)
	at com.kms.katalon.core.main.TestCaseExecutor.execute(TestCaseExecutor.java:284)
	at com.kms.katalon.core.common.CommonExecutor.accessTestCaseMainPhase(CommonExecutor.java:65)
	at com.kms.katalon.core.main.TestSuiteExecutor.accessTestSuiteMainPhase(TestSuiteExecutor.java:144)
	at com.kms.katalon.core.main.TestSuiteExecutor.execute(TestSuiteExecutor.java:106)
	at com.kms.katalon.core.main.TestCaseMain.startTestSuite(TestCaseMain.java:185)
	at com.kms.katalon.core.main.TestCaseMain$startTestSuite$0.call(Unknown Source)
	at TempTestSuite1671555481448.run(TempTestSuite1671555481448.groovy:36)
Caused by: com.kms.katalon.core.webui.exception.WebElementNotFoundException: Web element with id: 'Object Repository/Daily/Simpan' located by '(//button[@type='button'])[20]' not found
	at com.kms.katalon.core.webui.common.WebUiCommonHelper.findWebElement(WebUiCommonHelper.java:1370)
	at com.kms.katalon.core.webui.keyword.internal.WebUIAbstractKeyword.findWebElement(WebUIAbstractKeyword.groovy:27)
	at com.kms.katalon.core.webui.keyword.builtin.ClickKeyword$_click_closure1.doCall(ClickKeyword.groovy:65)
	at com.kms.katalon.core.webui.keyword.builtin.ClickKeyword$_click_closure1.call(ClickKeyword.groovy)
	at com.kms.katalon.core.webui.keyword.internal.WebUIKeywordMain.runKeyword(WebUIKeywordMain.groovy:20)
	... 19 more
"/>
         <system-out><![CDATA[2022-12-21 00:11:39 - [TEST_CASE][FAILED] - Test Cases/BD028_enterWithoutDeskripsi: Test Cases/BD028_enterWithoutDeskripsi FAILED.
Reason:
com.kms.katalon.core.exception.StepFailedException: Unable to click on object 'Object Repository/Daily/Simpan'
	at com.kms.katalon.core.webui.keyword.internal.WebUIKeywordMain.stepFailed(WebUIKeywordMain.groovy:64)
	at com.kms.katalon.core.webui.keyword.internal.WebUIKeywordMain.runKeyword(WebUIKeywordMain.groovy:26)
	at com.kms.katalon.core.webui.keyword.builtin.ClickKeyword.click(ClickKeyword.groovy:74)
	at com.kms.katalon.core.webui.keyword.builtin.ClickKeyword.execute(ClickKeyword.groovy:40)
	at com.kms.katalon.core.keyword.internal.KeywordExecutor.executeKeywordForPlatform(KeywordExecutor.groovy:74)
	at com.kms.katalon.core.webui.keyword.WebUiBuiltInKeywords.click(WebUiBuiltInKeywords.groovy:620)
	at com.kms.katalon.core.webui.keyword.WebUiBuiltInKeywords$click$2.call(Unknown Source)
	at BD028_enterWithoutDeskripsi.run(BD028_enterWithoutDeskripsi:48)
	at com.kms.katalon.core.main.ScriptEngine.run(ScriptEngine.java:194)
	at com.kms.katalon.core.main.ScriptEngine.runScriptAsRawText(ScriptEngine.java:119)
	at com.kms.katalon.core.main.TestCaseExecutor.runScript(TestCaseExecutor.java:445)
	at com.kms.katalon.core.main.TestCaseExecutor.doExecute(TestCaseExecutor.java:436)
	at com.kms.katalon.core.main.TestCaseExecutor.processExecutionPhase(TestCaseExecutor.java:415)
	at com.kms.katalon.core.main.TestCaseExecutor.accessMainPhase(TestCaseExecutor.java:407)
	at com.kms.katalon.core.main.TestCaseExecutor.execute(TestCaseExecutor.java:284)
	at com.kms.katalon.core.common.CommonExecutor.accessTestCaseMainPhase(CommonExecutor.java:65)
	at com.kms.katalon.core.main.TestSuiteExecutor.accessTestSuiteMainPhase(TestSuiteExecutor.java:144)
	at com.kms.katalon.core.main.TestSuiteExecutor.execute(TestSuiteExecutor.java:106)
	at com.kms.katalon.core.main.TestCaseMain.startTestSuite(TestCaseMain.java:185)
	at com.kms.katalon.core.main.TestCaseMain$startTestSuite$0.call(Unknown Source)
	at TempTestSuite1671555481448.run(TempTestSuite1671555481448.groovy:36)
Caused by: com.kms.katalon.core.webui.exception.WebElementNotFoundException: Web element with id: 'Object Repository/Daily/Simpan' located by '(//button[@type='button'])[20]' not found
	at com.kms.katalon.core.webui.common.WebUiCommonHelper.findWebElement(WebUiCommonHelper.java:1370)
	at com.kms.katalon.core.webui.keyword.internal.WebUIAbstractKeyword.findWebElement(WebUIAbstractKeyword.groovy:27)
	at com.kms.katalon.core.webui.keyword.builtin.ClickKeyword$_click_closure1.doCall(ClickKeyword.groovy:65)
	at com.kms.katalon.core.webui.keyword.builtin.ClickKeyword$_click_closure1.call(ClickKeyword.groovy)
	at com.kms.katalon.core.webui.keyword.internal.WebUIKeywordMain.runKeyword(WebUIKeywordMain.groovy:20)
	... 19 more


2022-12-21 00:11:40 - [TEST_STEP][PASSED] - openBrowser(""): Browser is opened with url: ''

2022-12-21 00:11:40 - [MESSAGE][WARNING] - A browser is already opened. Closing browser and opening a new one

2022-12-21 00:11:40 - [MESSAGE][INFO] - Starting 'Chrome' driver

2022-12-21 00:11:40 - [MESSAGE][INFO] - Action delay is set to 0 milliseconds

2022-12-21 00:11:41 - [MESSAGE][PASSED] - Browser is opened with url: ''

2022-12-21 00:11:41 - [TEST_STEP][PASSED] - maximizeWindow(): Current window maximized

2022-12-21 00:11:41 - [MESSAGE][PASSED] - Current window maximized

2022-12-21 00:11:41 - [TEST_STEP][PASSED] - navigateToUrl("https://tes-capstone-website.vercel.app/admin/login"): Navigate to 'https://tes-capstone-website.vercel.app/admin/login' successfully

2022-12-21 00:11:45 - [MESSAGE][PASSED] - Navigate to 'https://tes-capstone-website.vercel.app/admin/login' successfully

2022-12-21 00:11:45 - [TEST_STEP][PASSED] - setText(findTestObject("Auth/Email"), "admin@nyakit.in"): Text 'admin@nyakit.in' is set on object 'Object Repository/Auth/Email'

2022-12-21 00:11:46 - [MESSAGE][PASSED] - Text 'admin@nyakit.in' is set on object 'Object Repository/Auth/Email'

2022-12-21 00:11:46 - [TEST_STEP][PASSED] - setText(findTestObject("Auth/Password"), "@Password123"): Text '@Password123' is set on object 'Object Repository/Auth/Password'

2022-12-21 00:11:47 - [MESSAGE][PASSED] - Text '@Password123' is set on object 'Object Repository/Auth/Password'

2022-12-21 00:11:47 - [TEST_STEP][PASSED] - click(findTestObject("Auth/LoginButton")): Object: 'Object Repository/Auth/LoginButton' is clicked on

2022-12-21 00:11:47 - [MESSAGE][PASSED] - Object: 'Object Repository/Auth/LoginButton' is clicked on

2022-12-21 00:11:47 - [TEST_STEP][PASSED] - click(findTestObject("ManageProduct/Product")): Object: 'Object Repository/ManageProduct/Product' is clicked on

2022-12-21 00:11:50 - [MESSAGE][PASSED] - Object: 'Object Repository/ManageProduct/Product' is clicked on

2022-12-21 00:11:50 - [TEST_STEP][PASSED] - click(findTestObject("ManageProduct/Entertainment")): Object: 'Object Repository/ManageProduct/Entertainment' is clicked on

2022-12-21 00:11:51 - [MESSAGE][PASSED] - Object: 'Object Repository/ManageProduct/Entertainment' is clicked on

2022-12-21 00:11:51 - [TEST_STEP][PASSED] - click(findTestObject("Daily/TambahProduk")): Object: 'Object Repository/Daily/TambahProduk' is clicked on

2022-12-21 00:11:52 - [MESSAGE][PASSED] - Object: 'Object Repository/Daily/TambahProduk' is clicked on

2022-12-21 00:11:52 - [TEST_STEP][PASSED] - setText(findTestObject("Daily/Gambar"), "Mobile Legend"): Text 'Mobile Legend' is set on object 'Object Repository/Daily/Gambar'

2022-12-21 00:11:53 - [MESSAGE][PASSED] - Text 'Mobile Legend' is set on object 'Object Repository/Daily/Gambar'

2022-12-21 00:11:53 - [TEST_STEP][PASSED] - setText(findTestObject("Daily/KodeProduk"), "01ml"): Text '01ml' is set on object 'Object Repository/Daily/KodeProduk'

2022-12-21 00:11:54 - [MESSAGE][PASSED] - Text '01ml' is set on object 'Object Repository/Daily/KodeProduk'

2022-12-21 00:11:54 - [TEST_STEP][PASSED] - setText(findTestObject("Daily/Nominal"), "50000"): Text '50000' is set on object 'Object Repository/Daily/Nominal'

2022-12-21 00:11:55 - [MESSAGE][PASSED] - Text '50000' is set on object 'Object Repository/Daily/Nominal'

2022-12-21 00:11:55 - [TEST_STEP][PASSED] - selectOptionByValue(findTestObject("Daily/PilihDisini"), "Games", true): All options with value 'Games' are selected in object 'Object Repository/Daily/PilihDisini'  using regular expression

2022-12-21 00:11:56 - [MESSAGE][PASSED] - All options with value 'Games' are selected in object 'Object Repository/Daily/PilihDisini'  using regular expression

2022-12-21 00:11:56 - [TEST_STEP][PASSED] - setText(findTestObject("Daily/Harga"), "50500"): Text '50500' is set on object 'Object Repository/Daily/Harga'

2022-12-21 00:11:57 - [MESSAGE][PASSED] - Text '50500' is set on object 'Object Repository/Daily/Harga'

2022-12-21 00:11:57 - [TEST_STEP][FAILED] - click(findTestObject("Daily/Simpan")): Unable to click on object 'Object Repository/Daily/Simpan' (Root cause: com.kms.katalon.core.exception.StepFailedException: Unable to click on object 'Object Repository/Daily/Simpan'
	at com.kms.katalon.core.webui.keyword.internal.WebUIKeywordMain.stepFailed(WebUIKeywordMain.groovy:64)
	at com.kms.katalon.core.webui.keyword.internal.WebUIKeywordMain.runKeyword(WebUIKeywordMain.groovy:26)
	at com.kms.katalon.core.webui.keyword.builtin.ClickKeyword.click(ClickKeyword.groovy:74)
	at com.kms.katalon.core.webui.keyword.builtin.ClickKeyword.execute(ClickKeyword.groovy:40)
	at com.kms.katalon.core.keyword.internal.KeywordExecutor.executeKeywordForPlatform(KeywordExecutor.groovy:74)
	at com.kms.katalon.core.webui.keyword.WebUiBuiltInKeywords.click(WebUiBuiltInKeywords.groovy:620)
	at com.kms.katalon.core.webui.keyword.WebUiBuiltInKeywords$click$2.call(Unknown Source)
	at BD028_enterWithoutDeskripsi.run(BD028_enterWithoutDeskripsi:48)
	at com.kms.katalon.core.main.ScriptEngine.run(ScriptEngine.java:194)
	at com.kms.katalon.core.main.ScriptEngine.runScriptAsRawText(ScriptEngine.java:119)
	at com.kms.katalon.core.main.TestCaseExecutor.runScript(TestCaseExecutor.java:445)
	at com.kms.katalon.core.main.TestCaseExecutor.doExecute(TestCaseExecutor.java:436)
	at com.kms.katalon.core.main.TestCaseExecutor.processExecutionPhase(TestCaseExecutor.java:415)
	at com.kms.katalon.core.main.TestCaseExecutor.accessMainPhase(TestCaseExecutor.java:407)
	at com.kms.katalon.core.main.TestCaseExecutor.execute(TestCaseExecutor.java:284)
	at com.kms.katalon.core.common.CommonExecutor.accessTestCaseMainPhase(CommonExecutor.java:65)
	at com.kms.katalon.core.main.TestSuiteExecutor.accessTestSuiteMainPhase(TestSuiteExecutor.java:144)
	at com.kms.katalon.core.main.TestSuiteExecutor.execute(TestSuiteExecutor.java:106)
	at com.kms.katalon.core.main.TestCaseMain.startTestSuite(TestCaseMain.java:185)
	at com.kms.katalon.core.main.TestCaseMain$startTestSuite$0.call(Unknown Source)
	at TempTestSuite1671555481448.run(TempTestSuite1671555481448.groovy:36)
Caused by: com.kms.katalon.core.webui.exception.WebElementNotFoundException: Web element with id: 'Object Repository/Daily/Simpan' located by '(//button[@type='button'])[20]' not found
	at com.kms.katalon.core.webui.common.WebUiCommonHelper.findWebElement(WebUiCommonHelper.java:1370)
	at com.kms.katalon.core.webui.keyword.internal.WebUIAbstractKeyword.findWebElement(WebUIAbstractKeyword.groovy:27)
	at com.kms.katalon.core.webui.keyword.builtin.ClickKeyword$_click_closure1.doCall(ClickKeyword.groovy:65)
	at com.kms.katalon.core.webui.keyword.builtin.ClickKeyword$_click_closure1.call(ClickKeyword.groovy)
	at com.kms.katalon.core.webui.keyword.internal.WebUIKeywordMain.runKeyword(WebUIKeywordMain.groovy:20)
	at com.kms.katalon.core.webui.keyword.builtin.ClickKeyword.click(ClickKeyword.groovy:74)
	at com.kms.katalon.core.webui.keyword.builtin.ClickKeyword.execute(ClickKeyword.groovy:40)
	at com.kms.katalon.core.keyword.internal.KeywordExecutor.executeKeywordForPlatform(KeywordExecutor.groovy:74)
	at com.kms.katalon.core.webui.keyword.WebUiBuiltInKeywords.click(WebUiBuiltInKeywords.groovy:620)
	at com.kms.katalon.core.webui.keyword.WebUiBuiltInKeywords$click$2.call(Unknown Source)
	at Script1671555124343.run(Script1671555124343.groovy:48)
	... 13 more
)

2022-12-21 00:12:29 - [MESSAGE][INFO] - Unable to find the element located by 'By.xpath: (//button[@type='button'])[20]'. Please recheck the objects properties to make sure the desired element is located. 

2022-12-21 00:12:29 - [MESSAGE][FAILED] - Unable to click on object 'Object Repository/Daily/Simpan' (Root cause: com.kms.katalon.core.exception.StepFailedException: Unable to click on object 'Object Repository/Daily/Simpan'
	at com.kms.katalon.core.webui.keyword.internal.WebUIKeywordMain.stepFailed(WebUIKeywordMain.groovy:64)
	at com.kms.katalon.core.webui.keyword.internal.WebUIKeywordMain.runKeyword(WebUIKeywordMain.groovy:26)
	at com.kms.katalon.core.webui.keyword.builtin.ClickKeyword.click(ClickKeyword.groovy:74)
	at com.kms.katalon.core.webui.keyword.builtin.ClickKeyword.execute(ClickKeyword.groovy:40)
	at com.kms.katalon.core.keyword.internal.KeywordExecutor.executeKeywordForPlatform(KeywordExecutor.groovy:74)
	at com.kms.katalon.core.webui.keyword.WebUiBuiltInKeywords.click(WebUiBuiltInKeywords.groovy:620)
	at com.kms.katalon.core.webui.keyword.WebUiBuiltInKeywords$click$2.call(Unknown Source)
	at BD028_enterWithoutDeskripsi.run(BD028_enterWithoutDeskripsi:48)
	at com.kms.katalon.core.main.ScriptEngine.run(ScriptEngine.java:194)
	at com.kms.katalon.core.main.ScriptEngine.runScriptAsRawText(ScriptEngine.java:119)
	at com.kms.katalon.core.main.TestCaseExecutor.runScript(TestCaseExecutor.java:445)
	at com.kms.katalon.core.main.TestCaseExecutor.doExecute(TestCaseExecutor.java:436)
	at com.kms.katalon.core.main.TestCaseExecutor.processExecutionPhase(TestCaseExecutor.java:415)
	at com.kms.katalon.core.main.TestCaseExecutor.accessMainPhase(TestCaseExecutor.java:407)
	at com.kms.katalon.core.main.TestCaseExecutor.execute(TestCaseExecutor.java:284)
	at com.kms.katalon.core.common.CommonExecutor.accessTestCaseMainPhase(CommonExecutor.java:65)
	at com.kms.katalon.core.main.TestSuiteExecutor.accessTestSuiteMainPhase(TestSuiteExecutor.java:144)
	at com.kms.katalon.core.main.TestSuiteExecutor.execute(TestSuiteExecutor.java:106)
	at com.kms.katalon.core.main.TestCaseMain.startTestSuite(TestCaseMain.java:185)
	at com.kms.katalon.core.main.TestCaseMain$startTestSuite$0.call(Unknown Source)
	at TempTestSuite1671555481448.run(TempTestSuite1671555481448.groovy:36)
Caused by: com.kms.katalon.core.webui.exception.WebElementNotFoundException: Web element with id: 'Object Repository/Daily/Simpan' located by '(//button[@type='button'])[20]' not found
	at com.kms.katalon.core.webui.common.WebUiCommonHelper.findWebElement(WebUiCommonHelper.java:1370)
	at com.kms.katalon.core.webui.keyword.internal.WebUIAbstractKeyword.findWebElement(WebUIAbstractKeyword.groovy:27)
	at com.kms.katalon.core.webui.keyword.builtin.ClickKeyword$_click_closure1.doCall(ClickKeyword.groovy:65)
	at com.kms.katalon.core.webui.keyword.builtin.ClickKeyword$_click_closure1.call(ClickKeyword.groovy)
	at com.kms.katalon.core.webui.keyword.internal.WebUIKeywordMain.runKeyword(WebUIKeywordMain.groovy:20)
	at com.kms.katalon.core.webui.keyword.builtin.ClickKeyword.click(ClickKeyword.groovy:74)
	at com.kms.katalon.core.webui.keyword.builtin.ClickKeyword.execute(ClickKeyword.groovy:40)
	at com.kms.katalon.core.keyword.internal.KeywordExecutor.executeKeywordForPlatform(KeywordExecutor.groovy:74)
	at com.kms.katalon.core.webui.keyword.WebUiBuiltInKeywords.click(WebUiBuiltInKeywords.groovy:620)
	at com.kms.katalon.core.webui.keyword.WebUiBuiltInKeywords$click$2.call(Unknown Source)
	at Script1671555124343.run(Script1671555124343.groovy:48)
	... 13 more
)
[[ATTACHMENT|C:\\Users\\User\\git\\QE_Web\\Reports\\20221220_235801\\RegressionWeb\\20221220_235801\\1671556349160.png]]]]></system-out>
         <system-err><![CDATA[2022-12-21 00:11:39 - [TEST_CASE][FAILED] - Test Cases/BD028_enterWithoutDeskripsi: Test Cases/BD028_enterWithoutDeskripsi FAILED.
Reason:
com.kms.katalon.core.exception.StepFailedException: Unable to click on object 'Object Repository/Daily/Simpan'
	at com.kms.katalon.core.webui.keyword.internal.WebUIKeywordMain.stepFailed(WebUIKeywordMain.groovy:64)
	at com.kms.katalon.core.webui.keyword.internal.WebUIKeywordMain.runKeyword(WebUIKeywordMain.groovy:26)
	at com.kms.katalon.core.webui.keyword.builtin.ClickKeyword.click(ClickKeyword.groovy:74)
	at com.kms.katalon.core.webui.keyword.builtin.ClickKeyword.execute(ClickKeyword.groovy:40)
	at com.kms.katalon.core.keyword.internal.KeywordExecutor.executeKeywordForPlatform(KeywordExecutor.groovy:74)
	at com.kms.katalon.core.webui.keyword.WebUiBuiltInKeywords.click(WebUiBuiltInKeywords.groovy:620)
	at com.kms.katalon.core.webui.keyword.WebUiBuiltInKeywords$click$2.call(Unknown Source)
	at BD028_enterWithoutDeskripsi.run(BD028_enterWithoutDeskripsi:48)
	at com.kms.katalon.core.main.ScriptEngine.run(ScriptEngine.java:194)
	at com.kms.katalon.core.main.ScriptEngine.runScriptAsRawText(ScriptEngine.java:119)
	at com.kms.katalon.core.main.TestCaseExecutor.runScript(TestCaseExecutor.java:445)
	at com.kms.katalon.core.main.TestCaseExecutor.doExecute(TestCaseExecutor.java:436)
	at com.kms.katalon.core.main.TestCaseExecutor.processExecutionPhase(TestCaseExecutor.java:415)
	at com.kms.katalon.core.main.TestCaseExecutor.accessMainPhase(TestCaseExecutor.java:407)
	at com.kms.katalon.core.main.TestCaseExecutor.execute(TestCaseExecutor.java:284)
	at com.kms.katalon.core.common.CommonExecutor.accessTestCaseMainPhase(CommonExecutor.java:65)
	at com.kms.katalon.core.main.TestSuiteExecutor.accessTestSuiteMainPhase(TestSuiteExecutor.java:144)
	at com.kms.katalon.core.main.TestSuiteExecutor.execute(TestSuiteExecutor.java:106)
	at com.kms.katalon.core.main.TestCaseMain.startTestSuite(TestCaseMain.java:185)
	at com.kms.katalon.core.main.TestCaseMain$startTestSuite$0.call(Unknown Source)
	at TempTestSuite1671555481448.run(TempTestSuite1671555481448.groovy:36)
Caused by: com.kms.katalon.core.webui.exception.WebElementNotFoundException: Web element with id: 'Object Repository/Daily/Simpan' located by '(//button[@type='button'])[20]' not found
	at com.kms.katalon.core.webui.common.WebUiCommonHelper.findWebElement(WebUiCommonHelper.java:1370)
	at com.kms.katalon.core.webui.keyword.internal.WebUIAbstractKeyword.findWebElement(WebUIAbstractKeyword.groovy:27)
	at com.kms.katalon.core.webui.keyword.builtin.ClickKeyword$_click_closure1.doCall(ClickKeyword.groovy:65)
	at com.kms.katalon.core.webui.keyword.builtin.ClickKeyword$_click_closure1.call(ClickKeyword.groovy)
	at com.kms.katalon.core.webui.keyword.internal.WebUIKeywordMain.runKeyword(WebUIKeywordMain.groovy:20)
	... 19 more]]></system-err>
      </testcase>
      <testcase name="Test Cases/BD029_EnterWithoutNominal" time="53.019" classname="Test Cases/BD029_EnterWithoutNominal" status="FAILED">
         <failure type="FAILED" message="Test Cases/BD029_EnterWithoutNominal FAILED.
Reason:
com.kms.katalon.core.exception.StepFailedException: Unable to click on object 'Object Repository/Daily/Simpan'
	at com.kms.katalon.core.webui.keyword.internal.WebUIKeywordMain.stepFailed(WebUIKeywordMain.groovy:64)
	at com.kms.katalon.core.webui.keyword.internal.WebUIKeywordMain.runKeyword(WebUIKeywordMain.groovy:26)
	at com.kms.katalon.core.webui.keyword.builtin.ClickKeyword.click(ClickKeyword.groovy:74)
	at com.kms.katalon.core.webui.keyword.builtin.ClickKeyword.execute(ClickKeyword.groovy:40)
	at com.kms.katalon.core.keyword.internal.KeywordExecutor.executeKeywordForPlatform(KeywordExecutor.groovy:74)
	at com.kms.katalon.core.webui.keyword.WebUiBuiltInKeywords.click(WebUiBuiltInKeywords.groovy:620)
	at com.kms.katalon.core.webui.keyword.WebUiBuiltInKeywords$click$2.call(Unknown Source)
	at BD029_EnterWithoutNominal.run(BD029_EnterWithoutNominal:48)
	at com.kms.katalon.core.main.ScriptEngine.run(ScriptEngine.java:194)
	at com.kms.katalon.core.main.ScriptEngine.runScriptAsRawText(ScriptEngine.java:119)
	at com.kms.katalon.core.main.TestCaseExecutor.runScript(TestCaseExecutor.java:445)
	at com.kms.katalon.core.main.TestCaseExecutor.doExecute(TestCaseExecutor.java:436)
	at com.kms.katalon.core.main.TestCaseExecutor.processExecutionPhase(TestCaseExecutor.java:415)
	at com.kms.katalon.core.main.TestCaseExecutor.accessMainPhase(TestCaseExecutor.java:407)
	at com.kms.katalon.core.main.TestCaseExecutor.execute(TestCaseExecutor.java:284)
	at com.kms.katalon.core.common.CommonExecutor.accessTestCaseMainPhase(CommonExecutor.java:65)
	at com.kms.katalon.core.main.TestSuiteExecutor.accessTestSuiteMainPhase(TestSuiteExecutor.java:144)
	at com.kms.katalon.core.main.TestSuiteExecutor.execute(TestSuiteExecutor.java:106)
	at com.kms.katalon.core.main.TestCaseMain.startTestSuite(TestCaseMain.java:185)
	at com.kms.katalon.core.main.TestCaseMain$startTestSuite$0.call(Unknown Source)
	at TempTestSuite1671555481448.run(TempTestSuite1671555481448.groovy:36)
Caused by: com.kms.katalon.core.webui.exception.WebElementNotFoundException: Web element with id: 'Object Repository/Daily/Simpan' located by '(//button[@type='button'])[20]' not found
	at com.kms.katalon.core.webui.common.WebUiCommonHelper.findWebElement(WebUiCommonHelper.java:1370)
	at com.kms.katalon.core.webui.keyword.internal.WebUIAbstractKeyword.findWebElement(WebUIAbstractKeyword.groovy:27)
	at com.kms.katalon.core.webui.keyword.builtin.ClickKeyword$_click_closure1.doCall(ClickKeyword.groovy:65)
	at com.kms.katalon.core.webui.keyword.builtin.ClickKeyword$_click_closure1.call(ClickKeyword.groovy)
	at com.kms.katalon.core.webui.keyword.internal.WebUIKeywordMain.runKeyword(WebUIKeywordMain.groovy:20)
	... 19 more
"/>
         <system-out><![CDATA[2022-12-21 00:12:29 - [TEST_CASE][FAILED] - Test Cases/BD029_EnterWithoutNominal: Test Cases/BD029_EnterWithoutNominal FAILED.
Reason:
com.kms.katalon.core.exception.StepFailedException: Unable to click on object 'Object Repository/Daily/Simpan'
	at com.kms.katalon.core.webui.keyword.internal.WebUIKeywordMain.stepFailed(WebUIKeywordMain.groovy:64)
	at com.kms.katalon.core.webui.keyword.internal.WebUIKeywordMain.runKeyword(WebUIKeywordMain.groovy:26)
	at com.kms.katalon.core.webui.keyword.builtin.ClickKeyword.click(ClickKeyword.groovy:74)
	at com.kms.katalon.core.webui.keyword.builtin.ClickKeyword.execute(ClickKeyword.groovy:40)
	at com.kms.katalon.core.keyword.internal.KeywordExecutor.executeKeywordForPlatform(KeywordExecutor.groovy:74)
	at com.kms.katalon.core.webui.keyword.WebUiBuiltInKeywords.click(WebUiBuiltInKeywords.groovy:620)
	at com.kms.katalon.core.webui.keyword.WebUiBuiltInKeywords$click$2.call(Unknown Source)
	at BD029_EnterWithoutNominal.run(BD029_EnterWithoutNominal:48)
	at com.kms.katalon.core.main.ScriptEngine.run(ScriptEngine.java:194)
	at com.kms.katalon.core.main.ScriptEngine.runScriptAsRawText(ScriptEngine.java:119)
	at com.kms.katalon.core.main.TestCaseExecutor.runScript(TestCaseExecutor.java:445)
	at com.kms.katalon.core.main.TestCaseExecutor.doExecute(TestCaseExecutor.java:436)
	at com.kms.katalon.core.main.TestCaseExecutor.processExecutionPhase(TestCaseExecutor.java:415)
	at com.kms.katalon.core.main.TestCaseExecutor.accessMainPhase(TestCaseExecutor.java:407)
	at com.kms.katalon.core.main.TestCaseExecutor.execute(TestCaseExecutor.java:284)
	at com.kms.katalon.core.common.CommonExecutor.accessTestCaseMainPhase(CommonExecutor.java:65)
	at com.kms.katalon.core.main.TestSuiteExecutor.accessTestSuiteMainPhase(TestSuiteExecutor.java:144)
	at com.kms.katalon.core.main.TestSuiteExecutor.execute(TestSuiteExecutor.java:106)
	at com.kms.katalon.core.main.TestCaseMain.startTestSuite(TestCaseMain.java:185)
	at com.kms.katalon.core.main.TestCaseMain$startTestSuite$0.call(Unknown Source)
	at TempTestSuite1671555481448.run(TempTestSuite1671555481448.groovy:36)
Caused by: com.kms.katalon.core.webui.exception.WebElementNotFoundException: Web element with id: 'Object Repository/Daily/Simpan' located by '(//button[@type='button'])[20]' not found
	at com.kms.katalon.core.webui.common.WebUiCommonHelper.findWebElement(WebUiCommonHelper.java:1370)
	at com.kms.katalon.core.webui.keyword.internal.WebUIAbstractKeyword.findWebElement(WebUIAbstractKeyword.groovy:27)
	at com.kms.katalon.core.webui.keyword.builtin.ClickKeyword$_click_closure1.doCall(ClickKeyword.groovy:65)
	at com.kms.katalon.core.webui.keyword.builtin.ClickKeyword$_click_closure1.call(ClickKeyword.groovy)
	at com.kms.katalon.core.webui.keyword.internal.WebUIKeywordMain.runKeyword(WebUIKeywordMain.groovy:20)
	... 19 more


2022-12-21 00:12:29 - [TEST_STEP][PASSED] - openBrowser(""): Browser is opened with url: ''

2022-12-21 00:12:29 - [MESSAGE][WARNING] - A browser is already opened. Closing browser and opening a new one

2022-12-21 00:12:30 - [MESSAGE][INFO] - Starting 'Chrome' driver

2022-12-21 00:12:30 - [MESSAGE][INFO] - Action delay is set to 0 milliseconds

2022-12-21 00:12:31 - [MESSAGE][PASSED] - Browser is opened with url: ''

2022-12-21 00:12:31 - [TEST_STEP][PASSED] - maximizeWindow(): Current window maximized

2022-12-21 00:12:32 - [MESSAGE][PASSED] - Current window maximized

2022-12-21 00:12:32 - [TEST_STEP][PASSED] - navigateToUrl("https://tes-capstone-website.vercel.app/admin/login"): Navigate to 'https://tes-capstone-website.vercel.app/admin/login' successfully

2022-12-21 00:12:36 - [MESSAGE][PASSED] - Navigate to 'https://tes-capstone-website.vercel.app/admin/login' successfully

2022-12-21 00:12:36 - [TEST_STEP][PASSED] - setText(findTestObject("Auth/Email"), "admin@nyakit.in"): Text 'admin@nyakit.in' is set on object 'Object Repository/Auth/Email'

2022-12-21 00:12:37 - [MESSAGE][PASSED] - Text 'admin@nyakit.in' is set on object 'Object Repository/Auth/Email'

2022-12-21 00:12:37 - [TEST_STEP][PASSED] - setText(findTestObject("Auth/Password"), "@Password123"): Text '@Password123' is set on object 'Object Repository/Auth/Password'

2022-12-21 00:12:39 - [MESSAGE][PASSED] - Text '@Password123' is set on object 'Object Repository/Auth/Password'

2022-12-21 00:12:39 - [TEST_STEP][PASSED] - click(findTestObject("Auth/LoginButton")): Object: 'Object Repository/Auth/LoginButton' is clicked on

2022-12-21 00:12:39 - [MESSAGE][PASSED] - Object: 'Object Repository/Auth/LoginButton' is clicked on

2022-12-21 00:12:39 - [TEST_STEP][PASSED] - click(findTestObject("ManageProduct/Product")): Object: 'Object Repository/ManageProduct/Product' is clicked on

2022-12-21 00:12:42 - [MESSAGE][PASSED] - Object: 'Object Repository/ManageProduct/Product' is clicked on

2022-12-21 00:12:42 - [TEST_STEP][PASSED] - click(findTestObject("ManageProduct/Entertainment")): Object: 'Object Repository/ManageProduct/Entertainment' is clicked on

2022-12-21 00:12:43 - [MESSAGE][PASSED] - Object: 'Object Repository/ManageProduct/Entertainment' is clicked on

2022-12-21 00:12:43 - [TEST_STEP][PASSED] - click(findTestObject("Daily/TambahProduk")): Object: 'Object Repository/Daily/TambahProduk' is clicked on

2022-12-21 00:12:45 - [MESSAGE][PASSED] - Object: 'Object Repository/Daily/TambahProduk' is clicked on

2022-12-21 00:12:45 - [TEST_STEP][PASSED] - setText(findTestObject("Daily/Gambar"), "Mobile Legend"): Text 'Mobile Legend' is set on object 'Object Repository/Daily/Gambar'

2022-12-21 00:12:46 - [MESSAGE][PASSED] - Text 'Mobile Legend' is set on object 'Object Repository/Daily/Gambar'

2022-12-21 00:12:46 - [TEST_STEP][PASSED] - setText(findTestObject("Daily/KodeProduk"), "01ml"): Text '01ml' is set on object 'Object Repository/Daily/KodeProduk'

2022-12-21 00:12:47 - [MESSAGE][PASSED] - Text '01ml' is set on object 'Object Repository/Daily/KodeProduk'

2022-12-21 00:12:47 - [TEST_STEP][PASSED] - setText(findTestObject("Daily/Deskripsi"), "Diamond Mobile Legend"): Text 'Diamond Mobile Legend' is set on object 'Object Repository/Daily/Deskripsi'

2022-12-21 00:12:48 - [MESSAGE][PASSED] - Text 'Diamond Mobile Legend' is set on object 'Object Repository/Daily/Deskripsi'

2022-12-21 00:12:48 - [TEST_STEP][PASSED] - selectOptionByValue(findTestObject("Daily/PilihDisini"), "Games", true): All options with value 'Games' are selected in object 'Object Repository/Daily/PilihDisini'  using regular expression

2022-12-21 00:12:49 - [MESSAGE][PASSED] - All options with value 'Games' are selected in object 'Object Repository/Daily/PilihDisini'  using regular expression

2022-12-21 00:12:49 - [TEST_STEP][PASSED] - setText(findTestObject("Daily/Harga"), "50500"): Text '50500' is set on object 'Object Repository/Daily/Harga'

2022-12-21 00:12:50 - [MESSAGE][PASSED] - Text '50500' is set on object 'Object Repository/Daily/Harga'

2022-12-21 00:12:50 - [TEST_STEP][FAILED] - click(findTestObject("Daily/Simpan")): Unable to click on object 'Object Repository/Daily/Simpan' (Root cause: com.kms.katalon.core.exception.StepFailedException: Unable to click on object 'Object Repository/Daily/Simpan'
	at com.kms.katalon.core.webui.keyword.internal.WebUIKeywordMain.stepFailed(WebUIKeywordMain.groovy:64)
	at com.kms.katalon.core.webui.keyword.internal.WebUIKeywordMain.runKeyword(WebUIKeywordMain.groovy:26)
	at com.kms.katalon.core.webui.keyword.builtin.ClickKeyword.click(ClickKeyword.groovy:74)
	at com.kms.katalon.core.webui.keyword.builtin.ClickKeyword.execute(ClickKeyword.groovy:40)
	at com.kms.katalon.core.keyword.internal.KeywordExecutor.executeKeywordForPlatform(KeywordExecutor.groovy:74)
	at com.kms.katalon.core.webui.keyword.WebUiBuiltInKeywords.click(WebUiBuiltInKeywords.groovy:620)
	at com.kms.katalon.core.webui.keyword.WebUiBuiltInKeywords$click$2.call(Unknown Source)
	at BD029_EnterWithoutNominal.run(BD029_EnterWithoutNominal:48)
	at com.kms.katalon.core.main.ScriptEngine.run(ScriptEngine.java:194)
	at com.kms.katalon.core.main.ScriptEngine.runScriptAsRawText(ScriptEngine.java:119)
	at com.kms.katalon.core.main.TestCaseExecutor.runScript(TestCaseExecutor.java:445)
	at com.kms.katalon.core.main.TestCaseExecutor.doExecute(TestCaseExecutor.java:436)
	at com.kms.katalon.core.main.TestCaseExecutor.processExecutionPhase(TestCaseExecutor.java:415)
	at com.kms.katalon.core.main.TestCaseExecutor.accessMainPhase(TestCaseExecutor.java:407)
	at com.kms.katalon.core.main.TestCaseExecutor.execute(TestCaseExecutor.java:284)
	at com.kms.katalon.core.common.CommonExecutor.accessTestCaseMainPhase(CommonExecutor.java:65)
	at com.kms.katalon.core.main.TestSuiteExecutor.accessTestSuiteMainPhase(TestSuiteExecutor.java:144)
	at com.kms.katalon.core.main.TestSuiteExecutor.execute(TestSuiteExecutor.java:106)
	at com.kms.katalon.core.main.TestCaseMain.startTestSuite(TestCaseMain.java:185)
	at com.kms.katalon.core.main.TestCaseMain$startTestSuite$0.call(Unknown Source)
	at TempTestSuite1671555481448.run(TempTestSuite1671555481448.groovy:36)
Caused by: com.kms.katalon.core.webui.exception.WebElementNotFoundException: Web element with id: 'Object Repository/Daily/Simpan' located by '(//button[@type='button'])[20]' not found
	at com.kms.katalon.core.webui.common.WebUiCommonHelper.findWebElement(WebUiCommonHelper.java:1370)
	at com.kms.katalon.core.webui.keyword.internal.WebUIAbstractKeyword.findWebElement(WebUIAbstractKeyword.groovy:27)
	at com.kms.katalon.core.webui.keyword.builtin.ClickKeyword$_click_closure1.doCall(ClickKeyword.groovy:65)
	at com.kms.katalon.core.webui.keyword.builtin.ClickKeyword$_click_closure1.call(ClickKeyword.groovy)
	at com.kms.katalon.core.webui.keyword.internal.WebUIKeywordMain.runKeyword(WebUIKeywordMain.groovy:20)
	at com.kms.katalon.core.webui.keyword.builtin.ClickKeyword.click(ClickKeyword.groovy:74)
	at com.kms.katalon.core.webui.keyword.builtin.ClickKeyword.execute(ClickKeyword.groovy:40)
	at com.kms.katalon.core.keyword.internal.KeywordExecutor.executeKeywordForPlatform(KeywordExecutor.groovy:74)
	at com.kms.katalon.core.webui.keyword.WebUiBuiltInKeywords.click(WebUiBuiltInKeywords.groovy:620)
	at com.kms.katalon.core.webui.keyword.WebUiBuiltInKeywords$click$2.call(Unknown Source)
	at Script1671555157533.run(Script1671555157533.groovy:48)
	... 13 more
)

2022-12-21 00:13:22 - [MESSAGE][INFO] - Unable to find the element located by 'By.xpath: (//button[@type='button'])[20]'. Please recheck the objects properties to make sure the desired element is located. 

2022-12-21 00:13:22 - [MESSAGE][FAILED] - Unable to click on object 'Object Repository/Daily/Simpan' (Root cause: com.kms.katalon.core.exception.StepFailedException: Unable to click on object 'Object Repository/Daily/Simpan'
	at com.kms.katalon.core.webui.keyword.internal.WebUIKeywordMain.stepFailed(WebUIKeywordMain.groovy:64)
	at com.kms.katalon.core.webui.keyword.internal.WebUIKeywordMain.runKeyword(WebUIKeywordMain.groovy:26)
	at com.kms.katalon.core.webui.keyword.builtin.ClickKeyword.click(ClickKeyword.groovy:74)
	at com.kms.katalon.core.webui.keyword.builtin.ClickKeyword.execute(ClickKeyword.groovy:40)
	at com.kms.katalon.core.keyword.internal.KeywordExecutor.executeKeywordForPlatform(KeywordExecutor.groovy:74)
	at com.kms.katalon.core.webui.keyword.WebUiBuiltInKeywords.click(WebUiBuiltInKeywords.groovy:620)
	at com.kms.katalon.core.webui.keyword.WebUiBuiltInKeywords$click$2.call(Unknown Source)
	at BD029_EnterWithoutNominal.run(BD029_EnterWithoutNominal:48)
	at com.kms.katalon.core.main.ScriptEngine.run(ScriptEngine.java:194)
	at com.kms.katalon.core.main.ScriptEngine.runScriptAsRawText(ScriptEngine.java:119)
	at com.kms.katalon.core.main.TestCaseExecutor.runScript(TestCaseExecutor.java:445)
	at com.kms.katalon.core.main.TestCaseExecutor.doExecute(TestCaseExecutor.java:436)
	at com.kms.katalon.core.main.TestCaseExecutor.processExecutionPhase(TestCaseExecutor.java:415)
	at com.kms.katalon.core.main.TestCaseExecutor.accessMainPhase(TestCaseExecutor.java:407)
	at com.kms.katalon.core.main.TestCaseExecutor.execute(TestCaseExecutor.java:284)
	at com.kms.katalon.core.common.CommonExecutor.accessTestCaseMainPhase(CommonExecutor.java:65)
	at com.kms.katalon.core.main.TestSuiteExecutor.accessTestSuiteMainPhase(TestSuiteExecutor.java:144)
	at com.kms.katalon.core.main.TestSuiteExecutor.execute(TestSuiteExecutor.java:106)
	at com.kms.katalon.core.main.TestCaseMain.startTestSuite(TestCaseMain.java:185)
	at com.kms.katalon.core.main.TestCaseMain$startTestSuite$0.call(Unknown Source)
	at TempTestSuite1671555481448.run(TempTestSuite1671555481448.groovy:36)
Caused by: com.kms.katalon.core.webui.exception.WebElementNotFoundException: Web element with id: 'Object Repository/Daily/Simpan' located by '(//button[@type='button'])[20]' not found
	at com.kms.katalon.core.webui.common.WebUiCommonHelper.findWebElement(WebUiCommonHelper.java:1370)
	at com.kms.katalon.core.webui.keyword.internal.WebUIAbstractKeyword.findWebElement(WebUIAbstractKeyword.groovy:27)
	at com.kms.katalon.core.webui.keyword.builtin.ClickKeyword$_click_closure1.doCall(ClickKeyword.groovy:65)
	at com.kms.katalon.core.webui.keyword.builtin.ClickKeyword$_click_closure1.call(ClickKeyword.groovy)
	at com.kms.katalon.core.webui.keyword.internal.WebUIKeywordMain.runKeyword(WebUIKeywordMain.groovy:20)
	at com.kms.katalon.core.webui.keyword.builtin.ClickKeyword.click(ClickKeyword.groovy:74)
	at com.kms.katalon.core.webui.keyword.builtin.ClickKeyword.execute(ClickKeyword.groovy:40)
	at com.kms.katalon.core.keyword.internal.KeywordExecutor.executeKeywordForPlatform(KeywordExecutor.groovy:74)
	at com.kms.katalon.core.webui.keyword.WebUiBuiltInKeywords.click(WebUiBuiltInKeywords.groovy:620)
	at com.kms.katalon.core.webui.keyword.WebUiBuiltInKeywords$click$2.call(Unknown Source)
	at Script1671555157533.run(Script1671555157533.groovy:48)
	... 13 more
)
[[ATTACHMENT|C:\\Users\\User\\git\\QE_Web\\Reports\\20221220_235801\\RegressionWeb\\20221220_235801\\1671556402129.png]]]]></system-out>
         <system-err><![CDATA[2022-12-21 00:12:29 - [TEST_CASE][FAILED] - Test Cases/BD029_EnterWithoutNominal: Test Cases/BD029_EnterWithoutNominal FAILED.
Reason:
com.kms.katalon.core.exception.StepFailedException: Unable to click on object 'Object Repository/Daily/Simpan'
	at com.kms.katalon.core.webui.keyword.internal.WebUIKeywordMain.stepFailed(WebUIKeywordMain.groovy:64)
	at com.kms.katalon.core.webui.keyword.internal.WebUIKeywordMain.runKeyword(WebUIKeywordMain.groovy:26)
	at com.kms.katalon.core.webui.keyword.builtin.ClickKeyword.click(ClickKeyword.groovy:74)
	at com.kms.katalon.core.webui.keyword.builtin.ClickKeyword.execute(ClickKeyword.groovy:40)
	at com.kms.katalon.core.keyword.internal.KeywordExecutor.executeKeywordForPlatform(KeywordExecutor.groovy:74)
	at com.kms.katalon.core.webui.keyword.WebUiBuiltInKeywords.click(WebUiBuiltInKeywords.groovy:620)
	at com.kms.katalon.core.webui.keyword.WebUiBuiltInKeywords$click$2.call(Unknown Source)
	at BD029_EnterWithoutNominal.run(BD029_EnterWithoutNominal:48)
	at com.kms.katalon.core.main.ScriptEngine.run(ScriptEngine.java:194)
	at com.kms.katalon.core.main.ScriptEngine.runScriptAsRawText(ScriptEngine.java:119)
	at com.kms.katalon.core.main.TestCaseExecutor.runScript(TestCaseExecutor.java:445)
	at com.kms.katalon.core.main.TestCaseExecutor.doExecute(TestCaseExecutor.java:436)
	at com.kms.katalon.core.main.TestCaseExecutor.processExecutionPhase(TestCaseExecutor.java:415)
	at com.kms.katalon.core.main.TestCaseExecutor.accessMainPhase(TestCaseExecutor.java:407)
	at com.kms.katalon.core.main.TestCaseExecutor.execute(TestCaseExecutor.java:284)
	at com.kms.katalon.core.common.CommonExecutor.accessTestCaseMainPhase(CommonExecutor.java:65)
	at com.kms.katalon.core.main.TestSuiteExecutor.accessTestSuiteMainPhase(TestSuiteExecutor.java:144)
	at com.kms.katalon.core.main.TestSuiteExecutor.execute(TestSuiteExecutor.java:106)
	at com.kms.katalon.core.main.TestCaseMain.startTestSuite(TestCaseMain.java:185)
	at com.kms.katalon.core.main.TestCaseMain$startTestSuite$0.call(Unknown Source)
	at TempTestSuite1671555481448.run(TempTestSuite1671555481448.groovy:36)
Caused by: com.kms.katalon.core.webui.exception.WebElementNotFoundException: Web element with id: 'Object Repository/Daily/Simpan' located by '(//button[@type='button'])[20]' not found
	at com.kms.katalon.core.webui.common.WebUiCommonHelper.findWebElement(WebUiCommonHelper.java:1370)
	at com.kms.katalon.core.webui.keyword.internal.WebUIAbstractKeyword.findWebElement(WebUIAbstractKeyword.groovy:27)
	at com.kms.katalon.core.webui.keyword.builtin.ClickKeyword$_click_closure1.doCall(ClickKeyword.groovy:65)
	at com.kms.katalon.core.webui.keyword.builtin.ClickKeyword$_click_closure1.call(ClickKeyword.groovy)
	at com.kms.katalon.core.webui.keyword.internal.WebUIKeywordMain.runKeyword(WebUIKeywordMain.groovy:20)
	... 19 more]]></system-err>
      </testcase>
      <testcase name="Test Cases/BD030_EnterWithoutKategori" time="51.769" classname="Test Cases/BD030_EnterWithoutKategori" status="FAILED">
         <failure type="FAILED" message="Test Cases/BD030_EnterWithoutKategori FAILED.
Reason:
com.kms.katalon.core.exception.StepFailedException: Unable to click on object 'Object Repository/Daily/Simpan'
	at com.kms.katalon.core.webui.keyword.internal.WebUIKeywordMain.stepFailed(WebUIKeywordMain.groovy:64)
	at com.kms.katalon.core.webui.keyword.internal.WebUIKeywordMain.runKeyword(WebUIKeywordMain.groovy:26)
	at com.kms.katalon.core.webui.keyword.builtin.ClickKeyword.click(ClickKeyword.groovy:74)
	at com.kms.katalon.core.webui.keyword.builtin.ClickKeyword.execute(ClickKeyword.groovy:40)
	at com.kms.katalon.core.keyword.internal.KeywordExecutor.executeKeywordForPlatform(KeywordExecutor.groovy:74)
	at com.kms.katalon.core.webui.keyword.WebUiBuiltInKeywords.click(WebUiBuiltInKeywords.groovy:620)
	at com.kms.katalon.core.webui.keyword.WebUiBuiltInKeywords$click$2.call(Unknown Source)
	at BD030_EnterWithoutKategori.run(BD030_EnterWithoutKategori:48)
	at com.kms.katalon.core.main.ScriptEngine.run(ScriptEngine.java:194)
	at com.kms.katalon.core.main.ScriptEngine.runScriptAsRawText(ScriptEngine.java:119)
	at com.kms.katalon.core.main.TestCaseExecutor.runScript(TestCaseExecutor.java:445)
	at com.kms.katalon.core.main.TestCaseExecutor.doExecute(TestCaseExecutor.java:436)
	at com.kms.katalon.core.main.TestCaseExecutor.processExecutionPhase(TestCaseExecutor.java:415)
	at com.kms.katalon.core.main.TestCaseExecutor.accessMainPhase(TestCaseExecutor.java:407)
	at com.kms.katalon.core.main.TestCaseExecutor.execute(TestCaseExecutor.java:284)
	at com.kms.katalon.core.common.CommonExecutor.accessTestCaseMainPhase(CommonExecutor.java:65)
	at com.kms.katalon.core.main.TestSuiteExecutor.accessTestSuiteMainPhase(TestSuiteExecutor.java:144)
	at com.kms.katalon.core.main.TestSuiteExecutor.execute(TestSuiteExecutor.java:106)
	at com.kms.katalon.core.main.TestCaseMain.startTestSuite(TestCaseMain.java:185)
	at com.kms.katalon.core.main.TestCaseMain$startTestSuite$0.call(Unknown Source)
	at TempTestSuite1671555481448.run(TempTestSuite1671555481448.groovy:36)
Caused by: com.kms.katalon.core.webui.exception.WebElementNotFoundException: Web element with id: 'Object Repository/Daily/Simpan' located by '(//button[@type='button'])[20]' not found
	at com.kms.katalon.core.webui.common.WebUiCommonHelper.findWebElement(WebUiCommonHelper.java:1370)
	at com.kms.katalon.core.webui.keyword.internal.WebUIAbstractKeyword.findWebElement(WebUIAbstractKeyword.groovy:27)
	at com.kms.katalon.core.webui.keyword.builtin.ClickKeyword$_click_closure1.doCall(ClickKeyword.groovy:65)
	at com.kms.katalon.core.webui.keyword.builtin.ClickKeyword$_click_closure1.call(ClickKeyword.groovy)
	at com.kms.katalon.core.webui.keyword.internal.WebUIKeywordMain.runKeyword(WebUIKeywordMain.groovy:20)
	... 19 more
"/>
         <system-out><![CDATA[2022-12-21 00:13:22 - [TEST_CASE][FAILED] - Test Cases/BD030_EnterWithoutKategori: Test Cases/BD030_EnterWithoutKategori FAILED.
Reason:
com.kms.katalon.core.exception.StepFailedException: Unable to click on object 'Object Repository/Daily/Simpan'
	at com.kms.katalon.core.webui.keyword.internal.WebUIKeywordMain.stepFailed(WebUIKeywordMain.groovy:64)
	at com.kms.katalon.core.webui.keyword.internal.WebUIKeywordMain.runKeyword(WebUIKeywordMain.groovy:26)
	at com.kms.katalon.core.webui.keyword.builtin.ClickKeyword.click(ClickKeyword.groovy:74)
	at com.kms.katalon.core.webui.keyword.builtin.ClickKeyword.execute(ClickKeyword.groovy:40)
	at com.kms.katalon.core.keyword.internal.KeywordExecutor.executeKeywordForPlatform(KeywordExecutor.groovy:74)
	at com.kms.katalon.core.webui.keyword.WebUiBuiltInKeywords.click(WebUiBuiltInKeywords.groovy:620)
	at com.kms.katalon.core.webui.keyword.WebUiBuiltInKeywords$click$2.call(Unknown Source)
	at BD030_EnterWithoutKategori.run(BD030_EnterWithoutKategori:48)
	at com.kms.katalon.core.main.ScriptEngine.run(ScriptEngine.java:194)
	at com.kms.katalon.core.main.ScriptEngine.runScriptAsRawText(ScriptEngine.java:119)
	at com.kms.katalon.core.main.TestCaseExecutor.runScript(TestCaseExecutor.java:445)
	at com.kms.katalon.core.main.TestCaseExecutor.doExecute(TestCaseExecutor.java:436)
	at com.kms.katalon.core.main.TestCaseExecutor.processExecutionPhase(TestCaseExecutor.java:415)
	at com.kms.katalon.core.main.TestCaseExecutor.accessMainPhase(TestCaseExecutor.java:407)
	at com.kms.katalon.core.main.TestCaseExecutor.execute(TestCaseExecutor.java:284)
	at com.kms.katalon.core.common.CommonExecutor.accessTestCaseMainPhase(CommonExecutor.java:65)
	at com.kms.katalon.core.main.TestSuiteExecutor.accessTestSuiteMainPhase(TestSuiteExecutor.java:144)
	at com.kms.katalon.core.main.TestSuiteExecutor.execute(TestSuiteExecutor.java:106)
	at com.kms.katalon.core.main.TestCaseMain.startTestSuite(TestCaseMain.java:185)
	at com.kms.katalon.core.main.TestCaseMain$startTestSuite$0.call(Unknown Source)
	at TempTestSuite1671555481448.run(TempTestSuite1671555481448.groovy:36)
Caused by: com.kms.katalon.core.webui.exception.WebElementNotFoundException: Web element with id: 'Object Repository/Daily/Simpan' located by '(//button[@type='button'])[20]' not found
	at com.kms.katalon.core.webui.common.WebUiCommonHelper.findWebElement(WebUiCommonHelper.java:1370)
	at com.kms.katalon.core.webui.keyword.internal.WebUIAbstractKeyword.findWebElement(WebUIAbstractKeyword.groovy:27)
	at com.kms.katalon.core.webui.keyword.builtin.ClickKeyword$_click_closure1.doCall(ClickKeyword.groovy:65)
	at com.kms.katalon.core.webui.keyword.builtin.ClickKeyword$_click_closure1.call(ClickKeyword.groovy)
	at com.kms.katalon.core.webui.keyword.internal.WebUIKeywordMain.runKeyword(WebUIKeywordMain.groovy:20)
	... 19 more


2022-12-21 00:13:22 - [TEST_STEP][PASSED] - openBrowser(""): Browser is opened with url: ''

2022-12-21 00:13:22 - [MESSAGE][WARNING] - A browser is already opened. Closing browser and opening a new one

2022-12-21 00:13:23 - [MESSAGE][INFO] - Starting 'Chrome' driver

2022-12-21 00:13:23 - [MESSAGE][INFO] - Action delay is set to 0 milliseconds

2022-12-21 00:13:24 - [MESSAGE][PASSED] - Browser is opened with url: ''

2022-12-21 00:13:24 - [TEST_STEP][PASSED] - maximizeWindow(): Current window maximized

2022-12-21 00:13:24 - [MESSAGE][PASSED] - Current window maximized

2022-12-21 00:13:24 - [TEST_STEP][PASSED] - navigateToUrl("https://tes-capstone-website.vercel.app/admin/login"): Navigate to 'https://tes-capstone-website.vercel.app/admin/login' successfully

2022-12-21 00:13:30 - [MESSAGE][PASSED] - Navigate to 'https://tes-capstone-website.vercel.app/admin/login' successfully

2022-12-21 00:13:30 - [TEST_STEP][PASSED] - setText(findTestObject("Auth/Email"), "admin@nyakit.in"): Text 'admin@nyakit.in' is set on object 'Object Repository/Auth/Email'

2022-12-21 00:13:31 - [MESSAGE][PASSED] - Text 'admin@nyakit.in' is set on object 'Object Repository/Auth/Email'

2022-12-21 00:13:31 - [TEST_STEP][PASSED] - setText(findTestObject("Auth/Password"), "@Password123"): Text '@Password123' is set on object 'Object Repository/Auth/Password'

2022-12-21 00:13:32 - [MESSAGE][PASSED] - Text '@Password123' is set on object 'Object Repository/Auth/Password'

2022-12-21 00:13:32 - [TEST_STEP][PASSED] - click(findTestObject("Auth/LoginButton")): Object: 'Object Repository/Auth/LoginButton' is clicked on

2022-12-21 00:13:33 - [MESSAGE][PASSED] - Object: 'Object Repository/Auth/LoginButton' is clicked on

2022-12-21 00:13:33 - [TEST_STEP][PASSED] - click(findTestObject("ManageProduct/Product")): Object: 'Object Repository/ManageProduct/Product' is clicked on

2022-12-21 00:13:36 - [MESSAGE][PASSED] - Object: 'Object Repository/ManageProduct/Product' is clicked on

2022-12-21 00:13:36 - [TEST_STEP][PASSED] - click(findTestObject("ManageProduct/Entertainment")): Object: 'Object Repository/ManageProduct/Entertainment' is clicked on

2022-12-21 00:13:37 - [MESSAGE][PASSED] - Object: 'Object Repository/ManageProduct/Entertainment' is clicked on

2022-12-21 00:13:37 - [TEST_STEP][PASSED] - click(findTestObject("Daily/TambahProduk")): Object: 'Object Repository/Daily/TambahProduk' is clicked on

2022-12-21 00:13:38 - [MESSAGE][PASSED] - Object: 'Object Repository/Daily/TambahProduk' is clicked on

2022-12-21 00:13:38 - [TEST_STEP][PASSED] - setText(findTestObject("Daily/Gambar"), "Mobile Legend"): Text 'Mobile Legend' is set on object 'Object Repository/Daily/Gambar'

2022-12-21 00:13:39 - [MESSAGE][PASSED] - Text 'Mobile Legend' is set on object 'Object Repository/Daily/Gambar'

2022-12-21 00:13:39 - [TEST_STEP][PASSED] - setText(findTestObject("Daily/KodeProduk"), "01ml"): Text '01ml' is set on object 'Object Repository/Daily/KodeProduk'

2022-12-21 00:13:40 - [MESSAGE][PASSED] - Text '01ml' is set on object 'Object Repository/Daily/KodeProduk'

2022-12-21 00:13:40 - [TEST_STEP][PASSED] - setText(findTestObject("Daily/Deskripsi"), "Diamond Mobile Legend"): Text 'Diamond Mobile Legend' is set on object 'Object Repository/Daily/Deskripsi'

2022-12-21 00:13:41 - [MESSAGE][PASSED] - Text 'Diamond Mobile Legend' is set on object 'Object Repository/Daily/Deskripsi'

2022-12-21 00:13:41 - [TEST_STEP][PASSED] - setText(findTestObject("Daily/Nominal"), "50000"): Text '50000' is set on object 'Object Repository/Daily/Nominal'

2022-12-21 00:13:42 - [MESSAGE][PASSED] - Text '50000' is set on object 'Object Repository/Daily/Nominal'

2022-12-21 00:13:42 - [TEST_STEP][PASSED] - setText(findTestObject("Daily/Harga"), "50500"): Text '50500' is set on object 'Object Repository/Daily/Harga'

2022-12-21 00:13:42 - [MESSAGE][PASSED] - Text '50500' is set on object 'Object Repository/Daily/Harga'

2022-12-21 00:13:42 - [TEST_STEP][FAILED] - click(findTestObject("Daily/Simpan")): Unable to click on object 'Object Repository/Daily/Simpan' (Root cause: com.kms.katalon.core.exception.StepFailedException: Unable to click on object 'Object Repository/Daily/Simpan'
	at com.kms.katalon.core.webui.keyword.internal.WebUIKeywordMain.stepFailed(WebUIKeywordMain.groovy:64)
	at com.kms.katalon.core.webui.keyword.internal.WebUIKeywordMain.runKeyword(WebUIKeywordMain.groovy:26)
	at com.kms.katalon.core.webui.keyword.builtin.ClickKeyword.click(ClickKeyword.groovy:74)
	at com.kms.katalon.core.webui.keyword.builtin.ClickKeyword.execute(ClickKeyword.groovy:40)
	at com.kms.katalon.core.keyword.internal.KeywordExecutor.executeKeywordForPlatform(KeywordExecutor.groovy:74)
	at com.kms.katalon.core.webui.keyword.WebUiBuiltInKeywords.click(WebUiBuiltInKeywords.groovy:620)
	at com.kms.katalon.core.webui.keyword.WebUiBuiltInKeywords$click$2.call(Unknown Source)
	at BD030_EnterWithoutKategori.run(BD030_EnterWithoutKategori:48)
	at com.kms.katalon.core.main.ScriptEngine.run(ScriptEngine.java:194)
	at com.kms.katalon.core.main.ScriptEngine.runScriptAsRawText(ScriptEngine.java:119)
	at com.kms.katalon.core.main.TestCaseExecutor.runScript(TestCaseExecutor.java:445)
	at com.kms.katalon.core.main.TestCaseExecutor.doExecute(TestCaseExecutor.java:436)
	at com.kms.katalon.core.main.TestCaseExecutor.processExecutionPhase(TestCaseExecutor.java:415)
	at com.kms.katalon.core.main.TestCaseExecutor.accessMainPhase(TestCaseExecutor.java:407)
	at com.kms.katalon.core.main.TestCaseExecutor.execute(TestCaseExecutor.java:284)
	at com.kms.katalon.core.common.CommonExecutor.accessTestCaseMainPhase(CommonExecutor.java:65)
	at com.kms.katalon.core.main.TestSuiteExecutor.accessTestSuiteMainPhase(TestSuiteExecutor.java:144)
	at com.kms.katalon.core.main.TestSuiteExecutor.execute(TestSuiteExecutor.java:106)
	at com.kms.katalon.core.main.TestCaseMain.startTestSuite(TestCaseMain.java:185)
	at com.kms.katalon.core.main.TestCaseMain$startTestSuite$0.call(Unknown Source)
	at TempTestSuite1671555481448.run(TempTestSuite1671555481448.groovy:36)
Caused by: com.kms.katalon.core.webui.exception.WebElementNotFoundException: Web element with id: 'Object Repository/Daily/Simpan' located by '(//button[@type='button'])[20]' not found
	at com.kms.katalon.core.webui.common.WebUiCommonHelper.findWebElement(WebUiCommonHelper.java:1370)
	at com.kms.katalon.core.webui.keyword.internal.WebUIAbstractKeyword.findWebElement(WebUIAbstractKeyword.groovy:27)
	at com.kms.katalon.core.webui.keyword.builtin.ClickKeyword$_click_closure1.doCall(ClickKeyword.groovy:65)
	at com.kms.katalon.core.webui.keyword.builtin.ClickKeyword$_click_closure1.call(ClickKeyword.groovy)
	at com.kms.katalon.core.webui.keyword.internal.WebUIKeywordMain.runKeyword(WebUIKeywordMain.groovy:20)
	at com.kms.katalon.core.webui.keyword.builtin.ClickKeyword.click(ClickKeyword.groovy:74)
	at com.kms.katalon.core.webui.keyword.builtin.ClickKeyword.execute(ClickKeyword.groovy:40)
	at com.kms.katalon.core.keyword.internal.KeywordExecutor.executeKeywordForPlatform(KeywordExecutor.groovy:74)
	at com.kms.katalon.core.webui.keyword.WebUiBuiltInKeywords.click(WebUiBuiltInKeywords.groovy:620)
	at com.kms.katalon.core.webui.keyword.WebUiBuiltInKeywords$click$2.call(Unknown Source)
	at Script1671555192461.run(Script1671555192461.groovy:48)
	... 13 more
)

2022-12-21 00:14:13 - [MESSAGE][INFO] - Unable to find the element located by 'By.xpath: (//button[@type='button'])[20]'. Please recheck the objects properties to make sure the desired element is located. 

2022-12-21 00:14:14 - [MESSAGE][FAILED] - Unable to click on object 'Object Repository/Daily/Simpan' (Root cause: com.kms.katalon.core.exception.StepFailedException: Unable to click on object 'Object Repository/Daily/Simpan'
	at com.kms.katalon.core.webui.keyword.internal.WebUIKeywordMain.stepFailed(WebUIKeywordMain.groovy:64)
	at com.kms.katalon.core.webui.keyword.internal.WebUIKeywordMain.runKeyword(WebUIKeywordMain.groovy:26)
	at com.kms.katalon.core.webui.keyword.builtin.ClickKeyword.click(ClickKeyword.groovy:74)
	at com.kms.katalon.core.webui.keyword.builtin.ClickKeyword.execute(ClickKeyword.groovy:40)
	at com.kms.katalon.core.keyword.internal.KeywordExecutor.executeKeywordForPlatform(KeywordExecutor.groovy:74)
	at com.kms.katalon.core.webui.keyword.WebUiBuiltInKeywords.click(WebUiBuiltInKeywords.groovy:620)
	at com.kms.katalon.core.webui.keyword.WebUiBuiltInKeywords$click$2.call(Unknown Source)
	at BD030_EnterWithoutKategori.run(BD030_EnterWithoutKategori:48)
	at com.kms.katalon.core.main.ScriptEngine.run(ScriptEngine.java:194)
	at com.kms.katalon.core.main.ScriptEngine.runScriptAsRawText(ScriptEngine.java:119)
	at com.kms.katalon.core.main.TestCaseExecutor.runScript(TestCaseExecutor.java:445)
	at com.kms.katalon.core.main.TestCaseExecutor.doExecute(TestCaseExecutor.java:436)
	at com.kms.katalon.core.main.TestCaseExecutor.processExecutionPhase(TestCaseExecutor.java:415)
	at com.kms.katalon.core.main.TestCaseExecutor.accessMainPhase(TestCaseExecutor.java:407)
	at com.kms.katalon.core.main.TestCaseExecutor.execute(TestCaseExecutor.java:284)
	at com.kms.katalon.core.common.CommonExecutor.accessTestCaseMainPhase(CommonExecutor.java:65)
	at com.kms.katalon.core.main.TestSuiteExecutor.accessTestSuiteMainPhase(TestSuiteExecutor.java:144)
	at com.kms.katalon.core.main.TestSuiteExecutor.execute(TestSuiteExecutor.java:106)
	at com.kms.katalon.core.main.TestCaseMain.startTestSuite(TestCaseMain.java:185)
	at com.kms.katalon.core.main.TestCaseMain$startTestSuite$0.call(Unknown Source)
	at TempTestSuite1671555481448.run(TempTestSuite1671555481448.groovy:36)
Caused by: com.kms.katalon.core.webui.exception.WebElementNotFoundException: Web element with id: 'Object Repository/Daily/Simpan' located by '(//button[@type='button'])[20]' not found
	at com.kms.katalon.core.webui.common.WebUiCommonHelper.findWebElement(WebUiCommonHelper.java:1370)
	at com.kms.katalon.core.webui.keyword.internal.WebUIAbstractKeyword.findWebElement(WebUIAbstractKeyword.groovy:27)
	at com.kms.katalon.core.webui.keyword.builtin.ClickKeyword$_click_closure1.doCall(ClickKeyword.groovy:65)
	at com.kms.katalon.core.webui.keyword.builtin.ClickKeyword$_click_closure1.call(ClickKeyword.groovy)
	at com.kms.katalon.core.webui.keyword.internal.WebUIKeywordMain.runKeyword(WebUIKeywordMain.groovy:20)
	at com.kms.katalon.core.webui.keyword.builtin.ClickKeyword.click(ClickKeyword.groovy:74)
	at com.kms.katalon.core.webui.keyword.builtin.ClickKeyword.execute(ClickKeyword.groovy:40)
	at com.kms.katalon.core.keyword.internal.KeywordExecutor.executeKeywordForPlatform(KeywordExecutor.groovy:74)
	at com.kms.katalon.core.webui.keyword.WebUiBuiltInKeywords.click(WebUiBuiltInKeywords.groovy:620)
	at com.kms.katalon.core.webui.keyword.WebUiBuiltInKeywords$click$2.call(Unknown Source)
	at Script1671555192461.run(Script1671555192461.groovy:48)
	... 13 more
)
[[ATTACHMENT|C:\\Users\\User\\git\\QE_Web\\Reports\\20221220_235801\\RegressionWeb\\20221220_235801\\1671556453989.png]]]]></system-out>
         <system-err><![CDATA[2022-12-21 00:13:22 - [TEST_CASE][FAILED] - Test Cases/BD030_EnterWithoutKategori: Test Cases/BD030_EnterWithoutKategori FAILED.
Reason:
com.kms.katalon.core.exception.StepFailedException: Unable to click on object 'Object Repository/Daily/Simpan'
	at com.kms.katalon.core.webui.keyword.internal.WebUIKeywordMain.stepFailed(WebUIKeywordMain.groovy:64)
	at com.kms.katalon.core.webui.keyword.internal.WebUIKeywordMain.runKeyword(WebUIKeywordMain.groovy:26)
	at com.kms.katalon.core.webui.keyword.builtin.ClickKeyword.click(ClickKeyword.groovy:74)
	at com.kms.katalon.core.webui.keyword.builtin.ClickKeyword.execute(ClickKeyword.groovy:40)
	at com.kms.katalon.core.keyword.internal.KeywordExecutor.executeKeywordForPlatform(KeywordExecutor.groovy:74)
	at com.kms.katalon.core.webui.keyword.WebUiBuiltInKeywords.click(WebUiBuiltInKeywords.groovy:620)
	at com.kms.katalon.core.webui.keyword.WebUiBuiltInKeywords$click$2.call(Unknown Source)
	at BD030_EnterWithoutKategori.run(BD030_EnterWithoutKategori:48)
	at com.kms.katalon.core.main.ScriptEngine.run(ScriptEngine.java:194)
	at com.kms.katalon.core.main.ScriptEngine.runScriptAsRawText(ScriptEngine.java:119)
	at com.kms.katalon.core.main.TestCaseExecutor.runScript(TestCaseExecutor.java:445)
	at com.kms.katalon.core.main.TestCaseExecutor.doExecute(TestCaseExecutor.java:436)
	at com.kms.katalon.core.main.TestCaseExecutor.processExecutionPhase(TestCaseExecutor.java:415)
	at com.kms.katalon.core.main.TestCaseExecutor.accessMainPhase(TestCaseExecutor.java:407)
	at com.kms.katalon.core.main.TestCaseExecutor.execute(TestCaseExecutor.java:284)
	at com.kms.katalon.core.common.CommonExecutor.accessTestCaseMainPhase(CommonExecutor.java:65)
	at com.kms.katalon.core.main.TestSuiteExecutor.accessTestSuiteMainPhase(TestSuiteExecutor.java:144)
	at com.kms.katalon.core.main.TestSuiteExecutor.execute(TestSuiteExecutor.java:106)
	at com.kms.katalon.core.main.TestCaseMain.startTestSuite(TestCaseMain.java:185)
	at com.kms.katalon.core.main.TestCaseMain$startTestSuite$0.call(Unknown Source)
	at TempTestSuite1671555481448.run(TempTestSuite1671555481448.groovy:36)
Caused by: com.kms.katalon.core.webui.exception.WebElementNotFoundException: Web element with id: 'Object Repository/Daily/Simpan' located by '(//button[@type='button'])[20]' not found
	at com.kms.katalon.core.webui.common.WebUiCommonHelper.findWebElement(WebUiCommonHelper.java:1370)
	at com.kms.katalon.core.webui.keyword.internal.WebUIAbstractKeyword.findWebElement(WebUIAbstractKeyword.groovy:27)
	at com.kms.katalon.core.webui.keyword.builtin.ClickKeyword$_click_closure1.doCall(ClickKeyword.groovy:65)
	at com.kms.katalon.core.webui.keyword.builtin.ClickKeyword$_click_closure1.call(ClickKeyword.groovy)
	at com.kms.katalon.core.webui.keyword.internal.WebUIKeywordMain.runKeyword(WebUIKeywordMain.groovy:20)
	... 19 more]]></system-err>
      </testcase>
      <testcase name="Test Cases/BD031_EnterWithoutHarga" time="49.106" classname="Test Cases/BD031_EnterWithoutHarga" status="FAILED">
         <failure type="FAILED" message="Test Cases/BD031_EnterWithoutHarga FAILED.
Reason:
com.kms.katalon.core.exception.StepFailedException: Unable to click on object 'Object Repository/Daily/Simpan'
	at com.kms.katalon.core.webui.keyword.internal.WebUIKeywordMain.stepFailed(WebUIKeywordMain.groovy:64)
	at com.kms.katalon.core.webui.keyword.internal.WebUIKeywordMain.runKeyword(WebUIKeywordMain.groovy:26)
	at com.kms.katalon.core.webui.keyword.builtin.ClickKeyword.click(ClickKeyword.groovy:74)
	at com.kms.katalon.core.webui.keyword.builtin.ClickKeyword.execute(ClickKeyword.groovy:40)
	at com.kms.katalon.core.keyword.internal.KeywordExecutor.executeKeywordForPlatform(KeywordExecutor.groovy:74)
	at com.kms.katalon.core.webui.keyword.WebUiBuiltInKeywords.click(WebUiBuiltInKeywords.groovy:620)
	at com.kms.katalon.core.webui.keyword.WebUiBuiltInKeywords$click$2.call(Unknown Source)
	at BD031_EnterWithoutHarga.run(BD031_EnterWithoutHarga:48)
	at com.kms.katalon.core.main.ScriptEngine.run(ScriptEngine.java:194)
	at com.kms.katalon.core.main.ScriptEngine.runScriptAsRawText(ScriptEngine.java:119)
	at com.kms.katalon.core.main.TestCaseExecutor.runScript(TestCaseExecutor.java:445)
	at com.kms.katalon.core.main.TestCaseExecutor.doExecute(TestCaseExecutor.java:436)
	at com.kms.katalon.core.main.TestCaseExecutor.processExecutionPhase(TestCaseExecutor.java:415)
	at com.kms.katalon.core.main.TestCaseExecutor.accessMainPhase(TestCaseExecutor.java:407)
	at com.kms.katalon.core.main.TestCaseExecutor.execute(TestCaseExecutor.java:284)
	at com.kms.katalon.core.common.CommonExecutor.accessTestCaseMainPhase(CommonExecutor.java:65)
	at com.kms.katalon.core.main.TestSuiteExecutor.accessTestSuiteMainPhase(TestSuiteExecutor.java:144)
	at com.kms.katalon.core.main.TestSuiteExecutor.execute(TestSuiteExecutor.java:106)
	at com.kms.katalon.core.main.TestCaseMain.startTestSuite(TestCaseMain.java:185)
	at com.kms.katalon.core.main.TestCaseMain$startTestSuite$0.call(Unknown Source)
	at TempTestSuite1671555481448.run(TempTestSuite1671555481448.groovy:36)
Caused by: com.kms.katalon.core.webui.exception.WebElementNotFoundException: Web element with id: 'Object Repository/Daily/Simpan' located by '(//button[@type='button'])[20]' not found
	at com.kms.katalon.core.webui.common.WebUiCommonHelper.findWebElement(WebUiCommonHelper.java:1370)
	at com.kms.katalon.core.webui.keyword.internal.WebUIAbstractKeyword.findWebElement(WebUIAbstractKeyword.groovy:27)
	at com.kms.katalon.core.webui.keyword.builtin.ClickKeyword$_click_closure1.doCall(ClickKeyword.groovy:65)
	at com.kms.katalon.core.webui.keyword.builtin.ClickKeyword$_click_closure1.call(ClickKeyword.groovy)
	at com.kms.katalon.core.webui.keyword.internal.WebUIKeywordMain.runKeyword(WebUIKeywordMain.groovy:20)
	... 19 more
"/>
         <system-out><![CDATA[2022-12-21 00:14:14 - [TEST_CASE][FAILED] - Test Cases/BD031_EnterWithoutHarga: Test Cases/BD031_EnterWithoutHarga FAILED.
Reason:
com.kms.katalon.core.exception.StepFailedException: Unable to click on object 'Object Repository/Daily/Simpan'
	at com.kms.katalon.core.webui.keyword.internal.WebUIKeywordMain.stepFailed(WebUIKeywordMain.groovy:64)
	at com.kms.katalon.core.webui.keyword.internal.WebUIKeywordMain.runKeyword(WebUIKeywordMain.groovy:26)
	at com.kms.katalon.core.webui.keyword.builtin.ClickKeyword.click(ClickKeyword.groovy:74)
	at com.kms.katalon.core.webui.keyword.builtin.ClickKeyword.execute(ClickKeyword.groovy:40)
	at com.kms.katalon.core.keyword.internal.KeywordExecutor.executeKeywordForPlatform(KeywordExecutor.groovy:74)
	at com.kms.katalon.core.webui.keyword.WebUiBuiltInKeywords.click(WebUiBuiltInKeywords.groovy:620)
	at com.kms.katalon.core.webui.keyword.WebUiBuiltInKeywords$click$2.call(Unknown Source)
	at BD031_EnterWithoutHarga.run(BD031_EnterWithoutHarga:48)
	at com.kms.katalon.core.main.ScriptEngine.run(ScriptEngine.java:194)
	at com.kms.katalon.core.main.ScriptEngine.runScriptAsRawText(ScriptEngine.java:119)
	at com.kms.katalon.core.main.TestCaseExecutor.runScript(TestCaseExecutor.java:445)
	at com.kms.katalon.core.main.TestCaseExecutor.doExecute(TestCaseExecutor.java:436)
	at com.kms.katalon.core.main.TestCaseExecutor.processExecutionPhase(TestCaseExecutor.java:415)
	at com.kms.katalon.core.main.TestCaseExecutor.accessMainPhase(TestCaseExecutor.java:407)
	at com.kms.katalon.core.main.TestCaseExecutor.execute(TestCaseExecutor.java:284)
	at com.kms.katalon.core.common.CommonExecutor.accessTestCaseMainPhase(CommonExecutor.java:65)
	at com.kms.katalon.core.main.TestSuiteExecutor.accessTestSuiteMainPhase(TestSuiteExecutor.java:144)
	at com.kms.katalon.core.main.TestSuiteExecutor.execute(TestSuiteExecutor.java:106)
	at com.kms.katalon.core.main.TestCaseMain.startTestSuite(TestCaseMain.java:185)
	at com.kms.katalon.core.main.TestCaseMain$startTestSuite$0.call(Unknown Source)
	at TempTestSuite1671555481448.run(TempTestSuite1671555481448.groovy:36)
Caused by: com.kms.katalon.core.webui.exception.WebElementNotFoundException: Web element with id: 'Object Repository/Daily/Simpan' located by '(//button[@type='button'])[20]' not found
	at com.kms.katalon.core.webui.common.WebUiCommonHelper.findWebElement(WebUiCommonHelper.java:1370)
	at com.kms.katalon.core.webui.keyword.internal.WebUIAbstractKeyword.findWebElement(WebUIAbstractKeyword.groovy:27)
	at com.kms.katalon.core.webui.keyword.builtin.ClickKeyword$_click_closure1.doCall(ClickKeyword.groovy:65)
	at com.kms.katalon.core.webui.keyword.builtin.ClickKeyword$_click_closure1.call(ClickKeyword.groovy)
	at com.kms.katalon.core.webui.keyword.internal.WebUIKeywordMain.runKeyword(WebUIKeywordMain.groovy:20)
	... 19 more


2022-12-21 00:14:14 - [TEST_STEP][PASSED] - openBrowser(""): Browser is opened with url: ''

2022-12-21 00:14:14 - [MESSAGE][WARNING] - A browser is already opened. Closing browser and opening a new one

2022-12-21 00:14:15 - [MESSAGE][INFO] - Starting 'Chrome' driver

2022-12-21 00:14:15 - [MESSAGE][INFO] - Action delay is set to 0 milliseconds

2022-12-21 00:14:16 - [MESSAGE][PASSED] - Browser is opened with url: ''

2022-12-21 00:14:16 - [TEST_STEP][PASSED] - maximizeWindow(): Current window maximized

2022-12-21 00:14:16 - [MESSAGE][PASSED] - Current window maximized

2022-12-21 00:14:16 - [TEST_STEP][PASSED] - navigateToUrl("https://tes-capstone-website.vercel.app/admin/login"): Navigate to 'https://tes-capstone-website.vercel.app/admin/login' successfully

2022-12-21 00:14:19 - [MESSAGE][PASSED] - Navigate to 'https://tes-capstone-website.vercel.app/admin/login' successfully

2022-12-21 00:14:19 - [TEST_STEP][PASSED] - setText(findTestObject("Auth/Email"), "admin@nyakit.in"): Text 'admin@nyakit.in' is set on object 'Object Repository/Auth/Email'

2022-12-21 00:14:20 - [MESSAGE][PASSED] - Text 'admin@nyakit.in' is set on object 'Object Repository/Auth/Email'

2022-12-21 00:14:20 - [TEST_STEP][PASSED] - setText(findTestObject("Auth/Password"), "@Password123"): Text '@Password123' is set on object 'Object Repository/Auth/Password'

2022-12-21 00:14:21 - [MESSAGE][PASSED] - Text '@Password123' is set on object 'Object Repository/Auth/Password'

2022-12-21 00:14:21 - [TEST_STEP][PASSED] - click(findTestObject("Auth/LoginButton")): Object: 'Object Repository/Auth/LoginButton' is clicked on

2022-12-21 00:14:22 - [MESSAGE][PASSED] - Object: 'Object Repository/Auth/LoginButton' is clicked on

2022-12-21 00:14:22 - [TEST_STEP][PASSED] - click(findTestObject("ManageProduct/Product")): Object: 'Object Repository/ManageProduct/Product' is clicked on

2022-12-21 00:14:25 - [MESSAGE][PASSED] - Object: 'Object Repository/ManageProduct/Product' is clicked on

2022-12-21 00:14:25 - [TEST_STEP][PASSED] - click(findTestObject("ManageProduct/Entertainment")): Object: 'Object Repository/ManageProduct/Entertainment' is clicked on

2022-12-21 00:14:25 - [MESSAGE][PASSED] - Object: 'Object Repository/ManageProduct/Entertainment' is clicked on

2022-12-21 00:14:25 - [TEST_STEP][PASSED] - click(findTestObject("Daily/TambahProduk")): Object: 'Object Repository/Daily/TambahProduk' is clicked on

2022-12-21 00:14:26 - [MESSAGE][PASSED] - Object: 'Object Repository/Daily/TambahProduk' is clicked on

2022-12-21 00:14:26 - [TEST_STEP][PASSED] - setText(findTestObject("Daily/Gambar"), "Mobile Legend"): Text 'Mobile Legend' is set on object 'Object Repository/Daily/Gambar'

2022-12-21 00:14:27 - [MESSAGE][PASSED] - Text 'Mobile Legend' is set on object 'Object Repository/Daily/Gambar'

2022-12-21 00:14:27 - [TEST_STEP][PASSED] - setText(findTestObject("Daily/KodeProduk"), "01ml"): Text '01ml' is set on object 'Object Repository/Daily/KodeProduk'

2022-12-21 00:14:28 - [MESSAGE][PASSED] - Text '01ml' is set on object 'Object Repository/Daily/KodeProduk'

2022-12-21 00:14:28 - [TEST_STEP][PASSED] - setText(findTestObject("Daily/Deskripsi"), "Diamond Mobile Legend"): Text 'Diamond Mobile Legend' is set on object 'Object Repository/Daily/Deskripsi'

2022-12-21 00:14:29 - [MESSAGE][PASSED] - Text 'Diamond Mobile Legend' is set on object 'Object Repository/Daily/Deskripsi'

2022-12-21 00:14:29 - [TEST_STEP][PASSED] - setText(findTestObject("Daily/Nominal"), "50000"): Text '50000' is set on object 'Object Repository/Daily/Nominal'

2022-12-21 00:14:30 - [MESSAGE][PASSED] - Text '50000' is set on object 'Object Repository/Daily/Nominal'

2022-12-21 00:14:30 - [TEST_STEP][PASSED] - selectOptionByValue(findTestObject("Daily/PilihDisini"), "Games", true): All options with value 'Games' are selected in object 'Object Repository/Daily/PilihDisini'  using regular expression

2022-12-21 00:14:31 - [MESSAGE][PASSED] - All options with value 'Games' are selected in object 'Object Repository/Daily/PilihDisini'  using regular expression

2022-12-21 00:14:31 - [TEST_STEP][FAILED] - click(findTestObject("Daily/Simpan")): Unable to click on object 'Object Repository/Daily/Simpan' (Root cause: com.kms.katalon.core.exception.StepFailedException: Unable to click on object 'Object Repository/Daily/Simpan'
	at com.kms.katalon.core.webui.keyword.internal.WebUIKeywordMain.stepFailed(WebUIKeywordMain.groovy:64)
	at com.kms.katalon.core.webui.keyword.internal.WebUIKeywordMain.runKeyword(WebUIKeywordMain.groovy:26)
	at com.kms.katalon.core.webui.keyword.builtin.ClickKeyword.click(ClickKeyword.groovy:74)
	at com.kms.katalon.core.webui.keyword.builtin.ClickKeyword.execute(ClickKeyword.groovy:40)
	at com.kms.katalon.core.keyword.internal.KeywordExecutor.executeKeywordForPlatform(KeywordExecutor.groovy:74)
	at com.kms.katalon.core.webui.keyword.WebUiBuiltInKeywords.click(WebUiBuiltInKeywords.groovy:620)
	at com.kms.katalon.core.webui.keyword.WebUiBuiltInKeywords$click$2.call(Unknown Source)
	at BD031_EnterWithoutHarga.run(BD031_EnterWithoutHarga:48)
	at com.kms.katalon.core.main.ScriptEngine.run(ScriptEngine.java:194)
	at com.kms.katalon.core.main.ScriptEngine.runScriptAsRawText(ScriptEngine.java:119)
	at com.kms.katalon.core.main.TestCaseExecutor.runScript(TestCaseExecutor.java:445)
	at com.kms.katalon.core.main.TestCaseExecutor.doExecute(TestCaseExecutor.java:436)
	at com.kms.katalon.core.main.TestCaseExecutor.processExecutionPhase(TestCaseExecutor.java:415)
	at com.kms.katalon.core.main.TestCaseExecutor.accessMainPhase(TestCaseExecutor.java:407)
	at com.kms.katalon.core.main.TestCaseExecutor.execute(TestCaseExecutor.java:284)
	at com.kms.katalon.core.common.CommonExecutor.accessTestCaseMainPhase(CommonExecutor.java:65)
	at com.kms.katalon.core.main.TestSuiteExecutor.accessTestSuiteMainPhase(TestSuiteExecutor.java:144)
	at com.kms.katalon.core.main.TestSuiteExecutor.execute(TestSuiteExecutor.java:106)
	at com.kms.katalon.core.main.TestCaseMain.startTestSuite(TestCaseMain.java:185)
	at com.kms.katalon.core.main.TestCaseMain$startTestSuite$0.call(Unknown Source)
	at TempTestSuite1671555481448.run(TempTestSuite1671555481448.groovy:36)
Caused by: com.kms.katalon.core.webui.exception.WebElementNotFoundException: Web element with id: 'Object Repository/Daily/Simpan' located by '(//button[@type='button'])[20]' not found
	at com.kms.katalon.core.webui.common.WebUiCommonHelper.findWebElement(WebUiCommonHelper.java:1370)
	at com.kms.katalon.core.webui.keyword.internal.WebUIAbstractKeyword.findWebElement(WebUIAbstractKeyword.groovy:27)
	at com.kms.katalon.core.webui.keyword.builtin.ClickKeyword$_click_closure1.doCall(ClickKeyword.groovy:65)
	at com.kms.katalon.core.webui.keyword.builtin.ClickKeyword$_click_closure1.call(ClickKeyword.groovy)
	at com.kms.katalon.core.webui.keyword.internal.WebUIKeywordMain.runKeyword(WebUIKeywordMain.groovy:20)
	at com.kms.katalon.core.webui.keyword.builtin.ClickKeyword.click(ClickKeyword.groovy:74)
	at com.kms.katalon.core.webui.keyword.builtin.ClickKeyword.execute(ClickKeyword.groovy:40)
	at com.kms.katalon.core.keyword.internal.KeywordExecutor.executeKeywordForPlatform(KeywordExecutor.groovy:74)
	at com.kms.katalon.core.webui.keyword.WebUiBuiltInKeywords.click(WebUiBuiltInKeywords.groovy:620)
	at com.kms.katalon.core.webui.keyword.WebUiBuiltInKeywords$click$2.call(Unknown Source)
	at Script1671555221670.run(Script1671555221670.groovy:48)
	... 13 more
)

2022-12-21 00:15:03 - [MESSAGE][INFO] - Unable to find the element located by 'By.xpath: (//button[@type='button'])[20]'. Please recheck the objects properties to make sure the desired element is located. 

2022-12-21 00:15:03 - [MESSAGE][FAILED] - Unable to click on object 'Object Repository/Daily/Simpan' (Root cause: com.kms.katalon.core.exception.StepFailedException: Unable to click on object 'Object Repository/Daily/Simpan'
	at com.kms.katalon.core.webui.keyword.internal.WebUIKeywordMain.stepFailed(WebUIKeywordMain.groovy:64)
	at com.kms.katalon.core.webui.keyword.internal.WebUIKeywordMain.runKeyword(WebUIKeywordMain.groovy:26)
	at com.kms.katalon.core.webui.keyword.builtin.ClickKeyword.click(ClickKeyword.groovy:74)
	at com.kms.katalon.core.webui.keyword.builtin.ClickKeyword.execute(ClickKeyword.groovy:40)
	at com.kms.katalon.core.keyword.internal.KeywordExecutor.executeKeywordForPlatform(KeywordExecutor.groovy:74)
	at com.kms.katalon.core.webui.keyword.WebUiBuiltInKeywords.click(WebUiBuiltInKeywords.groovy:620)
	at com.kms.katalon.core.webui.keyword.WebUiBuiltInKeywords$click$2.call(Unknown Source)
	at BD031_EnterWithoutHarga.run(BD031_EnterWithoutHarga:48)
	at com.kms.katalon.core.main.ScriptEngine.run(ScriptEngine.java:194)
	at com.kms.katalon.core.main.ScriptEngine.runScriptAsRawText(ScriptEngine.java:119)
	at com.kms.katalon.core.main.TestCaseExecutor.runScript(TestCaseExecutor.java:445)
	at com.kms.katalon.core.main.TestCaseExecutor.doExecute(TestCaseExecutor.java:436)
	at com.kms.katalon.core.main.TestCaseExecutor.processExecutionPhase(TestCaseExecutor.java:415)
	at com.kms.katalon.core.main.TestCaseExecutor.accessMainPhase(TestCaseExecutor.java:407)
	at com.kms.katalon.core.main.TestCaseExecutor.execute(TestCaseExecutor.java:284)
	at com.kms.katalon.core.common.CommonExecutor.accessTestCaseMainPhase(CommonExecutor.java:65)
	at com.kms.katalon.core.main.TestSuiteExecutor.accessTestSuiteMainPhase(TestSuiteExecutor.java:144)
	at com.kms.katalon.core.main.TestSuiteExecutor.execute(TestSuiteExecutor.java:106)
	at com.kms.katalon.core.main.TestCaseMain.startTestSuite(TestCaseMain.java:185)
	at com.kms.katalon.core.main.TestCaseMain$startTestSuite$0.call(Unknown Source)
	at TempTestSuite1671555481448.run(TempTestSuite1671555481448.groovy:36)
Caused by: com.kms.katalon.core.webui.exception.WebElementNotFoundException: Web element with id: 'Object Repository/Daily/Simpan' located by '(//button[@type='button'])[20]' not found
	at com.kms.katalon.core.webui.common.WebUiCommonHelper.findWebElement(WebUiCommonHelper.java:1370)
	at com.kms.katalon.core.webui.keyword.internal.WebUIAbstractKeyword.findWebElement(WebUIAbstractKeyword.groovy:27)
	at com.kms.katalon.core.webui.keyword.builtin.ClickKeyword$_click_closure1.doCall(ClickKeyword.groovy:65)
	at com.kms.katalon.core.webui.keyword.builtin.ClickKeyword$_click_closure1.call(ClickKeyword.groovy)
	at com.kms.katalon.core.webui.keyword.internal.WebUIKeywordMain.runKeyword(WebUIKeywordMain.groovy:20)
	at com.kms.katalon.core.webui.keyword.builtin.ClickKeyword.click(ClickKeyword.groovy:74)
	at com.kms.katalon.core.webui.keyword.builtin.ClickKeyword.execute(ClickKeyword.groovy:40)
	at com.kms.katalon.core.keyword.internal.KeywordExecutor.executeKeywordForPlatform(KeywordExecutor.groovy:74)
	at com.kms.katalon.core.webui.keyword.WebUiBuiltInKeywords.click(WebUiBuiltInKeywords.groovy:620)
	at com.kms.katalon.core.webui.keyword.WebUiBuiltInKeywords$click$2.call(Unknown Source)
	at Script1671555221670.run(Script1671555221670.groovy:48)
	... 13 more
)
[[ATTACHMENT|C:\\Users\\User\\git\\QE_Web\\Reports\\20221220_235801\\RegressionWeb\\20221220_235801\\1671556503064.png]]]]></system-out>
         <system-err><![CDATA[2022-12-21 00:14:14 - [TEST_CASE][FAILED] - Test Cases/BD031_EnterWithoutHarga: Test Cases/BD031_EnterWithoutHarga FAILED.
Reason:
com.kms.katalon.core.exception.StepFailedException: Unable to click on object 'Object Repository/Daily/Simpan'
	at com.kms.katalon.core.webui.keyword.internal.WebUIKeywordMain.stepFailed(WebUIKeywordMain.groovy:64)
	at com.kms.katalon.core.webui.keyword.internal.WebUIKeywordMain.runKeyword(WebUIKeywordMain.groovy:26)
	at com.kms.katalon.core.webui.keyword.builtin.ClickKeyword.click(ClickKeyword.groovy:74)
	at com.kms.katalon.core.webui.keyword.builtin.ClickKeyword.execute(ClickKeyword.groovy:40)
	at com.kms.katalon.core.keyword.internal.KeywordExecutor.executeKeywordForPlatform(KeywordExecutor.groovy:74)
	at com.kms.katalon.core.webui.keyword.WebUiBuiltInKeywords.click(WebUiBuiltInKeywords.groovy:620)
	at com.kms.katalon.core.webui.keyword.WebUiBuiltInKeywords$click$2.call(Unknown Source)
	at BD031_EnterWithoutHarga.run(BD031_EnterWithoutHarga:48)
	at com.kms.katalon.core.main.ScriptEngine.run(ScriptEngine.java:194)
	at com.kms.katalon.core.main.ScriptEngine.runScriptAsRawText(ScriptEngine.java:119)
	at com.kms.katalon.core.main.TestCaseExecutor.runScript(TestCaseExecutor.java:445)
	at com.kms.katalon.core.main.TestCaseExecutor.doExecute(TestCaseExecutor.java:436)
	at com.kms.katalon.core.main.TestCaseExecutor.processExecutionPhase(TestCaseExecutor.java:415)
	at com.kms.katalon.core.main.TestCaseExecutor.accessMainPhase(TestCaseExecutor.java:407)
	at com.kms.katalon.core.main.TestCaseExecutor.execute(TestCaseExecutor.java:284)
	at com.kms.katalon.core.common.CommonExecutor.accessTestCaseMainPhase(CommonExecutor.java:65)
	at com.kms.katalon.core.main.TestSuiteExecutor.accessTestSuiteMainPhase(TestSuiteExecutor.java:144)
	at com.kms.katalon.core.main.TestSuiteExecutor.execute(TestSuiteExecutor.java:106)
	at com.kms.katalon.core.main.TestCaseMain.startTestSuite(TestCaseMain.java:185)
	at com.kms.katalon.core.main.TestCaseMain$startTestSuite$0.call(Unknown Source)
	at TempTestSuite1671555481448.run(TempTestSuite1671555481448.groovy:36)
Caused by: com.kms.katalon.core.webui.exception.WebElementNotFoundException: Web element with id: 'Object Repository/Daily/Simpan' located by '(//button[@type='button'])[20]' not found
	at com.kms.katalon.core.webui.common.WebUiCommonHelper.findWebElement(WebUiCommonHelper.java:1370)
	at com.kms.katalon.core.webui.keyword.internal.WebUIAbstractKeyword.findWebElement(WebUIAbstractKeyword.groovy:27)
	at com.kms.katalon.core.webui.keyword.builtin.ClickKeyword$_click_closure1.doCall(ClickKeyword.groovy:65)
	at com.kms.katalon.core.webui.keyword.builtin.ClickKeyword$_click_closure1.call(ClickKeyword.groovy)
	at com.kms.katalon.core.webui.keyword.internal.WebUIKeywordMain.runKeyword(WebUIKeywordMain.groovy:20)
	... 19 more]]></system-err>
      </testcase>
      <system-out><![CDATA[2022-12-20 23:58:04 - [TEST_SUITE][FAILED] - RegressionWeb: Test Cases/BB002_VerifUser FAILED.
Reason:
com.kms.katalon.core.exception.StepFailedException: Unable to click on object 'Object Repository/ManageUser/Option'
	at com.kms.katalon.core.webui.keyword.internal.WebUIKeywordMain.stepFailed(WebUIKeywordMain.groovy:64)
	at com.kms.katalon.core.webui.keyword.internal.WebUIKeywordMain.runKeyword(WebUIKeywordMain.groovy:26)
	at com.kms.katalon.core.webui.keyword.builtin.ClickKeyword.click(ClickKeyword.groovy:74)
	at com.kms.katalon.core.webui.keyword.builtin.ClickKeyword.execute(ClickKeyword.groovy:40)
	at com.kms.katalon.core.keyword.internal.KeywordExecutor.executeKeywordForPlatform(KeywordExecutor.groovy:74)
	at com.kms.katalon.core.webui.keyword.WebUiBuiltInKeywords.click(WebUiBuiltInKeywords.groovy:620)
	at com.kms.katalon.core.webui.keyword.WebUiBuiltInKeywords$click$2.call(Unknown Source)
	at BB002_VerifUser.run(BB002_VerifUser:34)
	at com.kms.katalon.core.main.ScriptEngine.run(ScriptEngine.java:194)
	at com.kms.katalon.core.main.ScriptEngine.runScriptAsRawText(ScriptEngine.java:119)
	at com.kms.katalon.core.main.TestCaseExecutor.runScript(TestCaseExecutor.java:445)
	at com.kms.katalon.core.main.TestCaseExecutor.doExecute(TestCaseExecutor.java:436)
	at com.kms.katalon.core.main.TestCaseExecutor.processExecutionPhase(TestCaseExecutor.java:415)
	at com.kms.katalon.core.main.TestCaseExecutor.accessMainPhase(TestCaseExecutor.java:407)
	at com.kms.katalon.core.main.TestCaseExecutor.execute(TestCaseExecutor.java:284)
	at com.kms.katalon.core.common.CommonExecutor.accessTestCaseMainPhase(CommonExecutor.java:65)
	at com.kms.katalon.core.main.TestSuiteExecutor.accessTestSuiteMainPhase(TestSuiteExecutor.java:144)
	at com.kms.katalon.core.main.TestSuiteExecutor.execute(TestSuiteExecutor.java:106)
	at com.kms.katalon.core.main.TestCaseMain.startTestSuite(TestCaseMain.java:185)
	at com.kms.katalon.core.main.TestCaseMain$startTestSuite$0.call(Unknown Source)
	at TempTestSuite1671555481448.run(TempTestSuite1671555481448.groovy:36)
Caused by: org.openqa.selenium.NoSuchWindowException: no such window: target window already closed
from unknown error: web view not found
  (Session info: chrome=108.0.5359.125)
Build info: version: '3.141.59', revision: 'e82be7d358', time: '2018-11-14T08:25:53'
System info: host: 'LAPTOP-RDI03SV1', ip: '192.168.0.101', os.name: 'Windows 10', os.arch: 'amd64', os.version: '10.0', java.version: '1.8.0_282'
Driver info: com.kms.katalon.selenium.driver.CChromeDriver
Capabilities {acceptInsecureCerts: false, browserName: chrome, browserVersion: 108.0.5359.125, chrome: {chromedriverVersion: 107.0.5304.62 (1eec40d3a576..., userDataDir: C:\Users\User\AppData\Local...}, goog:chromeOptions: {debuggerAddress: localhost:53061}, javascriptEnabled: true, networkConnectionEnabled: false, pageLoadStrategy: normal, platform: WINDOWS, platformName: WINDOWS, proxy: Proxy(), setWindowRect: true, strictFileInteractability: false, timeouts: {implicit: 0, pageLoad: 300000, script: 30000}, unhandledPromptBehavior: dismiss and notify, webauthn:extension:credBlob: true, webauthn:extension:largeBlob: true, webauthn:virtualAuthenticators: true}
Session ID: ee8641cd23ab21d991823bf54ecb22ed
*** Element info: {Using=xpath, value=(.//*[normalize-space(text()) and normalize-space(.)='Verified'])[4]/following::*[name()='svg'][1]}
	at org.openqa.selenium.remote.http.W3CHttpResponseCodec.createException(W3CHttpResponseCodec.java:187)
	at org.openqa.selenium.remote.http.W3CHttpResponseCodec.decode(W3CHttpResponseCodec.java:122)
	at org.openqa.selenium.remote.http.W3CHttpResponseCodec.decode(W3CHttpResponseCodec.java:49)
	at org.openqa.selenium.remote.HttpCommandExecutor.execute(HttpCommandExecutor.java:158)
	at org.openqa.selenium.remote.service.DriverCommandExecutor.execute(DriverCommandExecutor.java:83)
	at org.openqa.selenium.remote.RemoteWebDriver.execute(RemoteWebDriver.java:552)
	at com.kms.katalon.selenium.driver.CChromeDriver.execute(CChromeDriver.java:19)
	at org.openqa.selenium.remote.RemoteWebDriver.findElements(RemoteWebDriver.java:353)
	at org.openqa.selenium.remote.RemoteWebDriver.findElementsByXPath(RemoteWebDriver.java:432)
	at org.openqa.selenium.By$ByXPath.findElements(By.java:348)
	at org.openqa.selenium.remote.RemoteWebDriver.findElements(RemoteWebDriver.java:311)
	at org.openqa.selenium.support.events.EventFiringWebDriver.lambda$new$1(EventFiringWebDriver.java:105)
	at com.sun.proxy.$Proxy10.findElements(Unknown Source)
	at org.openqa.selenium.support.events.EventFiringWebDriver.findElements(EventFiringWebDriver.java:182)
	at com.kms.katalon.core.webui.common.WebUiCommonHelper.findElementByNormalMethods(WebUiCommonHelper.java:1016)
	at com.kms.katalon.core.webui.common.WebUiCommonHelper.findElementsBySelectedMethod(WebUiCommonHelper.java:911)
	at com.kms.katalon.core.webui.common.WebUiCommonHelper.findElementsBySelectedMethod(WebUiCommonHelper.java:894)
	at com.kms.katalon.core.webui.common.WebUiCommonHelper.findElementsBySelectedMethod(WebUiCommonHelper.java:889)
	at com.kms.katalon.core.webui.common.WebUiCommonHelper.findElementsByDefault(WebUiCommonHelper.java:885)
	at com.kms.katalon.core.webui.common.WebUiCommonHelper.findWebElements(WebUiCommonHelper.java:720)
	at com.kms.katalon.core.webui.common.WebUiCommonHelper.findWebElement(WebUiCommonHelper.java:1365)
	at com.kms.katalon.core.webui.keyword.internal.WebUIAbstractKeyword.findWebElement(WebUIAbstractKeyword.groovy:27)
	at com.kms.katalon.core.webui.keyword.builtin.ClickKeyword$_click_closure1.doCall(ClickKeyword.groovy:65)
	at com.kms.katalon.core.webui.keyword.builtin.ClickKeyword$_click_closure1.call(ClickKeyword.groovy)
	at com.kms.katalon.core.webui.keyword.internal.WebUIKeywordMain.runKeyword(WebUIKeywordMain.groovy:20)
	... 19 more]]></system-out>
      <system-err><![CDATA[2022-12-20 23:58:04 - [TEST_SUITE][FAILED] - RegressionWeb: Test Cases/BB002_VerifUser FAILED.
Reason:
com.kms.katalon.core.exception.StepFailedException: Unable to click on object 'Object Repository/ManageUser/Option'
	at com.kms.katalon.core.webui.keyword.internal.WebUIKeywordMain.stepFailed(WebUIKeywordMain.groovy:64)
	at com.kms.katalon.core.webui.keyword.internal.WebUIKeywordMain.runKeyword(WebUIKeywordMain.groovy:26)
	at com.kms.katalon.core.webui.keyword.builtin.ClickKeyword.click(ClickKeyword.groovy:74)
	at com.kms.katalon.core.webui.keyword.builtin.ClickKeyword.execute(ClickKeyword.groovy:40)
	at com.kms.katalon.core.keyword.internal.KeywordExecutor.executeKeywordForPlatform(KeywordExecutor.groovy:74)
	at com.kms.katalon.core.webui.keyword.WebUiBuiltInKeywords.click(WebUiBuiltInKeywords.groovy:620)
	at com.kms.katalon.core.webui.keyword.WebUiBuiltInKeywords$click$2.call(Unknown Source)
	at BB002_VerifUser.run(BB002_VerifUser:34)
	at com.kms.katalon.core.main.ScriptEngine.run(ScriptEngine.java:194)
	at com.kms.katalon.core.main.ScriptEngine.runScriptAsRawText(ScriptEngine.java:119)
	at com.kms.katalon.core.main.TestCaseExecutor.runScript(TestCaseExecutor.java:445)
	at com.kms.katalon.core.main.TestCaseExecutor.doExecute(TestCaseExecutor.java:436)
	at com.kms.katalon.core.main.TestCaseExecutor.processExecutionPhase(TestCaseExecutor.java:415)
	at com.kms.katalon.core.main.TestCaseExecutor.accessMainPhase(TestCaseExecutor.java:407)
	at com.kms.katalon.core.main.TestCaseExecutor.execute(TestCaseExecutor.java:284)
	at com.kms.katalon.core.common.CommonExecutor.accessTestCaseMainPhase(CommonExecutor.java:65)
	at com.kms.katalon.core.main.TestSuiteExecutor.accessTestSuiteMainPhase(TestSuiteExecutor.java:144)
	at com.kms.katalon.core.main.TestSuiteExecutor.execute(TestSuiteExecutor.java:106)
	at com.kms.katalon.core.main.TestCaseMain.startTestSuite(TestCaseMain.java:185)
	at com.kms.katalon.core.main.TestCaseMain$startTestSuite$0.call(Unknown Source)
	at TempTestSuite1671555481448.run(TempTestSuite1671555481448.groovy:36)
Caused by: org.openqa.selenium.NoSuchWindowException: no such window: target window already closed
from unknown error: web view not found
  (Session info: chrome=108.0.5359.125)
Build info: version: '3.141.59', revision: 'e82be7d358', time: '2018-11-14T08:25:53'
System info: host: 'LAPTOP-RDI03SV1', ip: '192.168.0.101', os.name: 'Windows 10', os.arch: 'amd64', os.version: '10.0', java.version: '1.8.0_282'
Driver info: com.kms.katalon.selenium.driver.CChromeDriver
Capabilities {acceptInsecureCerts: false, browserName: chrome, browserVersion: 108.0.5359.125, chrome: {chromedriverVersion: 107.0.5304.62 (1eec40d3a576..., userDataDir: C:\Users\User\AppData\Local...}, goog:chromeOptions: {debuggerAddress: localhost:53061}, javascriptEnabled: true, networkConnectionEnabled: false, pageLoadStrategy: normal, platform: WINDOWS, platformName: WINDOWS, proxy: Proxy(), setWindowRect: true, strictFileInteractability: false, timeouts: {implicit: 0, pageLoad: 300000, script: 30000}, unhandledPromptBehavior: dismiss and notify, webauthn:extension:credBlob: true, webauthn:extension:largeBlob: true, webauthn:virtualAuthenticators: true}
Session ID: ee8641cd23ab21d991823bf54ecb22ed
*** Element info: {Using=xpath, value=(.//*[normalize-space(text()) and normalize-space(.)='Verified'])[4]/following::*[name()='svg'][1]}
	at org.openqa.selenium.remote.http.W3CHttpResponseCodec.createException(W3CHttpResponseCodec.java:187)
	at org.openqa.selenium.remote.http.W3CHttpResponseCodec.decode(W3CHttpResponseCodec.java:122)
	at org.openqa.selenium.remote.http.W3CHttpResponseCodec.decode(W3CHttpResponseCodec.java:49)
	at org.openqa.selenium.remote.HttpCommandExecutor.execute(HttpCommandExecutor.java:158)
	at org.openqa.selenium.remote.service.DriverCommandExecutor.execute(DriverCommandExecutor.java:83)
	at org.openqa.selenium.remote.RemoteWebDriver.execute(RemoteWebDriver.java:552)
	at com.kms.katalon.selenium.driver.CChromeDriver.execute(CChromeDriver.java:19)
	at org.openqa.selenium.remote.RemoteWebDriver.findElements(RemoteWebDriver.java:353)
	at org.openqa.selenium.remote.RemoteWebDriver.findElementsByXPath(RemoteWebDriver.java:432)
	at org.openqa.selenium.By$ByXPath.findElements(By.java:348)
	at org.openqa.selenium.remote.RemoteWebDriver.findElements(RemoteWebDriver.java:311)
	at org.openqa.selenium.support.events.EventFiringWebDriver.lambda$new$1(EventFiringWebDriver.java:105)
	at com.sun.proxy.$Proxy10.findElements(Unknown Source)
	at org.openqa.selenium.support.events.EventFiringWebDriver.findElements(EventFiringWebDriver.java:182)
	at com.kms.katalon.core.webui.common.WebUiCommonHelper.findElementByNormalMethods(WebUiCommonHelper.java:1016)
	at com.kms.katalon.core.webui.common.WebUiCommonHelper.findElementsBySelectedMethod(WebUiCommonHelper.java:911)
	at com.kms.katalon.core.webui.common.WebUiCommonHelper.findElementsBySelectedMethod(WebUiCommonHelper.java:894)
	at com.kms.katalon.core.webui.common.WebUiCommonHelper.findElementsBySelectedMethod(WebUiCommonHelper.java:889)
	at com.kms.katalon.core.webui.common.WebUiCommonHelper.findElementsByDefault(WebUiCommonHelper.java:885)
	at com.kms.katalon.core.webui.common.WebUiCommonHelper.findWebElements(WebUiCommonHelper.java:720)
	at com.kms.katalon.core.webui.common.WebUiCommonHelper.findWebElement(WebUiCommonHelper.java:1365)
	at com.kms.katalon.core.webui.keyword.internal.WebUIAbstractKeyword.findWebElement(WebUIAbstractKeyword.groovy:27)
	at com.kms.katalon.core.webui.keyword.builtin.ClickKeyword$_click_closure1.doCall(ClickKeyword.groovy:65)
	at com.kms.katalon.core.webui.keyword.builtin.ClickKeyword$_click_closure1.call(ClickKeyword.groovy)
	at com.kms.katalon.core.webui.keyword.internal.WebUIKeywordMain.runKeyword(WebUIKeywordMain.groovy:20)
	... 19 more]]></system-err>
   </testsuite>
</testsuites>
