<?xml version="1.0" encoding="UTF-8"?>
<testsuites name="RegressionWeb" time="1073.205" tests="39" failures="10" errors="0">
   <testsuite name="RegressionWeb" tests="39" failures="10" errors="0" time="1073.205" skipped="0" timestamp="2022-12-21 00:35:21" hostname="User - LAPTOP-RDI03SV1" id="Test Suites/RegressionWeb">
      <properties>
         <property name="deviceName" value=""/>
         <property name="devicePlatform" value=""/>
         <property name="logFolder" value="C:\\Users\\User\\git\\QE_Web\\Reports\\20221221_003516\\RegressionWeb\\20221221_003516"/>
         <property name="logFiles" value="C:\\Users\\User\\git\\QE_Web\\Reports\\20221221_003516\\RegressionWeb\\20221221_003516\\execution0.log"/>
         <property name="attachments" value="C:\\Users\\User\\git\\QE_Web\\Reports\\20221221_003516\\RegressionWeb\\20221221_003516\\1671557828122.png, C:\\Users\\User\\git\\QE_Web\\Reports\\20221221_003516\\RegressionWeb\\20221221_003516\\1671557872771.png, C:\\Users\\User\\git\\QE_Web\\Reports\\20221221_003516\\RegressionWeb\\20221221_003516\\1671557975817.png, C:\\Users\\User\\git\\QE_Web\\Reports\\20221221_003516\\RegressionWeb\\20221221_003516\\1671558019383.png, C:\\Users\\User\\git\\QE_Web\\Reports\\20221221_003516\\RegressionWeb\\20221221_003516\\1671558546949.png, C:\\Users\\User\\git\\QE_Web\\Reports\\20221221_003516\\RegressionWeb\\20221221_003516\\1671558596408.png, C:\\Users\\User\\git\\QE_Web\\Reports\\20221221_003516\\RegressionWeb\\20221221_003516\\1671558645346.png, C:\\Users\\User\\git\\QE_Web\\Reports\\20221221_003516\\RegressionWeb\\20221221_003516\\1671558696392.png, C:\\Users\\User\\git\\QE_Web\\Reports\\20221221_003516\\RegressionWeb\\20221221_003516\\1671558744799.png, C:\\Users\\User\\git\\QE_Web\\Reports\\20221221_003516\\RegressionWeb\\20221221_003516\\1671558794363.png"/>
         <property name="hostName" value="User - LAPTOP-RDI03SV1"/>
         <property name="os" value="Windows 10 64bit"/>
         <property name="katalonVersion" value="8.3.0.208"/>
         <property name="browser" value="Chrome 108.0.0.0"/>
         <property name="hostAddress" value="192.168.0.101"/>
         <property name="sessionId" value="de985857f458b4e1152dde1710815b23"/>
         <property name="seleniumVersion" value="3.141.59"/>
         <property name="proxyInformation" value="ProxyInformation { proxyOption=NO_PROXY, proxyServerType=HTTP, username=, password=********, proxyServerAddress=, proxyServerPort=0, executionList=&quot;&quot;, isApplyToDesiredCapabilities=true }"/>
         <property name="platform" value="Windows 10"/>
      </properties>
      <testcase name="Test Cases/BA001_Login" time="15.05" classname="Test Cases/BA001_Login" status="PASSED">
         <system-out><![CDATA[2022-12-21 00:35:22 - [TEST_CASE][PASSED] - Test Cases/BA001_Login: Test Cases/BA001_Login

2022-12-21 00:35:22 - [TEST_STEP][PASSED] - openBrowser(""): Browser is opened with url: ''

2022-12-21 00:35:23 - [MESSAGE][INFO] - Starting 'Chrome' driver

2022-12-21 00:35:23 - [MESSAGE][INFO] - Action delay is set to 0 milliseconds

2022-12-21 00:35:26 - [MESSAGE][PASSED] - Browser is opened with url: ''

2022-12-21 00:35:26 - [TEST_STEP][PASSED] - navigateToUrl("https://tes-capstone-website.vercel.app/admin/login"): Navigate to 'https://tes-capstone-website.vercel.app/admin/login' successfully

2022-12-21 00:35:30 - [MESSAGE][PASSED] - Navigate to 'https://tes-capstone-website.vercel.app/admin/login' successfully

2022-12-21 00:35:30 - [TEST_STEP][PASSED] - setText(findTestObject("Auth/Email"), "rnd.rindhu@gmail.com"): Text 'rnd.rindhu@gmail.com' is set on object 'Object Repository/Auth/Email'

2022-12-21 00:35:31 - [MESSAGE][PASSED] - Text 'rnd.rindhu@gmail.com' is set on object 'Object Repository/Auth/Email'

2022-12-21 00:35:31 - [TEST_STEP][PASSED] - setText(findTestObject("Auth/Password"), "@Password123"): Text '@Password123' is set on object 'Object Repository/Auth/Password'

2022-12-21 00:35:32 - [MESSAGE][PASSED] - Text '@Password123' is set on object 'Object Repository/Auth/Password'

2022-12-21 00:35:32 - [TEST_STEP][PASSED] - click(findTestObject("Auth/LoginButton")): Object: 'Object Repository/Auth/LoginButton' is clicked on

2022-12-21 00:35:32 - [MESSAGE][PASSED] - Object: 'Object Repository/Auth/LoginButton' is clicked on

2022-12-21 00:35:32 - [TEST_STEP][PASSED] - verifyElementPresent(findTestObject("Auth/ValidateonHomePage"), 0): Object 'Object Repository/Auth/ValidateonHomePage' is present

2022-12-21 00:35:33 - [MESSAGE][WARNING] - Timeout '0' is invalid. Using default page load timeout: '30'

2022-12-21 00:35:35 - [MESSAGE][PASSED] - Object 'Object Repository/Auth/ValidateonHomePage' is present

2022-12-21 00:35:35 - [TEST_STEP][PASSED] - closeBrowser(): Browser is closed

2022-12-21 00:35:37 - [MESSAGE][PASSED] - Browser is closed]]></system-out>
         <system-err><![CDATA[]]></system-err>
      </testcase>
      <testcase name="Test Cases/BA002_LogEmPass" time="10.206" classname="Test Cases/BA002_LogEmPass" status="PASSED">
         <system-out><![CDATA[2022-12-21 00:35:37 - [TEST_CASE][PASSED] - Test Cases/BA002_LogEmPass: Test Cases/BA002_LogEmPass

2022-12-21 00:35:37 - [TEST_STEP][PASSED] - openBrowser(""): Browser is opened with url: ''

2022-12-21 00:35:37 - [MESSAGE][INFO] - Starting 'Chrome' driver

2022-12-21 00:35:37 - [MESSAGE][INFO] - Action delay is set to 0 milliseconds

2022-12-21 00:35:39 - [MESSAGE][PASSED] - Browser is opened with url: ''

2022-12-21 00:35:39 - [TEST_STEP][PASSED] - navigateToUrl("https://tes-capstone-website.vercel.app/admin/login"): Navigate to 'https://tes-capstone-website.vercel.app/admin/login' successfully

2022-12-21 00:35:43 - [MESSAGE][PASSED] - Navigate to 'https://tes-capstone-website.vercel.app/admin/login' successfully

2022-12-21 00:35:43 - [TEST_STEP][PASSED] - setText(findTestObject("Auth/Email"), "rindhaay00@gmail.com"): Text 'rindhaay00@gmail.com' is set on object 'Object Repository/Auth/Email'

2022-12-21 00:35:44 - [MESSAGE][PASSED] - Text 'rindhaay00@gmail.com' is set on object 'Object Repository/Auth/Email'

2022-12-21 00:35:44 - [TEST_STEP][PASSED] - setText(findTestObject("Auth/Password"), "@Password125"): Text '@Password125' is set on object 'Object Repository/Auth/Password'

2022-12-21 00:35:45 - [MESSAGE][PASSED] - Text '@Password125' is set on object 'Object Repository/Auth/Password'

2022-12-21 00:35:45 - [TEST_STEP][PASSED] - click(findTestObject("Auth/LoginButton")): Object: 'Object Repository/Auth/LoginButton' is clicked on

2022-12-21 00:35:46 - [MESSAGE][PASSED] - Object: 'Object Repository/Auth/LoginButton' is clicked on

2022-12-21 00:35:46 - [TEST_STEP][PASSED] - verifyElementPresent(findTestObject("Auth/Peringatan"), 0): Object 'Object Repository/Auth/Peringatan' is present

2022-12-21 00:35:46 - [MESSAGE][WARNING] - Timeout '0' is invalid. Using default page load timeout: '30'

2022-12-21 00:35:46 - [MESSAGE][PASSED] - Object 'Object Repository/Auth/Peringatan' is present

2022-12-21 00:35:46 - [TEST_STEP][PASSED] - closeBrowser(): Browser is closed

2022-12-21 00:35:47 - [MESSAGE][PASSED] - Browser is closed]]></system-out>
         <system-err><![CDATA[]]></system-err>
      </testcase>
      <testcase name="Test Cases/BA003_LogEm" time="9.422" classname="Test Cases/BA003_LogEm" status="PASSED">
         <system-out><![CDATA[2022-12-21 00:35:47 - [TEST_CASE][PASSED] - Test Cases/BA003_LogEm: Test Cases/BA003_LogEm

2022-12-21 00:35:47 - [TEST_STEP][PASSED] - openBrowser(""): Browser is opened with url: ''

2022-12-21 00:35:47 - [MESSAGE][INFO] - Starting 'Chrome' driver

2022-12-21 00:35:47 - [MESSAGE][INFO] - Action delay is set to 0 milliseconds

2022-12-21 00:35:49 - [MESSAGE][PASSED] - Browser is opened with url: ''

2022-12-21 00:35:49 - [TEST_STEP][PASSED] - navigateToUrl("https://tes-capstone-website.vercel.app/admin/login"): Navigate to 'https://tes-capstone-website.vercel.app/admin/login' successfully

2022-12-21 00:35:53 - [MESSAGE][PASSED] - Navigate to 'https://tes-capstone-website.vercel.app/admin/login' successfully

2022-12-21 00:35:53 - [TEST_STEP][PASSED] - setText(findTestObject("Auth/Email"), "rindhaay00@gmail.com"): Text 'rindhaay00@gmail.com' is set on object 'Object Repository/Auth/Email'

2022-12-21 00:35:54 - [MESSAGE][PASSED] - Text 'rindhaay00@gmail.com' is set on object 'Object Repository/Auth/Email'

2022-12-21 00:35:54 - [TEST_STEP][PASSED] - setText(findTestObject("Auth/Password"), "@Password123"): Text '@Password123' is set on object 'Object Repository/Auth/Password'

2022-12-21 00:35:54 - [MESSAGE][PASSED] - Text '@Password123' is set on object 'Object Repository/Auth/Password'

2022-12-21 00:35:54 - [TEST_STEP][PASSED] - click(findTestObject("Auth/LoginButton")): Object: 'Object Repository/Auth/LoginButton' is clicked on

2022-12-21 00:35:55 - [MESSAGE][PASSED] - Object: 'Object Repository/Auth/LoginButton' is clicked on

2022-12-21 00:35:55 - [TEST_STEP][PASSED] - verifyElementPresent(findTestObject("Auth/Peringatan"), 0): Object 'Object Repository/Auth/Peringatan' is present

2022-12-21 00:35:55 - [MESSAGE][WARNING] - Timeout '0' is invalid. Using default page load timeout: '30'

2022-12-21 00:35:56 - [MESSAGE][PASSED] - Object 'Object Repository/Auth/Peringatan' is present

2022-12-21 00:35:56 - [TEST_STEP][PASSED] - closeBrowser(): Browser is closed

2022-12-21 00:35:56 - [MESSAGE][PASSED] - Browser is closed]]></system-out>
         <system-err><![CDATA[]]></system-err>
      </testcase>
      <testcase name="Test Cases/BA004_LogPass" time="15.072" classname="Test Cases/BA004_LogPass" status="PASSED">
         <system-out><![CDATA[2022-12-21 00:35:56 - [TEST_CASE][PASSED] - Test Cases/BA004_LogPass: Test Cases/BA004_LogPass

2022-12-21 00:35:56 - [TEST_STEP][PASSED] - openBrowser(""): Browser is opened with url: ''

2022-12-21 00:35:56 - [MESSAGE][INFO] - Starting 'Chrome' driver

2022-12-21 00:35:56 - [MESSAGE][INFO] - Action delay is set to 0 milliseconds

2022-12-21 00:35:58 - [MESSAGE][PASSED] - Browser is opened with url: ''

2022-12-21 00:35:58 - [TEST_STEP][PASSED] - navigateToUrl("https://tes-capstone-website.vercel.app/admin/login"): Navigate to 'https://tes-capstone-website.vercel.app/admin/login' successfully

2022-12-21 00:36:07 - [MESSAGE][PASSED] - Navigate to 'https://tes-capstone-website.vercel.app/admin/login' successfully

2022-12-21 00:36:07 - [TEST_STEP][PASSED] - setText(findTestObject("Auth/Email"), "rnd.rindhu@gmail.com"): Text 'rnd.rindhu@gmail.com' is set on object 'Object Repository/Auth/Email'

2022-12-21 00:36:08 - [MESSAGE][PASSED] - Text 'rnd.rindhu@gmail.com' is set on object 'Object Repository/Auth/Email'

2022-12-21 00:36:08 - [TEST_STEP][PASSED] - setText(findTestObject("Auth/Password"), "@Password125"): Text '@Password125' is set on object 'Object Repository/Auth/Password'

2022-12-21 00:36:09 - [MESSAGE][PASSED] - Text '@Password125' is set on object 'Object Repository/Auth/Password'

2022-12-21 00:36:09 - [TEST_STEP][PASSED] - click(findTestObject("Auth/LoginButton")): Object: 'Object Repository/Auth/LoginButton' is clicked on

2022-12-21 00:36:10 - [MESSAGE][PASSED] - Object: 'Object Repository/Auth/LoginButton' is clicked on

2022-12-21 00:36:10 - [TEST_STEP][PASSED] - verifyElementPresent(findTestObject("Auth/Peringatan"), 0): Object 'Object Repository/Auth/Peringatan' is present

2022-12-21 00:36:10 - [MESSAGE][WARNING] - Timeout '0' is invalid. Using default page load timeout: '30'

2022-12-21 00:36:10 - [MESSAGE][PASSED] - Object 'Object Repository/Auth/Peringatan' is present

2022-12-21 00:36:10 - [TEST_STEP][PASSED] - closeBrowser(): Browser is closed

2022-12-21 00:36:11 - [MESSAGE][PASSED] - Browser is closed]]></system-out>
         <system-err><![CDATA[]]></system-err>
      </testcase>
      <testcase name="Test Cases/BB001_ViewUser" time="12.626" classname="Test Cases/BB001_ViewUser" status="PASSED">
         <system-out><![CDATA[2022-12-21 00:36:11 - [TEST_CASE][PASSED] - Test Cases/BB001_ViewUser: Test Cases/BB001_ViewUser

2022-12-21 00:36:12 - [TEST_STEP][PASSED] - openBrowser(""): Browser is opened with url: ''

2022-12-21 00:36:12 - [MESSAGE][INFO] - Starting 'Chrome' driver

2022-12-21 00:36:12 - [MESSAGE][INFO] - Action delay is set to 0 milliseconds

2022-12-21 00:36:13 - [MESSAGE][PASSED] - Browser is opened with url: ''

2022-12-21 00:36:13 - [TEST_STEP][PASSED] - maximizeWindow(): Current window maximized

2022-12-21 00:36:13 - [MESSAGE][PASSED] - Current window maximized

2022-12-21 00:36:13 - [TEST_STEP][PASSED] - navigateToUrl("https://tes-capstone-website.vercel.app/admin/login"): Navigate to 'https://tes-capstone-website.vercel.app/admin/login' successfully

2022-12-21 00:36:17 - [MESSAGE][PASSED] - Navigate to 'https://tes-capstone-website.vercel.app/admin/login' successfully

2022-12-21 00:36:17 - [TEST_STEP][PASSED] - setText(findTestObject("Auth/Email"), "admin@nyakit.in"): Text 'admin@nyakit.in' is set on object 'Object Repository/Auth/Email'

2022-12-21 00:36:18 - [MESSAGE][PASSED] - Text 'admin@nyakit.in' is set on object 'Object Repository/Auth/Email'

2022-12-21 00:36:18 - [TEST_STEP][PASSED] - setText(findTestObject("Auth/Password"), "@Password123"): Text '@Password123' is set on object 'Object Repository/Auth/Password'

2022-12-21 00:36:19 - [MESSAGE][PASSED] - Text '@Password123' is set on object 'Object Repository/Auth/Password'

2022-12-21 00:36:19 - [TEST_STEP][PASSED] - click(findTestObject("Auth/LoginButton")): Object: 'Object Repository/Auth/LoginButton' is clicked on

2022-12-21 00:36:20 - [MESSAGE][PASSED] - Object: 'Object Repository/Auth/LoginButton' is clicked on

2022-12-21 00:36:20 - [TEST_STEP][PASSED] - click(findTestObject("ManageUser/ManageUser")): Object: 'Object Repository/ManageUser/ManageUser' is clicked on

2022-12-21 00:36:23 - [MESSAGE][PASSED] - Object: 'Object Repository/ManageUser/ManageUser' is clicked on

2022-12-21 00:36:23 - [TEST_STEP][PASSED] - closeBrowser(): Browser is closed

2022-12-21 00:36:24 - [MESSAGE][PASSED] - Browser is closed]]></system-out>
         <system-err><![CDATA[]]></system-err>
      </testcase>
      <testcase name="Test Cases/BB002_VerifUser" time="43.957" classname="Test Cases/BB002_VerifUser" status="FAILED">
         <failure type="FAILED" message="Test Cases/BB002_VerifUser FAILED.
Reason:
com.kms.katalon.core.exception.StepFailedException: Unable to click on object 'Object Repository/ManageUser/EditButton'
	at com.kms.katalon.core.webui.keyword.internal.WebUIKeywordMain.stepFailed(WebUIKeywordMain.groovy:64)
	at com.kms.katalon.core.webui.keyword.internal.WebUIKeywordMain.runKeyword(WebUIKeywordMain.groovy:26)
	at com.kms.katalon.core.webui.keyword.builtin.ClickKeyword.click(ClickKeyword.groovy:74)
	at com.kms.katalon.core.webui.keyword.builtin.ClickKeyword.execute(ClickKeyword.groovy:40)
	at com.kms.katalon.core.keyword.internal.KeywordExecutor.executeKeywordForPlatform(KeywordExecutor.groovy:74)
	at com.kms.katalon.core.webui.keyword.WebUiBuiltInKeywords.click(WebUiBuiltInKeywords.groovy:620)
	at com.kms.katalon.core.webui.keyword.WebUiBuiltInKeywords$click$2.call(Unknown Source)
	at BB002_VerifUser.run(BB002_VerifUser:36)
	at com.kms.katalon.core.main.ScriptEngine.run(ScriptEngine.java:194)
	at com.kms.katalon.core.main.ScriptEngine.runScriptAsRawText(ScriptEngine.java:119)
	at com.kms.katalon.core.main.TestCaseExecutor.runScript(TestCaseExecutor.java:445)
	at com.kms.katalon.core.main.TestCaseExecutor.doExecute(TestCaseExecutor.java:436)
	at com.kms.katalon.core.main.TestCaseExecutor.processExecutionPhase(TestCaseExecutor.java:415)
	at com.kms.katalon.core.main.TestCaseExecutor.accessMainPhase(TestCaseExecutor.java:407)
	at com.kms.katalon.core.main.TestCaseExecutor.execute(TestCaseExecutor.java:284)
	at com.kms.katalon.core.common.CommonExecutor.accessTestCaseMainPhase(CommonExecutor.java:65)
	at com.kms.katalon.core.main.TestSuiteExecutor.accessTestSuiteMainPhase(TestSuiteExecutor.java:144)
	at com.kms.katalon.core.main.TestSuiteExecutor.execute(TestSuiteExecutor.java:106)
	at com.kms.katalon.core.main.TestCaseMain.startTestSuite(TestCaseMain.java:185)
	at com.kms.katalon.core.main.TestCaseMain$startTestSuite$0.call(Unknown Source)
	at TempTestSuite1671557716712.run(TempTestSuite1671557716712.groovy:36)
Caused by: com.kms.katalon.core.webui.exception.WebElementNotFoundException: Web element with id: 'Object Repository/ManageUser/EditButton' located by '(.//*[normalize-space(text()) and normalize-space(.)='Not verified'])[2]/following::li[1]' not found
	at com.kms.katalon.core.webui.common.WebUiCommonHelper.findWebElement(WebUiCommonHelper.java:1370)
	at com.kms.katalon.core.webui.keyword.internal.WebUIAbstractKeyword.findWebElement(WebUIAbstractKeyword.groovy:27)
	at com.kms.katalon.core.webui.keyword.builtin.ClickKeyword$_click_closure1.doCall(ClickKeyword.groovy:65)
	at com.kms.katalon.core.webui.keyword.builtin.ClickKeyword$_click_closure1.call(ClickKeyword.groovy)
	at com.kms.katalon.core.webui.keyword.internal.WebUIKeywordMain.runKeyword(WebUIKeywordMain.groovy:20)
	... 19 more
"/>
         <system-out><![CDATA[2022-12-21 00:36:24 - [TEST_CASE][FAILED] - Test Cases/BB002_VerifUser: Test Cases/BB002_VerifUser FAILED.
Reason:
com.kms.katalon.core.exception.StepFailedException: Unable to click on object 'Object Repository/ManageUser/EditButton'
	at com.kms.katalon.core.webui.keyword.internal.WebUIKeywordMain.stepFailed(WebUIKeywordMain.groovy:64)
	at com.kms.katalon.core.webui.keyword.internal.WebUIKeywordMain.runKeyword(WebUIKeywordMain.groovy:26)
	at com.kms.katalon.core.webui.keyword.builtin.ClickKeyword.click(ClickKeyword.groovy:74)
	at com.kms.katalon.core.webui.keyword.builtin.ClickKeyword.execute(ClickKeyword.groovy:40)
	at com.kms.katalon.core.keyword.internal.KeywordExecutor.executeKeywordForPlatform(KeywordExecutor.groovy:74)
	at com.kms.katalon.core.webui.keyword.WebUiBuiltInKeywords.click(WebUiBuiltInKeywords.groovy:620)
	at com.kms.katalon.core.webui.keyword.WebUiBuiltInKeywords$click$2.call(Unknown Source)
	at BB002_VerifUser.run(BB002_VerifUser:36)
	at com.kms.katalon.core.main.ScriptEngine.run(ScriptEngine.java:194)
	at com.kms.katalon.core.main.ScriptEngine.runScriptAsRawText(ScriptEngine.java:119)
	at com.kms.katalon.core.main.TestCaseExecutor.runScript(TestCaseExecutor.java:445)
	at com.kms.katalon.core.main.TestCaseExecutor.doExecute(TestCaseExecutor.java:436)
	at com.kms.katalon.core.main.TestCaseExecutor.processExecutionPhase(TestCaseExecutor.java:415)
	at com.kms.katalon.core.main.TestCaseExecutor.accessMainPhase(TestCaseExecutor.java:407)
	at com.kms.katalon.core.main.TestCaseExecutor.execute(TestCaseExecutor.java:284)
	at com.kms.katalon.core.common.CommonExecutor.accessTestCaseMainPhase(CommonExecutor.java:65)
	at com.kms.katalon.core.main.TestSuiteExecutor.accessTestSuiteMainPhase(TestSuiteExecutor.java:144)
	at com.kms.katalon.core.main.TestSuiteExecutor.execute(TestSuiteExecutor.java:106)
	at com.kms.katalon.core.main.TestCaseMain.startTestSuite(TestCaseMain.java:185)
	at com.kms.katalon.core.main.TestCaseMain$startTestSuite$0.call(Unknown Source)
	at TempTestSuite1671557716712.run(TempTestSuite1671557716712.groovy:36)
Caused by: com.kms.katalon.core.webui.exception.WebElementNotFoundException: Web element with id: 'Object Repository/ManageUser/EditButton' located by '(.//*[normalize-space(text()) and normalize-space(.)='Not verified'])[2]/following::li[1]' not found
	at com.kms.katalon.core.webui.common.WebUiCommonHelper.findWebElement(WebUiCommonHelper.java:1370)
	at com.kms.katalon.core.webui.keyword.internal.WebUIAbstractKeyword.findWebElement(WebUIAbstractKeyword.groovy:27)
	at com.kms.katalon.core.webui.keyword.builtin.ClickKeyword$_click_closure1.doCall(ClickKeyword.groovy:65)
	at com.kms.katalon.core.webui.keyword.builtin.ClickKeyword$_click_closure1.call(ClickKeyword.groovy)
	at com.kms.katalon.core.webui.keyword.internal.WebUIKeywordMain.runKeyword(WebUIKeywordMain.groovy:20)
	... 19 more


2022-12-21 00:36:24 - [TEST_STEP][PASSED] - openBrowser(""): Browser is opened with url: ''

2022-12-21 00:36:24 - [MESSAGE][INFO] - Starting 'Chrome' driver

2022-12-21 00:36:24 - [MESSAGE][INFO] - Action delay is set to 0 milliseconds

2022-12-21 00:36:25 - [MESSAGE][PASSED] - Browser is opened with url: ''

2022-12-21 00:36:25 - [TEST_STEP][PASSED] - maximizeWindow(): Current window maximized

2022-12-21 00:36:26 - [MESSAGE][PASSED] - Current window maximized

2022-12-21 00:36:26 - [TEST_STEP][PASSED] - navigateToUrl("https://tes-capstone-website.vercel.app/admin/login"): Navigate to 'https://tes-capstone-website.vercel.app/admin/login' successfully

2022-12-21 00:36:30 - [MESSAGE][PASSED] - Navigate to 'https://tes-capstone-website.vercel.app/admin/login' successfully

2022-12-21 00:36:30 - [TEST_STEP][PASSED] - setText(findTestObject("Auth/Email"), "admin@nyakit.in"): Text 'admin@nyakit.in' is set on object 'Object Repository/Auth/Email'

2022-12-21 00:36:31 - [MESSAGE][PASSED] - Text 'admin@nyakit.in' is set on object 'Object Repository/Auth/Email'

2022-12-21 00:36:31 - [TEST_STEP][PASSED] - setText(findTestObject("Auth/Password"), "@Password123"): Text '@Password123' is set on object 'Object Repository/Auth/Password'

2022-12-21 00:36:32 - [MESSAGE][PASSED] - Text '@Password123' is set on object 'Object Repository/Auth/Password'

2022-12-21 00:36:32 - [TEST_STEP][PASSED] - click(findTestObject("Auth/LoginButton")): Object: 'Object Repository/Auth/LoginButton' is clicked on

2022-12-21 00:36:32 - [MESSAGE][PASSED] - Object: 'Object Repository/Auth/LoginButton' is clicked on

2022-12-21 00:36:32 - [TEST_STEP][PASSED] - click(findTestObject("ManageUser/ManageUser")): Object: 'Object Repository/ManageUser/ManageUser' is clicked on

2022-12-21 00:36:35 - [MESSAGE][PASSED] - Object: 'Object Repository/ManageUser/ManageUser' is clicked on

2022-12-21 00:36:35 - [TEST_STEP][PASSED] - click(findTestObject("ManageUser/Option")): Object: 'Object Repository/ManageUser/Option' is clicked on

2022-12-21 00:36:36 - [MESSAGE][PASSED] - Object: 'Object Repository/ManageUser/Option' is clicked on

2022-12-21 00:36:36 - [TEST_STEP][FAILED] - click(findTestObject("ManageUser/EditButton")): Unable to click on object 'Object Repository/ManageUser/EditButton' (Root cause: com.kms.katalon.core.exception.StepFailedException: Unable to click on object 'Object Repository/ManageUser/EditButton'
	at com.kms.katalon.core.webui.keyword.internal.WebUIKeywordMain.stepFailed(WebUIKeywordMain.groovy:64)
	at com.kms.katalon.core.webui.keyword.internal.WebUIKeywordMain.runKeyword(WebUIKeywordMain.groovy:26)
	at com.kms.katalon.core.webui.keyword.builtin.ClickKeyword.click(ClickKeyword.groovy:74)
	at com.kms.katalon.core.webui.keyword.builtin.ClickKeyword.execute(ClickKeyword.groovy:40)
	at com.kms.katalon.core.keyword.internal.KeywordExecutor.executeKeywordForPlatform(KeywordExecutor.groovy:74)
	at com.kms.katalon.core.webui.keyword.WebUiBuiltInKeywords.click(WebUiBuiltInKeywords.groovy:620)
	at com.kms.katalon.core.webui.keyword.WebUiBuiltInKeywords$click$2.call(Unknown Source)
	at BB002_VerifUser.run(BB002_VerifUser:36)
	at com.kms.katalon.core.main.ScriptEngine.run(ScriptEngine.java:194)
	at com.kms.katalon.core.main.ScriptEngine.runScriptAsRawText(ScriptEngine.java:119)
	at com.kms.katalon.core.main.TestCaseExecutor.runScript(TestCaseExecutor.java:445)
	at com.kms.katalon.core.main.TestCaseExecutor.doExecute(TestCaseExecutor.java:436)
	at com.kms.katalon.core.main.TestCaseExecutor.processExecutionPhase(TestCaseExecutor.java:415)
	at com.kms.katalon.core.main.TestCaseExecutor.accessMainPhase(TestCaseExecutor.java:407)
	at com.kms.katalon.core.main.TestCaseExecutor.execute(TestCaseExecutor.java:284)
	at com.kms.katalon.core.common.CommonExecutor.accessTestCaseMainPhase(CommonExecutor.java:65)
	at com.kms.katalon.core.main.TestSuiteExecutor.accessTestSuiteMainPhase(TestSuiteExecutor.java:144)
	at com.kms.katalon.core.main.TestSuiteExecutor.execute(TestSuiteExecutor.java:106)
	at com.kms.katalon.core.main.TestCaseMain.startTestSuite(TestCaseMain.java:185)
	at com.kms.katalon.core.main.TestCaseMain$startTestSuite$0.call(Unknown Source)
	at TempTestSuite1671557716712.run(TempTestSuite1671557716712.groovy:36)
Caused by: com.kms.katalon.core.webui.exception.WebElementNotFoundException: Web element with id: 'Object Repository/ManageUser/EditButton' located by '(.//*[normalize-space(text()) and normalize-space(.)='Not verified'])[2]/following::li[1]' not found
	at com.kms.katalon.core.webui.common.WebUiCommonHelper.findWebElement(WebUiCommonHelper.java:1370)
	at com.kms.katalon.core.webui.keyword.internal.WebUIAbstractKeyword.findWebElement(WebUIAbstractKeyword.groovy:27)
	at com.kms.katalon.core.webui.keyword.builtin.ClickKeyword$_click_closure1.doCall(ClickKeyword.groovy:65)
	at com.kms.katalon.core.webui.keyword.builtin.ClickKeyword$_click_closure1.call(ClickKeyword.groovy)
	at com.kms.katalon.core.webui.keyword.internal.WebUIKeywordMain.runKeyword(WebUIKeywordMain.groovy:20)
	at com.kms.katalon.core.webui.keyword.builtin.ClickKeyword.click(ClickKeyword.groovy:74)
	at com.kms.katalon.core.webui.keyword.builtin.ClickKeyword.execute(ClickKeyword.groovy:40)
	at com.kms.katalon.core.keyword.internal.KeywordExecutor.executeKeywordForPlatform(KeywordExecutor.groovy:74)
	at com.kms.katalon.core.webui.keyword.WebUiBuiltInKeywords.click(WebUiBuiltInKeywords.groovy:620)
	at com.kms.katalon.core.webui.keyword.WebUiBuiltInKeywords$click$2.call(Unknown Source)
	at Script1670849407172.run(Script1670849407172.groovy:36)
	... 13 more
)

2022-12-21 00:37:08 - [MESSAGE][INFO] - Unable to find the element located by 'By.xpath: (.//*[normalize-space(text()) and normalize-space(.)='Not verified'])[2]/following::li[1]'. Please recheck the objects properties to make sure the desired element is located. 

2022-12-21 00:37:08 - [MESSAGE][FAILED] - Unable to click on object 'Object Repository/ManageUser/EditButton' (Root cause: com.kms.katalon.core.exception.StepFailedException: Unable to click on object 'Object Repository/ManageUser/EditButton'
	at com.kms.katalon.core.webui.keyword.internal.WebUIKeywordMain.stepFailed(WebUIKeywordMain.groovy:64)
	at com.kms.katalon.core.webui.keyword.internal.WebUIKeywordMain.runKeyword(WebUIKeywordMain.groovy:26)
	at com.kms.katalon.core.webui.keyword.builtin.ClickKeyword.click(ClickKeyword.groovy:74)
	at com.kms.katalon.core.webui.keyword.builtin.ClickKeyword.execute(ClickKeyword.groovy:40)
	at com.kms.katalon.core.keyword.internal.KeywordExecutor.executeKeywordForPlatform(KeywordExecutor.groovy:74)
	at com.kms.katalon.core.webui.keyword.WebUiBuiltInKeywords.click(WebUiBuiltInKeywords.groovy:620)
	at com.kms.katalon.core.webui.keyword.WebUiBuiltInKeywords$click$2.call(Unknown Source)
	at BB002_VerifUser.run(BB002_VerifUser:36)
	at com.kms.katalon.core.main.ScriptEngine.run(ScriptEngine.java:194)
	at com.kms.katalon.core.main.ScriptEngine.runScriptAsRawText(ScriptEngine.java:119)
	at com.kms.katalon.core.main.TestCaseExecutor.runScript(TestCaseExecutor.java:445)
	at com.kms.katalon.core.main.TestCaseExecutor.doExecute(TestCaseExecutor.java:436)
	at com.kms.katalon.core.main.TestCaseExecutor.processExecutionPhase(TestCaseExecutor.java:415)
	at com.kms.katalon.core.main.TestCaseExecutor.accessMainPhase(TestCaseExecutor.java:407)
	at com.kms.katalon.core.main.TestCaseExecutor.execute(TestCaseExecutor.java:284)
	at com.kms.katalon.core.common.CommonExecutor.accessTestCaseMainPhase(CommonExecutor.java:65)
	at com.kms.katalon.core.main.TestSuiteExecutor.accessTestSuiteMainPhase(TestSuiteExecutor.java:144)
	at com.kms.katalon.core.main.TestSuiteExecutor.execute(TestSuiteExecutor.java:106)
	at com.kms.katalon.core.main.TestCaseMain.startTestSuite(TestCaseMain.java:185)
	at com.kms.katalon.core.main.TestCaseMain$startTestSuite$0.call(Unknown Source)
	at TempTestSuite1671557716712.run(TempTestSuite1671557716712.groovy:36)
Caused by: com.kms.katalon.core.webui.exception.WebElementNotFoundException: Web element with id: 'Object Repository/ManageUser/EditButton' located by '(.//*[normalize-space(text()) and normalize-space(.)='Not verified'])[2]/following::li[1]' not found
	at com.kms.katalon.core.webui.common.WebUiCommonHelper.findWebElement(WebUiCommonHelper.java:1370)
	at com.kms.katalon.core.webui.keyword.internal.WebUIAbstractKeyword.findWebElement(WebUIAbstractKeyword.groovy:27)
	at com.kms.katalon.core.webui.keyword.builtin.ClickKeyword$_click_closure1.doCall(ClickKeyword.groovy:65)
	at com.kms.katalon.core.webui.keyword.builtin.ClickKeyword$_click_closure1.call(ClickKeyword.groovy)
	at com.kms.katalon.core.webui.keyword.internal.WebUIKeywordMain.runKeyword(WebUIKeywordMain.groovy:20)
	at com.kms.katalon.core.webui.keyword.builtin.ClickKeyword.click(ClickKeyword.groovy:74)
	at com.kms.katalon.core.webui.keyword.builtin.ClickKeyword.execute(ClickKeyword.groovy:40)
	at com.kms.katalon.core.keyword.internal.KeywordExecutor.executeKeywordForPlatform(KeywordExecutor.groovy:74)
	at com.kms.katalon.core.webui.keyword.WebUiBuiltInKeywords.click(WebUiBuiltInKeywords.groovy:620)
	at com.kms.katalon.core.webui.keyword.WebUiBuiltInKeywords$click$2.call(Unknown Source)
	at Script1670849407172.run(Script1670849407172.groovy:36)
	... 13 more
)
[[ATTACHMENT|C:\\Users\\User\\git\\QE_Web\\Reports\\20221221_003516\\RegressionWeb\\20221221_003516\\1671557828122.png]]]]></system-out>
         <system-err><![CDATA[2022-12-21 00:36:24 - [TEST_CASE][FAILED] - Test Cases/BB002_VerifUser: Test Cases/BB002_VerifUser FAILED.
Reason:
com.kms.katalon.core.exception.StepFailedException: Unable to click on object 'Object Repository/ManageUser/EditButton'
	at com.kms.katalon.core.webui.keyword.internal.WebUIKeywordMain.stepFailed(WebUIKeywordMain.groovy:64)
	at com.kms.katalon.core.webui.keyword.internal.WebUIKeywordMain.runKeyword(WebUIKeywordMain.groovy:26)
	at com.kms.katalon.core.webui.keyword.builtin.ClickKeyword.click(ClickKeyword.groovy:74)
	at com.kms.katalon.core.webui.keyword.builtin.ClickKeyword.execute(ClickKeyword.groovy:40)
	at com.kms.katalon.core.keyword.internal.KeywordExecutor.executeKeywordForPlatform(KeywordExecutor.groovy:74)
	at com.kms.katalon.core.webui.keyword.WebUiBuiltInKeywords.click(WebUiBuiltInKeywords.groovy:620)
	at com.kms.katalon.core.webui.keyword.WebUiBuiltInKeywords$click$2.call(Unknown Source)
	at BB002_VerifUser.run(BB002_VerifUser:36)
	at com.kms.katalon.core.main.ScriptEngine.run(ScriptEngine.java:194)
	at com.kms.katalon.core.main.ScriptEngine.runScriptAsRawText(ScriptEngine.java:119)
	at com.kms.katalon.core.main.TestCaseExecutor.runScript(TestCaseExecutor.java:445)
	at com.kms.katalon.core.main.TestCaseExecutor.doExecute(TestCaseExecutor.java:436)
	at com.kms.katalon.core.main.TestCaseExecutor.processExecutionPhase(TestCaseExecutor.java:415)
	at com.kms.katalon.core.main.TestCaseExecutor.accessMainPhase(TestCaseExecutor.java:407)
	at com.kms.katalon.core.main.TestCaseExecutor.execute(TestCaseExecutor.java:284)
	at com.kms.katalon.core.common.CommonExecutor.accessTestCaseMainPhase(CommonExecutor.java:65)
	at com.kms.katalon.core.main.TestSuiteExecutor.accessTestSuiteMainPhase(TestSuiteExecutor.java:144)
	at com.kms.katalon.core.main.TestSuiteExecutor.execute(TestSuiteExecutor.java:106)
	at com.kms.katalon.core.main.TestCaseMain.startTestSuite(TestCaseMain.java:185)
	at com.kms.katalon.core.main.TestCaseMain$startTestSuite$0.call(Unknown Source)
	at TempTestSuite1671557716712.run(TempTestSuite1671557716712.groovy:36)
Caused by: com.kms.katalon.core.webui.exception.WebElementNotFoundException: Web element with id: 'Object Repository/ManageUser/EditButton' located by '(.//*[normalize-space(text()) and normalize-space(.)='Not verified'])[2]/following::li[1]' not found
	at com.kms.katalon.core.webui.common.WebUiCommonHelper.findWebElement(WebUiCommonHelper.java:1370)
	at com.kms.katalon.core.webui.keyword.internal.WebUIAbstractKeyword.findWebElement(WebUIAbstractKeyword.groovy:27)
	at com.kms.katalon.core.webui.keyword.builtin.ClickKeyword$_click_closure1.doCall(ClickKeyword.groovy:65)
	at com.kms.katalon.core.webui.keyword.builtin.ClickKeyword$_click_closure1.call(ClickKeyword.groovy)
	at com.kms.katalon.core.webui.keyword.internal.WebUIKeywordMain.runKeyword(WebUIKeywordMain.groovy:20)
	... 19 more]]></system-err>
      </testcase>
      <testcase name="Test Cases/BB003_UnverifUser" time="44.571" classname="Test Cases/BB003_UnverifUser" status="FAILED">
         <failure type="FAILED" message="Test Cases/BB003_UnverifUser FAILED.
Reason:
com.kms.katalon.core.exception.StepFailedException: Unable to click on object 'Object Repository/ManageUser/EditButton'
	at com.kms.katalon.core.webui.keyword.internal.WebUIKeywordMain.stepFailed(WebUIKeywordMain.groovy:64)
	at com.kms.katalon.core.webui.keyword.internal.WebUIKeywordMain.runKeyword(WebUIKeywordMain.groovy:26)
	at com.kms.katalon.core.webui.keyword.builtin.ClickKeyword.click(ClickKeyword.groovy:74)
	at com.kms.katalon.core.webui.keyword.builtin.ClickKeyword.execute(ClickKeyword.groovy:40)
	at com.kms.katalon.core.keyword.internal.KeywordExecutor.executeKeywordForPlatform(KeywordExecutor.groovy:74)
	at com.kms.katalon.core.webui.keyword.WebUiBuiltInKeywords.click(WebUiBuiltInKeywords.groovy:620)
	at com.kms.katalon.core.webui.keyword.WebUiBuiltInKeywords$click$2.call(Unknown Source)
	at BB003_UnverifUser.run(BB003_UnverifUser:36)
	at com.kms.katalon.core.main.ScriptEngine.run(ScriptEngine.java:194)
	at com.kms.katalon.core.main.ScriptEngine.runScriptAsRawText(ScriptEngine.java:119)
	at com.kms.katalon.core.main.TestCaseExecutor.runScript(TestCaseExecutor.java:445)
	at com.kms.katalon.core.main.TestCaseExecutor.doExecute(TestCaseExecutor.java:436)
	at com.kms.katalon.core.main.TestCaseExecutor.processExecutionPhase(TestCaseExecutor.java:415)
	at com.kms.katalon.core.main.TestCaseExecutor.accessMainPhase(TestCaseExecutor.java:407)
	at com.kms.katalon.core.main.TestCaseExecutor.execute(TestCaseExecutor.java:284)
	at com.kms.katalon.core.common.CommonExecutor.accessTestCaseMainPhase(CommonExecutor.java:65)
	at com.kms.katalon.core.main.TestSuiteExecutor.accessTestSuiteMainPhase(TestSuiteExecutor.java:144)
	at com.kms.katalon.core.main.TestSuiteExecutor.execute(TestSuiteExecutor.java:106)
	at com.kms.katalon.core.main.TestCaseMain.startTestSuite(TestCaseMain.java:185)
	at com.kms.katalon.core.main.TestCaseMain$startTestSuite$0.call(Unknown Source)
	at TempTestSuite1671557716712.run(TempTestSuite1671557716712.groovy:36)
Caused by: com.kms.katalon.core.webui.exception.WebElementNotFoundException: Web element with id: 'Object Repository/ManageUser/EditButton' located by '(.//*[normalize-space(text()) and normalize-space(.)='Not verified'])[2]/following::li[1]' not found
	at com.kms.katalon.core.webui.common.WebUiCommonHelper.findWebElement(WebUiCommonHelper.java:1370)
	at com.kms.katalon.core.webui.keyword.internal.WebUIAbstractKeyword.findWebElement(WebUIAbstractKeyword.groovy:27)
	at com.kms.katalon.core.webui.keyword.builtin.ClickKeyword$_click_closure1.doCall(ClickKeyword.groovy:65)
	at com.kms.katalon.core.webui.keyword.builtin.ClickKeyword$_click_closure1.call(ClickKeyword.groovy)
	at com.kms.katalon.core.webui.keyword.internal.WebUIKeywordMain.runKeyword(WebUIKeywordMain.groovy:20)
	... 19 more
"/>
         <system-out><![CDATA[2022-12-21 00:37:08 - [TEST_CASE][FAILED] - Test Cases/BB003_UnverifUser: Test Cases/BB003_UnverifUser FAILED.
Reason:
com.kms.katalon.core.exception.StepFailedException: Unable to click on object 'Object Repository/ManageUser/EditButton'
	at com.kms.katalon.core.webui.keyword.internal.WebUIKeywordMain.stepFailed(WebUIKeywordMain.groovy:64)
	at com.kms.katalon.core.webui.keyword.internal.WebUIKeywordMain.runKeyword(WebUIKeywordMain.groovy:26)
	at com.kms.katalon.core.webui.keyword.builtin.ClickKeyword.click(ClickKeyword.groovy:74)
	at com.kms.katalon.core.webui.keyword.builtin.ClickKeyword.execute(ClickKeyword.groovy:40)
	at com.kms.katalon.core.keyword.internal.KeywordExecutor.executeKeywordForPlatform(KeywordExecutor.groovy:74)
	at com.kms.katalon.core.webui.keyword.WebUiBuiltInKeywords.click(WebUiBuiltInKeywords.groovy:620)
	at com.kms.katalon.core.webui.keyword.WebUiBuiltInKeywords$click$2.call(Unknown Source)
	at BB003_UnverifUser.run(BB003_UnverifUser:36)
	at com.kms.katalon.core.main.ScriptEngine.run(ScriptEngine.java:194)
	at com.kms.katalon.core.main.ScriptEngine.runScriptAsRawText(ScriptEngine.java:119)
	at com.kms.katalon.core.main.TestCaseExecutor.runScript(TestCaseExecutor.java:445)
	at com.kms.katalon.core.main.TestCaseExecutor.doExecute(TestCaseExecutor.java:436)
	at com.kms.katalon.core.main.TestCaseExecutor.processExecutionPhase(TestCaseExecutor.java:415)
	at com.kms.katalon.core.main.TestCaseExecutor.accessMainPhase(TestCaseExecutor.java:407)
	at com.kms.katalon.core.main.TestCaseExecutor.execute(TestCaseExecutor.java:284)
	at com.kms.katalon.core.common.CommonExecutor.accessTestCaseMainPhase(CommonExecutor.java:65)
	at com.kms.katalon.core.main.TestSuiteExecutor.accessTestSuiteMainPhase(TestSuiteExecutor.java:144)
	at com.kms.katalon.core.main.TestSuiteExecutor.execute(TestSuiteExecutor.java:106)
	at com.kms.katalon.core.main.TestCaseMain.startTestSuite(TestCaseMain.java:185)
	at com.kms.katalon.core.main.TestCaseMain$startTestSuite$0.call(Unknown Source)
	at TempTestSuite1671557716712.run(TempTestSuite1671557716712.groovy:36)
Caused by: com.kms.katalon.core.webui.exception.WebElementNotFoundException: Web element with id: 'Object Repository/ManageUser/EditButton' located by '(.//*[normalize-space(text()) and normalize-space(.)='Not verified'])[2]/following::li[1]' not found
	at com.kms.katalon.core.webui.common.WebUiCommonHelper.findWebElement(WebUiCommonHelper.java:1370)
	at com.kms.katalon.core.webui.keyword.internal.WebUIAbstractKeyword.findWebElement(WebUIAbstractKeyword.groovy:27)
	at com.kms.katalon.core.webui.keyword.builtin.ClickKeyword$_click_closure1.doCall(ClickKeyword.groovy:65)
	at com.kms.katalon.core.webui.keyword.builtin.ClickKeyword$_click_closure1.call(ClickKeyword.groovy)
	at com.kms.katalon.core.webui.keyword.internal.WebUIKeywordMain.runKeyword(WebUIKeywordMain.groovy:20)
	... 19 more


2022-12-21 00:37:08 - [TEST_STEP][PASSED] - openBrowser(""): Browser is opened with url: ''

2022-12-21 00:37:08 - [MESSAGE][WARNING] - A browser is already opened. Closing browser and opening a new one

2022-12-21 00:37:09 - [MESSAGE][INFO] - Starting 'Chrome' driver

2022-12-21 00:37:09 - [MESSAGE][INFO] - Action delay is set to 0 milliseconds

2022-12-21 00:37:11 - [MESSAGE][PASSED] - Browser is opened with url: ''

2022-12-21 00:37:11 - [TEST_STEP][PASSED] - maximizeWindow(): Current window maximized

2022-12-21 00:37:11 - [MESSAGE][PASSED] - Current window maximized

2022-12-21 00:37:11 - [TEST_STEP][PASSED] - navigateToUrl("https://tes-capstone-website.vercel.app/admin/login"): Navigate to 'https://tes-capstone-website.vercel.app/admin/login' successfully

2022-12-21 00:37:15 - [MESSAGE][PASSED] - Navigate to 'https://tes-capstone-website.vercel.app/admin/login' successfully

2022-12-21 00:37:15 - [TEST_STEP][PASSED] - setText(findTestObject("Auth/Email"), "admin@nyakit.in"): Text 'admin@nyakit.in' is set on object 'Object Repository/Auth/Email'

2022-12-21 00:37:16 - [MESSAGE][PASSED] - Text 'admin@nyakit.in' is set on object 'Object Repository/Auth/Email'

2022-12-21 00:37:16 - [TEST_STEP][PASSED] - setText(findTestObject("Auth/Password"), "@Password123"): Text '@Password123' is set on object 'Object Repository/Auth/Password'

2022-12-21 00:37:16 - [MESSAGE][PASSED] - Text '@Password123' is set on object 'Object Repository/Auth/Password'

2022-12-21 00:37:16 - [TEST_STEP][PASSED] - click(findTestObject("Auth/LoginButton")): Object: 'Object Repository/Auth/LoginButton' is clicked on

2022-12-21 00:37:17 - [MESSAGE][PASSED] - Object: 'Object Repository/Auth/LoginButton' is clicked on

2022-12-21 00:37:17 - [TEST_STEP][PASSED] - click(findTestObject("ManageUser/ManageUser")): Object: 'Object Repository/ManageUser/ManageUser' is clicked on

2022-12-21 00:37:20 - [MESSAGE][PASSED] - Object: 'Object Repository/ManageUser/ManageUser' is clicked on

2022-12-21 00:37:20 - [TEST_STEP][PASSED] - click(findTestObject("ManageUser/Option")): Object: 'Object Repository/ManageUser/Option' is clicked on

2022-12-21 00:37:21 - [MESSAGE][PASSED] - Object: 'Object Repository/ManageUser/Option' is clicked on

2022-12-21 00:37:21 - [TEST_STEP][FAILED] - click(findTestObject("ManageUser/EditButton")): Unable to click on object 'Object Repository/ManageUser/EditButton' (Root cause: com.kms.katalon.core.exception.StepFailedException: Unable to click on object 'Object Repository/ManageUser/EditButton'
	at com.kms.katalon.core.webui.keyword.internal.WebUIKeywordMain.stepFailed(WebUIKeywordMain.groovy:64)
	at com.kms.katalon.core.webui.keyword.internal.WebUIKeywordMain.runKeyword(WebUIKeywordMain.groovy:26)
	at com.kms.katalon.core.webui.keyword.builtin.ClickKeyword.click(ClickKeyword.groovy:74)
	at com.kms.katalon.core.webui.keyword.builtin.ClickKeyword.execute(ClickKeyword.groovy:40)
	at com.kms.katalon.core.keyword.internal.KeywordExecutor.executeKeywordForPlatform(KeywordExecutor.groovy:74)
	at com.kms.katalon.core.webui.keyword.WebUiBuiltInKeywords.click(WebUiBuiltInKeywords.groovy:620)
	at com.kms.katalon.core.webui.keyword.WebUiBuiltInKeywords$click$2.call(Unknown Source)
	at BB003_UnverifUser.run(BB003_UnverifUser:36)
	at com.kms.katalon.core.main.ScriptEngine.run(ScriptEngine.java:194)
	at com.kms.katalon.core.main.ScriptEngine.runScriptAsRawText(ScriptEngine.java:119)
	at com.kms.katalon.core.main.TestCaseExecutor.runScript(TestCaseExecutor.java:445)
	at com.kms.katalon.core.main.TestCaseExecutor.doExecute(TestCaseExecutor.java:436)
	at com.kms.katalon.core.main.TestCaseExecutor.processExecutionPhase(TestCaseExecutor.java:415)
	at com.kms.katalon.core.main.TestCaseExecutor.accessMainPhase(TestCaseExecutor.java:407)
	at com.kms.katalon.core.main.TestCaseExecutor.execute(TestCaseExecutor.java:284)
	at com.kms.katalon.core.common.CommonExecutor.accessTestCaseMainPhase(CommonExecutor.java:65)
	at com.kms.katalon.core.main.TestSuiteExecutor.accessTestSuiteMainPhase(TestSuiteExecutor.java:144)
	at com.kms.katalon.core.main.TestSuiteExecutor.execute(TestSuiteExecutor.java:106)
	at com.kms.katalon.core.main.TestCaseMain.startTestSuite(TestCaseMain.java:185)
	at com.kms.katalon.core.main.TestCaseMain$startTestSuite$0.call(Unknown Source)
	at TempTestSuite1671557716712.run(TempTestSuite1671557716712.groovy:36)
Caused by: com.kms.katalon.core.webui.exception.WebElementNotFoundException: Web element with id: 'Object Repository/ManageUser/EditButton' located by '(.//*[normalize-space(text()) and normalize-space(.)='Not verified'])[2]/following::li[1]' not found
	at com.kms.katalon.core.webui.common.WebUiCommonHelper.findWebElement(WebUiCommonHelper.java:1370)
	at com.kms.katalon.core.webui.keyword.internal.WebUIAbstractKeyword.findWebElement(WebUIAbstractKeyword.groovy:27)
	at com.kms.katalon.core.webui.keyword.builtin.ClickKeyword$_click_closure1.doCall(ClickKeyword.groovy:65)
	at com.kms.katalon.core.webui.keyword.builtin.ClickKeyword$_click_closure1.call(ClickKeyword.groovy)
	at com.kms.katalon.core.webui.keyword.internal.WebUIKeywordMain.runKeyword(WebUIKeywordMain.groovy:20)
	at com.kms.katalon.core.webui.keyword.builtin.ClickKeyword.click(ClickKeyword.groovy:74)
	at com.kms.katalon.core.webui.keyword.builtin.ClickKeyword.execute(ClickKeyword.groovy:40)
	at com.kms.katalon.core.keyword.internal.KeywordExecutor.executeKeywordForPlatform(KeywordExecutor.groovy:74)
	at com.kms.katalon.core.webui.keyword.WebUiBuiltInKeywords.click(WebUiBuiltInKeywords.groovy:620)
	at com.kms.katalon.core.webui.keyword.WebUiBuiltInKeywords$click$2.call(Unknown Source)
	at Script1670852324325.run(Script1670852324325.groovy:36)
	... 13 more
)

2022-12-21 00:37:52 - [MESSAGE][INFO] - Unable to find the element located by 'By.xpath: (.//*[normalize-space(text()) and normalize-space(.)='Not verified'])[2]/following::li[1]'. Please recheck the objects properties to make sure the desired element is located. 

2022-12-21 00:37:52 - [MESSAGE][FAILED] - Unable to click on object 'Object Repository/ManageUser/EditButton' (Root cause: com.kms.katalon.core.exception.StepFailedException: Unable to click on object 'Object Repository/ManageUser/EditButton'
	at com.kms.katalon.core.webui.keyword.internal.WebUIKeywordMain.stepFailed(WebUIKeywordMain.groovy:64)
	at com.kms.katalon.core.webui.keyword.internal.WebUIKeywordMain.runKeyword(WebUIKeywordMain.groovy:26)
	at com.kms.katalon.core.webui.keyword.builtin.ClickKeyword.click(ClickKeyword.groovy:74)
	at com.kms.katalon.core.webui.keyword.builtin.ClickKeyword.execute(ClickKeyword.groovy:40)
	at com.kms.katalon.core.keyword.internal.KeywordExecutor.executeKeywordForPlatform(KeywordExecutor.groovy:74)
	at com.kms.katalon.core.webui.keyword.WebUiBuiltInKeywords.click(WebUiBuiltInKeywords.groovy:620)
	at com.kms.katalon.core.webui.keyword.WebUiBuiltInKeywords$click$2.call(Unknown Source)
	at BB003_UnverifUser.run(BB003_UnverifUser:36)
	at com.kms.katalon.core.main.ScriptEngine.run(ScriptEngine.java:194)
	at com.kms.katalon.core.main.ScriptEngine.runScriptAsRawText(ScriptEngine.java:119)
	at com.kms.katalon.core.main.TestCaseExecutor.runScript(TestCaseExecutor.java:445)
	at com.kms.katalon.core.main.TestCaseExecutor.doExecute(TestCaseExecutor.java:436)
	at com.kms.katalon.core.main.TestCaseExecutor.processExecutionPhase(TestCaseExecutor.java:415)
	at com.kms.katalon.core.main.TestCaseExecutor.accessMainPhase(TestCaseExecutor.java:407)
	at com.kms.katalon.core.main.TestCaseExecutor.execute(TestCaseExecutor.java:284)
	at com.kms.katalon.core.common.CommonExecutor.accessTestCaseMainPhase(CommonExecutor.java:65)
	at com.kms.katalon.core.main.TestSuiteExecutor.accessTestSuiteMainPhase(TestSuiteExecutor.java:144)
	at com.kms.katalon.core.main.TestSuiteExecutor.execute(TestSuiteExecutor.java:106)
	at com.kms.katalon.core.main.TestCaseMain.startTestSuite(TestCaseMain.java:185)
	at com.kms.katalon.core.main.TestCaseMain$startTestSuite$0.call(Unknown Source)
	at TempTestSuite1671557716712.run(TempTestSuite1671557716712.groovy:36)
Caused by: com.kms.katalon.core.webui.exception.WebElementNotFoundException: Web element with id: 'Object Repository/ManageUser/EditButton' located by '(.//*[normalize-space(text()) and normalize-space(.)='Not verified'])[2]/following::li[1]' not found
	at com.kms.katalon.core.webui.common.WebUiCommonHelper.findWebElement(WebUiCommonHelper.java:1370)
	at com.kms.katalon.core.webui.keyword.internal.WebUIAbstractKeyword.findWebElement(WebUIAbstractKeyword.groovy:27)
	at com.kms.katalon.core.webui.keyword.builtin.ClickKeyword$_click_closure1.doCall(ClickKeyword.groovy:65)
	at com.kms.katalon.core.webui.keyword.builtin.ClickKeyword$_click_closure1.call(ClickKeyword.groovy)
	at com.kms.katalon.core.webui.keyword.internal.WebUIKeywordMain.runKeyword(WebUIKeywordMain.groovy:20)
	at com.kms.katalon.core.webui.keyword.builtin.ClickKeyword.click(ClickKeyword.groovy:74)
	at com.kms.katalon.core.webui.keyword.builtin.ClickKeyword.execute(ClickKeyword.groovy:40)
	at com.kms.katalon.core.keyword.internal.KeywordExecutor.executeKeywordForPlatform(KeywordExecutor.groovy:74)
	at com.kms.katalon.core.webui.keyword.WebUiBuiltInKeywords.click(WebUiBuiltInKeywords.groovy:620)
	at com.kms.katalon.core.webui.keyword.WebUiBuiltInKeywords$click$2.call(Unknown Source)
	at Script1670852324325.run(Script1670852324325.groovy:36)
	... 13 more
)
[[ATTACHMENT|C:\\Users\\User\\git\\QE_Web\\Reports\\20221221_003516\\RegressionWeb\\20221221_003516\\1671557872771.png]]]]></system-out>
         <system-err><![CDATA[2022-12-21 00:37:08 - [TEST_CASE][FAILED] - Test Cases/BB003_UnverifUser: Test Cases/BB003_UnverifUser FAILED.
Reason:
com.kms.katalon.core.exception.StepFailedException: Unable to click on object 'Object Repository/ManageUser/EditButton'
	at com.kms.katalon.core.webui.keyword.internal.WebUIKeywordMain.stepFailed(WebUIKeywordMain.groovy:64)
	at com.kms.katalon.core.webui.keyword.internal.WebUIKeywordMain.runKeyword(WebUIKeywordMain.groovy:26)
	at com.kms.katalon.core.webui.keyword.builtin.ClickKeyword.click(ClickKeyword.groovy:74)
	at com.kms.katalon.core.webui.keyword.builtin.ClickKeyword.execute(ClickKeyword.groovy:40)
	at com.kms.katalon.core.keyword.internal.KeywordExecutor.executeKeywordForPlatform(KeywordExecutor.groovy:74)
	at com.kms.katalon.core.webui.keyword.WebUiBuiltInKeywords.click(WebUiBuiltInKeywords.groovy:620)
	at com.kms.katalon.core.webui.keyword.WebUiBuiltInKeywords$click$2.call(Unknown Source)
	at BB003_UnverifUser.run(BB003_UnverifUser:36)
	at com.kms.katalon.core.main.ScriptEngine.run(ScriptEngine.java:194)
	at com.kms.katalon.core.main.ScriptEngine.runScriptAsRawText(ScriptEngine.java:119)
	at com.kms.katalon.core.main.TestCaseExecutor.runScript(TestCaseExecutor.java:445)
	at com.kms.katalon.core.main.TestCaseExecutor.doExecute(TestCaseExecutor.java:436)
	at com.kms.katalon.core.main.TestCaseExecutor.processExecutionPhase(TestCaseExecutor.java:415)
	at com.kms.katalon.core.main.TestCaseExecutor.accessMainPhase(TestCaseExecutor.java:407)
	at com.kms.katalon.core.main.TestCaseExecutor.execute(TestCaseExecutor.java:284)
	at com.kms.katalon.core.common.CommonExecutor.accessTestCaseMainPhase(CommonExecutor.java:65)
	at com.kms.katalon.core.main.TestSuiteExecutor.accessTestSuiteMainPhase(TestSuiteExecutor.java:144)
	at com.kms.katalon.core.main.TestSuiteExecutor.execute(TestSuiteExecutor.java:106)
	at com.kms.katalon.core.main.TestCaseMain.startTestSuite(TestCaseMain.java:185)
	at com.kms.katalon.core.main.TestCaseMain$startTestSuite$0.call(Unknown Source)
	at TempTestSuite1671557716712.run(TempTestSuite1671557716712.groovy:36)
Caused by: com.kms.katalon.core.webui.exception.WebElementNotFoundException: Web element with id: 'Object Repository/ManageUser/EditButton' located by '(.//*[normalize-space(text()) and normalize-space(.)='Not verified'])[2]/following::li[1]' not found
	at com.kms.katalon.core.webui.common.WebUiCommonHelper.findWebElement(WebUiCommonHelper.java:1370)
	at com.kms.katalon.core.webui.keyword.internal.WebUIAbstractKeyword.findWebElement(WebUIAbstractKeyword.groovy:27)
	at com.kms.katalon.core.webui.keyword.builtin.ClickKeyword$_click_closure1.doCall(ClickKeyword.groovy:65)
	at com.kms.katalon.core.webui.keyword.builtin.ClickKeyword$_click_closure1.call(ClickKeyword.groovy)
	at com.kms.katalon.core.webui.keyword.internal.WebUIKeywordMain.runKeyword(WebUIKeywordMain.groovy:20)
	... 19 more]]></system-err>
      </testcase>
      <testcase name="Test Cases/BB005_SearchUser" time="13.664" classname="Test Cases/BB005_SearchUser" status="PASSED">
         <system-out><![CDATA[2022-12-21 00:37:52 - [TEST_CASE][PASSED] - Test Cases/BB005_SearchUser: Test Cases/BB005_SearchUser

2022-12-21 00:37:53 - [TEST_STEP][PASSED] - openBrowser(""): Browser is opened with url: ''

2022-12-21 00:37:53 - [MESSAGE][WARNING] - A browser is already opened. Closing browser and opening a new one

2022-12-21 00:37:53 - [MESSAGE][INFO] - Starting 'Chrome' driver

2022-12-21 00:37:53 - [MESSAGE][INFO] - Action delay is set to 0 milliseconds

2022-12-21 00:37:55 - [MESSAGE][PASSED] - Browser is opened with url: ''

2022-12-21 00:37:55 - [TEST_STEP][PASSED] - maximizeWindow(): Current window maximized

2022-12-21 00:37:55 - [MESSAGE][PASSED] - Current window maximized

2022-12-21 00:37:55 - [TEST_STEP][PASSED] - navigateToUrl("https://tes-capstone-website.vercel.app/admin/login"): Navigate to 'https://tes-capstone-website.vercel.app/admin/login' successfully

2022-12-21 00:37:58 - [MESSAGE][PASSED] - Navigate to 'https://tes-capstone-website.vercel.app/admin/login' successfully

2022-12-21 00:37:58 - [TEST_STEP][PASSED] - setText(findTestObject("Auth/Email"), "rnd.rindhu@gmail.com"): Text 'rnd.rindhu@gmail.com' is set on object 'Object Repository/Auth/Email'

2022-12-21 00:37:59 - [MESSAGE][PASSED] - Text 'rnd.rindhu@gmail.com' is set on object 'Object Repository/Auth/Email'

2022-12-21 00:37:59 - [TEST_STEP][PASSED] - setText(findTestObject("Auth/Password"), "@Password123"): Text '@Password123' is set on object 'Object Repository/Auth/Password'

2022-12-21 00:38:00 - [MESSAGE][PASSED] - Text '@Password123' is set on object 'Object Repository/Auth/Password'

2022-12-21 00:38:00 - [TEST_STEP][PASSED] - click(findTestObject("Auth/LoginButton")): Object: 'Object Repository/Auth/LoginButton' is clicked on

2022-12-21 00:38:00 - [MESSAGE][PASSED] - Object: 'Object Repository/Auth/LoginButton' is clicked on

2022-12-21 00:38:00 - [TEST_STEP][PASSED] - click(findTestObject("ManageUser/ManageUser")): Object: 'Object Repository/ManageUser/ManageUser' is clicked on

2022-12-21 00:38:04 - [MESSAGE][PASSED] - Object: 'Object Repository/ManageUser/ManageUser' is clicked on

2022-12-21 00:38:04 - [TEST_STEP][PASSED] - setText(findTestObject("ManageUser/Search"), "rin"): Text 'rin' is set on object 'Object Repository/ManageUser/Search'

2022-12-21 00:38:05 - [MESSAGE][PASSED] - Text 'rin' is set on object 'Object Repository/ManageUser/Search'

2022-12-21 00:38:05 - [TEST_STEP][PASSED] - closeBrowser(): Browser is closed

2022-12-21 00:38:06 - [MESSAGE][PASSED] - Browser is closed]]></system-out>
         <system-err><![CDATA[]]></system-err>
      </testcase>
      <testcase name="Test Cases/BC001_ViewTransaksi" time="12.195" classname="Test Cases/BC001_ViewTransaksi" status="PASSED">
         <system-out><![CDATA[2022-12-21 00:38:06 - [TEST_CASE][PASSED] - Test Cases/BC001_ViewTransaksi: Test Cases/BC001_ViewTransaksi

2022-12-21 00:38:07 - [TEST_STEP][PASSED] - openBrowser(""): Browser is opened with url: ''

2022-12-21 00:38:07 - [MESSAGE][INFO] - Starting 'Chrome' driver

2022-12-21 00:38:07 - [MESSAGE][INFO] - Action delay is set to 0 milliseconds

2022-12-21 00:38:08 - [MESSAGE][PASSED] - Browser is opened with url: ''

2022-12-21 00:38:08 - [TEST_STEP][PASSED] - maximizeWindow(): Current window maximized

2022-12-21 00:38:08 - [MESSAGE][PASSED] - Current window maximized

2022-12-21 00:38:08 - [TEST_STEP][PASSED] - navigateToUrl("https://tes-capstone-website.vercel.app/admin/login"): Navigate to 'https://tes-capstone-website.vercel.app/admin/login' successfully

2022-12-21 00:38:12 - [MESSAGE][PASSED] - Navigate to 'https://tes-capstone-website.vercel.app/admin/login' successfully

2022-12-21 00:38:12 - [TEST_STEP][PASSED] - setText(findTestObject("Auth/Email"), "admin@nyakit.in"): Text 'admin@nyakit.in' is set on object 'Object Repository/Auth/Email'

2022-12-21 00:38:13 - [MESSAGE][PASSED] - Text 'admin@nyakit.in' is set on object 'Object Repository/Auth/Email'

2022-12-21 00:38:13 - [TEST_STEP][PASSED] - setText(findTestObject("Auth/Password"), "@Password123"): Text '@Password123' is set on object 'Object Repository/Auth/Password'

2022-12-21 00:38:14 - [MESSAGE][PASSED] - Text '@Password123' is set on object 'Object Repository/Auth/Password'

2022-12-21 00:38:14 - [TEST_STEP][PASSED] - click(findTestObject("Auth/LoginButton")): Object: 'Object Repository/Auth/LoginButton' is clicked on

2022-12-21 00:38:14 - [MESSAGE][PASSED] - Object: 'Object Repository/Auth/LoginButton' is clicked on

2022-12-21 00:38:14 - [TEST_STEP][PASSED] - click(findTestObject("ManageTransaksi/ManageTransaksi")): Object: 'Object Repository/ManageTransaksi/ManageTransaksi' is clicked on

2022-12-21 00:38:17 - [MESSAGE][PASSED] - Object: 'Object Repository/ManageTransaksi/ManageTransaksi' is clicked on

2022-12-21 00:38:17 - [TEST_STEP][PASSED] - closeBrowser(): Browser is closed

2022-12-21 00:38:18 - [MESSAGE][PASSED] - Browser is closed]]></system-out>
         <system-err><![CDATA[]]></system-err>
      </testcase>
      <testcase name="Test Cases/BC002_TransSuccess" time="18.548" classname="Test Cases/BC002_TransSuccess" status="PASSED">
         <system-out><![CDATA[2022-12-21 00:38:18 - [TEST_CASE][PASSED] - Test Cases/BC002_TransSuccess: Test Cases/BC002_TransSuccess

2022-12-21 00:38:19 - [TEST_STEP][PASSED] - openBrowser(""): Browser is opened with url: ''

2022-12-21 00:38:19 - [MESSAGE][INFO] - Starting 'Chrome' driver

2022-12-21 00:38:19 - [MESSAGE][INFO] - Action delay is set to 0 milliseconds

2022-12-21 00:38:20 - [MESSAGE][PASSED] - Browser is opened with url: ''

2022-12-21 00:38:20 - [TEST_STEP][PASSED] - maximizeWindow(): Current window maximized

2022-12-21 00:38:20 - [MESSAGE][PASSED] - Current window maximized

2022-12-21 00:38:20 - [TEST_STEP][PASSED] - navigateToUrl("https://tes-capstone-website.vercel.app/admin/login"): Navigate to 'https://tes-capstone-website.vercel.app/admin/login' successfully

2022-12-21 00:38:26 - [MESSAGE][PASSED] - Navigate to 'https://tes-capstone-website.vercel.app/admin/login' successfully

2022-12-21 00:38:26 - [TEST_STEP][PASSED] - setText(findTestObject("Auth/Email"), "admin@nyakit.in"): Text 'admin@nyakit.in' is set on object 'Object Repository/Auth/Email'

2022-12-21 00:38:27 - [MESSAGE][PASSED] - Text 'admin@nyakit.in' is set on object 'Object Repository/Auth/Email'

2022-12-21 00:38:27 - [TEST_STEP][PASSED] - setText(findTestObject("Auth/Password"), "@Password123"): Text '@Password123' is set on object 'Object Repository/Auth/Password'

2022-12-21 00:38:28 - [MESSAGE][PASSED] - Text '@Password123' is set on object 'Object Repository/Auth/Password'

2022-12-21 00:38:28 - [TEST_STEP][PASSED] - click(findTestObject("Auth/LoginButton")): Object: 'Object Repository/Auth/LoginButton' is clicked on

2022-12-21 00:38:29 - [MESSAGE][PASSED] - Object: 'Object Repository/Auth/LoginButton' is clicked on

2022-12-21 00:38:29 - [TEST_STEP][PASSED] - click(findTestObject("ManageTransaksi/ManageTransaksi")): Object: 'Object Repository/ManageTransaksi/ManageTransaksi' is clicked on

2022-12-21 00:38:32 - [MESSAGE][PASSED] - Object: 'Object Repository/ManageTransaksi/ManageTransaksi' is clicked on

2022-12-21 00:38:32 - [TEST_STEP][PASSED] - click(findTestObject("ManageTransaksi/Option")): Object: 'Object Repository/ManageTransaksi/Option' is clicked on

2022-12-21 00:38:33 - [MESSAGE][PASSED] - Object: 'Object Repository/ManageTransaksi/Option' is clicked on

2022-12-21 00:38:33 - [TEST_STEP][PASSED] - click(findTestObject("ManageTransaksi/Edit")): Object: 'Object Repository/ManageTransaksi/Edit' is clicked on

2022-12-21 00:38:34 - [MESSAGE][PASSED] - Object: 'Object Repository/ManageTransaksi/Edit' is clicked on

2022-12-21 00:38:34 - [TEST_STEP][PASSED] - selectOptionByValue(findTestObject("ManageTransaksi/PilihDisini"), "SUCCESS", true): All options with value 'SUCCESS' are selected in object 'Object Repository/ManageTransaksi/PilihDisini'  using regular expression

2022-12-21 00:38:36 - [MESSAGE][PASSED] - All options with value 'SUCCESS' are selected in object 'Object Repository/ManageTransaksi/PilihDisini'  using regular expression

2022-12-21 00:38:36 - [TEST_STEP][PASSED] - click(findTestObject("ManageTransaksi/simpan")): Object: 'Object Repository/ManageTransaksi/simpan' is clicked on

2022-12-21 00:38:36 - [MESSAGE][PASSED] - Object: 'Object Repository/ManageTransaksi/simpan' is clicked on

2022-12-21 00:38:36 - [TEST_STEP][PASSED] - closeBrowser(): Browser is closed

2022-12-21 00:38:37 - [MESSAGE][PASSED] - Browser is closed]]></system-out>
         <system-err><![CDATA[]]></system-err>
      </testcase>
      <testcase name="Test Cases/BC003_TransPending" time="16.057" classname="Test Cases/BC003_TransPending" status="PASSED">
         <system-out><![CDATA[2022-12-21 00:38:37 - [TEST_CASE][PASSED] - Test Cases/BC003_TransPending: Test Cases/BC003_TransPending

2022-12-21 00:38:37 - [TEST_STEP][PASSED] - openBrowser(""): Browser is opened with url: ''

2022-12-21 00:38:37 - [MESSAGE][INFO] - Starting 'Chrome' driver

2022-12-21 00:38:37 - [MESSAGE][INFO] - Action delay is set to 0 milliseconds

2022-12-21 00:38:38 - [MESSAGE][PASSED] - Browser is opened with url: ''

2022-12-21 00:38:38 - [TEST_STEP][PASSED] - maximizeWindow(): Current window maximized

2022-12-21 00:38:39 - [MESSAGE][PASSED] - Current window maximized

2022-12-21 00:38:39 - [TEST_STEP][PASSED] - navigateToUrl("https://tes-capstone-website.vercel.app/admin/login"): Navigate to 'https://tes-capstone-website.vercel.app/admin/login' successfully

2022-12-21 00:38:42 - [MESSAGE][PASSED] - Navigate to 'https://tes-capstone-website.vercel.app/admin/login' successfully

2022-12-21 00:38:42 - [TEST_STEP][PASSED] - setText(findTestObject("Auth/Email"), "admin@nyakit.in"): Text 'admin@nyakit.in' is set on object 'Object Repository/Auth/Email'

2022-12-21 00:38:43 - [MESSAGE][PASSED] - Text 'admin@nyakit.in' is set on object 'Object Repository/Auth/Email'

2022-12-21 00:38:43 - [TEST_STEP][PASSED] - setText(findTestObject("Auth/Password"), "@Password123"): Text '@Password123' is set on object 'Object Repository/Auth/Password'

2022-12-21 00:38:44 - [MESSAGE][PASSED] - Text '@Password123' is set on object 'Object Repository/Auth/Password'

2022-12-21 00:38:44 - [TEST_STEP][PASSED] - click(findTestObject("Auth/LoginButton")): Object: 'Object Repository/Auth/LoginButton' is clicked on

2022-12-21 00:38:44 - [MESSAGE][PASSED] - Object: 'Object Repository/Auth/LoginButton' is clicked on

2022-12-21 00:38:44 - [TEST_STEP][PASSED] - click(findTestObject("ManageTransaksi/ManageTransaksi")): Object: 'Object Repository/ManageTransaksi/ManageTransaksi' is clicked on

2022-12-21 00:38:48 - [MESSAGE][PASSED] - Object: 'Object Repository/ManageTransaksi/ManageTransaksi' is clicked on

2022-12-21 00:38:48 - [TEST_STEP][PASSED] - click(findTestObject("ManageTransaksi/Option")): Object: 'Object Repository/ManageTransaksi/Option' is clicked on

2022-12-21 00:38:49 - [MESSAGE][PASSED] - Object: 'Object Repository/ManageTransaksi/Option' is clicked on

2022-12-21 00:38:49 - [TEST_STEP][PASSED] - click(findTestObject("ManageTransaksi/Edit")): Object: 'Object Repository/ManageTransaksi/Edit' is clicked on

2022-12-21 00:38:50 - [MESSAGE][PASSED] - Object: 'Object Repository/ManageTransaksi/Edit' is clicked on

2022-12-21 00:38:50 - [TEST_STEP][PASSED] - selectOptionByValue(findTestObject("ManageTransaksi/PilihDisini"), "PENDING", true): All options with value 'PENDING' are selected in object 'Object Repository/ManageTransaksi/PilihDisini'  using regular expression

2022-12-21 00:38:52 - [MESSAGE][PASSED] - All options with value 'PENDING' are selected in object 'Object Repository/ManageTransaksi/PilihDisini'  using regular expression

2022-12-21 00:38:52 - [TEST_STEP][PASSED] - click(findTestObject("ManageTransaksi/simpan")): Object: 'Object Repository/ManageTransaksi/simpan' is clicked on

2022-12-21 00:38:52 - [MESSAGE][PASSED] - Object: 'Object Repository/ManageTransaksi/simpan' is clicked on

2022-12-21 00:38:52 - [TEST_STEP][PASSED] - closeBrowser(): Browser is closed

2022-12-21 00:38:53 - [MESSAGE][PASSED] - Browser is closed]]></system-out>
         <system-err><![CDATA[]]></system-err>
      </testcase>
      <testcase name="Test Cases/BC004_TransCancel" time="42.525" classname="Test Cases/BC004_TransCancel" status="FAILED">
         <failure type="FAILED" message="Test Cases/BC004_TransCancel FAILED.
Reason:
com.kms.katalon.core.exception.StepFailedException: Unable to click on object 'Object Repository/ManageTransaksi/Option'
	at com.kms.katalon.core.webui.keyword.internal.WebUIKeywordMain.stepFailed(WebUIKeywordMain.groovy:64)
	at com.kms.katalon.core.webui.keyword.internal.WebUIKeywordMain.runKeyword(WebUIKeywordMain.groovy:26)
	at com.kms.katalon.core.webui.keyword.builtin.ClickKeyword.click(ClickKeyword.groovy:74)
	at com.kms.katalon.core.webui.keyword.builtin.ClickKeyword.execute(ClickKeyword.groovy:40)
	at com.kms.katalon.core.keyword.internal.KeywordExecutor.executeKeywordForPlatform(KeywordExecutor.groovy:74)
	at com.kms.katalon.core.webui.keyword.WebUiBuiltInKeywords.click(WebUiBuiltInKeywords.groovy:620)
	at com.kms.katalon.core.webui.keyword.WebUiBuiltInKeywords$click$2.call(Unknown Source)
	at BC004_TransCancel.run(BC004_TransCancel:34)
	at com.kms.katalon.core.main.ScriptEngine.run(ScriptEngine.java:194)
	at com.kms.katalon.core.main.ScriptEngine.runScriptAsRawText(ScriptEngine.java:119)
	at com.kms.katalon.core.main.TestCaseExecutor.runScript(TestCaseExecutor.java:445)
	at com.kms.katalon.core.main.TestCaseExecutor.doExecute(TestCaseExecutor.java:436)
	at com.kms.katalon.core.main.TestCaseExecutor.processExecutionPhase(TestCaseExecutor.java:415)
	at com.kms.katalon.core.main.TestCaseExecutor.accessMainPhase(TestCaseExecutor.java:407)
	at com.kms.katalon.core.main.TestCaseExecutor.execute(TestCaseExecutor.java:284)
	at com.kms.katalon.core.common.CommonExecutor.accessTestCaseMainPhase(CommonExecutor.java:65)
	at com.kms.katalon.core.main.TestSuiteExecutor.accessTestSuiteMainPhase(TestSuiteExecutor.java:144)
	at com.kms.katalon.core.main.TestSuiteExecutor.execute(TestSuiteExecutor.java:106)
	at com.kms.katalon.core.main.TestCaseMain.startTestSuite(TestCaseMain.java:185)
	at com.kms.katalon.core.main.TestCaseMain$startTestSuite$0.call(Unknown Source)
	at TempTestSuite1671557716712.run(TempTestSuite1671557716712.groovy:36)
Caused by: com.kms.katalon.core.webui.exception.WebElementNotFoundException: Web element with id: 'Object Repository/ManageTransaksi/Option' located by '(.//*[normalize-space(text()) and normalize-space(.)='Success'])[2]/following::*[name()='svg'][1]' not found
	at com.kms.katalon.core.webui.common.WebUiCommonHelper.findWebElement(WebUiCommonHelper.java:1370)
	at com.kms.katalon.core.webui.keyword.internal.WebUIAbstractKeyword.findWebElement(WebUIAbstractKeyword.groovy:27)
	at com.kms.katalon.core.webui.keyword.builtin.ClickKeyword$_click_closure1.doCall(ClickKeyword.groovy:65)
	at com.kms.katalon.core.webui.keyword.builtin.ClickKeyword$_click_closure1.call(ClickKeyword.groovy)
	at com.kms.katalon.core.webui.keyword.internal.WebUIKeywordMain.runKeyword(WebUIKeywordMain.groovy:20)
	... 19 more
"/>
         <system-out><![CDATA[2022-12-21 00:38:53 - [TEST_CASE][FAILED] - Test Cases/BC004_TransCancel: Test Cases/BC004_TransCancel FAILED.
Reason:
com.kms.katalon.core.exception.StepFailedException: Unable to click on object 'Object Repository/ManageTransaksi/Option'
	at com.kms.katalon.core.webui.keyword.internal.WebUIKeywordMain.stepFailed(WebUIKeywordMain.groovy:64)
	at com.kms.katalon.core.webui.keyword.internal.WebUIKeywordMain.runKeyword(WebUIKeywordMain.groovy:26)
	at com.kms.katalon.core.webui.keyword.builtin.ClickKeyword.click(ClickKeyword.groovy:74)
	at com.kms.katalon.core.webui.keyword.builtin.ClickKeyword.execute(ClickKeyword.groovy:40)
	at com.kms.katalon.core.keyword.internal.KeywordExecutor.executeKeywordForPlatform(KeywordExecutor.groovy:74)
	at com.kms.katalon.core.webui.keyword.WebUiBuiltInKeywords.click(WebUiBuiltInKeywords.groovy:620)
	at com.kms.katalon.core.webui.keyword.WebUiBuiltInKeywords$click$2.call(Unknown Source)
	at BC004_TransCancel.run(BC004_TransCancel:34)
	at com.kms.katalon.core.main.ScriptEngine.run(ScriptEngine.java:194)
	at com.kms.katalon.core.main.ScriptEngine.runScriptAsRawText(ScriptEngine.java:119)
	at com.kms.katalon.core.main.TestCaseExecutor.runScript(TestCaseExecutor.java:445)
	at com.kms.katalon.core.main.TestCaseExecutor.doExecute(TestCaseExecutor.java:436)
	at com.kms.katalon.core.main.TestCaseExecutor.processExecutionPhase(TestCaseExecutor.java:415)
	at com.kms.katalon.core.main.TestCaseExecutor.accessMainPhase(TestCaseExecutor.java:407)
	at com.kms.katalon.core.main.TestCaseExecutor.execute(TestCaseExecutor.java:284)
	at com.kms.katalon.core.common.CommonExecutor.accessTestCaseMainPhase(CommonExecutor.java:65)
	at com.kms.katalon.core.main.TestSuiteExecutor.accessTestSuiteMainPhase(TestSuiteExecutor.java:144)
	at com.kms.katalon.core.main.TestSuiteExecutor.execute(TestSuiteExecutor.java:106)
	at com.kms.katalon.core.main.TestCaseMain.startTestSuite(TestCaseMain.java:185)
	at com.kms.katalon.core.main.TestCaseMain$startTestSuite$0.call(Unknown Source)
	at TempTestSuite1671557716712.run(TempTestSuite1671557716712.groovy:36)
Caused by: com.kms.katalon.core.webui.exception.WebElementNotFoundException: Web element with id: 'Object Repository/ManageTransaksi/Option' located by '(.//*[normalize-space(text()) and normalize-space(.)='Success'])[2]/following::*[name()='svg'][1]' not found
	at com.kms.katalon.core.webui.common.WebUiCommonHelper.findWebElement(WebUiCommonHelper.java:1370)
	at com.kms.katalon.core.webui.keyword.internal.WebUIAbstractKeyword.findWebElement(WebUIAbstractKeyword.groovy:27)
	at com.kms.katalon.core.webui.keyword.builtin.ClickKeyword$_click_closure1.doCall(ClickKeyword.groovy:65)
	at com.kms.katalon.core.webui.keyword.builtin.ClickKeyword$_click_closure1.call(ClickKeyword.groovy)
	at com.kms.katalon.core.webui.keyword.internal.WebUIKeywordMain.runKeyword(WebUIKeywordMain.groovy:20)
	... 19 more


2022-12-21 00:38:53 - [TEST_STEP][PASSED] - openBrowser(""): Browser is opened with url: ''

2022-12-21 00:38:53 - [MESSAGE][INFO] - Starting 'Chrome' driver

2022-12-21 00:38:53 - [MESSAGE][INFO] - Action delay is set to 0 milliseconds

2022-12-21 00:38:55 - [MESSAGE][PASSED] - Browser is opened with url: ''

2022-12-21 00:38:55 - [TEST_STEP][PASSED] - maximizeWindow(): Current window maximized

2022-12-21 00:38:55 - [MESSAGE][PASSED] - Current window maximized

2022-12-21 00:38:55 - [TEST_STEP][PASSED] - navigateToUrl("https://tes-capstone-website.vercel.app/admin/login"): Navigate to 'https://tes-capstone-website.vercel.app/admin/login' successfully

2022-12-21 00:38:58 - [MESSAGE][PASSED] - Navigate to 'https://tes-capstone-website.vercel.app/admin/login' successfully

2022-12-21 00:38:58 - [TEST_STEP][PASSED] - setText(findTestObject("Auth/Email"), "admin@nyakit.in"): Text 'admin@nyakit.in' is set on object 'Object Repository/Auth/Email'

2022-12-21 00:38:59 - [MESSAGE][PASSED] - Text 'admin@nyakit.in' is set on object 'Object Repository/Auth/Email'

2022-12-21 00:38:59 - [TEST_STEP][PASSED] - setText(findTestObject("Auth/Password"), "@Password123"): Text '@Password123' is set on object 'Object Repository/Auth/Password'

2022-12-21 00:39:00 - [MESSAGE][PASSED] - Text '@Password123' is set on object 'Object Repository/Auth/Password'

2022-12-21 00:39:00 - [TEST_STEP][PASSED] - click(findTestObject("Auth/LoginButton")): Object: 'Object Repository/Auth/LoginButton' is clicked on

2022-12-21 00:39:01 - [MESSAGE][PASSED] - Object: 'Object Repository/Auth/LoginButton' is clicked on

2022-12-21 00:39:01 - [TEST_STEP][PASSED] - click(findTestObject("ManageTransaksi/ManageTransaksi")): Object: 'Object Repository/ManageTransaksi/ManageTransaksi' is clicked on

2022-12-21 00:39:04 - [MESSAGE][PASSED] - Object: 'Object Repository/ManageTransaksi/ManageTransaksi' is clicked on

2022-12-21 00:39:04 - [TEST_STEP][FAILED] - click(findTestObject("ManageTransaksi/Option")): Unable to click on object 'Object Repository/ManageTransaksi/Option' (Root cause: com.kms.katalon.core.exception.StepFailedException: Unable to click on object 'Object Repository/ManageTransaksi/Option'
	at com.kms.katalon.core.webui.keyword.internal.WebUIKeywordMain.stepFailed(WebUIKeywordMain.groovy:64)
	at com.kms.katalon.core.webui.keyword.internal.WebUIKeywordMain.runKeyword(WebUIKeywordMain.groovy:26)
	at com.kms.katalon.core.webui.keyword.builtin.ClickKeyword.click(ClickKeyword.groovy:74)
	at com.kms.katalon.core.webui.keyword.builtin.ClickKeyword.execute(ClickKeyword.groovy:40)
	at com.kms.katalon.core.keyword.internal.KeywordExecutor.executeKeywordForPlatform(KeywordExecutor.groovy:74)
	at com.kms.katalon.core.webui.keyword.WebUiBuiltInKeywords.click(WebUiBuiltInKeywords.groovy:620)
	at com.kms.katalon.core.webui.keyword.WebUiBuiltInKeywords$click$2.call(Unknown Source)
	at BC004_TransCancel.run(BC004_TransCancel:34)
	at com.kms.katalon.core.main.ScriptEngine.run(ScriptEngine.java:194)
	at com.kms.katalon.core.main.ScriptEngine.runScriptAsRawText(ScriptEngine.java:119)
	at com.kms.katalon.core.main.TestCaseExecutor.runScript(TestCaseExecutor.java:445)
	at com.kms.katalon.core.main.TestCaseExecutor.doExecute(TestCaseExecutor.java:436)
	at com.kms.katalon.core.main.TestCaseExecutor.processExecutionPhase(TestCaseExecutor.java:415)
	at com.kms.katalon.core.main.TestCaseExecutor.accessMainPhase(TestCaseExecutor.java:407)
	at com.kms.katalon.core.main.TestCaseExecutor.execute(TestCaseExecutor.java:284)
	at com.kms.katalon.core.common.CommonExecutor.accessTestCaseMainPhase(CommonExecutor.java:65)
	at com.kms.katalon.core.main.TestSuiteExecutor.accessTestSuiteMainPhase(TestSuiteExecutor.java:144)
	at com.kms.katalon.core.main.TestSuiteExecutor.execute(TestSuiteExecutor.java:106)
	at com.kms.katalon.core.main.TestCaseMain.startTestSuite(TestCaseMain.java:185)
	at com.kms.katalon.core.main.TestCaseMain$startTestSuite$0.call(Unknown Source)
	at TempTestSuite1671557716712.run(TempTestSuite1671557716712.groovy:36)
Caused by: com.kms.katalon.core.webui.exception.WebElementNotFoundException: Web element with id: 'Object Repository/ManageTransaksi/Option' located by '(.//*[normalize-space(text()) and normalize-space(.)='Success'])[2]/following::*[name()='svg'][1]' not found
	at com.kms.katalon.core.webui.common.WebUiCommonHelper.findWebElement(WebUiCommonHelper.java:1370)
	at com.kms.katalon.core.webui.keyword.internal.WebUIAbstractKeyword.findWebElement(WebUIAbstractKeyword.groovy:27)
	at com.kms.katalon.core.webui.keyword.builtin.ClickKeyword$_click_closure1.doCall(ClickKeyword.groovy:65)
	at com.kms.katalon.core.webui.keyword.builtin.ClickKeyword$_click_closure1.call(ClickKeyword.groovy)
	at com.kms.katalon.core.webui.keyword.internal.WebUIKeywordMain.runKeyword(WebUIKeywordMain.groovy:20)
	at com.kms.katalon.core.webui.keyword.builtin.ClickKeyword.click(ClickKeyword.groovy:74)
	at com.kms.katalon.core.webui.keyword.builtin.ClickKeyword.execute(ClickKeyword.groovy:40)
	at com.kms.katalon.core.keyword.internal.KeywordExecutor.executeKeywordForPlatform(KeywordExecutor.groovy:74)
	at com.kms.katalon.core.webui.keyword.WebUiBuiltInKeywords.click(WebUiBuiltInKeywords.groovy:620)
	at com.kms.katalon.core.webui.keyword.WebUiBuiltInKeywords$click$2.call(Unknown Source)
	at Script1671240514811.run(Script1671240514811.groovy:34)
	... 13 more
)

2022-12-21 00:39:35 - [MESSAGE][INFO] - Unable to find the element located by 'By.xpath: (.//*[normalize-space(text()) and normalize-space(.)='Success'])[2]/following::*[name()='svg'][1]'. Please recheck the objects properties to make sure the desired element is located. 

2022-12-21 00:39:36 - [MESSAGE][FAILED] - Unable to click on object 'Object Repository/ManageTransaksi/Option' (Root cause: com.kms.katalon.core.exception.StepFailedException: Unable to click on object 'Object Repository/ManageTransaksi/Option'
	at com.kms.katalon.core.webui.keyword.internal.WebUIKeywordMain.stepFailed(WebUIKeywordMain.groovy:64)
	at com.kms.katalon.core.webui.keyword.internal.WebUIKeywordMain.runKeyword(WebUIKeywordMain.groovy:26)
	at com.kms.katalon.core.webui.keyword.builtin.ClickKeyword.click(ClickKeyword.groovy:74)
	at com.kms.katalon.core.webui.keyword.builtin.ClickKeyword.execute(ClickKeyword.groovy:40)
	at com.kms.katalon.core.keyword.internal.KeywordExecutor.executeKeywordForPlatform(KeywordExecutor.groovy:74)
	at com.kms.katalon.core.webui.keyword.WebUiBuiltInKeywords.click(WebUiBuiltInKeywords.groovy:620)
	at com.kms.katalon.core.webui.keyword.WebUiBuiltInKeywords$click$2.call(Unknown Source)
	at BC004_TransCancel.run(BC004_TransCancel:34)
	at com.kms.katalon.core.main.ScriptEngine.run(ScriptEngine.java:194)
	at com.kms.katalon.core.main.ScriptEngine.runScriptAsRawText(ScriptEngine.java:119)
	at com.kms.katalon.core.main.TestCaseExecutor.runScript(TestCaseExecutor.java:445)
	at com.kms.katalon.core.main.TestCaseExecutor.doExecute(TestCaseExecutor.java:436)
	at com.kms.katalon.core.main.TestCaseExecutor.processExecutionPhase(TestCaseExecutor.java:415)
	at com.kms.katalon.core.main.TestCaseExecutor.accessMainPhase(TestCaseExecutor.java:407)
	at com.kms.katalon.core.main.TestCaseExecutor.execute(TestCaseExecutor.java:284)
	at com.kms.katalon.core.common.CommonExecutor.accessTestCaseMainPhase(CommonExecutor.java:65)
	at com.kms.katalon.core.main.TestSuiteExecutor.accessTestSuiteMainPhase(TestSuiteExecutor.java:144)
	at com.kms.katalon.core.main.TestSuiteExecutor.execute(TestSuiteExecutor.java:106)
	at com.kms.katalon.core.main.TestCaseMain.startTestSuite(TestCaseMain.java:185)
	at com.kms.katalon.core.main.TestCaseMain$startTestSuite$0.call(Unknown Source)
	at TempTestSuite1671557716712.run(TempTestSuite1671557716712.groovy:36)
Caused by: com.kms.katalon.core.webui.exception.WebElementNotFoundException: Web element with id: 'Object Repository/ManageTransaksi/Option' located by '(.//*[normalize-space(text()) and normalize-space(.)='Success'])[2]/following::*[name()='svg'][1]' not found
	at com.kms.katalon.core.webui.common.WebUiCommonHelper.findWebElement(WebUiCommonHelper.java:1370)
	at com.kms.katalon.core.webui.keyword.internal.WebUIAbstractKeyword.findWebElement(WebUIAbstractKeyword.groovy:27)
	at com.kms.katalon.core.webui.keyword.builtin.ClickKeyword$_click_closure1.doCall(ClickKeyword.groovy:65)
	at com.kms.katalon.core.webui.keyword.builtin.ClickKeyword$_click_closure1.call(ClickKeyword.groovy)
	at com.kms.katalon.core.webui.keyword.internal.WebUIKeywordMain.runKeyword(WebUIKeywordMain.groovy:20)
	at com.kms.katalon.core.webui.keyword.builtin.ClickKeyword.click(ClickKeyword.groovy:74)
	at com.kms.katalon.core.webui.keyword.builtin.ClickKeyword.execute(ClickKeyword.groovy:40)
	at com.kms.katalon.core.keyword.internal.KeywordExecutor.executeKeywordForPlatform(KeywordExecutor.groovy:74)
	at com.kms.katalon.core.webui.keyword.WebUiBuiltInKeywords.click(WebUiBuiltInKeywords.groovy:620)
	at com.kms.katalon.core.webui.keyword.WebUiBuiltInKeywords$click$2.call(Unknown Source)
	at Script1671240514811.run(Script1671240514811.groovy:34)
	... 13 more
)
[[ATTACHMENT|C:\\Users\\User\\git\\QE_Web\\Reports\\20221221_003516\\RegressionWeb\\20221221_003516\\1671557975817.png]]]]></system-out>
         <system-err><![CDATA[2022-12-21 00:38:53 - [TEST_CASE][FAILED] - Test Cases/BC004_TransCancel: Test Cases/BC004_TransCancel FAILED.
Reason:
com.kms.katalon.core.exception.StepFailedException: Unable to click on object 'Object Repository/ManageTransaksi/Option'
	at com.kms.katalon.core.webui.keyword.internal.WebUIKeywordMain.stepFailed(WebUIKeywordMain.groovy:64)
	at com.kms.katalon.core.webui.keyword.internal.WebUIKeywordMain.runKeyword(WebUIKeywordMain.groovy:26)
	at com.kms.katalon.core.webui.keyword.builtin.ClickKeyword.click(ClickKeyword.groovy:74)
	at com.kms.katalon.core.webui.keyword.builtin.ClickKeyword.execute(ClickKeyword.groovy:40)
	at com.kms.katalon.core.keyword.internal.KeywordExecutor.executeKeywordForPlatform(KeywordExecutor.groovy:74)
	at com.kms.katalon.core.webui.keyword.WebUiBuiltInKeywords.click(WebUiBuiltInKeywords.groovy:620)
	at com.kms.katalon.core.webui.keyword.WebUiBuiltInKeywords$click$2.call(Unknown Source)
	at BC004_TransCancel.run(BC004_TransCancel:34)
	at com.kms.katalon.core.main.ScriptEngine.run(ScriptEngine.java:194)
	at com.kms.katalon.core.main.ScriptEngine.runScriptAsRawText(ScriptEngine.java:119)
	at com.kms.katalon.core.main.TestCaseExecutor.runScript(TestCaseExecutor.java:445)
	at com.kms.katalon.core.main.TestCaseExecutor.doExecute(TestCaseExecutor.java:436)
	at com.kms.katalon.core.main.TestCaseExecutor.processExecutionPhase(TestCaseExecutor.java:415)
	at com.kms.katalon.core.main.TestCaseExecutor.accessMainPhase(TestCaseExecutor.java:407)
	at com.kms.katalon.core.main.TestCaseExecutor.execute(TestCaseExecutor.java:284)
	at com.kms.katalon.core.common.CommonExecutor.accessTestCaseMainPhase(CommonExecutor.java:65)
	at com.kms.katalon.core.main.TestSuiteExecutor.accessTestSuiteMainPhase(TestSuiteExecutor.java:144)
	at com.kms.katalon.core.main.TestSuiteExecutor.execute(TestSuiteExecutor.java:106)
	at com.kms.katalon.core.main.TestCaseMain.startTestSuite(TestCaseMain.java:185)
	at com.kms.katalon.core.main.TestCaseMain$startTestSuite$0.call(Unknown Source)
	at TempTestSuite1671557716712.run(TempTestSuite1671557716712.groovy:36)
Caused by: com.kms.katalon.core.webui.exception.WebElementNotFoundException: Web element with id: 'Object Repository/ManageTransaksi/Option' located by '(.//*[normalize-space(text()) and normalize-space(.)='Success'])[2]/following::*[name()='svg'][1]' not found
	at com.kms.katalon.core.webui.common.WebUiCommonHelper.findWebElement(WebUiCommonHelper.java:1370)
	at com.kms.katalon.core.webui.keyword.internal.WebUIAbstractKeyword.findWebElement(WebUIAbstractKeyword.groovy:27)
	at com.kms.katalon.core.webui.keyword.builtin.ClickKeyword$_click_closure1.doCall(ClickKeyword.groovy:65)
	at com.kms.katalon.core.webui.keyword.builtin.ClickKeyword$_click_closure1.call(ClickKeyword.groovy)
	at com.kms.katalon.core.webui.keyword.internal.WebUIKeywordMain.runKeyword(WebUIKeywordMain.groovy:20)
	... 19 more]]></system-err>
      </testcase>
      <testcase name="Test Cases/BC005_TransWithoutSimpan" time="43.571" classname="Test Cases/BC005_TransWithoutSimpan" status="FAILED">
         <failure type="FAILED" message="Test Cases/BC005_TransWithoutSimpan FAILED.
Reason:
com.kms.katalon.core.exception.StepFailedException: Unable to click on object 'Object Repository/ManageTransaksi/Option'
	at com.kms.katalon.core.webui.keyword.internal.WebUIKeywordMain.stepFailed(WebUIKeywordMain.groovy:64)
	at com.kms.katalon.core.webui.keyword.internal.WebUIKeywordMain.runKeyword(WebUIKeywordMain.groovy:26)
	at com.kms.katalon.core.webui.keyword.builtin.ClickKeyword.click(ClickKeyword.groovy:74)
	at com.kms.katalon.core.webui.keyword.builtin.ClickKeyword.execute(ClickKeyword.groovy:40)
	at com.kms.katalon.core.keyword.internal.KeywordExecutor.executeKeywordForPlatform(KeywordExecutor.groovy:74)
	at com.kms.katalon.core.webui.keyword.WebUiBuiltInKeywords.click(WebUiBuiltInKeywords.groovy:620)
	at com.kms.katalon.core.webui.keyword.WebUiBuiltInKeywords$click$2.call(Unknown Source)
	at BC005_TransWithoutSimpan.run(BC005_TransWithoutSimpan:34)
	at com.kms.katalon.core.main.ScriptEngine.run(ScriptEngine.java:194)
	at com.kms.katalon.core.main.ScriptEngine.runScriptAsRawText(ScriptEngine.java:119)
	at com.kms.katalon.core.main.TestCaseExecutor.runScript(TestCaseExecutor.java:445)
	at com.kms.katalon.core.main.TestCaseExecutor.doExecute(TestCaseExecutor.java:436)
	at com.kms.katalon.core.main.TestCaseExecutor.processExecutionPhase(TestCaseExecutor.java:415)
	at com.kms.katalon.core.main.TestCaseExecutor.accessMainPhase(TestCaseExecutor.java:407)
	at com.kms.katalon.core.main.TestCaseExecutor.execute(TestCaseExecutor.java:284)
	at com.kms.katalon.core.common.CommonExecutor.accessTestCaseMainPhase(CommonExecutor.java:65)
	at com.kms.katalon.core.main.TestSuiteExecutor.accessTestSuiteMainPhase(TestSuiteExecutor.java:144)
	at com.kms.katalon.core.main.TestSuiteExecutor.execute(TestSuiteExecutor.java:106)
	at com.kms.katalon.core.main.TestCaseMain.startTestSuite(TestCaseMain.java:185)
	at com.kms.katalon.core.main.TestCaseMain$startTestSuite$0.call(Unknown Source)
	at TempTestSuite1671557716712.run(TempTestSuite1671557716712.groovy:36)
Caused by: com.kms.katalon.core.webui.exception.WebElementNotFoundException: Web element with id: 'Object Repository/ManageTransaksi/Option' located by '(.//*[normalize-space(text()) and normalize-space(.)='Success'])[2]/following::*[name()='svg'][1]' not found
	at com.kms.katalon.core.webui.common.WebUiCommonHelper.findWebElement(WebUiCommonHelper.java:1370)
	at com.kms.katalon.core.webui.keyword.internal.WebUIAbstractKeyword.findWebElement(WebUIAbstractKeyword.groovy:27)
	at com.kms.katalon.core.webui.keyword.builtin.ClickKeyword$_click_closure1.doCall(ClickKeyword.groovy:65)
	at com.kms.katalon.core.webui.keyword.builtin.ClickKeyword$_click_closure1.call(ClickKeyword.groovy)
	at com.kms.katalon.core.webui.keyword.internal.WebUIKeywordMain.runKeyword(WebUIKeywordMain.groovy:20)
	... 19 more
"/>
         <system-out><![CDATA[2022-12-21 00:39:36 - [TEST_CASE][FAILED] - Test Cases/BC005_TransWithoutSimpan: Test Cases/BC005_TransWithoutSimpan FAILED.
Reason:
com.kms.katalon.core.exception.StepFailedException: Unable to click on object 'Object Repository/ManageTransaksi/Option'
	at com.kms.katalon.core.webui.keyword.internal.WebUIKeywordMain.stepFailed(WebUIKeywordMain.groovy:64)
	at com.kms.katalon.core.webui.keyword.internal.WebUIKeywordMain.runKeyword(WebUIKeywordMain.groovy:26)
	at com.kms.katalon.core.webui.keyword.builtin.ClickKeyword.click(ClickKeyword.groovy:74)
	at com.kms.katalon.core.webui.keyword.builtin.ClickKeyword.execute(ClickKeyword.groovy:40)
	at com.kms.katalon.core.keyword.internal.KeywordExecutor.executeKeywordForPlatform(KeywordExecutor.groovy:74)
	at com.kms.katalon.core.webui.keyword.WebUiBuiltInKeywords.click(WebUiBuiltInKeywords.groovy:620)
	at com.kms.katalon.core.webui.keyword.WebUiBuiltInKeywords$click$2.call(Unknown Source)
	at BC005_TransWithoutSimpan.run(BC005_TransWithoutSimpan:34)
	at com.kms.katalon.core.main.ScriptEngine.run(ScriptEngine.java:194)
	at com.kms.katalon.core.main.ScriptEngine.runScriptAsRawText(ScriptEngine.java:119)
	at com.kms.katalon.core.main.TestCaseExecutor.runScript(TestCaseExecutor.java:445)
	at com.kms.katalon.core.main.TestCaseExecutor.doExecute(TestCaseExecutor.java:436)
	at com.kms.katalon.core.main.TestCaseExecutor.processExecutionPhase(TestCaseExecutor.java:415)
	at com.kms.katalon.core.main.TestCaseExecutor.accessMainPhase(TestCaseExecutor.java:407)
	at com.kms.katalon.core.main.TestCaseExecutor.execute(TestCaseExecutor.java:284)
	at com.kms.katalon.core.common.CommonExecutor.accessTestCaseMainPhase(CommonExecutor.java:65)
	at com.kms.katalon.core.main.TestSuiteExecutor.accessTestSuiteMainPhase(TestSuiteExecutor.java:144)
	at com.kms.katalon.core.main.TestSuiteExecutor.execute(TestSuiteExecutor.java:106)
	at com.kms.katalon.core.main.TestCaseMain.startTestSuite(TestCaseMain.java:185)
	at com.kms.katalon.core.main.TestCaseMain$startTestSuite$0.call(Unknown Source)
	at TempTestSuite1671557716712.run(TempTestSuite1671557716712.groovy:36)
Caused by: com.kms.katalon.core.webui.exception.WebElementNotFoundException: Web element with id: 'Object Repository/ManageTransaksi/Option' located by '(.//*[normalize-space(text()) and normalize-space(.)='Success'])[2]/following::*[name()='svg'][1]' not found
	at com.kms.katalon.core.webui.common.WebUiCommonHelper.findWebElement(WebUiCommonHelper.java:1370)
	at com.kms.katalon.core.webui.keyword.internal.WebUIAbstractKeyword.findWebElement(WebUIAbstractKeyword.groovy:27)
	at com.kms.katalon.core.webui.keyword.builtin.ClickKeyword$_click_closure1.doCall(ClickKeyword.groovy:65)
	at com.kms.katalon.core.webui.keyword.builtin.ClickKeyword$_click_closure1.call(ClickKeyword.groovy)
	at com.kms.katalon.core.webui.keyword.internal.WebUIKeywordMain.runKeyword(WebUIKeywordMain.groovy:20)
	... 19 more


2022-12-21 00:39:36 - [TEST_STEP][PASSED] - openBrowser(""): Browser is opened with url: ''

2022-12-21 00:39:36 - [MESSAGE][WARNING] - A browser is already opened. Closing browser and opening a new one

2022-12-21 00:39:37 - [MESSAGE][INFO] - Starting 'Chrome' driver

2022-12-21 00:39:37 - [MESSAGE][INFO] - Action delay is set to 0 milliseconds

2022-12-21 00:39:38 - [MESSAGE][PASSED] - Browser is opened with url: ''

2022-12-21 00:39:38 - [TEST_STEP][PASSED] - maximizeWindow(): Current window maximized

2022-12-21 00:39:38 - [MESSAGE][PASSED] - Current window maximized

2022-12-21 00:39:38 - [TEST_STEP][PASSED] - navigateToUrl("https://tes-capstone-website.vercel.app/admin/login"): Navigate to 'https://tes-capstone-website.vercel.app/admin/login' successfully

2022-12-21 00:39:42 - [MESSAGE][PASSED] - Navigate to 'https://tes-capstone-website.vercel.app/admin/login' successfully

2022-12-21 00:39:42 - [TEST_STEP][PASSED] - setText(findTestObject("Auth/Email"), "admin@nyakit.in"): Text 'admin@nyakit.in' is set on object 'Object Repository/Auth/Email'

2022-12-21 00:39:43 - [MESSAGE][PASSED] - Text 'admin@nyakit.in' is set on object 'Object Repository/Auth/Email'

2022-12-21 00:39:43 - [TEST_STEP][PASSED] - setText(findTestObject("Auth/Password"), "@Password123"): Text '@Password123' is set on object 'Object Repository/Auth/Password'

2022-12-21 00:39:44 - [MESSAGE][PASSED] - Text '@Password123' is set on object 'Object Repository/Auth/Password'

2022-12-21 00:39:44 - [TEST_STEP][PASSED] - click(findTestObject("Auth/LoginButton")): Object: 'Object Repository/Auth/LoginButton' is clicked on

2022-12-21 00:39:44 - [MESSAGE][PASSED] - Object: 'Object Repository/Auth/LoginButton' is clicked on

2022-12-21 00:39:44 - [TEST_STEP][PASSED] - click(findTestObject("ManageTransaksi/ManageTransaksi")): Object: 'Object Repository/ManageTransaksi/ManageTransaksi' is clicked on

2022-12-21 00:39:47 - [MESSAGE][PASSED] - Object: 'Object Repository/ManageTransaksi/ManageTransaksi' is clicked on

2022-12-21 00:39:47 - [TEST_STEP][FAILED] - click(findTestObject("ManageTransaksi/Option")): Unable to click on object 'Object Repository/ManageTransaksi/Option' (Root cause: com.kms.katalon.core.exception.StepFailedException: Unable to click on object 'Object Repository/ManageTransaksi/Option'
	at com.kms.katalon.core.webui.keyword.internal.WebUIKeywordMain.stepFailed(WebUIKeywordMain.groovy:64)
	at com.kms.katalon.core.webui.keyword.internal.WebUIKeywordMain.runKeyword(WebUIKeywordMain.groovy:26)
	at com.kms.katalon.core.webui.keyword.builtin.ClickKeyword.click(ClickKeyword.groovy:74)
	at com.kms.katalon.core.webui.keyword.builtin.ClickKeyword.execute(ClickKeyword.groovy:40)
	at com.kms.katalon.core.keyword.internal.KeywordExecutor.executeKeywordForPlatform(KeywordExecutor.groovy:74)
	at com.kms.katalon.core.webui.keyword.WebUiBuiltInKeywords.click(WebUiBuiltInKeywords.groovy:620)
	at com.kms.katalon.core.webui.keyword.WebUiBuiltInKeywords$click$2.call(Unknown Source)
	at BC005_TransWithoutSimpan.run(BC005_TransWithoutSimpan:34)
	at com.kms.katalon.core.main.ScriptEngine.run(ScriptEngine.java:194)
	at com.kms.katalon.core.main.ScriptEngine.runScriptAsRawText(ScriptEngine.java:119)
	at com.kms.katalon.core.main.TestCaseExecutor.runScript(TestCaseExecutor.java:445)
	at com.kms.katalon.core.main.TestCaseExecutor.doExecute(TestCaseExecutor.java:436)
	at com.kms.katalon.core.main.TestCaseExecutor.processExecutionPhase(TestCaseExecutor.java:415)
	at com.kms.katalon.core.main.TestCaseExecutor.accessMainPhase(TestCaseExecutor.java:407)
	at com.kms.katalon.core.main.TestCaseExecutor.execute(TestCaseExecutor.java:284)
	at com.kms.katalon.core.common.CommonExecutor.accessTestCaseMainPhase(CommonExecutor.java:65)
	at com.kms.katalon.core.main.TestSuiteExecutor.accessTestSuiteMainPhase(TestSuiteExecutor.java:144)
	at com.kms.katalon.core.main.TestSuiteExecutor.execute(TestSuiteExecutor.java:106)
	at com.kms.katalon.core.main.TestCaseMain.startTestSuite(TestCaseMain.java:185)
	at com.kms.katalon.core.main.TestCaseMain$startTestSuite$0.call(Unknown Source)
	at TempTestSuite1671557716712.run(TempTestSuite1671557716712.groovy:36)
Caused by: com.kms.katalon.core.webui.exception.WebElementNotFoundException: Web element with id: 'Object Repository/ManageTransaksi/Option' located by '(.//*[normalize-space(text()) and normalize-space(.)='Success'])[2]/following::*[name()='svg'][1]' not found
	at com.kms.katalon.core.webui.common.WebUiCommonHelper.findWebElement(WebUiCommonHelper.java:1370)
	at com.kms.katalon.core.webui.keyword.internal.WebUIAbstractKeyword.findWebElement(WebUIAbstractKeyword.groovy:27)
	at com.kms.katalon.core.webui.keyword.builtin.ClickKeyword$_click_closure1.doCall(ClickKeyword.groovy:65)
	at com.kms.katalon.core.webui.keyword.builtin.ClickKeyword$_click_closure1.call(ClickKeyword.groovy)
	at com.kms.katalon.core.webui.keyword.internal.WebUIKeywordMain.runKeyword(WebUIKeywordMain.groovy:20)
	at com.kms.katalon.core.webui.keyword.builtin.ClickKeyword.click(ClickKeyword.groovy:74)
	at com.kms.katalon.core.webui.keyword.builtin.ClickKeyword.execute(ClickKeyword.groovy:40)
	at com.kms.katalon.core.keyword.internal.KeywordExecutor.executeKeywordForPlatform(KeywordExecutor.groovy:74)
	at com.kms.katalon.core.webui.keyword.WebUiBuiltInKeywords.click(WebUiBuiltInKeywords.groovy:620)
	at com.kms.katalon.core.webui.keyword.WebUiBuiltInKeywords$click$2.call(Unknown Source)
	at Script1671241416347.run(Script1671241416347.groovy:34)
	... 13 more
)

2022-12-21 00:40:19 - [MESSAGE][INFO] - Unable to find the element located by 'By.xpath: (.//*[normalize-space(text()) and normalize-space(.)='Success'])[2]/following::*[name()='svg'][1]'. Please recheck the objects properties to make sure the desired element is located. 

2022-12-21 00:40:19 - [MESSAGE][FAILED] - Unable to click on object 'Object Repository/ManageTransaksi/Option' (Root cause: com.kms.katalon.core.exception.StepFailedException: Unable to click on object 'Object Repository/ManageTransaksi/Option'
	at com.kms.katalon.core.webui.keyword.internal.WebUIKeywordMain.stepFailed(WebUIKeywordMain.groovy:64)
	at com.kms.katalon.core.webui.keyword.internal.WebUIKeywordMain.runKeyword(WebUIKeywordMain.groovy:26)
	at com.kms.katalon.core.webui.keyword.builtin.ClickKeyword.click(ClickKeyword.groovy:74)
	at com.kms.katalon.core.webui.keyword.builtin.ClickKeyword.execute(ClickKeyword.groovy:40)
	at com.kms.katalon.core.keyword.internal.KeywordExecutor.executeKeywordForPlatform(KeywordExecutor.groovy:74)
	at com.kms.katalon.core.webui.keyword.WebUiBuiltInKeywords.click(WebUiBuiltInKeywords.groovy:620)
	at com.kms.katalon.core.webui.keyword.WebUiBuiltInKeywords$click$2.call(Unknown Source)
	at BC005_TransWithoutSimpan.run(BC005_TransWithoutSimpan:34)
	at com.kms.katalon.core.main.ScriptEngine.run(ScriptEngine.java:194)
	at com.kms.katalon.core.main.ScriptEngine.runScriptAsRawText(ScriptEngine.java:119)
	at com.kms.katalon.core.main.TestCaseExecutor.runScript(TestCaseExecutor.java:445)
	at com.kms.katalon.core.main.TestCaseExecutor.doExecute(TestCaseExecutor.java:436)
	at com.kms.katalon.core.main.TestCaseExecutor.processExecutionPhase(TestCaseExecutor.java:415)
	at com.kms.katalon.core.main.TestCaseExecutor.accessMainPhase(TestCaseExecutor.java:407)
	at com.kms.katalon.core.main.TestCaseExecutor.execute(TestCaseExecutor.java:284)
	at com.kms.katalon.core.common.CommonExecutor.accessTestCaseMainPhase(CommonExecutor.java:65)
	at com.kms.katalon.core.main.TestSuiteExecutor.accessTestSuiteMainPhase(TestSuiteExecutor.java:144)
	at com.kms.katalon.core.main.TestSuiteExecutor.execute(TestSuiteExecutor.java:106)
	at com.kms.katalon.core.main.TestCaseMain.startTestSuite(TestCaseMain.java:185)
	at com.kms.katalon.core.main.TestCaseMain$startTestSuite$0.call(Unknown Source)
	at TempTestSuite1671557716712.run(TempTestSuite1671557716712.groovy:36)
Caused by: com.kms.katalon.core.webui.exception.WebElementNotFoundException: Web element with id: 'Object Repository/ManageTransaksi/Option' located by '(.//*[normalize-space(text()) and normalize-space(.)='Success'])[2]/following::*[name()='svg'][1]' not found
	at com.kms.katalon.core.webui.common.WebUiCommonHelper.findWebElement(WebUiCommonHelper.java:1370)
	at com.kms.katalon.core.webui.keyword.internal.WebUIAbstractKeyword.findWebElement(WebUIAbstractKeyword.groovy:27)
	at com.kms.katalon.core.webui.keyword.builtin.ClickKeyword$_click_closure1.doCall(ClickKeyword.groovy:65)
	at com.kms.katalon.core.webui.keyword.builtin.ClickKeyword$_click_closure1.call(ClickKeyword.groovy)
	at com.kms.katalon.core.webui.keyword.internal.WebUIKeywordMain.runKeyword(WebUIKeywordMain.groovy:20)
	at com.kms.katalon.core.webui.keyword.builtin.ClickKeyword.click(ClickKeyword.groovy:74)
	at com.kms.katalon.core.webui.keyword.builtin.ClickKeyword.execute(ClickKeyword.groovy:40)
	at com.kms.katalon.core.keyword.internal.KeywordExecutor.executeKeywordForPlatform(KeywordExecutor.groovy:74)
	at com.kms.katalon.core.webui.keyword.WebUiBuiltInKeywords.click(WebUiBuiltInKeywords.groovy:620)
	at com.kms.katalon.core.webui.keyword.WebUiBuiltInKeywords$click$2.call(Unknown Source)
	at Script1671241416347.run(Script1671241416347.groovy:34)
	... 13 more
)
[[ATTACHMENT|C:\\Users\\User\\git\\QE_Web\\Reports\\20221221_003516\\RegressionWeb\\20221221_003516\\1671558019383.png]]]]></system-out>
         <system-err><![CDATA[2022-12-21 00:39:36 - [TEST_CASE][FAILED] - Test Cases/BC005_TransWithoutSimpan: Test Cases/BC005_TransWithoutSimpan FAILED.
Reason:
com.kms.katalon.core.exception.StepFailedException: Unable to click on object 'Object Repository/ManageTransaksi/Option'
	at com.kms.katalon.core.webui.keyword.internal.WebUIKeywordMain.stepFailed(WebUIKeywordMain.groovy:64)
	at com.kms.katalon.core.webui.keyword.internal.WebUIKeywordMain.runKeyword(WebUIKeywordMain.groovy:26)
	at com.kms.katalon.core.webui.keyword.builtin.ClickKeyword.click(ClickKeyword.groovy:74)
	at com.kms.katalon.core.webui.keyword.builtin.ClickKeyword.execute(ClickKeyword.groovy:40)
	at com.kms.katalon.core.keyword.internal.KeywordExecutor.executeKeywordForPlatform(KeywordExecutor.groovy:74)
	at com.kms.katalon.core.webui.keyword.WebUiBuiltInKeywords.click(WebUiBuiltInKeywords.groovy:620)
	at com.kms.katalon.core.webui.keyword.WebUiBuiltInKeywords$click$2.call(Unknown Source)
	at BC005_TransWithoutSimpan.run(BC005_TransWithoutSimpan:34)
	at com.kms.katalon.core.main.ScriptEngine.run(ScriptEngine.java:194)
	at com.kms.katalon.core.main.ScriptEngine.runScriptAsRawText(ScriptEngine.java:119)
	at com.kms.katalon.core.main.TestCaseExecutor.runScript(TestCaseExecutor.java:445)
	at com.kms.katalon.core.main.TestCaseExecutor.doExecute(TestCaseExecutor.java:436)
	at com.kms.katalon.core.main.TestCaseExecutor.processExecutionPhase(TestCaseExecutor.java:415)
	at com.kms.katalon.core.main.TestCaseExecutor.accessMainPhase(TestCaseExecutor.java:407)
	at com.kms.katalon.core.main.TestCaseExecutor.execute(TestCaseExecutor.java:284)
	at com.kms.katalon.core.common.CommonExecutor.accessTestCaseMainPhase(CommonExecutor.java:65)
	at com.kms.katalon.core.main.TestSuiteExecutor.accessTestSuiteMainPhase(TestSuiteExecutor.java:144)
	at com.kms.katalon.core.main.TestSuiteExecutor.execute(TestSuiteExecutor.java:106)
	at com.kms.katalon.core.main.TestCaseMain.startTestSuite(TestCaseMain.java:185)
	at com.kms.katalon.core.main.TestCaseMain$startTestSuite$0.call(Unknown Source)
	at TempTestSuite1671557716712.run(TempTestSuite1671557716712.groovy:36)
Caused by: com.kms.katalon.core.webui.exception.WebElementNotFoundException: Web element with id: 'Object Repository/ManageTransaksi/Option' located by '(.//*[normalize-space(text()) and normalize-space(.)='Success'])[2]/following::*[name()='svg'][1]' not found
	at com.kms.katalon.core.webui.common.WebUiCommonHelper.findWebElement(WebUiCommonHelper.java:1370)
	at com.kms.katalon.core.webui.keyword.internal.WebUIAbstractKeyword.findWebElement(WebUIAbstractKeyword.groovy:27)
	at com.kms.katalon.core.webui.keyword.builtin.ClickKeyword$_click_closure1.doCall(ClickKeyword.groovy:65)
	at com.kms.katalon.core.webui.keyword.builtin.ClickKeyword$_click_closure1.call(ClickKeyword.groovy)
	at com.kms.katalon.core.webui.keyword.internal.WebUIKeywordMain.runKeyword(WebUIKeywordMain.groovy:20)
	... 19 more]]></system-err>
      </testcase>
      <testcase name="Test Cases/BD001_ViewManageProduct" time="13.161" classname="Test Cases/BD001_ViewManageProduct" status="PASSED">
         <system-out><![CDATA[2022-12-21 00:40:19 - [TEST_CASE][PASSED] - Test Cases/BD001_ViewManageProduct: Test Cases/BD001_ViewManageProduct

2022-12-21 00:40:19 - [TEST_STEP][PASSED] - openBrowser(""): Browser is opened with url: ''

2022-12-21 00:40:19 - [MESSAGE][WARNING] - A browser is already opened. Closing browser and opening a new one

2022-12-21 00:40:20 - [MESSAGE][INFO] - Starting 'Chrome' driver

2022-12-21 00:40:20 - [MESSAGE][INFO] - Action delay is set to 0 milliseconds

2022-12-21 00:40:21 - [MESSAGE][PASSED] - Browser is opened with url: ''

2022-12-21 00:40:21 - [TEST_STEP][PASSED] - maximizeWindow(): Current window maximized

2022-12-21 00:40:21 - [MESSAGE][PASSED] - Current window maximized

2022-12-21 00:40:21 - [TEST_STEP][PASSED] - navigateToUrl("https://tes-capstone-website.vercel.app/admin/login"): Navigate to 'https://tes-capstone-website.vercel.app/admin/login' successfully

2022-12-21 00:40:25 - [MESSAGE][PASSED] - Navigate to 'https://tes-capstone-website.vercel.app/admin/login' successfully

2022-12-21 00:40:25 - [TEST_STEP][PASSED] - setText(findTestObject("Auth/Email"), "admin@nyakit.in"): Text 'admin@nyakit.in' is set on object 'Object Repository/Auth/Email'

2022-12-21 00:40:26 - [MESSAGE][PASSED] - Text 'admin@nyakit.in' is set on object 'Object Repository/Auth/Email'

2022-12-21 00:40:26 - [TEST_STEP][PASSED] - setText(findTestObject("Auth/Password"), "@Password123"): Text '@Password123' is set on object 'Object Repository/Auth/Password'

2022-12-21 00:40:27 - [MESSAGE][PASSED] - Text '@Password123' is set on object 'Object Repository/Auth/Password'

2022-12-21 00:40:27 - [TEST_STEP][PASSED] - click(findTestObject("Auth/LoginButton")): Object: 'Object Repository/Auth/LoginButton' is clicked on

2022-12-21 00:40:28 - [MESSAGE][PASSED] - Object: 'Object Repository/Auth/LoginButton' is clicked on

2022-12-21 00:40:28 - [TEST_STEP][PASSED] - click(findTestObject("ManageProduct/Product")): Object: 'Object Repository/ManageProduct/Product' is clicked on

2022-12-21 00:40:31 - [MESSAGE][PASSED] - Object: 'Object Repository/ManageProduct/Product' is clicked on

2022-12-21 00:40:31 - [TEST_STEP][PASSED] - click(findTestObject("ManageProduct/Daily")): Object: 'Object Repository/ManageProduct/Daily' is clicked on

2022-12-21 00:40:32 - [MESSAGE][PASSED] - Object: 'Object Repository/ManageProduct/Daily' is clicked on

2022-12-21 00:40:32 - [TEST_STEP][PASSED] - closeBrowser(): Browser is closed

2022-12-21 00:40:32 - [MESSAGE][PASSED] - Browser is closed]]></system-out>
         <system-err><![CDATA[]]></system-err>
      </testcase>
      <testcase name="Test Cases/BD003_AddProductDaily" time="20.276" classname="Test Cases/BD003_AddProductDaily" status="PASSED">
         <system-out><![CDATA[2022-12-21 00:40:32 - [TEST_CASE][PASSED] - Test Cases/BD003_AddProductDaily: Test Cases/BD003_AddProductDaily

2022-12-21 00:40:33 - [TEST_STEP][PASSED] - openBrowser(""): Browser is opened with url: ''

2022-12-21 00:40:33 - [MESSAGE][INFO] - Starting 'Chrome' driver

2022-12-21 00:40:33 - [MESSAGE][INFO] - Action delay is set to 0 milliseconds

2022-12-21 00:40:34 - [MESSAGE][PASSED] - Browser is opened with url: ''

2022-12-21 00:40:34 - [TEST_STEP][PASSED] - maximizeWindow(): Current window maximized

2022-12-21 00:40:34 - [MESSAGE][PASSED] - Current window maximized

2022-12-21 00:40:34 - [TEST_STEP][PASSED] - navigateToUrl("https://tes-capstone-website.vercel.app/admin/login"): Navigate to 'https://tes-capstone-website.vercel.app/admin/login' successfully

2022-12-21 00:40:37 - [MESSAGE][PASSED] - Navigate to 'https://tes-capstone-website.vercel.app/admin/login' successfully

2022-12-21 00:40:37 - [TEST_STEP][PASSED] - setText(findTestObject("Auth/Email"), "admin@nyakit.in"): Text 'admin@nyakit.in' is set on object 'Object Repository/Auth/Email'

2022-12-21 00:40:38 - [MESSAGE][PASSED] - Text 'admin@nyakit.in' is set on object 'Object Repository/Auth/Email'

2022-12-21 00:40:38 - [TEST_STEP][PASSED] - setText(findTestObject("Auth/Password"), "@Password123"): Text '@Password123' is set on object 'Object Repository/Auth/Password'

2022-12-21 00:40:39 - [MESSAGE][PASSED] - Text '@Password123' is set on object 'Object Repository/Auth/Password'

2022-12-21 00:40:39 - [TEST_STEP][PASSED] - click(findTestObject("Auth/LoginButton")): Object: 'Object Repository/Auth/LoginButton' is clicked on

2022-12-21 00:40:40 - [MESSAGE][PASSED] - Object: 'Object Repository/Auth/LoginButton' is clicked on

2022-12-21 00:40:40 - [TEST_STEP][PASSED] - click(findTestObject("ManageProduct/Product")): Object: 'Object Repository/ManageProduct/Product' is clicked on

2022-12-21 00:40:43 - [MESSAGE][PASSED] - Object: 'Object Repository/ManageProduct/Product' is clicked on

2022-12-21 00:40:43 - [TEST_STEP][PASSED] - click(findTestObject("ManageProduct/Daily")): Object: 'Object Repository/ManageProduct/Daily' is clicked on

2022-12-21 00:40:44 - [MESSAGE][PASSED] - Object: 'Object Repository/ManageProduct/Daily' is clicked on

2022-12-21 00:40:44 - [TEST_STEP][PASSED] - click(findTestObject("Daily/TambahProduk")): Object: 'Object Repository/Daily/TambahProduk' is clicked on

2022-12-21 00:40:45 - [MESSAGE][PASSED] - Object: 'Object Repository/Daily/TambahProduk' is clicked on

2022-12-21 00:40:45 - [TEST_STEP][PASSED] - setText(findTestObject("Daily/Gambar"), "Telkomsel"): Text 'Telkomsel' is set on object 'Object Repository/Daily/Gambar'

2022-12-21 00:40:46 - [MESSAGE][PASSED] - Text 'Telkomsel' is set on object 'Object Repository/Daily/Gambar'

2022-12-21 00:40:46 - [TEST_STEP][PASSED] - setText(findTestObject("Daily/KodeProduk"), "01telkomsel"): Text '01telkomsel' is set on object 'Object Repository/Daily/KodeProduk'

2022-12-21 00:40:47 - [MESSAGE][PASSED] - Text '01telkomsel' is set on object 'Object Repository/Daily/KodeProduk'

2022-12-21 00:40:47 - [TEST_STEP][PASSED] - setText(findTestObject("Daily/Deskripsi"), "pulsa 1000 Telkomsel"): Text 'pulsa 1000 Telkomsel' is set on object 'Object Repository/Daily/Deskripsi'

2022-12-21 00:40:48 - [MESSAGE][PASSED] - Text 'pulsa 1000 Telkomsel' is set on object 'Object Repository/Daily/Deskripsi'

2022-12-21 00:40:48 - [TEST_STEP][PASSED] - setText(findTestObject("Daily/Nominal"), "1000"): Text '1000' is set on object 'Object Repository/Daily/Nominal'

2022-12-21 00:40:49 - [MESSAGE][PASSED] - Text '1000' is set on object 'Object Repository/Daily/Nominal'

2022-12-21 00:40:49 - [TEST_STEP][PASSED] - selectOptionByValue(findTestObject("Daily/PilihDisini"), "pulsa", true): All options with value 'pulsa' are selected in object 'Object Repository/Daily/PilihDisini'  using regular expression

2022-12-21 00:40:50 - [MESSAGE][PASSED] - All options with value 'pulsa' are selected in object 'Object Repository/Daily/PilihDisini'  using regular expression

2022-12-21 00:40:50 - [TEST_STEP][PASSED] - setText(findTestObject("Daily/Harga"), "1500"): Text '1500' is set on object 'Object Repository/Daily/Harga'

2022-12-21 00:40:51 - [MESSAGE][PASSED] - Text '1500' is set on object 'Object Repository/Daily/Harga'

2022-12-21 00:40:51 - [TEST_STEP][PASSED] - click(findTestObject("Daily/Simpan")): Object: 'Object Repository/Daily/Simpan' is clicked on

2022-12-21 00:40:51 - [MESSAGE][PASSED] - Object: 'Object Repository/Daily/Simpan' is clicked on

2022-12-21 00:40:51 - [TEST_STEP][PASSED] - click(findTestObject("Daily/Close")): Object: 'Object Repository/Daily/Close' is clicked on

2022-12-21 00:40:52 - [MESSAGE][PASSED] - Object: 'Object Repository/Daily/Close' is clicked on

2022-12-21 00:40:52 - [TEST_STEP][PASSED] - closeBrowser(): Browser is closed

2022-12-21 00:40:53 - [MESSAGE][PASSED] - Browser is closed]]></system-out>
         <system-err><![CDATA[]]></system-err>
      </testcase>
      <testcase name="Test Cases/BD004_DailyWithoutGambar" time="18.669" classname="Test Cases/BD004_DailyWithoutGambar" status="PASSED">
         <system-out><![CDATA[2022-12-21 00:40:53 - [TEST_CASE][PASSED] - Test Cases/BD004_DailyWithoutGambar: Test Cases/BD004_DailyWithoutGambar

2022-12-21 00:40:53 - [TEST_STEP][PASSED] - openBrowser(""): Browser is opened with url: ''

2022-12-21 00:40:53 - [MESSAGE][INFO] - Starting 'Chrome' driver

2022-12-21 00:40:53 - [MESSAGE][INFO] - Action delay is set to 0 milliseconds

2022-12-21 00:40:54 - [MESSAGE][PASSED] - Browser is opened with url: ''

2022-12-21 00:40:54 - [TEST_STEP][PASSED] - maximizeWindow(): Current window maximized

2022-12-21 00:40:54 - [MESSAGE][PASSED] - Current window maximized

2022-12-21 00:40:54 - [TEST_STEP][PASSED] - navigateToUrl("https://tes-capstone-website.vercel.app/admin/login"): Navigate to 'https://tes-capstone-website.vercel.app/admin/login' successfully

2022-12-21 00:40:57 - [MESSAGE][PASSED] - Navigate to 'https://tes-capstone-website.vercel.app/admin/login' successfully

2022-12-21 00:40:57 - [TEST_STEP][PASSED] - setText(findTestObject("Auth/Email"), "admin@nyakit.in"): Text 'admin@nyakit.in' is set on object 'Object Repository/Auth/Email'

2022-12-21 00:40:58 - [MESSAGE][PASSED] - Text 'admin@nyakit.in' is set on object 'Object Repository/Auth/Email'

2022-12-21 00:40:58 - [TEST_STEP][PASSED] - setText(findTestObject("Auth/Password"), "@Password123"): Text '@Password123' is set on object 'Object Repository/Auth/Password'

2022-12-21 00:40:59 - [MESSAGE][PASSED] - Text '@Password123' is set on object 'Object Repository/Auth/Password'

2022-12-21 00:40:59 - [TEST_STEP][PASSED] - click(findTestObject("Auth/LoginButton")): Object: 'Object Repository/Auth/LoginButton' is clicked on

2022-12-21 00:41:00 - [MESSAGE][PASSED] - Object: 'Object Repository/Auth/LoginButton' is clicked on

2022-12-21 00:41:00 - [TEST_STEP][PASSED] - click(findTestObject("ManageProduct/Product")): Object: 'Object Repository/ManageProduct/Product' is clicked on

2022-12-21 00:41:03 - [MESSAGE][PASSED] - Object: 'Object Repository/ManageProduct/Product' is clicked on

2022-12-21 00:41:03 - [TEST_STEP][PASSED] - click(findTestObject("ManageProduct/Daily")): Object: 'Object Repository/ManageProduct/Daily' is clicked on

2022-12-21 00:41:04 - [MESSAGE][PASSED] - Object: 'Object Repository/ManageProduct/Daily' is clicked on

2022-12-21 00:41:04 - [TEST_STEP][PASSED] - click(findTestObject("Daily/TambahProduk")): Object: 'Object Repository/Daily/TambahProduk' is clicked on

2022-12-21 00:41:05 - [MESSAGE][PASSED] - Object: 'Object Repository/Daily/TambahProduk' is clicked on

2022-12-21 00:41:05 - [TEST_STEP][PASSED] - setText(findTestObject("Daily/KodeProduk"), "01telkomsel"): Text '01telkomsel' is set on object 'Object Repository/Daily/KodeProduk'

2022-12-21 00:41:06 - [MESSAGE][PASSED] - Text '01telkomsel' is set on object 'Object Repository/Daily/KodeProduk'

2022-12-21 00:41:06 - [TEST_STEP][PASSED] - setText(findTestObject("Daily/Deskripsi"), "pulsa 1000 Telkomsel"): Text 'pulsa 1000 Telkomsel' is set on object 'Object Repository/Daily/Deskripsi'

2022-12-21 00:41:07 - [MESSAGE][PASSED] - Text 'pulsa 1000 Telkomsel' is set on object 'Object Repository/Daily/Deskripsi'

2022-12-21 00:41:07 - [TEST_STEP][PASSED] - setText(findTestObject("Daily/Nominal"), "1000"): Text '1000' is set on object 'Object Repository/Daily/Nominal'

2022-12-21 00:41:08 - [MESSAGE][PASSED] - Text '1000' is set on object 'Object Repository/Daily/Nominal'

2022-12-21 00:41:08 - [TEST_STEP][PASSED] - selectOptionByValue(findTestObject("Daily/PilihDisini"), "pulsa", true): All options with value 'pulsa' are selected in object 'Object Repository/Daily/PilihDisini'  using regular expression

2022-12-21 00:41:09 - [MESSAGE][PASSED] - All options with value 'pulsa' are selected in object 'Object Repository/Daily/PilihDisini'  using regular expression

2022-12-21 00:41:09 - [TEST_STEP][PASSED] - setText(findTestObject("Daily/Harga"), "1500"): Text '1500' is set on object 'Object Repository/Daily/Harga'

2022-12-21 00:41:10 - [MESSAGE][PASSED] - Text '1500' is set on object 'Object Repository/Daily/Harga'

2022-12-21 00:41:10 - [TEST_STEP][PASSED] - click(findTestObject("Daily/Simpan")): Object: 'Object Repository/Daily/Simpan' is clicked on

2022-12-21 00:41:11 - [MESSAGE][PASSED] - Object: 'Object Repository/Daily/Simpan' is clicked on

2022-12-21 00:41:11 - [TEST_STEP][PASSED] - closeBrowser(): Browser is closed

2022-12-21 00:41:11 - [MESSAGE][PASSED] - Browser is closed]]></system-out>
         <system-err><![CDATA[]]></system-err>
      </testcase>
      <testcase name="Test Cases/BD005_DailyWithoutKodeProduk" time="19.705" classname="Test Cases/BD005_DailyWithoutKodeProduk" status="PASSED">
         <system-out><![CDATA[2022-12-21 00:41:11 - [TEST_CASE][PASSED] - Test Cases/BD005_DailyWithoutKodeProduk: Test Cases/BD005_DailyWithoutKodeProduk

2022-12-21 00:41:12 - [TEST_STEP][PASSED] - openBrowser(""): Browser is opened with url: ''

2022-12-21 00:41:12 - [MESSAGE][INFO] - Starting 'Chrome' driver

2022-12-21 00:41:12 - [MESSAGE][INFO] - Action delay is set to 0 milliseconds

2022-12-21 00:41:13 - [MESSAGE][PASSED] - Browser is opened with url: ''

2022-12-21 00:41:13 - [TEST_STEP][PASSED] - maximizeWindow(): Current window maximized

2022-12-21 00:41:13 - [MESSAGE][PASSED] - Current window maximized

2022-12-21 00:41:13 - [TEST_STEP][PASSED] - navigateToUrl("https://tes-capstone-website.vercel.app/admin/login"): Navigate to 'https://tes-capstone-website.vercel.app/admin/login' successfully

2022-12-21 00:41:17 - [MESSAGE][PASSED] - Navigate to 'https://tes-capstone-website.vercel.app/admin/login' successfully

2022-12-21 00:41:17 - [TEST_STEP][PASSED] - setText(findTestObject("Auth/Email"), "admin@nyakit.in"): Text 'admin@nyakit.in' is set on object 'Object Repository/Auth/Email'

2022-12-21 00:41:18 - [MESSAGE][PASSED] - Text 'admin@nyakit.in' is set on object 'Object Repository/Auth/Email'

2022-12-21 00:41:18 - [TEST_STEP][PASSED] - setText(findTestObject("Auth/Password"), "@Password123"): Text '@Password123' is set on object 'Object Repository/Auth/Password'

2022-12-21 00:41:19 - [MESSAGE][PASSED] - Text '@Password123' is set on object 'Object Repository/Auth/Password'

2022-12-21 00:41:19 - [TEST_STEP][PASSED] - click(findTestObject("Auth/LoginButton")): Object: 'Object Repository/Auth/LoginButton' is clicked on

2022-12-21 00:41:20 - [MESSAGE][PASSED] - Object: 'Object Repository/Auth/LoginButton' is clicked on

2022-12-21 00:41:20 - [TEST_STEP][PASSED] - click(findTestObject("ManageProduct/Product")): Object: 'Object Repository/ManageProduct/Product' is clicked on

2022-12-21 00:41:23 - [MESSAGE][PASSED] - Object: 'Object Repository/ManageProduct/Product' is clicked on

2022-12-21 00:41:23 - [TEST_STEP][PASSED] - click(findTestObject("ManageProduct/Daily")): Object: 'Object Repository/ManageProduct/Daily' is clicked on

2022-12-21 00:41:23 - [MESSAGE][PASSED] - Object: 'Object Repository/ManageProduct/Daily' is clicked on

2022-12-21 00:41:23 - [TEST_STEP][PASSED] - click(findTestObject("Daily/TambahProduk")): Object: 'Object Repository/Daily/TambahProduk' is clicked on

2022-12-21 00:41:24 - [MESSAGE][PASSED] - Object: 'Object Repository/Daily/TambahProduk' is clicked on

2022-12-21 00:41:24 - [TEST_STEP][PASSED] - setText(findTestObject("Daily/Gambar"), "Telkomsel"): Text 'Telkomsel' is set on object 'Object Repository/Daily/Gambar'

2022-12-21 00:41:26 - [MESSAGE][PASSED] - Text 'Telkomsel' is set on object 'Object Repository/Daily/Gambar'

2022-12-21 00:41:26 - [TEST_STEP][PASSED] - setText(findTestObject("Daily/Deskripsi"), "pulsa 1000 Telkomsel"): Text 'pulsa 1000 Telkomsel' is set on object 'Object Repository/Daily/Deskripsi'

2022-12-21 00:41:27 - [MESSAGE][PASSED] - Text 'pulsa 1000 Telkomsel' is set on object 'Object Repository/Daily/Deskripsi'

2022-12-21 00:41:27 - [TEST_STEP][PASSED] - setText(findTestObject("Daily/Nominal"), "1000"): Text '1000' is set on object 'Object Repository/Daily/Nominal'

2022-12-21 00:41:28 - [MESSAGE][PASSED] - Text '1000' is set on object 'Object Repository/Daily/Nominal'

2022-12-21 00:41:28 - [TEST_STEP][PASSED] - selectOptionByValue(findTestObject("Daily/PilihDisini"), "pulsa", true): All options with value 'pulsa' are selected in object 'Object Repository/Daily/PilihDisini'  using regular expression

2022-12-21 00:41:29 - [MESSAGE][PASSED] - All options with value 'pulsa' are selected in object 'Object Repository/Daily/PilihDisini'  using regular expression

2022-12-21 00:41:29 - [TEST_STEP][PASSED] - setText(findTestObject("Daily/Harga"), "1500"): Text '1500' is set on object 'Object Repository/Daily/Harga'

2022-12-21 00:41:30 - [MESSAGE][PASSED] - Text '1500' is set on object 'Object Repository/Daily/Harga'

2022-12-21 00:41:30 - [TEST_STEP][PASSED] - click(findTestObject("Daily/Simpan")): Object: 'Object Repository/Daily/Simpan' is clicked on

2022-12-21 00:41:30 - [MESSAGE][PASSED] - Object: 'Object Repository/Daily/Simpan' is clicked on

2022-12-21 00:41:30 - [TEST_STEP][PASSED] - closeBrowser(): Browser is closed

2022-12-21 00:41:31 - [MESSAGE][PASSED] - Browser is closed]]></system-out>
         <system-err><![CDATA[]]></system-err>
      </testcase>
      <testcase name="Test Cases/BD006_DailyWithoutDeskripsi" time="19.048" classname="Test Cases/BD006_DailyWithoutDeskripsi" status="PASSED">
         <system-out><![CDATA[2022-12-21 00:41:31 - [TEST_CASE][PASSED] - Test Cases/BD006_DailyWithoutDeskripsi: Test Cases/BD006_DailyWithoutDeskripsi

2022-12-21 00:41:31 - [TEST_STEP][PASSED] - openBrowser(""): Browser is opened with url: ''

2022-12-21 00:41:31 - [MESSAGE][INFO] - Starting 'Chrome' driver

2022-12-21 00:41:31 - [MESSAGE][INFO] - Action delay is set to 0 milliseconds

2022-12-21 00:41:33 - [MESSAGE][PASSED] - Browser is opened with url: ''

2022-12-21 00:41:33 - [TEST_STEP][PASSED] - maximizeWindow(): Current window maximized

2022-12-21 00:41:33 - [MESSAGE][PASSED] - Current window maximized

2022-12-21 00:41:33 - [TEST_STEP][PASSED] - navigateToUrl("https://tes-capstone-website.vercel.app/admin/login"): Navigate to 'https://tes-capstone-website.vercel.app/admin/login' successfully

2022-12-21 00:41:37 - [MESSAGE][PASSED] - Navigate to 'https://tes-capstone-website.vercel.app/admin/login' successfully

2022-12-21 00:41:37 - [TEST_STEP][PASSED] - setText(findTestObject("Auth/Email"), "admin@nyakit.in"): Text 'admin@nyakit.in' is set on object 'Object Repository/Auth/Email'

2022-12-21 00:41:38 - [MESSAGE][PASSED] - Text 'admin@nyakit.in' is set on object 'Object Repository/Auth/Email'

2022-12-21 00:41:38 - [TEST_STEP][PASSED] - setText(findTestObject("Auth/Password"), "@Password123"): Text '@Password123' is set on object 'Object Repository/Auth/Password'

2022-12-21 00:41:38 - [MESSAGE][PASSED] - Text '@Password123' is set on object 'Object Repository/Auth/Password'

2022-12-21 00:41:38 - [TEST_STEP][PASSED] - click(findTestObject("Auth/LoginButton")): Object: 'Object Repository/Auth/LoginButton' is clicked on

2022-12-21 00:41:39 - [MESSAGE][PASSED] - Object: 'Object Repository/Auth/LoginButton' is clicked on

2022-12-21 00:41:39 - [TEST_STEP][PASSED] - click(findTestObject("ManageProduct/Product")): Object: 'Object Repository/ManageProduct/Product' is clicked on

2022-12-21 00:41:42 - [MESSAGE][PASSED] - Object: 'Object Repository/ManageProduct/Product' is clicked on

2022-12-21 00:41:42 - [TEST_STEP][PASSED] - click(findTestObject("ManageProduct/Daily")): Object: 'Object Repository/ManageProduct/Daily' is clicked on

2022-12-21 00:41:43 - [MESSAGE][PASSED] - Object: 'Object Repository/ManageProduct/Daily' is clicked on

2022-12-21 00:41:43 - [TEST_STEP][PASSED] - click(findTestObject("Daily/TambahProduk")): Object: 'Object Repository/Daily/TambahProduk' is clicked on

2022-12-21 00:41:44 - [MESSAGE][PASSED] - Object: 'Object Repository/Daily/TambahProduk' is clicked on

2022-12-21 00:41:44 - [TEST_STEP][PASSED] - setText(findTestObject("Daily/Gambar"), "Telkomsel"): Text 'Telkomsel' is set on object 'Object Repository/Daily/Gambar'

2022-12-21 00:41:45 - [MESSAGE][PASSED] - Text 'Telkomsel' is set on object 'Object Repository/Daily/Gambar'

2022-12-21 00:41:45 - [TEST_STEP][PASSED] - setText(findTestObject("Daily/KodeProduk"), "01telkomsel"): Text '01telkomsel' is set on object 'Object Repository/Daily/KodeProduk'

2022-12-21 00:41:46 - [MESSAGE][PASSED] - Text '01telkomsel' is set on object 'Object Repository/Daily/KodeProduk'

2022-12-21 00:41:46 - [TEST_STEP][PASSED] - setText(findTestObject("Daily/Nominal"), "1000"): Text '1000' is set on object 'Object Repository/Daily/Nominal'

2022-12-21 00:41:47 - [MESSAGE][PASSED] - Text '1000' is set on object 'Object Repository/Daily/Nominal'

2022-12-21 00:41:47 - [TEST_STEP][PASSED] - selectOptionByValue(findTestObject("Daily/PilihDisini"), "pulsa", true): All options with value 'pulsa' are selected in object 'Object Repository/Daily/PilihDisini'  using regular expression

2022-12-21 00:41:48 - [MESSAGE][PASSED] - All options with value 'pulsa' are selected in object 'Object Repository/Daily/PilihDisini'  using regular expression

2022-12-21 00:41:48 - [TEST_STEP][PASSED] - setText(findTestObject("Daily/Harga"), "1500"): Text '1500' is set on object 'Object Repository/Daily/Harga'

2022-12-21 00:41:49 - [MESSAGE][PASSED] - Text '1500' is set on object 'Object Repository/Daily/Harga'

2022-12-21 00:41:49 - [TEST_STEP][PASSED] - click(findTestObject("Daily/Simpan")): Object: 'Object Repository/Daily/Simpan' is clicked on

2022-12-21 00:41:49 - [MESSAGE][PASSED] - Object: 'Object Repository/Daily/Simpan' is clicked on

2022-12-21 00:41:49 - [TEST_STEP][PASSED] - closeBrowser(): Browser is closed

2022-12-21 00:41:50 - [MESSAGE][PASSED] - Browser is closed]]></system-out>
         <system-err><![CDATA[]]></system-err>
      </testcase>
      <testcase name="Test Cases/BD007_DailyWithoutNominal" time="18.704" classname="Test Cases/BD007_DailyWithoutNominal" status="PASSED">
         <system-out><![CDATA[2022-12-21 00:41:50 - [TEST_CASE][PASSED] - Test Cases/BD007_DailyWithoutNominal: Test Cases/BD007_DailyWithoutNominal

2022-12-21 00:41:50 - [TEST_STEP][PASSED] - openBrowser(""): Browser is opened with url: ''

2022-12-21 00:41:50 - [MESSAGE][INFO] - Starting 'Chrome' driver

2022-12-21 00:41:50 - [MESSAGE][INFO] - Action delay is set to 0 milliseconds

2022-12-21 00:41:52 - [MESSAGE][PASSED] - Browser is opened with url: ''

2022-12-21 00:41:52 - [TEST_STEP][PASSED] - maximizeWindow(): Current window maximized

2022-12-21 00:41:52 - [MESSAGE][PASSED] - Current window maximized

2022-12-21 00:41:52 - [TEST_STEP][PASSED] - navigateToUrl("https://tes-capstone-website.vercel.app/admin/login"): Navigate to 'https://tes-capstone-website.vercel.app/admin/login' successfully

2022-12-21 00:41:55 - [MESSAGE][PASSED] - Navigate to 'https://tes-capstone-website.vercel.app/admin/login' successfully

2022-12-21 00:41:55 - [TEST_STEP][PASSED] - setText(findTestObject("Auth/Email"), "admin@nyakit.in"): Text 'admin@nyakit.in' is set on object 'Object Repository/Auth/Email'

2022-12-21 00:41:56 - [MESSAGE][PASSED] - Text 'admin@nyakit.in' is set on object 'Object Repository/Auth/Email'

2022-12-21 00:41:56 - [TEST_STEP][PASSED] - setText(findTestObject("Auth/Password"), "@Password123"): Text '@Password123' is set on object 'Object Repository/Auth/Password'

2022-12-21 00:41:57 - [MESSAGE][PASSED] - Text '@Password123' is set on object 'Object Repository/Auth/Password'

2022-12-21 00:41:57 - [TEST_STEP][PASSED] - click(findTestObject("Auth/LoginButton")): Object: 'Object Repository/Auth/LoginButton' is clicked on

2022-12-21 00:41:58 - [MESSAGE][PASSED] - Object: 'Object Repository/Auth/LoginButton' is clicked on

2022-12-21 00:41:58 - [TEST_STEP][PASSED] - click(findTestObject("ManageProduct/Product")): Object: 'Object Repository/ManageProduct/Product' is clicked on

2022-12-21 00:42:01 - [MESSAGE][PASSED] - Object: 'Object Repository/ManageProduct/Product' is clicked on

2022-12-21 00:42:01 - [TEST_STEP][PASSED] - click(findTestObject("ManageProduct/Daily")): Object: 'Object Repository/ManageProduct/Daily' is clicked on

2022-12-21 00:42:01 - [MESSAGE][PASSED] - Object: 'Object Repository/ManageProduct/Daily' is clicked on

2022-12-21 00:42:01 - [TEST_STEP][PASSED] - click(findTestObject("Daily/TambahProduk")): Object: 'Object Repository/Daily/TambahProduk' is clicked on

2022-12-21 00:42:02 - [MESSAGE][PASSED] - Object: 'Object Repository/Daily/TambahProduk' is clicked on

2022-12-21 00:42:02 - [TEST_STEP][PASSED] - setText(findTestObject("Daily/Gambar"), "Telkomsel"): Text 'Telkomsel' is set on object 'Object Repository/Daily/Gambar'

2022-12-21 00:42:04 - [MESSAGE][PASSED] - Text 'Telkomsel' is set on object 'Object Repository/Daily/Gambar'

2022-12-21 00:42:04 - [TEST_STEP][PASSED] - setText(findTestObject("Daily/KodeProduk"), "01telkomsel"): Text '01telkomsel' is set on object 'Object Repository/Daily/KodeProduk'

2022-12-21 00:42:05 - [MESSAGE][PASSED] - Text '01telkomsel' is set on object 'Object Repository/Daily/KodeProduk'

2022-12-21 00:42:05 - [TEST_STEP][PASSED] - setText(findTestObject("Daily/Deskripsi"), "pulsa 1000 Telkomsel"): Text 'pulsa 1000 Telkomsel' is set on object 'Object Repository/Daily/Deskripsi'

2022-12-21 00:42:05 - [MESSAGE][PASSED] - Text 'pulsa 1000 Telkomsel' is set on object 'Object Repository/Daily/Deskripsi'

2022-12-21 00:42:05 - [TEST_STEP][PASSED] - selectOptionByValue(findTestObject("Daily/PilihDisini"), "pulsa", true): All options with value 'pulsa' are selected in object 'Object Repository/Daily/PilihDisini'  using regular expression

2022-12-21 00:42:07 - [MESSAGE][PASSED] - All options with value 'pulsa' are selected in object 'Object Repository/Daily/PilihDisini'  using regular expression

2022-12-21 00:42:07 - [TEST_STEP][PASSED] - setText(findTestObject("Daily/Harga"), "1500"): Text '1500' is set on object 'Object Repository/Daily/Harga'

2022-12-21 00:42:08 - [MESSAGE][PASSED] - Text '1500' is set on object 'Object Repository/Daily/Harga'

2022-12-21 00:42:08 - [TEST_STEP][PASSED] - click(findTestObject("Daily/Simpan")): Object: 'Object Repository/Daily/Simpan' is clicked on

2022-12-21 00:42:08 - [MESSAGE][PASSED] - Object: 'Object Repository/Daily/Simpan' is clicked on

2022-12-21 00:42:08 - [TEST_STEP][PASSED] - closeBrowser(): Browser is closed

2022-12-21 00:42:09 - [MESSAGE][PASSED] - Browser is closed]]></system-out>
         <system-err><![CDATA[]]></system-err>
      </testcase>
      <testcase name="Test Cases/BD008_DailyWithoutKategori" time="20.112" classname="Test Cases/BD008_DailyWithoutKategori" status="PASSED">
         <system-out><![CDATA[2022-12-21 00:42:09 - [TEST_CASE][PASSED] - Test Cases/BD008_DailyWithoutKategori: Test Cases/BD008_DailyWithoutKategori

2022-12-21 00:42:09 - [TEST_STEP][PASSED] - openBrowser(""): Browser is opened with url: ''

2022-12-21 00:42:09 - [MESSAGE][INFO] - Starting 'Chrome' driver

2022-12-21 00:42:09 - [MESSAGE][INFO] - Action delay is set to 0 milliseconds

2022-12-21 00:42:11 - [MESSAGE][PASSED] - Browser is opened with url: ''

2022-12-21 00:42:11 - [TEST_STEP][PASSED] - maximizeWindow(): Current window maximized

2022-12-21 00:42:11 - [MESSAGE][PASSED] - Current window maximized

2022-12-21 00:42:11 - [TEST_STEP][PASSED] - navigateToUrl("https://tes-capstone-website.vercel.app/admin/login"): Navigate to 'https://tes-capstone-website.vercel.app/admin/login' successfully

2022-12-21 00:42:15 - [MESSAGE][PASSED] - Navigate to 'https://tes-capstone-website.vercel.app/admin/login' successfully

2022-12-21 00:42:15 - [TEST_STEP][PASSED] - setText(findTestObject("Auth/Email"), "admin@nyakit.in"): Text 'admin@nyakit.in' is set on object 'Object Repository/Auth/Email'

2022-12-21 00:42:16 - [MESSAGE][PASSED] - Text 'admin@nyakit.in' is set on object 'Object Repository/Auth/Email'

2022-12-21 00:42:16 - [TEST_STEP][PASSED] - setText(findTestObject("Auth/Password"), "@Password123"): Text '@Password123' is set on object 'Object Repository/Auth/Password'

2022-12-21 00:42:17 - [MESSAGE][PASSED] - Text '@Password123' is set on object 'Object Repository/Auth/Password'

2022-12-21 00:42:17 - [TEST_STEP][PASSED] - click(findTestObject("Auth/LoginButton")): Object: 'Object Repository/Auth/LoginButton' is clicked on

2022-12-21 00:42:17 - [MESSAGE][PASSED] - Object: 'Object Repository/Auth/LoginButton' is clicked on

2022-12-21 00:42:17 - [TEST_STEP][PASSED] - click(findTestObject("ManageProduct/Product")): Object: 'Object Repository/ManageProduct/Product' is clicked on

2022-12-21 00:42:21 - [MESSAGE][PASSED] - Object: 'Object Repository/ManageProduct/Product' is clicked on

2022-12-21 00:42:21 - [TEST_STEP][PASSED] - click(findTestObject("ManageProduct/Daily")): Object: 'Object Repository/ManageProduct/Daily' is clicked on

2022-12-21 00:42:22 - [MESSAGE][PASSED] - Object: 'Object Repository/ManageProduct/Daily' is clicked on

2022-12-21 00:42:22 - [TEST_STEP][PASSED] - click(findTestObject("Daily/TambahProduk")): Object: 'Object Repository/Daily/TambahProduk' is clicked on

2022-12-21 00:42:23 - [MESSAGE][PASSED] - Object: 'Object Repository/Daily/TambahProduk' is clicked on

2022-12-21 00:42:23 - [TEST_STEP][PASSED] - setText(findTestObject("Daily/Gambar"), "Telkomsel"): Text 'Telkomsel' is set on object 'Object Repository/Daily/Gambar'

2022-12-21 00:42:24 - [MESSAGE][PASSED] - Text 'Telkomsel' is set on object 'Object Repository/Daily/Gambar'

2022-12-21 00:42:24 - [TEST_STEP][PASSED] - setText(findTestObject("Daily/KodeProduk"), "01telkomsel"): Text '01telkomsel' is set on object 'Object Repository/Daily/KodeProduk'

2022-12-21 00:42:25 - [MESSAGE][PASSED] - Text '01telkomsel' is set on object 'Object Repository/Daily/KodeProduk'

2022-12-21 00:42:25 - [TEST_STEP][PASSED] - setText(findTestObject("Daily/Deskripsi"), "pulsa 1000 Telkomsel"): Text 'pulsa 1000 Telkomsel' is set on object 'Object Repository/Daily/Deskripsi'

2022-12-21 00:42:26 - [MESSAGE][PASSED] - Text 'pulsa 1000 Telkomsel' is set on object 'Object Repository/Daily/Deskripsi'

2022-12-21 00:42:26 - [TEST_STEP][PASSED] - setText(findTestObject("Daily/Nominal"), "1000"): Text '1000' is set on object 'Object Repository/Daily/Nominal'

2022-12-21 00:42:27 - [MESSAGE][PASSED] - Text '1000' is set on object 'Object Repository/Daily/Nominal'

2022-12-21 00:42:27 - [TEST_STEP][PASSED] - setText(findTestObject("Daily/Harga"), "1500"): Text '1500' is set on object 'Object Repository/Daily/Harga'

2022-12-21 00:42:27 - [MESSAGE][PASSED] - Text '1500' is set on object 'Object Repository/Daily/Harga'

2022-12-21 00:42:27 - [TEST_STEP][PASSED] - click(findTestObject("Daily/Simpan")): Object: 'Object Repository/Daily/Simpan' is clicked on

2022-12-21 00:42:28 - [MESSAGE][PASSED] - Object: 'Object Repository/Daily/Simpan' is clicked on

2022-12-21 00:42:28 - [TEST_STEP][PASSED] - closeBrowser(): Browser is closed

2022-12-21 00:42:29 - [MESSAGE][PASSED] - Browser is closed]]></system-out>
         <system-err><![CDATA[]]></system-err>
      </testcase>
      <testcase name="Test Cases/BD009_DailyWithoutHarga" time="19.364" classname="Test Cases/BD009_DailyWithoutHarga" status="PASSED">
         <system-out><![CDATA[2022-12-21 00:42:29 - [TEST_CASE][PASSED] - Test Cases/BD009_DailyWithoutHarga: Test Cases/BD009_DailyWithoutHarga

2022-12-21 00:42:29 - [TEST_STEP][PASSED] - openBrowser(""): Browser is opened with url: ''

2022-12-21 00:42:29 - [MESSAGE][INFO] - Starting 'Chrome' driver

2022-12-21 00:42:29 - [MESSAGE][INFO] - Action delay is set to 0 milliseconds

2022-12-21 00:42:30 - [MESSAGE][PASSED] - Browser is opened with url: ''

2022-12-21 00:42:30 - [TEST_STEP][PASSED] - maximizeWindow(): Current window maximized

2022-12-21 00:42:31 - [MESSAGE][PASSED] - Current window maximized

2022-12-21 00:42:31 - [TEST_STEP][PASSED] - navigateToUrl("https://tes-capstone-website.vercel.app/admin/login"): Navigate to 'https://tes-capstone-website.vercel.app/admin/login' successfully

2022-12-21 00:42:34 - [MESSAGE][PASSED] - Navigate to 'https://tes-capstone-website.vercel.app/admin/login' successfully

2022-12-21 00:42:34 - [TEST_STEP][PASSED] - setText(findTestObject("Auth/Email"), "admin@nyakit.in"): Text 'admin@nyakit.in' is set on object 'Object Repository/Auth/Email'

2022-12-21 00:42:35 - [MESSAGE][PASSED] - Text 'admin@nyakit.in' is set on object 'Object Repository/Auth/Email'

2022-12-21 00:42:35 - [TEST_STEP][PASSED] - setText(findTestObject("Auth/Password"), "@Password123"): Text '@Password123' is set on object 'Object Repository/Auth/Password'

2022-12-21 00:42:36 - [MESSAGE][PASSED] - Text '@Password123' is set on object 'Object Repository/Auth/Password'

2022-12-21 00:42:36 - [TEST_STEP][PASSED] - click(findTestObject("Auth/LoginButton")): Object: 'Object Repository/Auth/LoginButton' is clicked on

2022-12-21 00:42:37 - [MESSAGE][PASSED] - Object: 'Object Repository/Auth/LoginButton' is clicked on

2022-12-21 00:42:37 - [TEST_STEP][PASSED] - click(findTestObject("ManageProduct/Product")): Object: 'Object Repository/ManageProduct/Product' is clicked on

2022-12-21 00:42:40 - [MESSAGE][PASSED] - Object: 'Object Repository/ManageProduct/Product' is clicked on

2022-12-21 00:42:40 - [TEST_STEP][PASSED] - click(findTestObject("ManageProduct/Daily")): Object: 'Object Repository/ManageProduct/Daily' is clicked on

2022-12-21 00:42:41 - [MESSAGE][PASSED] - Object: 'Object Repository/ManageProduct/Daily' is clicked on

2022-12-21 00:42:41 - [TEST_STEP][PASSED] - click(findTestObject("Daily/TambahProduk")): Object: 'Object Repository/Daily/TambahProduk' is clicked on

2022-12-21 00:42:42 - [MESSAGE][PASSED] - Object: 'Object Repository/Daily/TambahProduk' is clicked on

2022-12-21 00:42:42 - [TEST_STEP][PASSED] - setText(findTestObject("Daily/Gambar"), "Telkomsel"): Text 'Telkomsel' is set on object 'Object Repository/Daily/Gambar'

2022-12-21 00:42:43 - [MESSAGE][PASSED] - Text 'Telkomsel' is set on object 'Object Repository/Daily/Gambar'

2022-12-21 00:42:43 - [TEST_STEP][PASSED] - setText(findTestObject("Daily/KodeProduk"), "01telkomsel"): Text '01telkomsel' is set on object 'Object Repository/Daily/KodeProduk'

2022-12-21 00:42:44 - [MESSAGE][PASSED] - Text '01telkomsel' is set on object 'Object Repository/Daily/KodeProduk'

2022-12-21 00:42:44 - [TEST_STEP][PASSED] - setText(findTestObject("Daily/Deskripsi"), "pulsa 1000 Telkomsel"): Text 'pulsa 1000 Telkomsel' is set on object 'Object Repository/Daily/Deskripsi'

2022-12-21 00:42:45 - [MESSAGE][PASSED] - Text 'pulsa 1000 Telkomsel' is set on object 'Object Repository/Daily/Deskripsi'

2022-12-21 00:42:45 - [TEST_STEP][PASSED] - setText(findTestObject("Daily/Nominal"), "1000"): Text '1000' is set on object 'Object Repository/Daily/Nominal'

2022-12-21 00:42:46 - [MESSAGE][PASSED] - Text '1000' is set on object 'Object Repository/Daily/Nominal'

2022-12-21 00:42:46 - [TEST_STEP][PASSED] - selectOptionByValue(findTestObject("Daily/PilihDisini"), "pulsa", true): All options with value 'pulsa' are selected in object 'Object Repository/Daily/PilihDisini'  using regular expression

2022-12-21 00:42:47 - [MESSAGE][PASSED] - All options with value 'pulsa' are selected in object 'Object Repository/Daily/PilihDisini'  using regular expression

2022-12-21 00:42:47 - [TEST_STEP][PASSED] - click(findTestObject("Daily/Simpan")): Object: 'Object Repository/Daily/Simpan' is clicked on

2022-12-21 00:42:48 - [MESSAGE][PASSED] - Object: 'Object Repository/Daily/Simpan' is clicked on

2022-12-21 00:42:48 - [TEST_STEP][PASSED] - closeBrowser(): Browser is closed

2022-12-21 00:42:48 - [MESSAGE][PASSED] - Browser is closed]]></system-out>
         <system-err><![CDATA[]]></system-err>
      </testcase>
      <testcase name="Test Cases/BD010_SearchDaily" time="13.929" classname="Test Cases/BD010_SearchDaily" status="PASSED">
         <system-out><![CDATA[2022-12-21 00:42:48 - [TEST_CASE][PASSED] - Test Cases/BD010_SearchDaily: Test Cases/BD010_SearchDaily

2022-12-21 00:42:48 - [TEST_STEP][PASSED] - openBrowser(""): Browser is opened with url: ''

2022-12-21 00:42:48 - [MESSAGE][INFO] - Starting 'Chrome' driver

2022-12-21 00:42:48 - [MESSAGE][INFO] - Action delay is set to 0 milliseconds

2022-12-21 00:42:50 - [MESSAGE][PASSED] - Browser is opened with url: ''

2022-12-21 00:42:50 - [TEST_STEP][PASSED] - maximizeWindow(): Current window maximized

2022-12-21 00:42:50 - [MESSAGE][PASSED] - Current window maximized

2022-12-21 00:42:50 - [TEST_STEP][PASSED] - navigateToUrl("https://tes-capstone-website.vercel.app/admin/login"): Navigate to 'https://tes-capstone-website.vercel.app/admin/login' successfully

2022-12-21 00:42:54 - [MESSAGE][PASSED] - Navigate to 'https://tes-capstone-website.vercel.app/admin/login' successfully

2022-12-21 00:42:54 - [TEST_STEP][PASSED] - setText(findTestObject("Auth/Email"), "admin@nyakit.in"): Text 'admin@nyakit.in' is set on object 'Object Repository/Auth/Email'

2022-12-21 00:42:55 - [MESSAGE][PASSED] - Text 'admin@nyakit.in' is set on object 'Object Repository/Auth/Email'

2022-12-21 00:42:55 - [TEST_STEP][PASSED] - setText(findTestObject("Auth/Password"), "@Password123"): Text '@Password123' is set on object 'Object Repository/Auth/Password'

2022-12-21 00:42:56 - [MESSAGE][PASSED] - Text '@Password123' is set on object 'Object Repository/Auth/Password'

2022-12-21 00:42:56 - [TEST_STEP][PASSED] - click(findTestObject("Auth/LoginButton")): Object: 'Object Repository/Auth/LoginButton' is clicked on

2022-12-21 00:42:56 - [MESSAGE][PASSED] - Object: 'Object Repository/Auth/LoginButton' is clicked on

2022-12-21 00:42:56 - [TEST_STEP][PASSED] - click(findTestObject("ManageProduct/Product")): Object: 'Object Repository/ManageProduct/Product' is clicked on

2022-12-21 00:42:59 - [MESSAGE][PASSED] - Object: 'Object Repository/ManageProduct/Product' is clicked on

2022-12-21 00:42:59 - [TEST_STEP][PASSED] - click(findTestObject("ManageProduct/Daily")): Object: 'Object Repository/ManageProduct/Daily' is clicked on

2022-12-21 00:43:00 - [MESSAGE][PASSED] - Object: 'Object Repository/ManageProduct/Daily' is clicked on

2022-12-21 00:43:00 - [TEST_STEP][PASSED] - setText(findTestObject("Daily/Search"), "xl"): Text 'xl' is set on object 'Object Repository/Daily/Search'

2022-12-21 00:43:01 - [MESSAGE][PASSED] - Text 'xl' is set on object 'Object Repository/Daily/Search'

2022-12-21 00:43:01 - [TEST_STEP][PASSED] - closeBrowser(): Browser is closed

2022-12-21 00:43:02 - [MESSAGE][PASSED] - Browser is closed]]></system-out>
         <system-err><![CDATA[]]></system-err>
      </testcase>
      <testcase name="Test Cases/BD012_ViewProductBills" time="14.101" classname="Test Cases/BD012_ViewProductBills" status="PASSED">
         <system-out><![CDATA[2022-12-21 00:43:02 - [TEST_CASE][PASSED] - Test Cases/BD012_ViewProductBills: Test Cases/BD012_ViewProductBills

2022-12-21 00:43:03 - [TEST_STEP][PASSED] - openBrowser(""): Browser is opened with url: ''

2022-12-21 00:43:03 - [MESSAGE][INFO] - Starting 'Chrome' driver

2022-12-21 00:43:03 - [MESSAGE][INFO] - Action delay is set to 0 milliseconds

2022-12-21 00:43:04 - [MESSAGE][PASSED] - Browser is opened with url: ''

2022-12-21 00:43:04 - [TEST_STEP][PASSED] - maximizeWindow(): Current window maximized

2022-12-21 00:43:04 - [MESSAGE][PASSED] - Current window maximized

2022-12-21 00:43:04 - [TEST_STEP][PASSED] - navigateToUrl("https://tes-capstone-website.vercel.app/admin/login"): Navigate to 'https://tes-capstone-website.vercel.app/admin/login' successfully

2022-12-21 00:43:08 - [MESSAGE][PASSED] - Navigate to 'https://tes-capstone-website.vercel.app/admin/login' successfully

2022-12-21 00:43:08 - [TEST_STEP][PASSED] - setText(findTestObject("Auth/Email"), "admin@nyakit.in"): Text 'admin@nyakit.in' is set on object 'Object Repository/Auth/Email'

2022-12-21 00:43:09 - [MESSAGE][PASSED] - Text 'admin@nyakit.in' is set on object 'Object Repository/Auth/Email'

2022-12-21 00:43:09 - [TEST_STEP][PASSED] - setText(findTestObject("Auth/Password"), "@Password123"): Text '@Password123' is set on object 'Object Repository/Auth/Password'

2022-12-21 00:43:10 - [MESSAGE][PASSED] - Text '@Password123' is set on object 'Object Repository/Auth/Password'

2022-12-21 00:43:10 - [TEST_STEP][PASSED] - click(findTestObject("Auth/LoginButton")): Object: 'Object Repository/Auth/LoginButton' is clicked on

2022-12-21 00:43:10 - [MESSAGE][PASSED] - Object: 'Object Repository/Auth/LoginButton' is clicked on

2022-12-21 00:43:10 - [TEST_STEP][PASSED] - click(findTestObject("ManageProduct/Product")): Object: 'Object Repository/ManageProduct/Product' is clicked on

2022-12-21 00:43:13 - [MESSAGE][PASSED] - Object: 'Object Repository/ManageProduct/Product' is clicked on

2022-12-21 00:43:13 - [TEST_STEP][PASSED] - click(findTestObject("ManageProduct/Bills")): Object: 'Object Repository/ManageProduct/Bills' is clicked on

2022-12-21 00:43:15 - [MESSAGE][PASSED] - Object: 'Object Repository/ManageProduct/Bills' is clicked on

2022-12-21 00:43:15 - [TEST_STEP][PASSED] - closeBrowser(): Browser is closed

2022-12-21 00:43:16 - [MESSAGE][PASSED] - Browser is closed]]></system-out>
         <system-err><![CDATA[]]></system-err>
      </testcase>
      <testcase name="Test Cases/BD014_AddProductBills" time="58.908" classname="Test Cases/BD014_AddProductBills" status="PASSED">
         <system-out><![CDATA[2022-12-21 00:43:16 - [TEST_CASE][PASSED] - Test Cases/BD014_AddProductBills: Test Cases/BD014_AddProductBills

2022-12-21 00:43:17 - [TEST_STEP][PASSED] - openBrowser(""): Browser is opened with url: ''

2022-12-21 00:43:17 - [MESSAGE][INFO] - Starting 'Chrome' driver

2022-12-21 00:43:17 - [MESSAGE][INFO] - Action delay is set to 0 milliseconds

2022-12-21 00:43:18 - [MESSAGE][PASSED] - Browser is opened with url: ''

2022-12-21 00:43:18 - [TEST_STEP][PASSED] - maximizeWindow(): Current window maximized

2022-12-21 00:43:18 - [MESSAGE][PASSED] - Current window maximized

2022-12-21 00:43:18 - [TEST_STEP][PASSED] - navigateToUrl("https://tes-capstone-website.vercel.app/admin/login"): Navigate to 'https://tes-capstone-website.vercel.app/admin/login' successfully

2022-12-21 00:43:58 - [MESSAGE][PASSED] - Navigate to 'https://tes-capstone-website.vercel.app/admin/login' successfully

2022-12-21 00:43:58 - [TEST_STEP][PASSED] - setText(findTestObject("Auth/Email"), "admin@nyakit.in"): Text 'admin@nyakit.in' is set on object 'Object Repository/Auth/Email'

2022-12-21 00:43:59 - [MESSAGE][PASSED] - Text 'admin@nyakit.in' is set on object 'Object Repository/Auth/Email'

2022-12-21 00:43:59 - [TEST_STEP][PASSED] - setText(findTestObject("Auth/Password"), "@Password123"): Text '@Password123' is set on object 'Object Repository/Auth/Password'

2022-12-21 00:44:00 - [MESSAGE][PASSED] - Text '@Password123' is set on object 'Object Repository/Auth/Password'

2022-12-21 00:44:00 - [TEST_STEP][PASSED] - click(findTestObject("Auth/LoginButton")): Object: 'Object Repository/Auth/LoginButton' is clicked on

2022-12-21 00:44:01 - [MESSAGE][PASSED] - Object: 'Object Repository/Auth/LoginButton' is clicked on

2022-12-21 00:44:01 - [TEST_STEP][PASSED] - click(findTestObject("ManageProduct/Product")): Object: 'Object Repository/ManageProduct/Product' is clicked on

2022-12-21 00:44:04 - [MESSAGE][PASSED] - Object: 'Object Repository/ManageProduct/Product' is clicked on

2022-12-21 00:44:04 - [TEST_STEP][PASSED] - click(findTestObject("ManageProduct/Bills")): Object: 'Object Repository/ManageProduct/Bills' is clicked on

2022-12-21 00:44:06 - [MESSAGE][PASSED] - Object: 'Object Repository/ManageProduct/Bills' is clicked on

2022-12-21 00:44:06 - [TEST_STEP][PASSED] - click(findTestObject("Daily/TambahProduk")): Object: 'Object Repository/Daily/TambahProduk' is clicked on

2022-12-21 00:44:07 - [MESSAGE][PASSED] - Object: 'Object Repository/Daily/TambahProduk' is clicked on

2022-12-21 00:44:07 - [TEST_STEP][PASSED] - setText(findTestObject("Daily/Gambar"), "Alterra"): Text 'Alterra' is set on object 'Object Repository/Daily/Gambar'

2022-12-21 00:44:08 - [MESSAGE][PASSED] - Text 'Alterra' is set on object 'Object Repository/Daily/Gambar'

2022-12-21 00:44:08 - [TEST_STEP][PASSED] - setText(findTestObject("Daily/KodeProduk"), "01alterra"): Text '01alterra' is set on object 'Object Repository/Daily/KodeProduk'

2022-12-21 00:44:08 - [MESSAGE][PASSED] - Text '01alterra' is set on object 'Object Repository/Daily/KodeProduk'

2022-12-21 00:44:08 - [TEST_STEP][PASSED] - setText(findTestObject("Daily/Deskripsi"), "Bootcamp QE"): Text 'Bootcamp QE' is set on object 'Object Repository/Daily/Deskripsi'

2022-12-21 00:44:09 - [MESSAGE][PASSED] - Text 'Bootcamp QE' is set on object 'Object Repository/Daily/Deskripsi'

2022-12-21 00:44:09 - [TEST_STEP][PASSED] - setText(findTestObject("Daily/Nominal"), "1000000"): Text '1000000' is set on object 'Object Repository/Daily/Nominal'

2022-12-21 00:44:10 - [MESSAGE][PASSED] - Text '1000000' is set on object 'Object Repository/Daily/Nominal'

2022-12-21 00:44:10 - [TEST_STEP][PASSED] - selectOptionByValue(findTestObject("Daily/PilihDisini"), "Pendidikan", true): All options with value 'Pendidikan' are selected in object 'Object Repository/Daily/PilihDisini'  using regular expression

2022-12-21 00:44:12 - [MESSAGE][PASSED] - All options with value 'Pendidikan' are selected in object 'Object Repository/Daily/PilihDisini'  using regular expression

2022-12-21 00:44:12 - [TEST_STEP][PASSED] - setText(findTestObject("Daily/Harga"), "1000000"): Text '1000000' is set on object 'Object Repository/Daily/Harga'

2022-12-21 00:44:13 - [MESSAGE][PASSED] - Text '1000000' is set on object 'Object Repository/Daily/Harga'

2022-12-21 00:44:13 - [TEST_STEP][PASSED] - click(findTestObject("Daily/Simpan")): Object: 'Object Repository/Daily/Simpan' is clicked on

2022-12-21 00:44:13 - [MESSAGE][PASSED] - Object: 'Object Repository/Daily/Simpan' is clicked on

2022-12-21 00:44:13 - [TEST_STEP][PASSED] - click(findTestObject("Daily/Close")): Object: 'Object Repository/Daily/Close' is clicked on

2022-12-21 00:44:14 - [MESSAGE][PASSED] - Object: 'Object Repository/Daily/Close' is clicked on

2022-12-21 00:44:14 - [TEST_STEP][PASSED] - closeBrowser(): Browser is closed

2022-12-21 00:44:15 - [MESSAGE][PASSED] - Browser is closed]]></system-out>
         <system-err><![CDATA[]]></system-err>
      </testcase>
      <testcase name="Test Cases/BD015_BillsWithoutGambar" time="21.859" classname="Test Cases/BD015_BillsWithoutGambar" status="PASSED">
         <system-out><![CDATA[2022-12-21 00:44:15 - [TEST_CASE][PASSED] - Test Cases/BD015_BillsWithoutGambar: Test Cases/BD015_BillsWithoutGambar

2022-12-21 00:44:16 - [TEST_STEP][PASSED] - openBrowser(""): Browser is opened with url: ''

2022-12-21 00:44:16 - [MESSAGE][INFO] - Starting 'Chrome' driver

2022-12-21 00:44:16 - [MESSAGE][INFO] - Action delay is set to 0 milliseconds

2022-12-21 00:44:17 - [MESSAGE][PASSED] - Browser is opened with url: ''

2022-12-21 00:44:17 - [TEST_STEP][PASSED] - maximizeWindow(): Current window maximized

2022-12-21 00:44:17 - [MESSAGE][PASSED] - Current window maximized

2022-12-21 00:44:17 - [TEST_STEP][PASSED] - navigateToUrl("https://tes-capstone-website.vercel.app/admin/login"): Navigate to 'https://tes-capstone-website.vercel.app/admin/login' successfully

2022-12-21 00:44:24 - [MESSAGE][PASSED] - Navigate to 'https://tes-capstone-website.vercel.app/admin/login' successfully

2022-12-21 00:44:24 - [TEST_STEP][PASSED] - setText(findTestObject("Auth/Email"), "admin@nyakit.in"): Text 'admin@nyakit.in' is set on object 'Object Repository/Auth/Email'

2022-12-21 00:44:25 - [MESSAGE][PASSED] - Text 'admin@nyakit.in' is set on object 'Object Repository/Auth/Email'

2022-12-21 00:44:25 - [TEST_STEP][PASSED] - setText(findTestObject("Auth/Password"), "@Password123"): Text '@Password123' is set on object 'Object Repository/Auth/Password'

2022-12-21 00:44:26 - [MESSAGE][PASSED] - Text '@Password123' is set on object 'Object Repository/Auth/Password'

2022-12-21 00:44:26 - [TEST_STEP][PASSED] - click(findTestObject("Auth/LoginButton")): Object: 'Object Repository/Auth/LoginButton' is clicked on

2022-12-21 00:44:26 - [MESSAGE][PASSED] - Object: 'Object Repository/Auth/LoginButton' is clicked on

2022-12-21 00:44:26 - [TEST_STEP][PASSED] - click(findTestObject("ManageProduct/Product")): Object: 'Object Repository/ManageProduct/Product' is clicked on

2022-12-21 00:44:29 - [MESSAGE][PASSED] - Object: 'Object Repository/ManageProduct/Product' is clicked on

2022-12-21 00:44:29 - [TEST_STEP][PASSED] - click(findTestObject("ManageProduct/Bills")): Object: 'Object Repository/ManageProduct/Bills' is clicked on

2022-12-21 00:44:30 - [MESSAGE][PASSED] - Object: 'Object Repository/ManageProduct/Bills' is clicked on

2022-12-21 00:44:30 - [TEST_STEP][PASSED] - click(findTestObject("Daily/TambahProduk")): Object: 'Object Repository/Daily/TambahProduk' is clicked on

2022-12-21 00:44:31 - [MESSAGE][PASSED] - Object: 'Object Repository/Daily/TambahProduk' is clicked on

2022-12-21 00:44:31 - [TEST_STEP][PASSED] - setText(findTestObject("Daily/KodeProduk"), "01alterra"): Text '01alterra' is set on object 'Object Repository/Daily/KodeProduk'

2022-12-21 00:44:32 - [MESSAGE][PASSED] - Text '01alterra' is set on object 'Object Repository/Daily/KodeProduk'

2022-12-21 00:44:32 - [TEST_STEP][PASSED] - setText(findTestObject("Daily/Deskripsi"), "Bootcamp QE"): Text 'Bootcamp QE' is set on object 'Object Repository/Daily/Deskripsi'

2022-12-21 00:44:33 - [MESSAGE][PASSED] - Text 'Bootcamp QE' is set on object 'Object Repository/Daily/Deskripsi'

2022-12-21 00:44:33 - [TEST_STEP][PASSED] - setText(findTestObject("Daily/Nominal"), "1000000"): Text '1000000' is set on object 'Object Repository/Daily/Nominal'

2022-12-21 00:44:34 - [MESSAGE][PASSED] - Text '1000000' is set on object 'Object Repository/Daily/Nominal'

2022-12-21 00:44:34 - [TEST_STEP][PASSED] - selectOptionByValue(findTestObject("Daily/PilihDisini"), "Pendidikan", true): All options with value 'Pendidikan' are selected in object 'Object Repository/Daily/PilihDisini'  using regular expression

2022-12-21 00:44:35 - [MESSAGE][PASSED] - All options with value 'Pendidikan' are selected in object 'Object Repository/Daily/PilihDisini'  using regular expression

2022-12-21 00:44:35 - [TEST_STEP][PASSED] - setText(findTestObject("Daily/Harga"), "1000000"): Text '1000000' is set on object 'Object Repository/Daily/Harga'

2022-12-21 00:44:36 - [MESSAGE][PASSED] - Text '1000000' is set on object 'Object Repository/Daily/Harga'

2022-12-21 00:44:36 - [TEST_STEP][PASSED] - click(findTestObject("Daily/Simpan")): Object: 'Object Repository/Daily/Simpan' is clicked on

2022-12-21 00:44:36 - [MESSAGE][PASSED] - Object: 'Object Repository/Daily/Simpan' is clicked on

2022-12-21 00:44:36 - [TEST_STEP][PASSED] - closeBrowser(): Browser is closed

2022-12-21 00:44:37 - [MESSAGE][PASSED] - Browser is closed]]></system-out>
         <system-err><![CDATA[]]></system-err>
      </testcase>
      <testcase name="Test Cases/BD016_BillsWithoutKodeProduk" time="18.951" classname="Test Cases/BD016_BillsWithoutKodeProduk" status="PASSED">
         <system-out><![CDATA[2022-12-21 00:44:37 - [TEST_CASE][PASSED] - Test Cases/BD016_BillsWithoutKodeProduk: Test Cases/BD016_BillsWithoutKodeProduk

2022-12-21 00:44:37 - [TEST_STEP][PASSED] - openBrowser(""): Browser is opened with url: ''

2022-12-21 00:44:37 - [MESSAGE][INFO] - Starting 'Chrome' driver

2022-12-21 00:44:37 - [MESSAGE][INFO] - Action delay is set to 0 milliseconds

2022-12-21 00:44:39 - [MESSAGE][PASSED] - Browser is opened with url: ''

2022-12-21 00:44:39 - [TEST_STEP][PASSED] - maximizeWindow(): Current window maximized

2022-12-21 00:44:39 - [MESSAGE][PASSED] - Current window maximized

2022-12-21 00:44:39 - [TEST_STEP][PASSED] - navigateToUrl("https://tes-capstone-website.vercel.app/admin/login"): Navigate to 'https://tes-capstone-website.vercel.app/admin/login' successfully

2022-12-21 00:44:43 - [MESSAGE][PASSED] - Navigate to 'https://tes-capstone-website.vercel.app/admin/login' successfully

2022-12-21 00:44:43 - [TEST_STEP][PASSED] - setText(findTestObject("Auth/Email"), "admin@nyakit.in"): Text 'admin@nyakit.in' is set on object 'Object Repository/Auth/Email'

2022-12-21 00:44:44 - [MESSAGE][PASSED] - Text 'admin@nyakit.in' is set on object 'Object Repository/Auth/Email'

2022-12-21 00:44:44 - [TEST_STEP][PASSED] - setText(findTestObject("Auth/Password"), "@Password123"): Text '@Password123' is set on object 'Object Repository/Auth/Password'

2022-12-21 00:44:44 - [MESSAGE][PASSED] - Text '@Password123' is set on object 'Object Repository/Auth/Password'

2022-12-21 00:44:44 - [TEST_STEP][PASSED] - click(findTestObject("Auth/LoginButton")): Object: 'Object Repository/Auth/LoginButton' is clicked on

2022-12-21 00:44:45 - [MESSAGE][PASSED] - Object: 'Object Repository/Auth/LoginButton' is clicked on

2022-12-21 00:44:45 - [TEST_STEP][PASSED] - click(findTestObject("ManageProduct/Product")): Object: 'Object Repository/ManageProduct/Product' is clicked on

2022-12-21 00:44:48 - [MESSAGE][PASSED] - Object: 'Object Repository/ManageProduct/Product' is clicked on

2022-12-21 00:44:48 - [TEST_STEP][PASSED] - click(findTestObject("ManageProduct/Bills")): Object: 'Object Repository/ManageProduct/Bills' is clicked on

2022-12-21 00:44:48 - [MESSAGE][PASSED] - Object: 'Object Repository/ManageProduct/Bills' is clicked on

2022-12-21 00:44:48 - [TEST_STEP][PASSED] - click(findTestObject("Daily/TambahProduk")): Object: 'Object Repository/Daily/TambahProduk' is clicked on

2022-12-21 00:44:50 - [MESSAGE][PASSED] - Object: 'Object Repository/Daily/TambahProduk' is clicked on

2022-12-21 00:44:50 - [TEST_STEP][PASSED] - setText(findTestObject("Daily/Gambar"), "Alterra"): Text 'Alterra' is set on object 'Object Repository/Daily/Gambar'

2022-12-21 00:44:51 - [MESSAGE][PASSED] - Text 'Alterra' is set on object 'Object Repository/Daily/Gambar'

2022-12-21 00:44:51 - [TEST_STEP][PASSED] - setText(findTestObject("Daily/Deskripsi"), "Bootcamp QE"): Text 'Bootcamp QE' is set on object 'Object Repository/Daily/Deskripsi'

2022-12-21 00:44:52 - [MESSAGE][PASSED] - Text 'Bootcamp QE' is set on object 'Object Repository/Daily/Deskripsi'

2022-12-21 00:44:52 - [TEST_STEP][PASSED] - setText(findTestObject("Daily/Nominal"), "1000000"): Text '1000000' is set on object 'Object Repository/Daily/Nominal'

2022-12-21 00:44:53 - [MESSAGE][PASSED] - Text '1000000' is set on object 'Object Repository/Daily/Nominal'

2022-12-21 00:44:53 - [TEST_STEP][PASSED] - selectOptionByValue(findTestObject("Daily/PilihDisini"), "Pendidikan", true): All options with value 'Pendidikan' are selected in object 'Object Repository/Daily/PilihDisini'  using regular expression

2022-12-21 00:44:54 - [MESSAGE][PASSED] - All options with value 'Pendidikan' are selected in object 'Object Repository/Daily/PilihDisini'  using regular expression

2022-12-21 00:44:54 - [TEST_STEP][PASSED] - setText(findTestObject("Daily/Harga"), "1000000"): Text '1000000' is set on object 'Object Repository/Daily/Harga'

2022-12-21 00:44:55 - [MESSAGE][PASSED] - Text '1000000' is set on object 'Object Repository/Daily/Harga'

2022-12-21 00:44:55 - [TEST_STEP][PASSED] - click(findTestObject("Daily/Simpan")): Object: 'Object Repository/Daily/Simpan' is clicked on

2022-12-21 00:44:55 - [MESSAGE][PASSED] - Object: 'Object Repository/Daily/Simpan' is clicked on

2022-12-21 00:44:55 - [TEST_STEP][PASSED] - closeBrowser(): Browser is closed

2022-12-21 00:44:56 - [MESSAGE][PASSED] - Browser is closed]]></system-out>
         <system-err><![CDATA[]]></system-err>
      </testcase>
      <testcase name="Test Cases/BD017_BillsWihoutDeskripsi" time="19.266" classname="Test Cases/BD017_BillsWihoutDeskripsi" status="PASSED">
         <system-out><![CDATA[2022-12-21 00:44:56 - [TEST_CASE][PASSED] - Test Cases/BD017_BillsWihoutDeskripsi: Test Cases/BD017_BillsWihoutDeskripsi

2022-12-21 00:44:56 - [TEST_STEP][PASSED] - openBrowser(""): Browser is opened with url: ''

2022-12-21 00:44:56 - [MESSAGE][INFO] - Starting 'Chrome' driver

2022-12-21 00:44:56 - [MESSAGE][INFO] - Action delay is set to 0 milliseconds

2022-12-21 00:44:57 - [MESSAGE][PASSED] - Browser is opened with url: ''

2022-12-21 00:44:57 - [TEST_STEP][PASSED] - maximizeWindow(): Current window maximized

2022-12-21 00:44:57 - [MESSAGE][PASSED] - Current window maximized

2022-12-21 00:44:57 - [TEST_STEP][PASSED] - navigateToUrl("https://tes-capstone-website.vercel.app/admin/login"): Navigate to 'https://tes-capstone-website.vercel.app/admin/login' successfully

2022-12-21 00:45:01 - [MESSAGE][PASSED] - Navigate to 'https://tes-capstone-website.vercel.app/admin/login' successfully

2022-12-21 00:45:01 - [TEST_STEP][PASSED] - setText(findTestObject("Auth/Email"), "admin@nyakit.in"): Text 'admin@nyakit.in' is set on object 'Object Repository/Auth/Email'

2022-12-21 00:45:02 - [MESSAGE][PASSED] - Text 'admin@nyakit.in' is set on object 'Object Repository/Auth/Email'

2022-12-21 00:45:02 - [TEST_STEP][PASSED] - setText(findTestObject("Auth/Password"), "@Password123"): Text '@Password123' is set on object 'Object Repository/Auth/Password'

2022-12-21 00:45:03 - [MESSAGE][PASSED] - Text '@Password123' is set on object 'Object Repository/Auth/Password'

2022-12-21 00:45:03 - [TEST_STEP][PASSED] - click(findTestObject("Auth/LoginButton")): Object: 'Object Repository/Auth/LoginButton' is clicked on

2022-12-21 00:45:04 - [MESSAGE][PASSED] - Object: 'Object Repository/Auth/LoginButton' is clicked on

2022-12-21 00:45:04 - [TEST_STEP][PASSED] - click(findTestObject("ManageProduct/Product")): Object: 'Object Repository/ManageProduct/Product' is clicked on

2022-12-21 00:45:07 - [MESSAGE][PASSED] - Object: 'Object Repository/ManageProduct/Product' is clicked on

2022-12-21 00:45:07 - [TEST_STEP][PASSED] - click(findTestObject("ManageProduct/Bills")): Object: 'Object Repository/ManageProduct/Bills' is clicked on

2022-12-21 00:45:08 - [MESSAGE][PASSED] - Object: 'Object Repository/ManageProduct/Bills' is clicked on

2022-12-21 00:45:08 - [TEST_STEP][PASSED] - click(findTestObject("Daily/TambahProduk")): Object: 'Object Repository/Daily/TambahProduk' is clicked on

2022-12-21 00:45:09 - [MESSAGE][PASSED] - Object: 'Object Repository/Daily/TambahProduk' is clicked on

2022-12-21 00:45:09 - [TEST_STEP][PASSED] - setText(findTestObject("Daily/Gambar"), "Alterra"): Text 'Alterra' is set on object 'Object Repository/Daily/Gambar'

2022-12-21 00:45:10 - [MESSAGE][PASSED] - Text 'Alterra' is set on object 'Object Repository/Daily/Gambar'

2022-12-21 00:45:10 - [TEST_STEP][PASSED] - setText(findTestObject("Daily/KodeProduk"), "01alterra"): Text '01alterra' is set on object 'Object Repository/Daily/KodeProduk'

2022-12-21 00:45:11 - [MESSAGE][PASSED] - Text '01alterra' is set on object 'Object Repository/Daily/KodeProduk'

2022-12-21 00:45:11 - [TEST_STEP][PASSED] - setText(findTestObject("Daily/Nominal"), "1000000"): Text '1000000' is set on object 'Object Repository/Daily/Nominal'

2022-12-21 00:45:12 - [MESSAGE][PASSED] - Text '1000000' is set on object 'Object Repository/Daily/Nominal'

2022-12-21 00:45:12 - [TEST_STEP][PASSED] - selectOptionByValue(findTestObject("Daily/PilihDisini"), "Pendidikan", true): All options with value 'Pendidikan' are selected in object 'Object Repository/Daily/PilihDisini'  using regular expression

2022-12-21 00:45:13 - [MESSAGE][PASSED] - All options with value 'Pendidikan' are selected in object 'Object Repository/Daily/PilihDisini'  using regular expression

2022-12-21 00:45:13 - [TEST_STEP][PASSED] - setText(findTestObject("Daily/Harga"), "1000000"): Text '1000000' is set on object 'Object Repository/Daily/Harga'

2022-12-21 00:45:14 - [MESSAGE][PASSED] - Text '1000000' is set on object 'Object Repository/Daily/Harga'

2022-12-21 00:45:14 - [TEST_STEP][PASSED] - click(findTestObject("Daily/Simpan")): Object: 'Object Repository/Daily/Simpan' is clicked on

2022-12-21 00:45:14 - [MESSAGE][PASSED] - Object: 'Object Repository/Daily/Simpan' is clicked on

2022-12-21 00:45:14 - [TEST_STEP][PASSED] - closeBrowser(): Browser is closed

2022-12-21 00:45:15 - [MESSAGE][PASSED] - Browser is closed]]></system-out>
         <system-err><![CDATA[]]></system-err>
      </testcase>
      <testcase name="Test Cases/BD018_BillsWihoutNominal" time="20.285" classname="Test Cases/BD018_BillsWihoutNominal" status="PASSED">
         <system-out><![CDATA[2022-12-21 00:45:15 - [TEST_CASE][PASSED] - Test Cases/BD018_BillsWihoutNominal: Test Cases/BD018_BillsWihoutNominal

2022-12-21 00:45:16 - [TEST_STEP][PASSED] - openBrowser(""): Browser is opened with url: ''

2022-12-21 00:45:16 - [MESSAGE][INFO] - Starting 'Chrome' driver

2022-12-21 00:45:16 - [MESSAGE][INFO] - Action delay is set to 0 milliseconds

2022-12-21 00:45:17 - [MESSAGE][PASSED] - Browser is opened with url: ''

2022-12-21 00:45:17 - [TEST_STEP][PASSED] - maximizeWindow(): Current window maximized

2022-12-21 00:45:17 - [MESSAGE][PASSED] - Current window maximized

2022-12-21 00:45:17 - [TEST_STEP][PASSED] - navigateToUrl("https://tes-capstone-website.vercel.app/admin/login"): Navigate to 'https://tes-capstone-website.vercel.app/admin/login' successfully

2022-12-21 00:45:21 - [MESSAGE][PASSED] - Navigate to 'https://tes-capstone-website.vercel.app/admin/login' successfully

2022-12-21 00:45:21 - [TEST_STEP][PASSED] - setText(findTestObject("Auth/Email"), "admin@nyakit.in"): Text 'admin@nyakit.in' is set on object 'Object Repository/Auth/Email'

2022-12-21 00:45:22 - [MESSAGE][PASSED] - Text 'admin@nyakit.in' is set on object 'Object Repository/Auth/Email'

2022-12-21 00:45:22 - [TEST_STEP][PASSED] - setText(findTestObject("Auth/Password"), "@Password123"): Text '@Password123' is set on object 'Object Repository/Auth/Password'

2022-12-21 00:45:23 - [MESSAGE][PASSED] - Text '@Password123' is set on object 'Object Repository/Auth/Password'

2022-12-21 00:45:23 - [TEST_STEP][PASSED] - click(findTestObject("Auth/LoginButton")): Object: 'Object Repository/Auth/LoginButton' is clicked on

2022-12-21 00:45:24 - [MESSAGE][PASSED] - Object: 'Object Repository/Auth/LoginButton' is clicked on

2022-12-21 00:45:24 - [TEST_STEP][PASSED] - click(findTestObject("ManageProduct/Product")): Object: 'Object Repository/ManageProduct/Product' is clicked on

2022-12-21 00:45:27 - [MESSAGE][PASSED] - Object: 'Object Repository/ManageProduct/Product' is clicked on

2022-12-21 00:45:27 - [TEST_STEP][PASSED] - click(findTestObject("ManageProduct/Bills")): Object: 'Object Repository/ManageProduct/Bills' is clicked on

2022-12-21 00:45:28 - [MESSAGE][PASSED] - Object: 'Object Repository/ManageProduct/Bills' is clicked on

2022-12-21 00:45:28 - [TEST_STEP][PASSED] - click(findTestObject("Daily/TambahProduk")): Object: 'Object Repository/Daily/TambahProduk' is clicked on

2022-12-21 00:45:29 - [MESSAGE][PASSED] - Object: 'Object Repository/Daily/TambahProduk' is clicked on

2022-12-21 00:45:29 - [TEST_STEP][PASSED] - setText(findTestObject("Daily/Gambar"), "Alterra"): Text 'Alterra' is set on object 'Object Repository/Daily/Gambar'

2022-12-21 00:45:30 - [MESSAGE][PASSED] - Text 'Alterra' is set on object 'Object Repository/Daily/Gambar'

2022-12-21 00:45:30 - [TEST_STEP][PASSED] - setText(findTestObject("Daily/KodeProduk"), "01alterra"): Text '01alterra' is set on object 'Object Repository/Daily/KodeProduk'

2022-12-21 00:45:31 - [MESSAGE][PASSED] - Text '01alterra' is set on object 'Object Repository/Daily/KodeProduk'

2022-12-21 00:45:31 - [TEST_STEP][PASSED] - setText(findTestObject("Daily/Deskripsi"), "Bootcamp QE"): Text 'Bootcamp QE' is set on object 'Object Repository/Daily/Deskripsi'

2022-12-21 00:45:32 - [MESSAGE][PASSED] - Text 'Bootcamp QE' is set on object 'Object Repository/Daily/Deskripsi'

2022-12-21 00:45:32 - [TEST_STEP][PASSED] - selectOptionByValue(findTestObject("Daily/PilihDisini"), "Pendidikan", true): All options with value 'Pendidikan' are selected in object 'Object Repository/Daily/PilihDisini'  using regular expression

2022-12-21 00:45:33 - [MESSAGE][PASSED] - All options with value 'Pendidikan' are selected in object 'Object Repository/Daily/PilihDisini'  using regular expression

2022-12-21 00:45:33 - [TEST_STEP][PASSED] - setText(findTestObject("Daily/Harga"), "1000000"): Text '1000000' is set on object 'Object Repository/Daily/Harga'

2022-12-21 00:45:34 - [MESSAGE][PASSED] - Text '1000000' is set on object 'Object Repository/Daily/Harga'

2022-12-21 00:45:34 - [TEST_STEP][PASSED] - click(findTestObject("Daily/Simpan")): Object: 'Object Repository/Daily/Simpan' is clicked on

2022-12-21 00:45:35 - [MESSAGE][PASSED] - Object: 'Object Repository/Daily/Simpan' is clicked on

2022-12-21 00:45:35 - [TEST_STEP][PASSED] - closeBrowser(): Browser is closed

2022-12-21 00:45:36 - [MESSAGE][PASSED] - Browser is closed]]></system-out>
         <system-err><![CDATA[]]></system-err>
      </testcase>
      <testcase name="Test Cases/BD019_BillsWithoutKategori" time="94.86" classname="Test Cases/BD019_BillsWithoutKategori" status="PASSED">
         <system-out><![CDATA[2022-12-21 00:45:36 - [TEST_CASE][PASSED] - Test Cases/BD019_BillsWithoutKategori: Test Cases/BD019_BillsWithoutKategori

2022-12-21 00:45:36 - [TEST_STEP][PASSED] - openBrowser(""): Browser is opened with url: ''

2022-12-21 00:45:36 - [MESSAGE][INFO] - Starting 'Chrome' driver

2022-12-21 00:45:36 - [MESSAGE][INFO] - Action delay is set to 0 milliseconds

2022-12-21 00:45:37 - [MESSAGE][PASSED] - Browser is opened with url: ''

2022-12-21 00:45:37 - [TEST_STEP][PASSED] - maximizeWindow(): Current window maximized

2022-12-21 00:45:37 - [MESSAGE][PASSED] - Current window maximized

2022-12-21 00:45:37 - [TEST_STEP][PASSED] - navigateToUrl("https://tes-capstone-website.vercel.app/admin/login"): Navigate to 'https://tes-capstone-website.vercel.app/admin/login' successfully

2022-12-21 00:46:56 - [MESSAGE][PASSED] - Navigate to 'https://tes-capstone-website.vercel.app/admin/login' successfully

2022-12-21 00:46:56 - [TEST_STEP][PASSED] - setText(findTestObject("Auth/Email"), "admin@nyakit.in"): Text 'admin@nyakit.in' is set on object 'Object Repository/Auth/Email'

2022-12-21 00:46:57 - [MESSAGE][PASSED] - Text 'admin@nyakit.in' is set on object 'Object Repository/Auth/Email'

2022-12-21 00:46:57 - [TEST_STEP][PASSED] - setText(findTestObject("Auth/Password"), "@Password123"): Text '@Password123' is set on object 'Object Repository/Auth/Password'

2022-12-21 00:46:58 - [MESSAGE][PASSED] - Text '@Password123' is set on object 'Object Repository/Auth/Password'

2022-12-21 00:46:58 - [TEST_STEP][PASSED] - click(findTestObject("Auth/LoginButton")): Object: 'Object Repository/Auth/LoginButton' is clicked on

2022-12-21 00:46:58 - [MESSAGE][PASSED] - Object: 'Object Repository/Auth/LoginButton' is clicked on

2022-12-21 00:46:58 - [TEST_STEP][PASSED] - click(findTestObject("ManageProduct/Product")): Object: 'Object Repository/ManageProduct/Product' is clicked on

2022-12-21 00:47:02 - [MESSAGE][PASSED] - Object: 'Object Repository/ManageProduct/Product' is clicked on

2022-12-21 00:47:02 - [TEST_STEP][PASSED] - click(findTestObject("ManageProduct/Bills")): Object: 'Object Repository/ManageProduct/Bills' is clicked on

2022-12-21 00:47:02 - [MESSAGE][PASSED] - Object: 'Object Repository/ManageProduct/Bills' is clicked on

2022-12-21 00:47:02 - [TEST_STEP][PASSED] - click(findTestObject("Daily/TambahProduk")): Object: 'Object Repository/Daily/TambahProduk' is clicked on

2022-12-21 00:47:04 - [MESSAGE][PASSED] - Object: 'Object Repository/Daily/TambahProduk' is clicked on

2022-12-21 00:47:04 - [TEST_STEP][PASSED] - setText(findTestObject("Daily/Gambar"), "Alterra"): Text 'Alterra' is set on object 'Object Repository/Daily/Gambar'

2022-12-21 00:47:05 - [MESSAGE][PASSED] - Text 'Alterra' is set on object 'Object Repository/Daily/Gambar'

2022-12-21 00:47:05 - [TEST_STEP][PASSED] - setText(findTestObject("Daily/KodeProduk"), "01alterra"): Text '01alterra' is set on object 'Object Repository/Daily/KodeProduk'

2022-12-21 00:47:06 - [MESSAGE][PASSED] - Text '01alterra' is set on object 'Object Repository/Daily/KodeProduk'

2022-12-21 00:47:06 - [TEST_STEP][PASSED] - setText(findTestObject("Daily/Deskripsi"), "Bootcamp QE"): Text 'Bootcamp QE' is set on object 'Object Repository/Daily/Deskripsi'

2022-12-21 00:47:07 - [MESSAGE][PASSED] - Text 'Bootcamp QE' is set on object 'Object Repository/Daily/Deskripsi'

2022-12-21 00:47:07 - [TEST_STEP][PASSED] - setText(findTestObject("Daily/Nominal"), "1000000"): Text '1000000' is set on object 'Object Repository/Daily/Nominal'

2022-12-21 00:47:08 - [MESSAGE][PASSED] - Text '1000000' is set on object 'Object Repository/Daily/Nominal'

2022-12-21 00:47:08 - [TEST_STEP][PASSED] - setText(findTestObject("Daily/Harga"), "1000000"): Text '1000000' is set on object 'Object Repository/Daily/Harga'

2022-12-21 00:47:09 - [MESSAGE][PASSED] - Text '1000000' is set on object 'Object Repository/Daily/Harga'

2022-12-21 00:47:09 - [TEST_STEP][PASSED] - click(findTestObject("Daily/Simpan")): Object: 'Object Repository/Daily/Simpan' is clicked on

2022-12-21 00:47:10 - [MESSAGE][PASSED] - Object: 'Object Repository/Daily/Simpan' is clicked on

2022-12-21 00:47:10 - [TEST_STEP][PASSED] - closeBrowser(): Browser is closed

2022-12-21 00:47:10 - [MESSAGE][PASSED] - Browser is closed]]></system-out>
         <system-err><![CDATA[]]></system-err>
      </testcase>
      <testcase name="Test Cases/BD020_BillsWihoutHarga" time="20.229" classname="Test Cases/BD020_BillsWihoutHarga" status="PASSED">
         <system-out><![CDATA[2022-12-21 00:47:10 - [TEST_CASE][PASSED] - Test Cases/BD020_BillsWihoutHarga: Test Cases/BD020_BillsWihoutHarga

2022-12-21 00:47:11 - [TEST_STEP][PASSED] - openBrowser(""): Browser is opened with url: ''

2022-12-21 00:47:11 - [MESSAGE][INFO] - Starting 'Chrome' driver

2022-12-21 00:47:11 - [MESSAGE][INFO] - Action delay is set to 0 milliseconds

2022-12-21 00:47:12 - [MESSAGE][PASSED] - Browser is opened with url: ''

2022-12-21 00:47:12 - [TEST_STEP][PASSED] - maximizeWindow(): Current window maximized

2022-12-21 00:47:12 - [MESSAGE][PASSED] - Current window maximized

2022-12-21 00:47:12 - [TEST_STEP][PASSED] - navigateToUrl("https://tes-capstone-website.vercel.app/admin/login"): Navigate to 'https://tes-capstone-website.vercel.app/admin/login' successfully

2022-12-21 00:47:17 - [MESSAGE][PASSED] - Navigate to 'https://tes-capstone-website.vercel.app/admin/login' successfully

2022-12-21 00:47:17 - [TEST_STEP][PASSED] - setText(findTestObject("Auth/Email"), "admin@nyakit.in"): Text 'admin@nyakit.in' is set on object 'Object Repository/Auth/Email'

2022-12-21 00:47:18 - [MESSAGE][PASSED] - Text 'admin@nyakit.in' is set on object 'Object Repository/Auth/Email'

2022-12-21 00:47:18 - [TEST_STEP][PASSED] - setText(findTestObject("Auth/Password"), "@Password123"): Text '@Password123' is set on object 'Object Repository/Auth/Password'

2022-12-21 00:47:19 - [MESSAGE][PASSED] - Text '@Password123' is set on object 'Object Repository/Auth/Password'

2022-12-21 00:47:19 - [TEST_STEP][PASSED] - click(findTestObject("Auth/LoginButton")): Object: 'Object Repository/Auth/LoginButton' is clicked on

2022-12-21 00:47:19 - [MESSAGE][PASSED] - Object: 'Object Repository/Auth/LoginButton' is clicked on

2022-12-21 00:47:19 - [TEST_STEP][PASSED] - click(findTestObject("ManageProduct/Product")): Object: 'Object Repository/ManageProduct/Product' is clicked on

2022-12-21 00:47:22 - [MESSAGE][PASSED] - Object: 'Object Repository/ManageProduct/Product' is clicked on

2022-12-21 00:47:22 - [TEST_STEP][PASSED] - click(findTestObject("ManageProduct/Bills")): Object: 'Object Repository/ManageProduct/Bills' is clicked on

2022-12-21 00:47:23 - [MESSAGE][PASSED] - Object: 'Object Repository/ManageProduct/Bills' is clicked on

2022-12-21 00:47:23 - [TEST_STEP][PASSED] - click(findTestObject("Daily/TambahProduk")): Object: 'Object Repository/Daily/TambahProduk' is clicked on

2022-12-21 00:47:24 - [MESSAGE][PASSED] - Object: 'Object Repository/Daily/TambahProduk' is clicked on

2022-12-21 00:47:24 - [TEST_STEP][PASSED] - setText(findTestObject("Daily/Gambar"), "Alterra"): Text 'Alterra' is set on object 'Object Repository/Daily/Gambar'

2022-12-21 00:47:25 - [MESSAGE][PASSED] - Text 'Alterra' is set on object 'Object Repository/Daily/Gambar'

2022-12-21 00:47:25 - [TEST_STEP][PASSED] - setText(findTestObject("Daily/KodeProduk"), "01alterra"): Text '01alterra' is set on object 'Object Repository/Daily/KodeProduk'

2022-12-21 00:47:26 - [MESSAGE][PASSED] - Text '01alterra' is set on object 'Object Repository/Daily/KodeProduk'

2022-12-21 00:47:26 - [TEST_STEP][PASSED] - setText(findTestObject("Daily/Deskripsi"), "Bootcamp QE"): Text 'Bootcamp QE' is set on object 'Object Repository/Daily/Deskripsi'

2022-12-21 00:47:27 - [MESSAGE][PASSED] - Text 'Bootcamp QE' is set on object 'Object Repository/Daily/Deskripsi'

2022-12-21 00:47:27 - [TEST_STEP][PASSED] - setText(findTestObject("Daily/Nominal"), "1000000"): Text '1000000' is set on object 'Object Repository/Daily/Nominal'

2022-12-21 00:47:28 - [MESSAGE][PASSED] - Text '1000000' is set on object 'Object Repository/Daily/Nominal'

2022-12-21 00:47:28 - [TEST_STEP][PASSED] - selectOptionByValue(findTestObject("Daily/PilihDisini"), "Pendidikan", true): All options with value 'Pendidikan' are selected in object 'Object Repository/Daily/PilihDisini'  using regular expression

2022-12-21 00:47:29 - [MESSAGE][PASSED] - All options with value 'Pendidikan' are selected in object 'Object Repository/Daily/PilihDisini'  using regular expression

2022-12-21 00:47:29 - [TEST_STEP][PASSED] - click(findTestObject("Daily/Simpan")): Object: 'Object Repository/Daily/Simpan' is clicked on

2022-12-21 00:47:30 - [MESSAGE][PASSED] - Object: 'Object Repository/Daily/Simpan' is clicked on

2022-12-21 00:47:30 - [TEST_STEP][PASSED] - closeBrowser(): Browser is closed

2022-12-21 00:47:31 - [MESSAGE][PASSED] - Browser is closed]]></system-out>
         <system-err><![CDATA[]]></system-err>
      </testcase>
      <testcase name="Test Cases/BD021_SearchBills" time="14.476" classname="Test Cases/BD021_SearchBills" status="PASSED">
         <system-out><![CDATA[2022-12-21 00:47:31 - [TEST_CASE][PASSED] - Test Cases/BD021_SearchBills: Test Cases/BD021_SearchBills

2022-12-21 00:47:31 - [TEST_STEP][PASSED] - openBrowser(""): Browser is opened with url: ''

2022-12-21 00:47:31 - [MESSAGE][INFO] - Starting 'Chrome' driver

2022-12-21 00:47:31 - [MESSAGE][INFO] - Action delay is set to 0 milliseconds

2022-12-21 00:47:32 - [MESSAGE][PASSED] - Browser is opened with url: ''

2022-12-21 00:47:32 - [TEST_STEP][PASSED] - maximizeWindow(): Current window maximized

2022-12-21 00:47:32 - [MESSAGE][PASSED] - Current window maximized

2022-12-21 00:47:32 - [TEST_STEP][PASSED] - navigateToUrl("https://tes-capstone-website.vercel.app/admin/login"): Navigate to 'https://tes-capstone-website.vercel.app/admin/login' successfully

2022-12-21 00:47:37 - [MESSAGE][PASSED] - Navigate to 'https://tes-capstone-website.vercel.app/admin/login' successfully

2022-12-21 00:47:37 - [TEST_STEP][PASSED] - setText(findTestObject("Auth/Email"), "admin@nyakit.in"): Text 'admin@nyakit.in' is set on object 'Object Repository/Auth/Email'

2022-12-21 00:47:38 - [MESSAGE][PASSED] - Text 'admin@nyakit.in' is set on object 'Object Repository/Auth/Email'

2022-12-21 00:47:38 - [TEST_STEP][PASSED] - setText(findTestObject("Auth/Password"), "@Password123"): Text '@Password123' is set on object 'Object Repository/Auth/Password'

2022-12-21 00:47:39 - [MESSAGE][PASSED] - Text '@Password123' is set on object 'Object Repository/Auth/Password'

2022-12-21 00:47:39 - [TEST_STEP][PASSED] - click(findTestObject("Auth/LoginButton")): Object: 'Object Repository/Auth/LoginButton' is clicked on

2022-12-21 00:47:39 - [MESSAGE][PASSED] - Object: 'Object Repository/Auth/LoginButton' is clicked on

2022-12-21 00:47:39 - [TEST_STEP][PASSED] - click(findTestObject("ManageProduct/Product")): Object: 'Object Repository/ManageProduct/Product' is clicked on

2022-12-21 00:47:42 - [MESSAGE][PASSED] - Object: 'Object Repository/ManageProduct/Product' is clicked on

2022-12-21 00:47:42 - [TEST_STEP][PASSED] - click(findTestObject("ManageProduct/Bills")): Object: 'Object Repository/ManageProduct/Bills' is clicked on

2022-12-21 00:47:43 - [MESSAGE][PASSED] - Object: 'Object Repository/ManageProduct/Bills' is clicked on

2022-12-21 00:47:43 - [TEST_STEP][PASSED] - setText(findTestObject("Daily/Search"), "xl"): Text 'xl' is set on object 'Object Repository/Daily/Search'

2022-12-21 00:47:44 - [MESSAGE][PASSED] - Text 'xl' is set on object 'Object Repository/Daily/Search'

2022-12-21 00:47:44 - [TEST_STEP][PASSED] - closeBrowser(): Browser is closed

2022-12-21 00:47:45 - [MESSAGE][PASSED] - Browser is closed]]></system-out>
         <system-err><![CDATA[]]></system-err>
      </testcase>
      <testcase name="Test Cases/BD023_ViewEntertaint" time="12.738" classname="Test Cases/BD023_ViewEntertaint" status="PASSED">
         <system-out><![CDATA[2022-12-21 00:47:45 - [TEST_CASE][PASSED] - Test Cases/BD023_ViewEntertaint: Test Cases/BD023_ViewEntertaint

2022-12-21 00:47:45 - [TEST_STEP][PASSED] - openBrowser(""): Browser is opened with url: ''

2022-12-21 00:47:45 - [MESSAGE][INFO] - Starting 'Chrome' driver

2022-12-21 00:47:45 - [MESSAGE][INFO] - Action delay is set to 0 milliseconds

2022-12-21 00:47:46 - [MESSAGE][PASSED] - Browser is opened with url: ''

2022-12-21 00:47:46 - [TEST_STEP][PASSED] - maximizeWindow(): Current window maximized

2022-12-21 00:47:47 - [MESSAGE][PASSED] - Current window maximized

2022-12-21 00:47:47 - [TEST_STEP][PASSED] - navigateToUrl("https://tes-capstone-website.vercel.app/admin/login"): Navigate to 'https://tes-capstone-website.vercel.app/admin/login' successfully

2022-12-21 00:47:51 - [MESSAGE][PASSED] - Navigate to 'https://tes-capstone-website.vercel.app/admin/login' successfully

2022-12-21 00:47:51 - [TEST_STEP][PASSED] - setText(findTestObject("Auth/Email"), "admin@nyakit.in"): Text 'admin@nyakit.in' is set on object 'Object Repository/Auth/Email'

2022-12-21 00:47:52 - [MESSAGE][PASSED] - Text 'admin@nyakit.in' is set on object 'Object Repository/Auth/Email'

2022-12-21 00:47:52 - [TEST_STEP][PASSED] - setText(findTestObject("Auth/Password"), "@Password123"): Text '@Password123' is set on object 'Object Repository/Auth/Password'

2022-12-21 00:47:53 - [MESSAGE][PASSED] - Text '@Password123' is set on object 'Object Repository/Auth/Password'

2022-12-21 00:47:53 - [TEST_STEP][PASSED] - click(findTestObject("Auth/LoginButton")): Object: 'Object Repository/Auth/LoginButton' is clicked on

2022-12-21 00:47:53 - [MESSAGE][PASSED] - Object: 'Object Repository/Auth/LoginButton' is clicked on

2022-12-21 00:47:53 - [TEST_STEP][PASSED] - click(findTestObject("ManageProduct/Product")): Object: 'Object Repository/ManageProduct/Product' is clicked on

2022-12-21 00:47:57 - [MESSAGE][PASSED] - Object: 'Object Repository/ManageProduct/Product' is clicked on

2022-12-21 00:47:57 - [TEST_STEP][PASSED] - click(findTestObject("ManageProduct/Entertainment")): Object: 'Object Repository/ManageProduct/Entertainment' is clicked on

2022-12-21 00:47:57 - [MESSAGE][PASSED] - Object: 'Object Repository/ManageProduct/Entertainment' is clicked on

2022-12-21 00:47:57 - [TEST_STEP][PASSED] - closeBrowser(): Browser is closed

2022-12-21 00:47:58 - [MESSAGE][PASSED] - Browser is closed]]></system-out>
         <system-err><![CDATA[]]></system-err>
      </testcase>
      <testcase name="Test Cases/BD025_AddProductEntertaintment" time="20.038" classname="Test Cases/BD025_AddProductEntertaintment" status="PASSED">
         <system-out><![CDATA[2022-12-21 00:47:58 - [TEST_CASE][PASSED] - Test Cases/BD025_AddProductEntertaintment: Test Cases/BD025_AddProductEntertaintment

2022-12-21 00:47:58 - [TEST_STEP][PASSED] - openBrowser(""): Browser is opened with url: ''

2022-12-21 00:47:58 - [MESSAGE][INFO] - Starting 'Chrome' driver

2022-12-21 00:47:58 - [MESSAGE][INFO] - Action delay is set to 0 milliseconds

2022-12-21 00:47:59 - [MESSAGE][PASSED] - Browser is opened with url: ''

2022-12-21 00:47:59 - [TEST_STEP][PASSED] - maximizeWindow(): Current window maximized

2022-12-21 00:47:59 - [MESSAGE][PASSED] - Current window maximized

2022-12-21 00:47:59 - [TEST_STEP][PASSED] - navigateToUrl("https://tes-capstone-website.vercel.app/admin/login"): Navigate to 'https://tes-capstone-website.vercel.app/admin/login' successfully

2022-12-21 00:48:03 - [MESSAGE][PASSED] - Navigate to 'https://tes-capstone-website.vercel.app/admin/login' successfully

2022-12-21 00:48:03 - [TEST_STEP][PASSED] - setText(findTestObject("Auth/Email"), "admin@nyakit.in"): Text 'admin@nyakit.in' is set on object 'Object Repository/Auth/Email'

2022-12-21 00:48:04 - [MESSAGE][PASSED] - Text 'admin@nyakit.in' is set on object 'Object Repository/Auth/Email'

2022-12-21 00:48:04 - [TEST_STEP][PASSED] - setText(findTestObject("Auth/Password"), "@Password123"): Text '@Password123' is set on object 'Object Repository/Auth/Password'

2022-12-21 00:48:05 - [MESSAGE][PASSED] - Text '@Password123' is set on object 'Object Repository/Auth/Password'

2022-12-21 00:48:05 - [TEST_STEP][PASSED] - click(findTestObject("Auth/LoginButton")): Object: 'Object Repository/Auth/LoginButton' is clicked on

2022-12-21 00:48:05 - [MESSAGE][PASSED] - Object: 'Object Repository/Auth/LoginButton' is clicked on

2022-12-21 00:48:05 - [TEST_STEP][PASSED] - click(findTestObject("ManageProduct/Product")): Object: 'Object Repository/ManageProduct/Product' is clicked on

2022-12-21 00:48:08 - [MESSAGE][PASSED] - Object: 'Object Repository/ManageProduct/Product' is clicked on

2022-12-21 00:48:08 - [TEST_STEP][PASSED] - click(findTestObject("ManageProduct/Entertainment")): Object: 'Object Repository/ManageProduct/Entertainment' is clicked on

2022-12-21 00:48:09 - [MESSAGE][PASSED] - Object: 'Object Repository/ManageProduct/Entertainment' is clicked on

2022-12-21 00:48:09 - [TEST_STEP][PASSED] - click(findTestObject("Daily/TambahProduk")): Object: 'Object Repository/Daily/TambahProduk' is clicked on

2022-12-21 00:48:10 - [MESSAGE][PASSED] - Object: 'Object Repository/Daily/TambahProduk' is clicked on

2022-12-21 00:48:10 - [TEST_STEP][PASSED] - setText(findTestObject("Daily/Gambar"), "Mobile Legend"): Text 'Mobile Legend' is set on object 'Object Repository/Daily/Gambar'

2022-12-21 00:48:11 - [MESSAGE][PASSED] - Text 'Mobile Legend' is set on object 'Object Repository/Daily/Gambar'

2022-12-21 00:48:11 - [TEST_STEP][PASSED] - setText(findTestObject("Daily/KodeProduk"), "01ml"): Text '01ml' is set on object 'Object Repository/Daily/KodeProduk'

2022-12-21 00:48:12 - [MESSAGE][PASSED] - Text '01ml' is set on object 'Object Repository/Daily/KodeProduk'

2022-12-21 00:48:12 - [TEST_STEP][PASSED] - setText(findTestObject("Daily/Deskripsi"), "Diamond Mobile Legend"): Text 'Diamond Mobile Legend' is set on object 'Object Repository/Daily/Deskripsi'

2022-12-21 00:48:13 - [MESSAGE][PASSED] - Text 'Diamond Mobile Legend' is set on object 'Object Repository/Daily/Deskripsi'

2022-12-21 00:48:13 - [TEST_STEP][PASSED] - setText(findTestObject("Daily/Nominal"), "50000"): Text '50000' is set on object 'Object Repository/Daily/Nominal'

2022-12-21 00:48:14 - [MESSAGE][PASSED] - Text '50000' is set on object 'Object Repository/Daily/Nominal'

2022-12-21 00:48:14 - [TEST_STEP][PASSED] - selectOptionByValue(findTestObject("Daily/PilihDisini"), "Games", true): All options with value 'Games' are selected in object 'Object Repository/Daily/PilihDisini'  using regular expression

2022-12-21 00:48:15 - [MESSAGE][PASSED] - All options with value 'Games' are selected in object 'Object Repository/Daily/PilihDisini'  using regular expression

2022-12-21 00:48:15 - [TEST_STEP][PASSED] - setText(findTestObject("Daily/Harga"), "50500"): Text '50500' is set on object 'Object Repository/Daily/Harga'

2022-12-21 00:48:16 - [MESSAGE][PASSED] - Text '50500' is set on object 'Object Repository/Daily/Harga'

2022-12-21 00:48:16 - [TEST_STEP][PASSED] - click(findTestObject("ManageProduct/SimpanEntertaint")): Object: 'Object Repository/ManageProduct/SimpanEntertaint' is clicked on

2022-12-21 00:48:17 - [MESSAGE][PASSED] - Object: 'Object Repository/ManageProduct/SimpanEntertaint' is clicked on

2022-12-21 00:48:17 - [TEST_STEP][PASSED] - click(findTestObject("Daily/Close")): Object: 'Object Repository/Daily/Close' is clicked on

2022-12-21 00:48:17 - [MESSAGE][PASSED] - Object: 'Object Repository/Daily/Close' is clicked on

2022-12-21 00:48:17 - [TEST_STEP][PASSED] - closeBrowser(): Browser is closed

2022-12-21 00:48:18 - [MESSAGE][PASSED] - Browser is closed]]></system-out>
         <system-err><![CDATA[]]></system-err>
      </testcase>
      <testcase name="Test Cases/BD026_EnterWithoutGambar" time="48.75" classname="Test Cases/BD026_EnterWithoutGambar" status="FAILED">
         <failure type="FAILED" message="Test Cases/BD026_EnterWithoutGambar FAILED.
Reason:
com.kms.katalon.core.exception.StepFailedException: Unable to click on object 'Object Repository/Daily/Simpan'
	at com.kms.katalon.core.webui.keyword.internal.WebUIKeywordMain.stepFailed(WebUIKeywordMain.groovy:64)
	at com.kms.katalon.core.webui.keyword.internal.WebUIKeywordMain.runKeyword(WebUIKeywordMain.groovy:26)
	at com.kms.katalon.core.webui.keyword.builtin.ClickKeyword.click(ClickKeyword.groovy:74)
	at com.kms.katalon.core.webui.keyword.builtin.ClickKeyword.execute(ClickKeyword.groovy:40)
	at com.kms.katalon.core.keyword.internal.KeywordExecutor.executeKeywordForPlatform(KeywordExecutor.groovy:74)
	at com.kms.katalon.core.webui.keyword.WebUiBuiltInKeywords.click(WebUiBuiltInKeywords.groovy:620)
	at com.kms.katalon.core.webui.keyword.WebUiBuiltInKeywords$click$2.call(Unknown Source)
	at BD026_EnterWithoutGambar.run(BD026_EnterWithoutGambar:48)
	at com.kms.katalon.core.main.ScriptEngine.run(ScriptEngine.java:194)
	at com.kms.katalon.core.main.ScriptEngine.runScriptAsRawText(ScriptEngine.java:119)
	at com.kms.katalon.core.main.TestCaseExecutor.runScript(TestCaseExecutor.java:445)
	at com.kms.katalon.core.main.TestCaseExecutor.doExecute(TestCaseExecutor.java:436)
	at com.kms.katalon.core.main.TestCaseExecutor.processExecutionPhase(TestCaseExecutor.java:415)
	at com.kms.katalon.core.main.TestCaseExecutor.accessMainPhase(TestCaseExecutor.java:407)
	at com.kms.katalon.core.main.TestCaseExecutor.execute(TestCaseExecutor.java:284)
	at com.kms.katalon.core.common.CommonExecutor.accessTestCaseMainPhase(CommonExecutor.java:65)
	at com.kms.katalon.core.main.TestSuiteExecutor.accessTestSuiteMainPhase(TestSuiteExecutor.java:144)
	at com.kms.katalon.core.main.TestSuiteExecutor.execute(TestSuiteExecutor.java:106)
	at com.kms.katalon.core.main.TestCaseMain.startTestSuite(TestCaseMain.java:185)
	at com.kms.katalon.core.main.TestCaseMain$startTestSuite$0.call(Unknown Source)
	at TempTestSuite1671557716712.run(TempTestSuite1671557716712.groovy:36)
Caused by: com.kms.katalon.core.webui.exception.WebElementNotFoundException: Web element with id: 'Object Repository/Daily/Simpan' located by '(//button[@type='button'])[20]' not found
	at com.kms.katalon.core.webui.common.WebUiCommonHelper.findWebElement(WebUiCommonHelper.java:1370)
	at com.kms.katalon.core.webui.keyword.internal.WebUIAbstractKeyword.findWebElement(WebUIAbstractKeyword.groovy:27)
	at com.kms.katalon.core.webui.keyword.builtin.ClickKeyword$_click_closure1.doCall(ClickKeyword.groovy:65)
	at com.kms.katalon.core.webui.keyword.builtin.ClickKeyword$_click_closure1.call(ClickKeyword.groovy)
	at com.kms.katalon.core.webui.keyword.internal.WebUIKeywordMain.runKeyword(WebUIKeywordMain.groovy:20)
	... 19 more
"/>
         <system-out><![CDATA[2022-12-21 00:48:18 - [TEST_CASE][FAILED] - Test Cases/BD026_EnterWithoutGambar: Test Cases/BD026_EnterWithoutGambar FAILED.
Reason:
com.kms.katalon.core.exception.StepFailedException: Unable to click on object 'Object Repository/Daily/Simpan'
	at com.kms.katalon.core.webui.keyword.internal.WebUIKeywordMain.stepFailed(WebUIKeywordMain.groovy:64)
	at com.kms.katalon.core.webui.keyword.internal.WebUIKeywordMain.runKeyword(WebUIKeywordMain.groovy:26)
	at com.kms.katalon.core.webui.keyword.builtin.ClickKeyword.click(ClickKeyword.groovy:74)
	at com.kms.katalon.core.webui.keyword.builtin.ClickKeyword.execute(ClickKeyword.groovy:40)
	at com.kms.katalon.core.keyword.internal.KeywordExecutor.executeKeywordForPlatform(KeywordExecutor.groovy:74)
	at com.kms.katalon.core.webui.keyword.WebUiBuiltInKeywords.click(WebUiBuiltInKeywords.groovy:620)
	at com.kms.katalon.core.webui.keyword.WebUiBuiltInKeywords$click$2.call(Unknown Source)
	at BD026_EnterWithoutGambar.run(BD026_EnterWithoutGambar:48)
	at com.kms.katalon.core.main.ScriptEngine.run(ScriptEngine.java:194)
	at com.kms.katalon.core.main.ScriptEngine.runScriptAsRawText(ScriptEngine.java:119)
	at com.kms.katalon.core.main.TestCaseExecutor.runScript(TestCaseExecutor.java:445)
	at com.kms.katalon.core.main.TestCaseExecutor.doExecute(TestCaseExecutor.java:436)
	at com.kms.katalon.core.main.TestCaseExecutor.processExecutionPhase(TestCaseExecutor.java:415)
	at com.kms.katalon.core.main.TestCaseExecutor.accessMainPhase(TestCaseExecutor.java:407)
	at com.kms.katalon.core.main.TestCaseExecutor.execute(TestCaseExecutor.java:284)
	at com.kms.katalon.core.common.CommonExecutor.accessTestCaseMainPhase(CommonExecutor.java:65)
	at com.kms.katalon.core.main.TestSuiteExecutor.accessTestSuiteMainPhase(TestSuiteExecutor.java:144)
	at com.kms.katalon.core.main.TestSuiteExecutor.execute(TestSuiteExecutor.java:106)
	at com.kms.katalon.core.main.TestCaseMain.startTestSuite(TestCaseMain.java:185)
	at com.kms.katalon.core.main.TestCaseMain$startTestSuite$0.call(Unknown Source)
	at TempTestSuite1671557716712.run(TempTestSuite1671557716712.groovy:36)
Caused by: com.kms.katalon.core.webui.exception.WebElementNotFoundException: Web element with id: 'Object Repository/Daily/Simpan' located by '(//button[@type='button'])[20]' not found
	at com.kms.katalon.core.webui.common.WebUiCommonHelper.findWebElement(WebUiCommonHelper.java:1370)
	at com.kms.katalon.core.webui.keyword.internal.WebUIAbstractKeyword.findWebElement(WebUIAbstractKeyword.groovy:27)
	at com.kms.katalon.core.webui.keyword.builtin.ClickKeyword$_click_closure1.doCall(ClickKeyword.groovy:65)
	at com.kms.katalon.core.webui.keyword.builtin.ClickKeyword$_click_closure1.call(ClickKeyword.groovy)
	at com.kms.katalon.core.webui.keyword.internal.WebUIKeywordMain.runKeyword(WebUIKeywordMain.groovy:20)
	... 19 more


2022-12-21 00:48:18 - [TEST_STEP][PASSED] - openBrowser(""): Browser is opened with url: ''

2022-12-21 00:48:18 - [MESSAGE][INFO] - Starting 'Chrome' driver

2022-12-21 00:48:18 - [MESSAGE][INFO] - Action delay is set to 0 milliseconds

2022-12-21 00:48:19 - [MESSAGE][PASSED] - Browser is opened with url: ''

2022-12-21 00:48:19 - [TEST_STEP][PASSED] - maximizeWindow(): Current window maximized

2022-12-21 00:48:19 - [MESSAGE][PASSED] - Current window maximized

2022-12-21 00:48:19 - [TEST_STEP][PASSED] - navigateToUrl("https://tes-capstone-website.vercel.app/admin/login"): Navigate to 'https://tes-capstone-website.vercel.app/admin/login' successfully

2022-12-21 00:48:23 - [MESSAGE][PASSED] - Navigate to 'https://tes-capstone-website.vercel.app/admin/login' successfully

2022-12-21 00:48:23 - [TEST_STEP][PASSED] - setText(findTestObject("Auth/Email"), "admin@nyakit.in"): Text 'admin@nyakit.in' is set on object 'Object Repository/Auth/Email'

2022-12-21 00:48:24 - [MESSAGE][PASSED] - Text 'admin@nyakit.in' is set on object 'Object Repository/Auth/Email'

2022-12-21 00:48:24 - [TEST_STEP][PASSED] - setText(findTestObject("Auth/Password"), "@Password123"): Text '@Password123' is set on object 'Object Repository/Auth/Password'

2022-12-21 00:48:25 - [MESSAGE][PASSED] - Text '@Password123' is set on object 'Object Repository/Auth/Password'

2022-12-21 00:48:25 - [TEST_STEP][PASSED] - click(findTestObject("Auth/LoginButton")): Object: 'Object Repository/Auth/LoginButton' is clicked on

2022-12-21 00:48:25 - [MESSAGE][PASSED] - Object: 'Object Repository/Auth/LoginButton' is clicked on

2022-12-21 00:48:25 - [TEST_STEP][PASSED] - click(findTestObject("ManageProduct/Product")): Object: 'Object Repository/ManageProduct/Product' is clicked on

2022-12-21 00:48:28 - [MESSAGE][PASSED] - Object: 'Object Repository/ManageProduct/Product' is clicked on

2022-12-21 00:48:28 - [TEST_STEP][PASSED] - click(findTestObject("ManageProduct/Entertainment")): Object: 'Object Repository/ManageProduct/Entertainment' is clicked on

2022-12-21 00:48:29 - [MESSAGE][PASSED] - Object: 'Object Repository/ManageProduct/Entertainment' is clicked on

2022-12-21 00:48:29 - [TEST_STEP][PASSED] - click(findTestObject("Daily/TambahProduk")): Object: 'Object Repository/Daily/TambahProduk' is clicked on

2022-12-21 00:48:30 - [MESSAGE][PASSED] - Object: 'Object Repository/Daily/TambahProduk' is clicked on

2022-12-21 00:48:30 - [TEST_STEP][PASSED] - setText(findTestObject("Daily/KodeProduk"), "01ml"): Text '01ml' is set on object 'Object Repository/Daily/KodeProduk'

2022-12-21 00:48:31 - [MESSAGE][PASSED] - Text '01ml' is set on object 'Object Repository/Daily/KodeProduk'

2022-12-21 00:48:31 - [TEST_STEP][PASSED] - setText(findTestObject("Daily/Deskripsi"), "Diamond Mobile Legend"): Text 'Diamond Mobile Legend' is set on object 'Object Repository/Daily/Deskripsi'

2022-12-21 00:48:32 - [MESSAGE][PASSED] - Text 'Diamond Mobile Legend' is set on object 'Object Repository/Daily/Deskripsi'

2022-12-21 00:48:32 - [TEST_STEP][PASSED] - setText(findTestObject("Daily/Nominal"), "50000"): Text '50000' is set on object 'Object Repository/Daily/Nominal'

2022-12-21 00:48:33 - [MESSAGE][PASSED] - Text '50000' is set on object 'Object Repository/Daily/Nominal'

2022-12-21 00:48:33 - [TEST_STEP][PASSED] - selectOptionByValue(findTestObject("Daily/PilihDisini"), "Games", true): All options with value 'Games' are selected in object 'Object Repository/Daily/PilihDisini'  using regular expression

2022-12-21 00:48:34 - [MESSAGE][PASSED] - All options with value 'Games' are selected in object 'Object Repository/Daily/PilihDisini'  using regular expression

2022-12-21 00:48:34 - [TEST_STEP][PASSED] - setText(findTestObject("Daily/Harga"), "50500"): Text '50500' is set on object 'Object Repository/Daily/Harga'

2022-12-21 00:48:35 - [MESSAGE][PASSED] - Text '50500' is set on object 'Object Repository/Daily/Harga'

2022-12-21 00:48:35 - [TEST_STEP][FAILED] - click(findTestObject("Daily/Simpan")): Unable to click on object 'Object Repository/Daily/Simpan' (Root cause: com.kms.katalon.core.exception.StepFailedException: Unable to click on object 'Object Repository/Daily/Simpan'
	at com.kms.katalon.core.webui.keyword.internal.WebUIKeywordMain.stepFailed(WebUIKeywordMain.groovy:64)
	at com.kms.katalon.core.webui.keyword.internal.WebUIKeywordMain.runKeyword(WebUIKeywordMain.groovy:26)
	at com.kms.katalon.core.webui.keyword.builtin.ClickKeyword.click(ClickKeyword.groovy:74)
	at com.kms.katalon.core.webui.keyword.builtin.ClickKeyword.execute(ClickKeyword.groovy:40)
	at com.kms.katalon.core.keyword.internal.KeywordExecutor.executeKeywordForPlatform(KeywordExecutor.groovy:74)
	at com.kms.katalon.core.webui.keyword.WebUiBuiltInKeywords.click(WebUiBuiltInKeywords.groovy:620)
	at com.kms.katalon.core.webui.keyword.WebUiBuiltInKeywords$click$2.call(Unknown Source)
	at BD026_EnterWithoutGambar.run(BD026_EnterWithoutGambar:48)
	at com.kms.katalon.core.main.ScriptEngine.run(ScriptEngine.java:194)
	at com.kms.katalon.core.main.ScriptEngine.runScriptAsRawText(ScriptEngine.java:119)
	at com.kms.katalon.core.main.TestCaseExecutor.runScript(TestCaseExecutor.java:445)
	at com.kms.katalon.core.main.TestCaseExecutor.doExecute(TestCaseExecutor.java:436)
	at com.kms.katalon.core.main.TestCaseExecutor.processExecutionPhase(TestCaseExecutor.java:415)
	at com.kms.katalon.core.main.TestCaseExecutor.accessMainPhase(TestCaseExecutor.java:407)
	at com.kms.katalon.core.main.TestCaseExecutor.execute(TestCaseExecutor.java:284)
	at com.kms.katalon.core.common.CommonExecutor.accessTestCaseMainPhase(CommonExecutor.java:65)
	at com.kms.katalon.core.main.TestSuiteExecutor.accessTestSuiteMainPhase(TestSuiteExecutor.java:144)
	at com.kms.katalon.core.main.TestSuiteExecutor.execute(TestSuiteExecutor.java:106)
	at com.kms.katalon.core.main.TestCaseMain.startTestSuite(TestCaseMain.java:185)
	at com.kms.katalon.core.main.TestCaseMain$startTestSuite$0.call(Unknown Source)
	at TempTestSuite1671557716712.run(TempTestSuite1671557716712.groovy:36)
Caused by: com.kms.katalon.core.webui.exception.WebElementNotFoundException: Web element with id: 'Object Repository/Daily/Simpan' located by '(//button[@type='button'])[20]' not found
	at com.kms.katalon.core.webui.common.WebUiCommonHelper.findWebElement(WebUiCommonHelper.java:1370)
	at com.kms.katalon.core.webui.keyword.internal.WebUIAbstractKeyword.findWebElement(WebUIAbstractKeyword.groovy:27)
	at com.kms.katalon.core.webui.keyword.builtin.ClickKeyword$_click_closure1.doCall(ClickKeyword.groovy:65)
	at com.kms.katalon.core.webui.keyword.builtin.ClickKeyword$_click_closure1.call(ClickKeyword.groovy)
	at com.kms.katalon.core.webui.keyword.internal.WebUIKeywordMain.runKeyword(WebUIKeywordMain.groovy:20)
	at com.kms.katalon.core.webui.keyword.builtin.ClickKeyword.click(ClickKeyword.groovy:74)
	at com.kms.katalon.core.webui.keyword.builtin.ClickKeyword.execute(ClickKeyword.groovy:40)
	at com.kms.katalon.core.keyword.internal.KeywordExecutor.executeKeywordForPlatform(KeywordExecutor.groovy:74)
	at com.kms.katalon.core.webui.keyword.WebUiBuiltInKeywords.click(WebUiBuiltInKeywords.groovy:620)
	at com.kms.katalon.core.webui.keyword.WebUiBuiltInKeywords$click$2.call(Unknown Source)
	at Script1671555050158.run(Script1671555050158.groovy:48)
	... 13 more
)

2022-12-21 00:49:06 - [MESSAGE][INFO] - Unable to find the element located by 'By.xpath: (//button[@type='button'])[20]'. Please recheck the objects properties to make sure the desired element is located. 

2022-12-21 00:49:07 - [MESSAGE][FAILED] - Unable to click on object 'Object Repository/Daily/Simpan' (Root cause: com.kms.katalon.core.exception.StepFailedException: Unable to click on object 'Object Repository/Daily/Simpan'
	at com.kms.katalon.core.webui.keyword.internal.WebUIKeywordMain.stepFailed(WebUIKeywordMain.groovy:64)
	at com.kms.katalon.core.webui.keyword.internal.WebUIKeywordMain.runKeyword(WebUIKeywordMain.groovy:26)
	at com.kms.katalon.core.webui.keyword.builtin.ClickKeyword.click(ClickKeyword.groovy:74)
	at com.kms.katalon.core.webui.keyword.builtin.ClickKeyword.execute(ClickKeyword.groovy:40)
	at com.kms.katalon.core.keyword.internal.KeywordExecutor.executeKeywordForPlatform(KeywordExecutor.groovy:74)
	at com.kms.katalon.core.webui.keyword.WebUiBuiltInKeywords.click(WebUiBuiltInKeywords.groovy:620)
	at com.kms.katalon.core.webui.keyword.WebUiBuiltInKeywords$click$2.call(Unknown Source)
	at BD026_EnterWithoutGambar.run(BD026_EnterWithoutGambar:48)
	at com.kms.katalon.core.main.ScriptEngine.run(ScriptEngine.java:194)
	at com.kms.katalon.core.main.ScriptEngine.runScriptAsRawText(ScriptEngine.java:119)
	at com.kms.katalon.core.main.TestCaseExecutor.runScript(TestCaseExecutor.java:445)
	at com.kms.katalon.core.main.TestCaseExecutor.doExecute(TestCaseExecutor.java:436)
	at com.kms.katalon.core.main.TestCaseExecutor.processExecutionPhase(TestCaseExecutor.java:415)
	at com.kms.katalon.core.main.TestCaseExecutor.accessMainPhase(TestCaseExecutor.java:407)
	at com.kms.katalon.core.main.TestCaseExecutor.execute(TestCaseExecutor.java:284)
	at com.kms.katalon.core.common.CommonExecutor.accessTestCaseMainPhase(CommonExecutor.java:65)
	at com.kms.katalon.core.main.TestSuiteExecutor.accessTestSuiteMainPhase(TestSuiteExecutor.java:144)
	at com.kms.katalon.core.main.TestSuiteExecutor.execute(TestSuiteExecutor.java:106)
	at com.kms.katalon.core.main.TestCaseMain.startTestSuite(TestCaseMain.java:185)
	at com.kms.katalon.core.main.TestCaseMain$startTestSuite$0.call(Unknown Source)
	at TempTestSuite1671557716712.run(TempTestSuite1671557716712.groovy:36)
Caused by: com.kms.katalon.core.webui.exception.WebElementNotFoundException: Web element with id: 'Object Repository/Daily/Simpan' located by '(//button[@type='button'])[20]' not found
	at com.kms.katalon.core.webui.common.WebUiCommonHelper.findWebElement(WebUiCommonHelper.java:1370)
	at com.kms.katalon.core.webui.keyword.internal.WebUIAbstractKeyword.findWebElement(WebUIAbstractKeyword.groovy:27)
	at com.kms.katalon.core.webui.keyword.builtin.ClickKeyword$_click_closure1.doCall(ClickKeyword.groovy:65)
	at com.kms.katalon.core.webui.keyword.builtin.ClickKeyword$_click_closure1.call(ClickKeyword.groovy)
	at com.kms.katalon.core.webui.keyword.internal.WebUIKeywordMain.runKeyword(WebUIKeywordMain.groovy:20)
	at com.kms.katalon.core.webui.keyword.builtin.ClickKeyword.click(ClickKeyword.groovy:74)
	at com.kms.katalon.core.webui.keyword.builtin.ClickKeyword.execute(ClickKeyword.groovy:40)
	at com.kms.katalon.core.keyword.internal.KeywordExecutor.executeKeywordForPlatform(KeywordExecutor.groovy:74)
	at com.kms.katalon.core.webui.keyword.WebUiBuiltInKeywords.click(WebUiBuiltInKeywords.groovy:620)
	at com.kms.katalon.core.webui.keyword.WebUiBuiltInKeywords$click$2.call(Unknown Source)
	at Script1671555050158.run(Script1671555050158.groovy:48)
	... 13 more
)
[[ATTACHMENT|C:\\Users\\User\\git\\QE_Web\\Reports\\20221221_003516\\RegressionWeb\\20221221_003516\\1671558546949.png]]]]></system-out>
         <system-err><![CDATA[2022-12-21 00:48:18 - [TEST_CASE][FAILED] - Test Cases/BD026_EnterWithoutGambar: Test Cases/BD026_EnterWithoutGambar FAILED.
Reason:
com.kms.katalon.core.exception.StepFailedException: Unable to click on object 'Object Repository/Daily/Simpan'
	at com.kms.katalon.core.webui.keyword.internal.WebUIKeywordMain.stepFailed(WebUIKeywordMain.groovy:64)
	at com.kms.katalon.core.webui.keyword.internal.WebUIKeywordMain.runKeyword(WebUIKeywordMain.groovy:26)
	at com.kms.katalon.core.webui.keyword.builtin.ClickKeyword.click(ClickKeyword.groovy:74)
	at com.kms.katalon.core.webui.keyword.builtin.ClickKeyword.execute(ClickKeyword.groovy:40)
	at com.kms.katalon.core.keyword.internal.KeywordExecutor.executeKeywordForPlatform(KeywordExecutor.groovy:74)
	at com.kms.katalon.core.webui.keyword.WebUiBuiltInKeywords.click(WebUiBuiltInKeywords.groovy:620)
	at com.kms.katalon.core.webui.keyword.WebUiBuiltInKeywords$click$2.call(Unknown Source)
	at BD026_EnterWithoutGambar.run(BD026_EnterWithoutGambar:48)
	at com.kms.katalon.core.main.ScriptEngine.run(ScriptEngine.java:194)
	at com.kms.katalon.core.main.ScriptEngine.runScriptAsRawText(ScriptEngine.java:119)
	at com.kms.katalon.core.main.TestCaseExecutor.runScript(TestCaseExecutor.java:445)
	at com.kms.katalon.core.main.TestCaseExecutor.doExecute(TestCaseExecutor.java:436)
	at com.kms.katalon.core.main.TestCaseExecutor.processExecutionPhase(TestCaseExecutor.java:415)
	at com.kms.katalon.core.main.TestCaseExecutor.accessMainPhase(TestCaseExecutor.java:407)
	at com.kms.katalon.core.main.TestCaseExecutor.execute(TestCaseExecutor.java:284)
	at com.kms.katalon.core.common.CommonExecutor.accessTestCaseMainPhase(CommonExecutor.java:65)
	at com.kms.katalon.core.main.TestSuiteExecutor.accessTestSuiteMainPhase(TestSuiteExecutor.java:144)
	at com.kms.katalon.core.main.TestSuiteExecutor.execute(TestSuiteExecutor.java:106)
	at com.kms.katalon.core.main.TestCaseMain.startTestSuite(TestCaseMain.java:185)
	at com.kms.katalon.core.main.TestCaseMain$startTestSuite$0.call(Unknown Source)
	at TempTestSuite1671557716712.run(TempTestSuite1671557716712.groovy:36)
Caused by: com.kms.katalon.core.webui.exception.WebElementNotFoundException: Web element with id: 'Object Repository/Daily/Simpan' located by '(//button[@type='button'])[20]' not found
	at com.kms.katalon.core.webui.common.WebUiCommonHelper.findWebElement(WebUiCommonHelper.java:1370)
	at com.kms.katalon.core.webui.keyword.internal.WebUIAbstractKeyword.findWebElement(WebUIAbstractKeyword.groovy:27)
	at com.kms.katalon.core.webui.keyword.builtin.ClickKeyword$_click_closure1.doCall(ClickKeyword.groovy:65)
	at com.kms.katalon.core.webui.keyword.builtin.ClickKeyword$_click_closure1.call(ClickKeyword.groovy)
	at com.kms.katalon.core.webui.keyword.internal.WebUIKeywordMain.runKeyword(WebUIKeywordMain.groovy:20)
	... 19 more]]></system-err>
      </testcase>
      <testcase name="Test Cases/BD027_EnterWihoutKodeProduk" time="49.436" classname="Test Cases/BD027_EnterWihoutKodeProduk" status="FAILED">
         <failure type="FAILED" message="Test Cases/BD027_EnterWihoutKodeProduk FAILED.
Reason:
com.kms.katalon.core.exception.StepFailedException: Unable to click on object 'Object Repository/Daily/Simpan'
	at com.kms.katalon.core.webui.keyword.internal.WebUIKeywordMain.stepFailed(WebUIKeywordMain.groovy:64)
	at com.kms.katalon.core.webui.keyword.internal.WebUIKeywordMain.runKeyword(WebUIKeywordMain.groovy:26)
	at com.kms.katalon.core.webui.keyword.builtin.ClickKeyword.click(ClickKeyword.groovy:74)
	at com.kms.katalon.core.webui.keyword.builtin.ClickKeyword.execute(ClickKeyword.groovy:40)
	at com.kms.katalon.core.keyword.internal.KeywordExecutor.executeKeywordForPlatform(KeywordExecutor.groovy:74)
	at com.kms.katalon.core.webui.keyword.WebUiBuiltInKeywords.click(WebUiBuiltInKeywords.groovy:620)
	at com.kms.katalon.core.webui.keyword.WebUiBuiltInKeywords$click$2.call(Unknown Source)
	at BD027_EnterWihoutKodeProduk.run(BD027_EnterWihoutKodeProduk:48)
	at com.kms.katalon.core.main.ScriptEngine.run(ScriptEngine.java:194)
	at com.kms.katalon.core.main.ScriptEngine.runScriptAsRawText(ScriptEngine.java:119)
	at com.kms.katalon.core.main.TestCaseExecutor.runScript(TestCaseExecutor.java:445)
	at com.kms.katalon.core.main.TestCaseExecutor.doExecute(TestCaseExecutor.java:436)
	at com.kms.katalon.core.main.TestCaseExecutor.processExecutionPhase(TestCaseExecutor.java:415)
	at com.kms.katalon.core.main.TestCaseExecutor.accessMainPhase(TestCaseExecutor.java:407)
	at com.kms.katalon.core.main.TestCaseExecutor.execute(TestCaseExecutor.java:284)
	at com.kms.katalon.core.common.CommonExecutor.accessTestCaseMainPhase(CommonExecutor.java:65)
	at com.kms.katalon.core.main.TestSuiteExecutor.accessTestSuiteMainPhase(TestSuiteExecutor.java:144)
	at com.kms.katalon.core.main.TestSuiteExecutor.execute(TestSuiteExecutor.java:106)
	at com.kms.katalon.core.main.TestCaseMain.startTestSuite(TestCaseMain.java:185)
	at com.kms.katalon.core.main.TestCaseMain$startTestSuite$0.call(Unknown Source)
	at TempTestSuite1671557716712.run(TempTestSuite1671557716712.groovy:36)
Caused by: com.kms.katalon.core.webui.exception.WebElementNotFoundException: Web element with id: 'Object Repository/Daily/Simpan' located by '(//button[@type='button'])[20]' not found
	at com.kms.katalon.core.webui.common.WebUiCommonHelper.findWebElement(WebUiCommonHelper.java:1370)
	at com.kms.katalon.core.webui.keyword.internal.WebUIAbstractKeyword.findWebElement(WebUIAbstractKeyword.groovy:27)
	at com.kms.katalon.core.webui.keyword.builtin.ClickKeyword$_click_closure1.doCall(ClickKeyword.groovy:65)
	at com.kms.katalon.core.webui.keyword.builtin.ClickKeyword$_click_closure1.call(ClickKeyword.groovy)
	at com.kms.katalon.core.webui.keyword.internal.WebUIKeywordMain.runKeyword(WebUIKeywordMain.groovy:20)
	... 19 more
"/>
         <system-out><![CDATA[2022-12-21 00:49:07 - [TEST_CASE][FAILED] - Test Cases/BD027_EnterWihoutKodeProduk: Test Cases/BD027_EnterWihoutKodeProduk FAILED.
Reason:
com.kms.katalon.core.exception.StepFailedException: Unable to click on object 'Object Repository/Daily/Simpan'
	at com.kms.katalon.core.webui.keyword.internal.WebUIKeywordMain.stepFailed(WebUIKeywordMain.groovy:64)
	at com.kms.katalon.core.webui.keyword.internal.WebUIKeywordMain.runKeyword(WebUIKeywordMain.groovy:26)
	at com.kms.katalon.core.webui.keyword.builtin.ClickKeyword.click(ClickKeyword.groovy:74)
	at com.kms.katalon.core.webui.keyword.builtin.ClickKeyword.execute(ClickKeyword.groovy:40)
	at com.kms.katalon.core.keyword.internal.KeywordExecutor.executeKeywordForPlatform(KeywordExecutor.groovy:74)
	at com.kms.katalon.core.webui.keyword.WebUiBuiltInKeywords.click(WebUiBuiltInKeywords.groovy:620)
	at com.kms.katalon.core.webui.keyword.WebUiBuiltInKeywords$click$2.call(Unknown Source)
	at BD027_EnterWihoutKodeProduk.run(BD027_EnterWihoutKodeProduk:48)
	at com.kms.katalon.core.main.ScriptEngine.run(ScriptEngine.java:194)
	at com.kms.katalon.core.main.ScriptEngine.runScriptAsRawText(ScriptEngine.java:119)
	at com.kms.katalon.core.main.TestCaseExecutor.runScript(TestCaseExecutor.java:445)
	at com.kms.katalon.core.main.TestCaseExecutor.doExecute(TestCaseExecutor.java:436)
	at com.kms.katalon.core.main.TestCaseExecutor.processExecutionPhase(TestCaseExecutor.java:415)
	at com.kms.katalon.core.main.TestCaseExecutor.accessMainPhase(TestCaseExecutor.java:407)
	at com.kms.katalon.core.main.TestCaseExecutor.execute(TestCaseExecutor.java:284)
	at com.kms.katalon.core.common.CommonExecutor.accessTestCaseMainPhase(CommonExecutor.java:65)
	at com.kms.katalon.core.main.TestSuiteExecutor.accessTestSuiteMainPhase(TestSuiteExecutor.java:144)
	at com.kms.katalon.core.main.TestSuiteExecutor.execute(TestSuiteExecutor.java:106)
	at com.kms.katalon.core.main.TestCaseMain.startTestSuite(TestCaseMain.java:185)
	at com.kms.katalon.core.main.TestCaseMain$startTestSuite$0.call(Unknown Source)
	at TempTestSuite1671557716712.run(TempTestSuite1671557716712.groovy:36)
Caused by: com.kms.katalon.core.webui.exception.WebElementNotFoundException: Web element with id: 'Object Repository/Daily/Simpan' located by '(//button[@type='button'])[20]' not found
	at com.kms.katalon.core.webui.common.WebUiCommonHelper.findWebElement(WebUiCommonHelper.java:1370)
	at com.kms.katalon.core.webui.keyword.internal.WebUIAbstractKeyword.findWebElement(WebUIAbstractKeyword.groovy:27)
	at com.kms.katalon.core.webui.keyword.builtin.ClickKeyword$_click_closure1.doCall(ClickKeyword.groovy:65)
	at com.kms.katalon.core.webui.keyword.builtin.ClickKeyword$_click_closure1.call(ClickKeyword.groovy)
	at com.kms.katalon.core.webui.keyword.internal.WebUIKeywordMain.runKeyword(WebUIKeywordMain.groovy:20)
	... 19 more


2022-12-21 00:49:07 - [TEST_STEP][PASSED] - openBrowser(""): Browser is opened with url: ''

2022-12-21 00:49:07 - [MESSAGE][WARNING] - A browser is already opened. Closing browser and opening a new one

2022-12-21 00:49:08 - [MESSAGE][INFO] - Starting 'Chrome' driver

2022-12-21 00:49:08 - [MESSAGE][INFO] - Action delay is set to 0 milliseconds

2022-12-21 00:49:09 - [MESSAGE][PASSED] - Browser is opened with url: ''

2022-12-21 00:49:09 - [TEST_STEP][PASSED] - maximizeWindow(): Current window maximized

2022-12-21 00:49:09 - [MESSAGE][PASSED] - Current window maximized

2022-12-21 00:49:09 - [TEST_STEP][PASSED] - navigateToUrl("https://tes-capstone-website.vercel.app/admin/login"): Navigate to 'https://tes-capstone-website.vercel.app/admin/login' successfully

2022-12-21 00:49:12 - [MESSAGE][PASSED] - Navigate to 'https://tes-capstone-website.vercel.app/admin/login' successfully

2022-12-21 00:49:12 - [TEST_STEP][PASSED] - setText(findTestObject("Auth/Email"), "admin@nyakit.in"): Text 'admin@nyakit.in' is set on object 'Object Repository/Auth/Email'

2022-12-21 00:49:13 - [MESSAGE][PASSED] - Text 'admin@nyakit.in' is set on object 'Object Repository/Auth/Email'

2022-12-21 00:49:13 - [TEST_STEP][PASSED] - setText(findTestObject("Auth/Password"), "@Password123"): Text '@Password123' is set on object 'Object Repository/Auth/Password'

2022-12-21 00:49:14 - [MESSAGE][PASSED] - Text '@Password123' is set on object 'Object Repository/Auth/Password'

2022-12-21 00:49:14 - [TEST_STEP][PASSED] - click(findTestObject("Auth/LoginButton")): Object: 'Object Repository/Auth/LoginButton' is clicked on

2022-12-21 00:49:15 - [MESSAGE][PASSED] - Object: 'Object Repository/Auth/LoginButton' is clicked on

2022-12-21 00:49:15 - [TEST_STEP][PASSED] - click(findTestObject("ManageProduct/Product")): Object: 'Object Repository/ManageProduct/Product' is clicked on

2022-12-21 00:49:18 - [MESSAGE][PASSED] - Object: 'Object Repository/ManageProduct/Product' is clicked on

2022-12-21 00:49:18 - [TEST_STEP][PASSED] - click(findTestObject("ManageProduct/Entertainment")): Object: 'Object Repository/ManageProduct/Entertainment' is clicked on

2022-12-21 00:49:19 - [MESSAGE][PASSED] - Object: 'Object Repository/ManageProduct/Entertainment' is clicked on

2022-12-21 00:49:19 - [TEST_STEP][PASSED] - click(findTestObject("Daily/TambahProduk")): Object: 'Object Repository/Daily/TambahProduk' is clicked on

2022-12-21 00:49:20 - [MESSAGE][PASSED] - Object: 'Object Repository/Daily/TambahProduk' is clicked on

2022-12-21 00:49:20 - [TEST_STEP][PASSED] - setText(findTestObject("Daily/Gambar"), "Mobile Legend"): Text 'Mobile Legend' is set on object 'Object Repository/Daily/Gambar'

2022-12-21 00:49:21 - [MESSAGE][PASSED] - Text 'Mobile Legend' is set on object 'Object Repository/Daily/Gambar'

2022-12-21 00:49:21 - [TEST_STEP][PASSED] - setText(findTestObject("Daily/Deskripsi"), "Diamond Mobile Legend"): Text 'Diamond Mobile Legend' is set on object 'Object Repository/Daily/Deskripsi'

2022-12-21 00:49:22 - [MESSAGE][PASSED] - Text 'Diamond Mobile Legend' is set on object 'Object Repository/Daily/Deskripsi'

2022-12-21 00:49:22 - [TEST_STEP][PASSED] - setText(findTestObject("Daily/Nominal"), "50000"): Text '50000' is set on object 'Object Repository/Daily/Nominal'

2022-12-21 00:49:23 - [MESSAGE][PASSED] - Text '50000' is set on object 'Object Repository/Daily/Nominal'

2022-12-21 00:49:23 - [TEST_STEP][PASSED] - selectOptionByValue(findTestObject("Daily/PilihDisini"), "Games", true): All options with value 'Games' are selected in object 'Object Repository/Daily/PilihDisini'  using regular expression

2022-12-21 00:49:24 - [MESSAGE][PASSED] - All options with value 'Games' are selected in object 'Object Repository/Daily/PilihDisini'  using regular expression

2022-12-21 00:49:24 - [TEST_STEP][PASSED] - setText(findTestObject("Daily/Harga"), "50500"): Text '50500' is set on object 'Object Repository/Daily/Harga'

2022-12-21 00:49:25 - [MESSAGE][PASSED] - Text '50500' is set on object 'Object Repository/Daily/Harga'

2022-12-21 00:49:25 - [TEST_STEP][FAILED] - click(findTestObject("Daily/Simpan")): Unable to click on object 'Object Repository/Daily/Simpan' (Root cause: com.kms.katalon.core.exception.StepFailedException: Unable to click on object 'Object Repository/Daily/Simpan'
	at com.kms.katalon.core.webui.keyword.internal.WebUIKeywordMain.stepFailed(WebUIKeywordMain.groovy:64)
	at com.kms.katalon.core.webui.keyword.internal.WebUIKeywordMain.runKeyword(WebUIKeywordMain.groovy:26)
	at com.kms.katalon.core.webui.keyword.builtin.ClickKeyword.click(ClickKeyword.groovy:74)
	at com.kms.katalon.core.webui.keyword.builtin.ClickKeyword.execute(ClickKeyword.groovy:40)
	at com.kms.katalon.core.keyword.internal.KeywordExecutor.executeKeywordForPlatform(KeywordExecutor.groovy:74)
	at com.kms.katalon.core.webui.keyword.WebUiBuiltInKeywords.click(WebUiBuiltInKeywords.groovy:620)
	at com.kms.katalon.core.webui.keyword.WebUiBuiltInKeywords$click$2.call(Unknown Source)
	at BD027_EnterWihoutKodeProduk.run(BD027_EnterWihoutKodeProduk:48)
	at com.kms.katalon.core.main.ScriptEngine.run(ScriptEngine.java:194)
	at com.kms.katalon.core.main.ScriptEngine.runScriptAsRawText(ScriptEngine.java:119)
	at com.kms.katalon.core.main.TestCaseExecutor.runScript(TestCaseExecutor.java:445)
	at com.kms.katalon.core.main.TestCaseExecutor.doExecute(TestCaseExecutor.java:436)
	at com.kms.katalon.core.main.TestCaseExecutor.processExecutionPhase(TestCaseExecutor.java:415)
	at com.kms.katalon.core.main.TestCaseExecutor.accessMainPhase(TestCaseExecutor.java:407)
	at com.kms.katalon.core.main.TestCaseExecutor.execute(TestCaseExecutor.java:284)
	at com.kms.katalon.core.common.CommonExecutor.accessTestCaseMainPhase(CommonExecutor.java:65)
	at com.kms.katalon.core.main.TestSuiteExecutor.accessTestSuiteMainPhase(TestSuiteExecutor.java:144)
	at com.kms.katalon.core.main.TestSuiteExecutor.execute(TestSuiteExecutor.java:106)
	at com.kms.katalon.core.main.TestCaseMain.startTestSuite(TestCaseMain.java:185)
	at com.kms.katalon.core.main.TestCaseMain$startTestSuite$0.call(Unknown Source)
	at TempTestSuite1671557716712.run(TempTestSuite1671557716712.groovy:36)
Caused by: com.kms.katalon.core.webui.exception.WebElementNotFoundException: Web element with id: 'Object Repository/Daily/Simpan' located by '(//button[@type='button'])[20]' not found
	at com.kms.katalon.core.webui.common.WebUiCommonHelper.findWebElement(WebUiCommonHelper.java:1370)
	at com.kms.katalon.core.webui.keyword.internal.WebUIAbstractKeyword.findWebElement(WebUIAbstractKeyword.groovy:27)
	at com.kms.katalon.core.webui.keyword.builtin.ClickKeyword$_click_closure1.doCall(ClickKeyword.groovy:65)
	at com.kms.katalon.core.webui.keyword.builtin.ClickKeyword$_click_closure1.call(ClickKeyword.groovy)
	at com.kms.katalon.core.webui.keyword.internal.WebUIKeywordMain.runKeyword(WebUIKeywordMain.groovy:20)
	at com.kms.katalon.core.webui.keyword.builtin.ClickKeyword.click(ClickKeyword.groovy:74)
	at com.kms.katalon.core.webui.keyword.builtin.ClickKeyword.execute(ClickKeyword.groovy:40)
	at com.kms.katalon.core.keyword.internal.KeywordExecutor.executeKeywordForPlatform(KeywordExecutor.groovy:74)
	at com.kms.katalon.core.webui.keyword.WebUiBuiltInKeywords.click(WebUiBuiltInKeywords.groovy:620)
	at com.kms.katalon.core.webui.keyword.WebUiBuiltInKeywords$click$2.call(Unknown Source)
	at Script1671555089376.run(Script1671555089376.groovy:48)
	... 13 more
)

2022-12-21 00:49:56 - [MESSAGE][INFO] - Unable to find the element located by 'By.xpath: (//button[@type='button'])[20]'. Please recheck the objects properties to make sure the desired element is located. 

2022-12-21 00:49:56 - [MESSAGE][FAILED] - Unable to click on object 'Object Repository/Daily/Simpan' (Root cause: com.kms.katalon.core.exception.StepFailedException: Unable to click on object 'Object Repository/Daily/Simpan'
	at com.kms.katalon.core.webui.keyword.internal.WebUIKeywordMain.stepFailed(WebUIKeywordMain.groovy:64)
	at com.kms.katalon.core.webui.keyword.internal.WebUIKeywordMain.runKeyword(WebUIKeywordMain.groovy:26)
	at com.kms.katalon.core.webui.keyword.builtin.ClickKeyword.click(ClickKeyword.groovy:74)
	at com.kms.katalon.core.webui.keyword.builtin.ClickKeyword.execute(ClickKeyword.groovy:40)
	at com.kms.katalon.core.keyword.internal.KeywordExecutor.executeKeywordForPlatform(KeywordExecutor.groovy:74)
	at com.kms.katalon.core.webui.keyword.WebUiBuiltInKeywords.click(WebUiBuiltInKeywords.groovy:620)
	at com.kms.katalon.core.webui.keyword.WebUiBuiltInKeywords$click$2.call(Unknown Source)
	at BD027_EnterWihoutKodeProduk.run(BD027_EnterWihoutKodeProduk:48)
	at com.kms.katalon.core.main.ScriptEngine.run(ScriptEngine.java:194)
	at com.kms.katalon.core.main.ScriptEngine.runScriptAsRawText(ScriptEngine.java:119)
	at com.kms.katalon.core.main.TestCaseExecutor.runScript(TestCaseExecutor.java:445)
	at com.kms.katalon.core.main.TestCaseExecutor.doExecute(TestCaseExecutor.java:436)
	at com.kms.katalon.core.main.TestCaseExecutor.processExecutionPhase(TestCaseExecutor.java:415)
	at com.kms.katalon.core.main.TestCaseExecutor.accessMainPhase(TestCaseExecutor.java:407)
	at com.kms.katalon.core.main.TestCaseExecutor.execute(TestCaseExecutor.java:284)
	at com.kms.katalon.core.common.CommonExecutor.accessTestCaseMainPhase(CommonExecutor.java:65)
	at com.kms.katalon.core.main.TestSuiteExecutor.accessTestSuiteMainPhase(TestSuiteExecutor.java:144)
	at com.kms.katalon.core.main.TestSuiteExecutor.execute(TestSuiteExecutor.java:106)
	at com.kms.katalon.core.main.TestCaseMain.startTestSuite(TestCaseMain.java:185)
	at com.kms.katalon.core.main.TestCaseMain$startTestSuite$0.call(Unknown Source)
	at TempTestSuite1671557716712.run(TempTestSuite1671557716712.groovy:36)
Caused by: com.kms.katalon.core.webui.exception.WebElementNotFoundException: Web element with id: 'Object Repository/Daily/Simpan' located by '(//button[@type='button'])[20]' not found
	at com.kms.katalon.core.webui.common.WebUiCommonHelper.findWebElement(WebUiCommonHelper.java:1370)
	at com.kms.katalon.core.webui.keyword.internal.WebUIAbstractKeyword.findWebElement(WebUIAbstractKeyword.groovy:27)
	at com.kms.katalon.core.webui.keyword.builtin.ClickKeyword$_click_closure1.doCall(ClickKeyword.groovy:65)
	at com.kms.katalon.core.webui.keyword.builtin.ClickKeyword$_click_closure1.call(ClickKeyword.groovy)
	at com.kms.katalon.core.webui.keyword.internal.WebUIKeywordMain.runKeyword(WebUIKeywordMain.groovy:20)
	at com.kms.katalon.core.webui.keyword.builtin.ClickKeyword.click(ClickKeyword.groovy:74)
	at com.kms.katalon.core.webui.keyword.builtin.ClickKeyword.execute(ClickKeyword.groovy:40)
	at com.kms.katalon.core.keyword.internal.KeywordExecutor.executeKeywordForPlatform(KeywordExecutor.groovy:74)
	at com.kms.katalon.core.webui.keyword.WebUiBuiltInKeywords.click(WebUiBuiltInKeywords.groovy:620)
	at com.kms.katalon.core.webui.keyword.WebUiBuiltInKeywords$click$2.call(Unknown Source)
	at Script1671555089376.run(Script1671555089376.groovy:48)
	... 13 more
)
[[ATTACHMENT|C:\\Users\\User\\git\\QE_Web\\Reports\\20221221_003516\\RegressionWeb\\20221221_003516\\1671558596408.png]]]]></system-out>
         <system-err><![CDATA[2022-12-21 00:49:07 - [TEST_CASE][FAILED] - Test Cases/BD027_EnterWihoutKodeProduk: Test Cases/BD027_EnterWihoutKodeProduk FAILED.
Reason:
com.kms.katalon.core.exception.StepFailedException: Unable to click on object 'Object Repository/Daily/Simpan'
	at com.kms.katalon.core.webui.keyword.internal.WebUIKeywordMain.stepFailed(WebUIKeywordMain.groovy:64)
	at com.kms.katalon.core.webui.keyword.internal.WebUIKeywordMain.runKeyword(WebUIKeywordMain.groovy:26)
	at com.kms.katalon.core.webui.keyword.builtin.ClickKeyword.click(ClickKeyword.groovy:74)
	at com.kms.katalon.core.webui.keyword.builtin.ClickKeyword.execute(ClickKeyword.groovy:40)
	at com.kms.katalon.core.keyword.internal.KeywordExecutor.executeKeywordForPlatform(KeywordExecutor.groovy:74)
	at com.kms.katalon.core.webui.keyword.WebUiBuiltInKeywords.click(WebUiBuiltInKeywords.groovy:620)
	at com.kms.katalon.core.webui.keyword.WebUiBuiltInKeywords$click$2.call(Unknown Source)
	at BD027_EnterWihoutKodeProduk.run(BD027_EnterWihoutKodeProduk:48)
	at com.kms.katalon.core.main.ScriptEngine.run(ScriptEngine.java:194)
	at com.kms.katalon.core.main.ScriptEngine.runScriptAsRawText(ScriptEngine.java:119)
	at com.kms.katalon.core.main.TestCaseExecutor.runScript(TestCaseExecutor.java:445)
	at com.kms.katalon.core.main.TestCaseExecutor.doExecute(TestCaseExecutor.java:436)
	at com.kms.katalon.core.main.TestCaseExecutor.processExecutionPhase(TestCaseExecutor.java:415)
	at com.kms.katalon.core.main.TestCaseExecutor.accessMainPhase(TestCaseExecutor.java:407)
	at com.kms.katalon.core.main.TestCaseExecutor.execute(TestCaseExecutor.java:284)
	at com.kms.katalon.core.common.CommonExecutor.accessTestCaseMainPhase(CommonExecutor.java:65)
	at com.kms.katalon.core.main.TestSuiteExecutor.accessTestSuiteMainPhase(TestSuiteExecutor.java:144)
	at com.kms.katalon.core.main.TestSuiteExecutor.execute(TestSuiteExecutor.java:106)
	at com.kms.katalon.core.main.TestCaseMain.startTestSuite(TestCaseMain.java:185)
	at com.kms.katalon.core.main.TestCaseMain$startTestSuite$0.call(Unknown Source)
	at TempTestSuite1671557716712.run(TempTestSuite1671557716712.groovy:36)
Caused by: com.kms.katalon.core.webui.exception.WebElementNotFoundException: Web element with id: 'Object Repository/Daily/Simpan' located by '(//button[@type='button'])[20]' not found
	at com.kms.katalon.core.webui.common.WebUiCommonHelper.findWebElement(WebUiCommonHelper.java:1370)
	at com.kms.katalon.core.webui.keyword.internal.WebUIAbstractKeyword.findWebElement(WebUIAbstractKeyword.groovy:27)
	at com.kms.katalon.core.webui.keyword.builtin.ClickKeyword$_click_closure1.doCall(ClickKeyword.groovy:65)
	at com.kms.katalon.core.webui.keyword.builtin.ClickKeyword$_click_closure1.call(ClickKeyword.groovy)
	at com.kms.katalon.core.webui.keyword.internal.WebUIKeywordMain.runKeyword(WebUIKeywordMain.groovy:20)
	... 19 more]]></system-err>
      </testcase>
      <testcase name="Test Cases/BD028_enterWithoutDeskripsi" time="48.922" classname="Test Cases/BD028_enterWithoutDeskripsi" status="FAILED">
         <failure type="FAILED" message="Test Cases/BD028_enterWithoutDeskripsi FAILED.
Reason:
com.kms.katalon.core.exception.StepFailedException: Unable to click on object 'Object Repository/Daily/Simpan'
	at com.kms.katalon.core.webui.keyword.internal.WebUIKeywordMain.stepFailed(WebUIKeywordMain.groovy:64)
	at com.kms.katalon.core.webui.keyword.internal.WebUIKeywordMain.runKeyword(WebUIKeywordMain.groovy:26)
	at com.kms.katalon.core.webui.keyword.builtin.ClickKeyword.click(ClickKeyword.groovy:74)
	at com.kms.katalon.core.webui.keyword.builtin.ClickKeyword.execute(ClickKeyword.groovy:40)
	at com.kms.katalon.core.keyword.internal.KeywordExecutor.executeKeywordForPlatform(KeywordExecutor.groovy:74)
	at com.kms.katalon.core.webui.keyword.WebUiBuiltInKeywords.click(WebUiBuiltInKeywords.groovy:620)
	at com.kms.katalon.core.webui.keyword.WebUiBuiltInKeywords$click$2.call(Unknown Source)
	at BD028_enterWithoutDeskripsi.run(BD028_enterWithoutDeskripsi:48)
	at com.kms.katalon.core.main.ScriptEngine.run(ScriptEngine.java:194)
	at com.kms.katalon.core.main.ScriptEngine.runScriptAsRawText(ScriptEngine.java:119)
	at com.kms.katalon.core.main.TestCaseExecutor.runScript(TestCaseExecutor.java:445)
	at com.kms.katalon.core.main.TestCaseExecutor.doExecute(TestCaseExecutor.java:436)
	at com.kms.katalon.core.main.TestCaseExecutor.processExecutionPhase(TestCaseExecutor.java:415)
	at com.kms.katalon.core.main.TestCaseExecutor.accessMainPhase(TestCaseExecutor.java:407)
	at com.kms.katalon.core.main.TestCaseExecutor.execute(TestCaseExecutor.java:284)
	at com.kms.katalon.core.common.CommonExecutor.accessTestCaseMainPhase(CommonExecutor.java:65)
	at com.kms.katalon.core.main.TestSuiteExecutor.accessTestSuiteMainPhase(TestSuiteExecutor.java:144)
	at com.kms.katalon.core.main.TestSuiteExecutor.execute(TestSuiteExecutor.java:106)
	at com.kms.katalon.core.main.TestCaseMain.startTestSuite(TestCaseMain.java:185)
	at com.kms.katalon.core.main.TestCaseMain$startTestSuite$0.call(Unknown Source)
	at TempTestSuite1671557716712.run(TempTestSuite1671557716712.groovy:36)
Caused by: com.kms.katalon.core.webui.exception.WebElementNotFoundException: Web element with id: 'Object Repository/Daily/Simpan' located by '(//button[@type='button'])[20]' not found
	at com.kms.katalon.core.webui.common.WebUiCommonHelper.findWebElement(WebUiCommonHelper.java:1370)
	at com.kms.katalon.core.webui.keyword.internal.WebUIAbstractKeyword.findWebElement(WebUIAbstractKeyword.groovy:27)
	at com.kms.katalon.core.webui.keyword.builtin.ClickKeyword$_click_closure1.doCall(ClickKeyword.groovy:65)
	at com.kms.katalon.core.webui.keyword.builtin.ClickKeyword$_click_closure1.call(ClickKeyword.groovy)
	at com.kms.katalon.core.webui.keyword.internal.WebUIKeywordMain.runKeyword(WebUIKeywordMain.groovy:20)
	... 19 more
"/>
         <system-out><![CDATA[2022-12-21 00:49:56 - [TEST_CASE][FAILED] - Test Cases/BD028_enterWithoutDeskripsi: Test Cases/BD028_enterWithoutDeskripsi FAILED.
Reason:
com.kms.katalon.core.exception.StepFailedException: Unable to click on object 'Object Repository/Daily/Simpan'
	at com.kms.katalon.core.webui.keyword.internal.WebUIKeywordMain.stepFailed(WebUIKeywordMain.groovy:64)
	at com.kms.katalon.core.webui.keyword.internal.WebUIKeywordMain.runKeyword(WebUIKeywordMain.groovy:26)
	at com.kms.katalon.core.webui.keyword.builtin.ClickKeyword.click(ClickKeyword.groovy:74)
	at com.kms.katalon.core.webui.keyword.builtin.ClickKeyword.execute(ClickKeyword.groovy:40)
	at com.kms.katalon.core.keyword.internal.KeywordExecutor.executeKeywordForPlatform(KeywordExecutor.groovy:74)
	at com.kms.katalon.core.webui.keyword.WebUiBuiltInKeywords.click(WebUiBuiltInKeywords.groovy:620)
	at com.kms.katalon.core.webui.keyword.WebUiBuiltInKeywords$click$2.call(Unknown Source)
	at BD028_enterWithoutDeskripsi.run(BD028_enterWithoutDeskripsi:48)
	at com.kms.katalon.core.main.ScriptEngine.run(ScriptEngine.java:194)
	at com.kms.katalon.core.main.ScriptEngine.runScriptAsRawText(ScriptEngine.java:119)
	at com.kms.katalon.core.main.TestCaseExecutor.runScript(TestCaseExecutor.java:445)
	at com.kms.katalon.core.main.TestCaseExecutor.doExecute(TestCaseExecutor.java:436)
	at com.kms.katalon.core.main.TestCaseExecutor.processExecutionPhase(TestCaseExecutor.java:415)
	at com.kms.katalon.core.main.TestCaseExecutor.accessMainPhase(TestCaseExecutor.java:407)
	at com.kms.katalon.core.main.TestCaseExecutor.execute(TestCaseExecutor.java:284)
	at com.kms.katalon.core.common.CommonExecutor.accessTestCaseMainPhase(CommonExecutor.java:65)
	at com.kms.katalon.core.main.TestSuiteExecutor.accessTestSuiteMainPhase(TestSuiteExecutor.java:144)
	at com.kms.katalon.core.main.TestSuiteExecutor.execute(TestSuiteExecutor.java:106)
	at com.kms.katalon.core.main.TestCaseMain.startTestSuite(TestCaseMain.java:185)
	at com.kms.katalon.core.main.TestCaseMain$startTestSuite$0.call(Unknown Source)
	at TempTestSuite1671557716712.run(TempTestSuite1671557716712.groovy:36)
Caused by: com.kms.katalon.core.webui.exception.WebElementNotFoundException: Web element with id: 'Object Repository/Daily/Simpan' located by '(//button[@type='button'])[20]' not found
	at com.kms.katalon.core.webui.common.WebUiCommonHelper.findWebElement(WebUiCommonHelper.java:1370)
	at com.kms.katalon.core.webui.keyword.internal.WebUIAbstractKeyword.findWebElement(WebUIAbstractKeyword.groovy:27)
	at com.kms.katalon.core.webui.keyword.builtin.ClickKeyword$_click_closure1.doCall(ClickKeyword.groovy:65)
	at com.kms.katalon.core.webui.keyword.builtin.ClickKeyword$_click_closure1.call(ClickKeyword.groovy)
	at com.kms.katalon.core.webui.keyword.internal.WebUIKeywordMain.runKeyword(WebUIKeywordMain.groovy:20)
	... 19 more


2022-12-21 00:49:56 - [TEST_STEP][PASSED] - openBrowser(""): Browser is opened with url: ''

2022-12-21 00:49:56 - [MESSAGE][WARNING] - A browser is already opened. Closing browser and opening a new one

2022-12-21 00:49:57 - [MESSAGE][INFO] - Starting 'Chrome' driver

2022-12-21 00:49:57 - [MESSAGE][INFO] - Action delay is set to 0 milliseconds

2022-12-21 00:49:58 - [MESSAGE][PASSED] - Browser is opened with url: ''

2022-12-21 00:49:58 - [TEST_STEP][PASSED] - maximizeWindow(): Current window maximized

2022-12-21 00:49:58 - [MESSAGE][PASSED] - Current window maximized

2022-12-21 00:49:58 - [TEST_STEP][PASSED] - navigateToUrl("https://tes-capstone-website.vercel.app/admin/login"): Navigate to 'https://tes-capstone-website.vercel.app/admin/login' successfully

2022-12-21 00:50:02 - [MESSAGE][PASSED] - Navigate to 'https://tes-capstone-website.vercel.app/admin/login' successfully

2022-12-21 00:50:02 - [TEST_STEP][PASSED] - setText(findTestObject("Auth/Email"), "admin@nyakit.in"): Text 'admin@nyakit.in' is set on object 'Object Repository/Auth/Email'

2022-12-21 00:50:03 - [MESSAGE][PASSED] - Text 'admin@nyakit.in' is set on object 'Object Repository/Auth/Email'

2022-12-21 00:50:03 - [TEST_STEP][PASSED] - setText(findTestObject("Auth/Password"), "@Password123"): Text '@Password123' is set on object 'Object Repository/Auth/Password'

2022-12-21 00:50:03 - [MESSAGE][PASSED] - Text '@Password123' is set on object 'Object Repository/Auth/Password'

2022-12-21 00:50:03 - [TEST_STEP][PASSED] - click(findTestObject("Auth/LoginButton")): Object: 'Object Repository/Auth/LoginButton' is clicked on

2022-12-21 00:50:04 - [MESSAGE][PASSED] - Object: 'Object Repository/Auth/LoginButton' is clicked on

2022-12-21 00:50:04 - [TEST_STEP][PASSED] - click(findTestObject("ManageProduct/Product")): Object: 'Object Repository/ManageProduct/Product' is clicked on

2022-12-21 00:50:07 - [MESSAGE][PASSED] - Object: 'Object Repository/ManageProduct/Product' is clicked on

2022-12-21 00:50:07 - [TEST_STEP][PASSED] - click(findTestObject("ManageProduct/Entertainment")): Object: 'Object Repository/ManageProduct/Entertainment' is clicked on

2022-12-21 00:50:07 - [MESSAGE][PASSED] - Object: 'Object Repository/ManageProduct/Entertainment' is clicked on

2022-12-21 00:50:07 - [TEST_STEP][PASSED] - click(findTestObject("Daily/TambahProduk")): Object: 'Object Repository/Daily/TambahProduk' is clicked on

2022-12-21 00:50:08 - [MESSAGE][PASSED] - Object: 'Object Repository/Daily/TambahProduk' is clicked on

2022-12-21 00:50:08 - [TEST_STEP][PASSED] - setText(findTestObject("Daily/Gambar"), "Mobile Legend"): Text 'Mobile Legend' is set on object 'Object Repository/Daily/Gambar'

2022-12-21 00:50:10 - [MESSAGE][PASSED] - Text 'Mobile Legend' is set on object 'Object Repository/Daily/Gambar'

2022-12-21 00:50:10 - [TEST_STEP][PASSED] - setText(findTestObject("Daily/KodeProduk"), "01ml"): Text '01ml' is set on object 'Object Repository/Daily/KodeProduk'

2022-12-21 00:50:11 - [MESSAGE][PASSED] - Text '01ml' is set on object 'Object Repository/Daily/KodeProduk'

2022-12-21 00:50:11 - [TEST_STEP][PASSED] - setText(findTestObject("Daily/Nominal"), "50000"): Text '50000' is set on object 'Object Repository/Daily/Nominal'

2022-12-21 00:50:11 - [MESSAGE][PASSED] - Text '50000' is set on object 'Object Repository/Daily/Nominal'

2022-12-21 00:50:11 - [TEST_STEP][PASSED] - selectOptionByValue(findTestObject("Daily/PilihDisini"), "Games", true): All options with value 'Games' are selected in object 'Object Repository/Daily/PilihDisini'  using regular expression

2022-12-21 00:50:13 - [MESSAGE][PASSED] - All options with value 'Games' are selected in object 'Object Repository/Daily/PilihDisini'  using regular expression

2022-12-21 00:50:13 - [TEST_STEP][PASSED] - setText(findTestObject("Daily/Harga"), "50500"): Text '50500' is set on object 'Object Repository/Daily/Harga'

2022-12-21 00:50:14 - [MESSAGE][PASSED] - Text '50500' is set on object 'Object Repository/Daily/Harga'

2022-12-21 00:50:14 - [TEST_STEP][FAILED] - click(findTestObject("Daily/Simpan")): Unable to click on object 'Object Repository/Daily/Simpan' (Root cause: com.kms.katalon.core.exception.StepFailedException: Unable to click on object 'Object Repository/Daily/Simpan'
	at com.kms.katalon.core.webui.keyword.internal.WebUIKeywordMain.stepFailed(WebUIKeywordMain.groovy:64)
	at com.kms.katalon.core.webui.keyword.internal.WebUIKeywordMain.runKeyword(WebUIKeywordMain.groovy:26)
	at com.kms.katalon.core.webui.keyword.builtin.ClickKeyword.click(ClickKeyword.groovy:74)
	at com.kms.katalon.core.webui.keyword.builtin.ClickKeyword.execute(ClickKeyword.groovy:40)
	at com.kms.katalon.core.keyword.internal.KeywordExecutor.executeKeywordForPlatform(KeywordExecutor.groovy:74)
	at com.kms.katalon.core.webui.keyword.WebUiBuiltInKeywords.click(WebUiBuiltInKeywords.groovy:620)
	at com.kms.katalon.core.webui.keyword.WebUiBuiltInKeywords$click$2.call(Unknown Source)
	at BD028_enterWithoutDeskripsi.run(BD028_enterWithoutDeskripsi:48)
	at com.kms.katalon.core.main.ScriptEngine.run(ScriptEngine.java:194)
	at com.kms.katalon.core.main.ScriptEngine.runScriptAsRawText(ScriptEngine.java:119)
	at com.kms.katalon.core.main.TestCaseExecutor.runScript(TestCaseExecutor.java:445)
	at com.kms.katalon.core.main.TestCaseExecutor.doExecute(TestCaseExecutor.java:436)
	at com.kms.katalon.core.main.TestCaseExecutor.processExecutionPhase(TestCaseExecutor.java:415)
	at com.kms.katalon.core.main.TestCaseExecutor.accessMainPhase(TestCaseExecutor.java:407)
	at com.kms.katalon.core.main.TestCaseExecutor.execute(TestCaseExecutor.java:284)
	at com.kms.katalon.core.common.CommonExecutor.accessTestCaseMainPhase(CommonExecutor.java:65)
	at com.kms.katalon.core.main.TestSuiteExecutor.accessTestSuiteMainPhase(TestSuiteExecutor.java:144)
	at com.kms.katalon.core.main.TestSuiteExecutor.execute(TestSuiteExecutor.java:106)
	at com.kms.katalon.core.main.TestCaseMain.startTestSuite(TestCaseMain.java:185)
	at com.kms.katalon.core.main.TestCaseMain$startTestSuite$0.call(Unknown Source)
	at TempTestSuite1671557716712.run(TempTestSuite1671557716712.groovy:36)
Caused by: com.kms.katalon.core.webui.exception.WebElementNotFoundException: Web element with id: 'Object Repository/Daily/Simpan' located by '(//button[@type='button'])[20]' not found
	at com.kms.katalon.core.webui.common.WebUiCommonHelper.findWebElement(WebUiCommonHelper.java:1370)
	at com.kms.katalon.core.webui.keyword.internal.WebUIAbstractKeyword.findWebElement(WebUIAbstractKeyword.groovy:27)
	at com.kms.katalon.core.webui.keyword.builtin.ClickKeyword$_click_closure1.doCall(ClickKeyword.groovy:65)
	at com.kms.katalon.core.webui.keyword.builtin.ClickKeyword$_click_closure1.call(ClickKeyword.groovy)
	at com.kms.katalon.core.webui.keyword.internal.WebUIKeywordMain.runKeyword(WebUIKeywordMain.groovy:20)
	at com.kms.katalon.core.webui.keyword.builtin.ClickKeyword.click(ClickKeyword.groovy:74)
	at com.kms.katalon.core.webui.keyword.builtin.ClickKeyword.execute(ClickKeyword.groovy:40)
	at com.kms.katalon.core.keyword.internal.KeywordExecutor.executeKeywordForPlatform(KeywordExecutor.groovy:74)
	at com.kms.katalon.core.webui.keyword.WebUiBuiltInKeywords.click(WebUiBuiltInKeywords.groovy:620)
	at com.kms.katalon.core.webui.keyword.WebUiBuiltInKeywords$click$2.call(Unknown Source)
	at Script1671555124343.run(Script1671555124343.groovy:48)
	... 13 more
)

2022-12-21 00:50:45 - [MESSAGE][INFO] - Unable to find the element located by 'By.xpath: (//button[@type='button'])[20]'. Please recheck the objects properties to make sure the desired element is located. 

2022-12-21 00:50:45 - [MESSAGE][FAILED] - Unable to click on object 'Object Repository/Daily/Simpan' (Root cause: com.kms.katalon.core.exception.StepFailedException: Unable to click on object 'Object Repository/Daily/Simpan'
	at com.kms.katalon.core.webui.keyword.internal.WebUIKeywordMain.stepFailed(WebUIKeywordMain.groovy:64)
	at com.kms.katalon.core.webui.keyword.internal.WebUIKeywordMain.runKeyword(WebUIKeywordMain.groovy:26)
	at com.kms.katalon.core.webui.keyword.builtin.ClickKeyword.click(ClickKeyword.groovy:74)
	at com.kms.katalon.core.webui.keyword.builtin.ClickKeyword.execute(ClickKeyword.groovy:40)
	at com.kms.katalon.core.keyword.internal.KeywordExecutor.executeKeywordForPlatform(KeywordExecutor.groovy:74)
	at com.kms.katalon.core.webui.keyword.WebUiBuiltInKeywords.click(WebUiBuiltInKeywords.groovy:620)
	at com.kms.katalon.core.webui.keyword.WebUiBuiltInKeywords$click$2.call(Unknown Source)
	at BD028_enterWithoutDeskripsi.run(BD028_enterWithoutDeskripsi:48)
	at com.kms.katalon.core.main.ScriptEngine.run(ScriptEngine.java:194)
	at com.kms.katalon.core.main.ScriptEngine.runScriptAsRawText(ScriptEngine.java:119)
	at com.kms.katalon.core.main.TestCaseExecutor.runScript(TestCaseExecutor.java:445)
	at com.kms.katalon.core.main.TestCaseExecutor.doExecute(TestCaseExecutor.java:436)
	at com.kms.katalon.core.main.TestCaseExecutor.processExecutionPhase(TestCaseExecutor.java:415)
	at com.kms.katalon.core.main.TestCaseExecutor.accessMainPhase(TestCaseExecutor.java:407)
	at com.kms.katalon.core.main.TestCaseExecutor.execute(TestCaseExecutor.java:284)
	at com.kms.katalon.core.common.CommonExecutor.accessTestCaseMainPhase(CommonExecutor.java:65)
	at com.kms.katalon.core.main.TestSuiteExecutor.accessTestSuiteMainPhase(TestSuiteExecutor.java:144)
	at com.kms.katalon.core.main.TestSuiteExecutor.execute(TestSuiteExecutor.java:106)
	at com.kms.katalon.core.main.TestCaseMain.startTestSuite(TestCaseMain.java:185)
	at com.kms.katalon.core.main.TestCaseMain$startTestSuite$0.call(Unknown Source)
	at TempTestSuite1671557716712.run(TempTestSuite1671557716712.groovy:36)
Caused by: com.kms.katalon.core.webui.exception.WebElementNotFoundException: Web element with id: 'Object Repository/Daily/Simpan' located by '(//button[@type='button'])[20]' not found
	at com.kms.katalon.core.webui.common.WebUiCommonHelper.findWebElement(WebUiCommonHelper.java:1370)
	at com.kms.katalon.core.webui.keyword.internal.WebUIAbstractKeyword.findWebElement(WebUIAbstractKeyword.groovy:27)
	at com.kms.katalon.core.webui.keyword.builtin.ClickKeyword$_click_closure1.doCall(ClickKeyword.groovy:65)
	at com.kms.katalon.core.webui.keyword.builtin.ClickKeyword$_click_closure1.call(ClickKeyword.groovy)
	at com.kms.katalon.core.webui.keyword.internal.WebUIKeywordMain.runKeyword(WebUIKeywordMain.groovy:20)
	at com.kms.katalon.core.webui.keyword.builtin.ClickKeyword.click(ClickKeyword.groovy:74)
	at com.kms.katalon.core.webui.keyword.builtin.ClickKeyword.execute(ClickKeyword.groovy:40)
	at com.kms.katalon.core.keyword.internal.KeywordExecutor.executeKeywordForPlatform(KeywordExecutor.groovy:74)
	at com.kms.katalon.core.webui.keyword.WebUiBuiltInKeywords.click(WebUiBuiltInKeywords.groovy:620)
	at com.kms.katalon.core.webui.keyword.WebUiBuiltInKeywords$click$2.call(Unknown Source)
	at Script1671555124343.run(Script1671555124343.groovy:48)
	... 13 more
)
[[ATTACHMENT|C:\\Users\\User\\git\\QE_Web\\Reports\\20221221_003516\\RegressionWeb\\20221221_003516\\1671558645346.png]]]]></system-out>
         <system-err><![CDATA[2022-12-21 00:49:56 - [TEST_CASE][FAILED] - Test Cases/BD028_enterWithoutDeskripsi: Test Cases/BD028_enterWithoutDeskripsi FAILED.
Reason:
com.kms.katalon.core.exception.StepFailedException: Unable to click on object 'Object Repository/Daily/Simpan'
	at com.kms.katalon.core.webui.keyword.internal.WebUIKeywordMain.stepFailed(WebUIKeywordMain.groovy:64)
	at com.kms.katalon.core.webui.keyword.internal.WebUIKeywordMain.runKeyword(WebUIKeywordMain.groovy:26)
	at com.kms.katalon.core.webui.keyword.builtin.ClickKeyword.click(ClickKeyword.groovy:74)
	at com.kms.katalon.core.webui.keyword.builtin.ClickKeyword.execute(ClickKeyword.groovy:40)
	at com.kms.katalon.core.keyword.internal.KeywordExecutor.executeKeywordForPlatform(KeywordExecutor.groovy:74)
	at com.kms.katalon.core.webui.keyword.WebUiBuiltInKeywords.click(WebUiBuiltInKeywords.groovy:620)
	at com.kms.katalon.core.webui.keyword.WebUiBuiltInKeywords$click$2.call(Unknown Source)
	at BD028_enterWithoutDeskripsi.run(BD028_enterWithoutDeskripsi:48)
	at com.kms.katalon.core.main.ScriptEngine.run(ScriptEngine.java:194)
	at com.kms.katalon.core.main.ScriptEngine.runScriptAsRawText(ScriptEngine.java:119)
	at com.kms.katalon.core.main.TestCaseExecutor.runScript(TestCaseExecutor.java:445)
	at com.kms.katalon.core.main.TestCaseExecutor.doExecute(TestCaseExecutor.java:436)
	at com.kms.katalon.core.main.TestCaseExecutor.processExecutionPhase(TestCaseExecutor.java:415)
	at com.kms.katalon.core.main.TestCaseExecutor.accessMainPhase(TestCaseExecutor.java:407)
	at com.kms.katalon.core.main.TestCaseExecutor.execute(TestCaseExecutor.java:284)
	at com.kms.katalon.core.common.CommonExecutor.accessTestCaseMainPhase(CommonExecutor.java:65)
	at com.kms.katalon.core.main.TestSuiteExecutor.accessTestSuiteMainPhase(TestSuiteExecutor.java:144)
	at com.kms.katalon.core.main.TestSuiteExecutor.execute(TestSuiteExecutor.java:106)
	at com.kms.katalon.core.main.TestCaseMain.startTestSuite(TestCaseMain.java:185)
	at com.kms.katalon.core.main.TestCaseMain$startTestSuite$0.call(Unknown Source)
	at TempTestSuite1671557716712.run(TempTestSuite1671557716712.groovy:36)
Caused by: com.kms.katalon.core.webui.exception.WebElementNotFoundException: Web element with id: 'Object Repository/Daily/Simpan' located by '(//button[@type='button'])[20]' not found
	at com.kms.katalon.core.webui.common.WebUiCommonHelper.findWebElement(WebUiCommonHelper.java:1370)
	at com.kms.katalon.core.webui.keyword.internal.WebUIAbstractKeyword.findWebElement(WebUIAbstractKeyword.groovy:27)
	at com.kms.katalon.core.webui.keyword.builtin.ClickKeyword$_click_closure1.doCall(ClickKeyword.groovy:65)
	at com.kms.katalon.core.webui.keyword.builtin.ClickKeyword$_click_closure1.call(ClickKeyword.groovy)
	at com.kms.katalon.core.webui.keyword.internal.WebUIKeywordMain.runKeyword(WebUIKeywordMain.groovy:20)
	... 19 more]]></system-err>
      </testcase>
      <testcase name="Test Cases/BD029_EnterWithoutNominal" time="51.063" classname="Test Cases/BD029_EnterWithoutNominal" status="FAILED">
         <failure type="FAILED" message="Test Cases/BD029_EnterWithoutNominal FAILED.
Reason:
com.kms.katalon.core.exception.StepFailedException: Unable to click on object 'Object Repository/Daily/Simpan'
	at com.kms.katalon.core.webui.keyword.internal.WebUIKeywordMain.stepFailed(WebUIKeywordMain.groovy:64)
	at com.kms.katalon.core.webui.keyword.internal.WebUIKeywordMain.runKeyword(WebUIKeywordMain.groovy:26)
	at com.kms.katalon.core.webui.keyword.builtin.ClickKeyword.click(ClickKeyword.groovy:74)
	at com.kms.katalon.core.webui.keyword.builtin.ClickKeyword.execute(ClickKeyword.groovy:40)
	at com.kms.katalon.core.keyword.internal.KeywordExecutor.executeKeywordForPlatform(KeywordExecutor.groovy:74)
	at com.kms.katalon.core.webui.keyword.WebUiBuiltInKeywords.click(WebUiBuiltInKeywords.groovy:620)
	at com.kms.katalon.core.webui.keyword.WebUiBuiltInKeywords$click$2.call(Unknown Source)
	at BD029_EnterWithoutNominal.run(BD029_EnterWithoutNominal:48)
	at com.kms.katalon.core.main.ScriptEngine.run(ScriptEngine.java:194)
	at com.kms.katalon.core.main.ScriptEngine.runScriptAsRawText(ScriptEngine.java:119)
	at com.kms.katalon.core.main.TestCaseExecutor.runScript(TestCaseExecutor.java:445)
	at com.kms.katalon.core.main.TestCaseExecutor.doExecute(TestCaseExecutor.java:436)
	at com.kms.katalon.core.main.TestCaseExecutor.processExecutionPhase(TestCaseExecutor.java:415)
	at com.kms.katalon.core.main.TestCaseExecutor.accessMainPhase(TestCaseExecutor.java:407)
	at com.kms.katalon.core.main.TestCaseExecutor.execute(TestCaseExecutor.java:284)
	at com.kms.katalon.core.common.CommonExecutor.accessTestCaseMainPhase(CommonExecutor.java:65)
	at com.kms.katalon.core.main.TestSuiteExecutor.accessTestSuiteMainPhase(TestSuiteExecutor.java:144)
	at com.kms.katalon.core.main.TestSuiteExecutor.execute(TestSuiteExecutor.java:106)
	at com.kms.katalon.core.main.TestCaseMain.startTestSuite(TestCaseMain.java:185)
	at com.kms.katalon.core.main.TestCaseMain$startTestSuite$0.call(Unknown Source)
	at TempTestSuite1671557716712.run(TempTestSuite1671557716712.groovy:36)
Caused by: com.kms.katalon.core.webui.exception.WebElementNotFoundException: Web element with id: 'Object Repository/Daily/Simpan' located by '(//button[@type='button'])[20]' not found
	at com.kms.katalon.core.webui.common.WebUiCommonHelper.findWebElement(WebUiCommonHelper.java:1370)
	at com.kms.katalon.core.webui.keyword.internal.WebUIAbstractKeyword.findWebElement(WebUIAbstractKeyword.groovy:27)
	at com.kms.katalon.core.webui.keyword.builtin.ClickKeyword$_click_closure1.doCall(ClickKeyword.groovy:65)
	at com.kms.katalon.core.webui.keyword.builtin.ClickKeyword$_click_closure1.call(ClickKeyword.groovy)
	at com.kms.katalon.core.webui.keyword.internal.WebUIKeywordMain.runKeyword(WebUIKeywordMain.groovy:20)
	... 19 more
"/>
         <system-out><![CDATA[2022-12-21 00:50:45 - [TEST_CASE][FAILED] - Test Cases/BD029_EnterWithoutNominal: Test Cases/BD029_EnterWithoutNominal FAILED.
Reason:
com.kms.katalon.core.exception.StepFailedException: Unable to click on object 'Object Repository/Daily/Simpan'
	at com.kms.katalon.core.webui.keyword.internal.WebUIKeywordMain.stepFailed(WebUIKeywordMain.groovy:64)
	at com.kms.katalon.core.webui.keyword.internal.WebUIKeywordMain.runKeyword(WebUIKeywordMain.groovy:26)
	at com.kms.katalon.core.webui.keyword.builtin.ClickKeyword.click(ClickKeyword.groovy:74)
	at com.kms.katalon.core.webui.keyword.builtin.ClickKeyword.execute(ClickKeyword.groovy:40)
	at com.kms.katalon.core.keyword.internal.KeywordExecutor.executeKeywordForPlatform(KeywordExecutor.groovy:74)
	at com.kms.katalon.core.webui.keyword.WebUiBuiltInKeywords.click(WebUiBuiltInKeywords.groovy:620)
	at com.kms.katalon.core.webui.keyword.WebUiBuiltInKeywords$click$2.call(Unknown Source)
	at BD029_EnterWithoutNominal.run(BD029_EnterWithoutNominal:48)
	at com.kms.katalon.core.main.ScriptEngine.run(ScriptEngine.java:194)
	at com.kms.katalon.core.main.ScriptEngine.runScriptAsRawText(ScriptEngine.java:119)
	at com.kms.katalon.core.main.TestCaseExecutor.runScript(TestCaseExecutor.java:445)
	at com.kms.katalon.core.main.TestCaseExecutor.doExecute(TestCaseExecutor.java:436)
	at com.kms.katalon.core.main.TestCaseExecutor.processExecutionPhase(TestCaseExecutor.java:415)
	at com.kms.katalon.core.main.TestCaseExecutor.accessMainPhase(TestCaseExecutor.java:407)
	at com.kms.katalon.core.main.TestCaseExecutor.execute(TestCaseExecutor.java:284)
	at com.kms.katalon.core.common.CommonExecutor.accessTestCaseMainPhase(CommonExecutor.java:65)
	at com.kms.katalon.core.main.TestSuiteExecutor.accessTestSuiteMainPhase(TestSuiteExecutor.java:144)
	at com.kms.katalon.core.main.TestSuiteExecutor.execute(TestSuiteExecutor.java:106)
	at com.kms.katalon.core.main.TestCaseMain.startTestSuite(TestCaseMain.java:185)
	at com.kms.katalon.core.main.TestCaseMain$startTestSuite$0.call(Unknown Source)
	at TempTestSuite1671557716712.run(TempTestSuite1671557716712.groovy:36)
Caused by: com.kms.katalon.core.webui.exception.WebElementNotFoundException: Web element with id: 'Object Repository/Daily/Simpan' located by '(//button[@type='button'])[20]' not found
	at com.kms.katalon.core.webui.common.WebUiCommonHelper.findWebElement(WebUiCommonHelper.java:1370)
	at com.kms.katalon.core.webui.keyword.internal.WebUIAbstractKeyword.findWebElement(WebUIAbstractKeyword.groovy:27)
	at com.kms.katalon.core.webui.keyword.builtin.ClickKeyword$_click_closure1.doCall(ClickKeyword.groovy:65)
	at com.kms.katalon.core.webui.keyword.builtin.ClickKeyword$_click_closure1.call(ClickKeyword.groovy)
	at com.kms.katalon.core.webui.keyword.internal.WebUIKeywordMain.runKeyword(WebUIKeywordMain.groovy:20)
	... 19 more


2022-12-21 00:50:45 - [TEST_STEP][PASSED] - openBrowser(""): Browser is opened with url: ''

2022-12-21 00:50:45 - [MESSAGE][WARNING] - A browser is already opened. Closing browser and opening a new one

2022-12-21 00:50:46 - [MESSAGE][INFO] - Starting 'Chrome' driver

2022-12-21 00:50:46 - [MESSAGE][INFO] - Action delay is set to 0 milliseconds

2022-12-21 00:50:47 - [MESSAGE][PASSED] - Browser is opened with url: ''

2022-12-21 00:50:47 - [TEST_STEP][PASSED] - maximizeWindow(): Current window maximized

2022-12-21 00:50:47 - [MESSAGE][PASSED] - Current window maximized

2022-12-21 00:50:47 - [TEST_STEP][PASSED] - navigateToUrl("https://tes-capstone-website.vercel.app/admin/login"): Navigate to 'https://tes-capstone-website.vercel.app/admin/login' successfully

2022-12-21 00:50:53 - [MESSAGE][PASSED] - Navigate to 'https://tes-capstone-website.vercel.app/admin/login' successfully

2022-12-21 00:50:53 - [TEST_STEP][PASSED] - setText(findTestObject("Auth/Email"), "admin@nyakit.in"): Text 'admin@nyakit.in' is set on object 'Object Repository/Auth/Email'

2022-12-21 00:50:53 - [MESSAGE][PASSED] - Text 'admin@nyakit.in' is set on object 'Object Repository/Auth/Email'

2022-12-21 00:50:53 - [TEST_STEP][PASSED] - setText(findTestObject("Auth/Password"), "@Password123"): Text '@Password123' is set on object 'Object Repository/Auth/Password'

2022-12-21 00:50:54 - [MESSAGE][PASSED] - Text '@Password123' is set on object 'Object Repository/Auth/Password'

2022-12-21 00:50:54 - [TEST_STEP][PASSED] - click(findTestObject("Auth/LoginButton")): Object: 'Object Repository/Auth/LoginButton' is clicked on

2022-12-21 00:50:55 - [MESSAGE][PASSED] - Object: 'Object Repository/Auth/LoginButton' is clicked on

2022-12-21 00:50:55 - [TEST_STEP][PASSED] - click(findTestObject("ManageProduct/Product")): Object: 'Object Repository/ManageProduct/Product' is clicked on

2022-12-21 00:50:58 - [MESSAGE][PASSED] - Object: 'Object Repository/ManageProduct/Product' is clicked on

2022-12-21 00:50:58 - [TEST_STEP][PASSED] - click(findTestObject("ManageProduct/Entertainment")): Object: 'Object Repository/ManageProduct/Entertainment' is clicked on

2022-12-21 00:50:58 - [MESSAGE][PASSED] - Object: 'Object Repository/ManageProduct/Entertainment' is clicked on

2022-12-21 00:50:58 - [TEST_STEP][PASSED] - click(findTestObject("Daily/TambahProduk")): Object: 'Object Repository/Daily/TambahProduk' is clicked on

2022-12-21 00:51:00 - [MESSAGE][PASSED] - Object: 'Object Repository/Daily/TambahProduk' is clicked on

2022-12-21 00:51:00 - [TEST_STEP][PASSED] - setText(findTestObject("Daily/Gambar"), "Mobile Legend"): Text 'Mobile Legend' is set on object 'Object Repository/Daily/Gambar'

2022-12-21 00:51:01 - [MESSAGE][PASSED] - Text 'Mobile Legend' is set on object 'Object Repository/Daily/Gambar'

2022-12-21 00:51:01 - [TEST_STEP][PASSED] - setText(findTestObject("Daily/KodeProduk"), "01ml"): Text '01ml' is set on object 'Object Repository/Daily/KodeProduk'

2022-12-21 00:51:02 - [MESSAGE][PASSED] - Text '01ml' is set on object 'Object Repository/Daily/KodeProduk'

2022-12-21 00:51:02 - [TEST_STEP][PASSED] - setText(findTestObject("Daily/Deskripsi"), "Diamond Mobile Legend"): Text 'Diamond Mobile Legend' is set on object 'Object Repository/Daily/Deskripsi'

2022-12-21 00:51:02 - [MESSAGE][PASSED] - Text 'Diamond Mobile Legend' is set on object 'Object Repository/Daily/Deskripsi'

2022-12-21 00:51:02 - [TEST_STEP][PASSED] - selectOptionByValue(findTestObject("Daily/PilihDisini"), "Games", true): All options with value 'Games' are selected in object 'Object Repository/Daily/PilihDisini'  using regular expression

2022-12-21 00:51:04 - [MESSAGE][PASSED] - All options with value 'Games' are selected in object 'Object Repository/Daily/PilihDisini'  using regular expression

2022-12-21 00:51:04 - [TEST_STEP][PASSED] - setText(findTestObject("Daily/Harga"), "50500"): Text '50500' is set on object 'Object Repository/Daily/Harga'

2022-12-21 00:51:05 - [MESSAGE][PASSED] - Text '50500' is set on object 'Object Repository/Daily/Harga'

2022-12-21 00:51:05 - [TEST_STEP][FAILED] - click(findTestObject("Daily/Simpan")): Unable to click on object 'Object Repository/Daily/Simpan' (Root cause: com.kms.katalon.core.exception.StepFailedException: Unable to click on object 'Object Repository/Daily/Simpan'
	at com.kms.katalon.core.webui.keyword.internal.WebUIKeywordMain.stepFailed(WebUIKeywordMain.groovy:64)
	at com.kms.katalon.core.webui.keyword.internal.WebUIKeywordMain.runKeyword(WebUIKeywordMain.groovy:26)
	at com.kms.katalon.core.webui.keyword.builtin.ClickKeyword.click(ClickKeyword.groovy:74)
	at com.kms.katalon.core.webui.keyword.builtin.ClickKeyword.execute(ClickKeyword.groovy:40)
	at com.kms.katalon.core.keyword.internal.KeywordExecutor.executeKeywordForPlatform(KeywordExecutor.groovy:74)
	at com.kms.katalon.core.webui.keyword.WebUiBuiltInKeywords.click(WebUiBuiltInKeywords.groovy:620)
	at com.kms.katalon.core.webui.keyword.WebUiBuiltInKeywords$click$2.call(Unknown Source)
	at BD029_EnterWithoutNominal.run(BD029_EnterWithoutNominal:48)
	at com.kms.katalon.core.main.ScriptEngine.run(ScriptEngine.java:194)
	at com.kms.katalon.core.main.ScriptEngine.runScriptAsRawText(ScriptEngine.java:119)
	at com.kms.katalon.core.main.TestCaseExecutor.runScript(TestCaseExecutor.java:445)
	at com.kms.katalon.core.main.TestCaseExecutor.doExecute(TestCaseExecutor.java:436)
	at com.kms.katalon.core.main.TestCaseExecutor.processExecutionPhase(TestCaseExecutor.java:415)
	at com.kms.katalon.core.main.TestCaseExecutor.accessMainPhase(TestCaseExecutor.java:407)
	at com.kms.katalon.core.main.TestCaseExecutor.execute(TestCaseExecutor.java:284)
	at com.kms.katalon.core.common.CommonExecutor.accessTestCaseMainPhase(CommonExecutor.java:65)
	at com.kms.katalon.core.main.TestSuiteExecutor.accessTestSuiteMainPhase(TestSuiteExecutor.java:144)
	at com.kms.katalon.core.main.TestSuiteExecutor.execute(TestSuiteExecutor.java:106)
	at com.kms.katalon.core.main.TestCaseMain.startTestSuite(TestCaseMain.java:185)
	at com.kms.katalon.core.main.TestCaseMain$startTestSuite$0.call(Unknown Source)
	at TempTestSuite1671557716712.run(TempTestSuite1671557716712.groovy:36)
Caused by: com.kms.katalon.core.webui.exception.WebElementNotFoundException: Web element with id: 'Object Repository/Daily/Simpan' located by '(//button[@type='button'])[20]' not found
	at com.kms.katalon.core.webui.common.WebUiCommonHelper.findWebElement(WebUiCommonHelper.java:1370)
	at com.kms.katalon.core.webui.keyword.internal.WebUIAbstractKeyword.findWebElement(WebUIAbstractKeyword.groovy:27)
	at com.kms.katalon.core.webui.keyword.builtin.ClickKeyword$_click_closure1.doCall(ClickKeyword.groovy:65)
	at com.kms.katalon.core.webui.keyword.builtin.ClickKeyword$_click_closure1.call(ClickKeyword.groovy)
	at com.kms.katalon.core.webui.keyword.internal.WebUIKeywordMain.runKeyword(WebUIKeywordMain.groovy:20)
	at com.kms.katalon.core.webui.keyword.builtin.ClickKeyword.click(ClickKeyword.groovy:74)
	at com.kms.katalon.core.webui.keyword.builtin.ClickKeyword.execute(ClickKeyword.groovy:40)
	at com.kms.katalon.core.keyword.internal.KeywordExecutor.executeKeywordForPlatform(KeywordExecutor.groovy:74)
	at com.kms.katalon.core.webui.keyword.WebUiBuiltInKeywords.click(WebUiBuiltInKeywords.groovy:620)
	at com.kms.katalon.core.webui.keyword.WebUiBuiltInKeywords$click$2.call(Unknown Source)
	at Script1671555157533.run(Script1671555157533.groovy:48)
	... 13 more
)

2022-12-21 00:51:36 - [MESSAGE][INFO] - Unable to find the element located by 'By.xpath: (//button[@type='button'])[20]'. Please recheck the objects properties to make sure the desired element is located. 

2022-12-21 00:51:36 - [MESSAGE][FAILED] - Unable to click on object 'Object Repository/Daily/Simpan' (Root cause: com.kms.katalon.core.exception.StepFailedException: Unable to click on object 'Object Repository/Daily/Simpan'
	at com.kms.katalon.core.webui.keyword.internal.WebUIKeywordMain.stepFailed(WebUIKeywordMain.groovy:64)
	at com.kms.katalon.core.webui.keyword.internal.WebUIKeywordMain.runKeyword(WebUIKeywordMain.groovy:26)
	at com.kms.katalon.core.webui.keyword.builtin.ClickKeyword.click(ClickKeyword.groovy:74)
	at com.kms.katalon.core.webui.keyword.builtin.ClickKeyword.execute(ClickKeyword.groovy:40)
	at com.kms.katalon.core.keyword.internal.KeywordExecutor.executeKeywordForPlatform(KeywordExecutor.groovy:74)
	at com.kms.katalon.core.webui.keyword.WebUiBuiltInKeywords.click(WebUiBuiltInKeywords.groovy:620)
	at com.kms.katalon.core.webui.keyword.WebUiBuiltInKeywords$click$2.call(Unknown Source)
	at BD029_EnterWithoutNominal.run(BD029_EnterWithoutNominal:48)
	at com.kms.katalon.core.main.ScriptEngine.run(ScriptEngine.java:194)
	at com.kms.katalon.core.main.ScriptEngine.runScriptAsRawText(ScriptEngine.java:119)
	at com.kms.katalon.core.main.TestCaseExecutor.runScript(TestCaseExecutor.java:445)
	at com.kms.katalon.core.main.TestCaseExecutor.doExecute(TestCaseExecutor.java:436)
	at com.kms.katalon.core.main.TestCaseExecutor.processExecutionPhase(TestCaseExecutor.java:415)
	at com.kms.katalon.core.main.TestCaseExecutor.accessMainPhase(TestCaseExecutor.java:407)
	at com.kms.katalon.core.main.TestCaseExecutor.execute(TestCaseExecutor.java:284)
	at com.kms.katalon.core.common.CommonExecutor.accessTestCaseMainPhase(CommonExecutor.java:65)
	at com.kms.katalon.core.main.TestSuiteExecutor.accessTestSuiteMainPhase(TestSuiteExecutor.java:144)
	at com.kms.katalon.core.main.TestSuiteExecutor.execute(TestSuiteExecutor.java:106)
	at com.kms.katalon.core.main.TestCaseMain.startTestSuite(TestCaseMain.java:185)
	at com.kms.katalon.core.main.TestCaseMain$startTestSuite$0.call(Unknown Source)
	at TempTestSuite1671557716712.run(TempTestSuite1671557716712.groovy:36)
Caused by: com.kms.katalon.core.webui.exception.WebElementNotFoundException: Web element with id: 'Object Repository/Daily/Simpan' located by '(//button[@type='button'])[20]' not found
	at com.kms.katalon.core.webui.common.WebUiCommonHelper.findWebElement(WebUiCommonHelper.java:1370)
	at com.kms.katalon.core.webui.keyword.internal.WebUIAbstractKeyword.findWebElement(WebUIAbstractKeyword.groovy:27)
	at com.kms.katalon.core.webui.keyword.builtin.ClickKeyword$_click_closure1.doCall(ClickKeyword.groovy:65)
	at com.kms.katalon.core.webui.keyword.builtin.ClickKeyword$_click_closure1.call(ClickKeyword.groovy)
	at com.kms.katalon.core.webui.keyword.internal.WebUIKeywordMain.runKeyword(WebUIKeywordMain.groovy:20)
	at com.kms.katalon.core.webui.keyword.builtin.ClickKeyword.click(ClickKeyword.groovy:74)
	at com.kms.katalon.core.webui.keyword.builtin.ClickKeyword.execute(ClickKeyword.groovy:40)
	at com.kms.katalon.core.keyword.internal.KeywordExecutor.executeKeywordForPlatform(KeywordExecutor.groovy:74)
	at com.kms.katalon.core.webui.keyword.WebUiBuiltInKeywords.click(WebUiBuiltInKeywords.groovy:620)
	at com.kms.katalon.core.webui.keyword.WebUiBuiltInKeywords$click$2.call(Unknown Source)
	at Script1671555157533.run(Script1671555157533.groovy:48)
	... 13 more
)
[[ATTACHMENT|C:\\Users\\User\\git\\QE_Web\\Reports\\20221221_003516\\RegressionWeb\\20221221_003516\\1671558696392.png]]]]></system-out>
         <system-err><![CDATA[2022-12-21 00:50:45 - [TEST_CASE][FAILED] - Test Cases/BD029_EnterWithoutNominal: Test Cases/BD029_EnterWithoutNominal FAILED.
Reason:
com.kms.katalon.core.exception.StepFailedException: Unable to click on object 'Object Repository/Daily/Simpan'
	at com.kms.katalon.core.webui.keyword.internal.WebUIKeywordMain.stepFailed(WebUIKeywordMain.groovy:64)
	at com.kms.katalon.core.webui.keyword.internal.WebUIKeywordMain.runKeyword(WebUIKeywordMain.groovy:26)
	at com.kms.katalon.core.webui.keyword.builtin.ClickKeyword.click(ClickKeyword.groovy:74)
	at com.kms.katalon.core.webui.keyword.builtin.ClickKeyword.execute(ClickKeyword.groovy:40)
	at com.kms.katalon.core.keyword.internal.KeywordExecutor.executeKeywordForPlatform(KeywordExecutor.groovy:74)
	at com.kms.katalon.core.webui.keyword.WebUiBuiltInKeywords.click(WebUiBuiltInKeywords.groovy:620)
	at com.kms.katalon.core.webui.keyword.WebUiBuiltInKeywords$click$2.call(Unknown Source)
	at BD029_EnterWithoutNominal.run(BD029_EnterWithoutNominal:48)
	at com.kms.katalon.core.main.ScriptEngine.run(ScriptEngine.java:194)
	at com.kms.katalon.core.main.ScriptEngine.runScriptAsRawText(ScriptEngine.java:119)
	at com.kms.katalon.core.main.TestCaseExecutor.runScript(TestCaseExecutor.java:445)
	at com.kms.katalon.core.main.TestCaseExecutor.doExecute(TestCaseExecutor.java:436)
	at com.kms.katalon.core.main.TestCaseExecutor.processExecutionPhase(TestCaseExecutor.java:415)
	at com.kms.katalon.core.main.TestCaseExecutor.accessMainPhase(TestCaseExecutor.java:407)
	at com.kms.katalon.core.main.TestCaseExecutor.execute(TestCaseExecutor.java:284)
	at com.kms.katalon.core.common.CommonExecutor.accessTestCaseMainPhase(CommonExecutor.java:65)
	at com.kms.katalon.core.main.TestSuiteExecutor.accessTestSuiteMainPhase(TestSuiteExecutor.java:144)
	at com.kms.katalon.core.main.TestSuiteExecutor.execute(TestSuiteExecutor.java:106)
	at com.kms.katalon.core.main.TestCaseMain.startTestSuite(TestCaseMain.java:185)
	at com.kms.katalon.core.main.TestCaseMain$startTestSuite$0.call(Unknown Source)
	at TempTestSuite1671557716712.run(TempTestSuite1671557716712.groovy:36)
Caused by: com.kms.katalon.core.webui.exception.WebElementNotFoundException: Web element with id: 'Object Repository/Daily/Simpan' located by '(//button[@type='button'])[20]' not found
	at com.kms.katalon.core.webui.common.WebUiCommonHelper.findWebElement(WebUiCommonHelper.java:1370)
	at com.kms.katalon.core.webui.keyword.internal.WebUIAbstractKeyword.findWebElement(WebUIAbstractKeyword.groovy:27)
	at com.kms.katalon.core.webui.keyword.builtin.ClickKeyword$_click_closure1.doCall(ClickKeyword.groovy:65)
	at com.kms.katalon.core.webui.keyword.builtin.ClickKeyword$_click_closure1.call(ClickKeyword.groovy)
	at com.kms.katalon.core.webui.keyword.internal.WebUIKeywordMain.runKeyword(WebUIKeywordMain.groovy:20)
	... 19 more]]></system-err>
      </testcase>
      <testcase name="Test Cases/BD030_EnterWithoutKategori" time="48.382" classname="Test Cases/BD030_EnterWithoutKategori" status="FAILED">
         <failure type="FAILED" message="Test Cases/BD030_EnterWithoutKategori FAILED.
Reason:
com.kms.katalon.core.exception.StepFailedException: Unable to click on object 'Object Repository/Daily/Simpan'
	at com.kms.katalon.core.webui.keyword.internal.WebUIKeywordMain.stepFailed(WebUIKeywordMain.groovy:64)
	at com.kms.katalon.core.webui.keyword.internal.WebUIKeywordMain.runKeyword(WebUIKeywordMain.groovy:26)
	at com.kms.katalon.core.webui.keyword.builtin.ClickKeyword.click(ClickKeyword.groovy:74)
	at com.kms.katalon.core.webui.keyword.builtin.ClickKeyword.execute(ClickKeyword.groovy:40)
	at com.kms.katalon.core.keyword.internal.KeywordExecutor.executeKeywordForPlatform(KeywordExecutor.groovy:74)
	at com.kms.katalon.core.webui.keyword.WebUiBuiltInKeywords.click(WebUiBuiltInKeywords.groovy:620)
	at com.kms.katalon.core.webui.keyword.WebUiBuiltInKeywords$click$2.call(Unknown Source)
	at BD030_EnterWithoutKategori.run(BD030_EnterWithoutKategori:48)
	at com.kms.katalon.core.main.ScriptEngine.run(ScriptEngine.java:194)
	at com.kms.katalon.core.main.ScriptEngine.runScriptAsRawText(ScriptEngine.java:119)
	at com.kms.katalon.core.main.TestCaseExecutor.runScript(TestCaseExecutor.java:445)
	at com.kms.katalon.core.main.TestCaseExecutor.doExecute(TestCaseExecutor.java:436)
	at com.kms.katalon.core.main.TestCaseExecutor.processExecutionPhase(TestCaseExecutor.java:415)
	at com.kms.katalon.core.main.TestCaseExecutor.accessMainPhase(TestCaseExecutor.java:407)
	at com.kms.katalon.core.main.TestCaseExecutor.execute(TestCaseExecutor.java:284)
	at com.kms.katalon.core.common.CommonExecutor.accessTestCaseMainPhase(CommonExecutor.java:65)
	at com.kms.katalon.core.main.TestSuiteExecutor.accessTestSuiteMainPhase(TestSuiteExecutor.java:144)
	at com.kms.katalon.core.main.TestSuiteExecutor.execute(TestSuiteExecutor.java:106)
	at com.kms.katalon.core.main.TestCaseMain.startTestSuite(TestCaseMain.java:185)
	at com.kms.katalon.core.main.TestCaseMain$startTestSuite$0.call(Unknown Source)
	at TempTestSuite1671557716712.run(TempTestSuite1671557716712.groovy:36)
Caused by: com.kms.katalon.core.webui.exception.WebElementNotFoundException: Web element with id: 'Object Repository/Daily/Simpan' located by '(//button[@type='button'])[20]' not found
	at com.kms.katalon.core.webui.common.WebUiCommonHelper.findWebElement(WebUiCommonHelper.java:1370)
	at com.kms.katalon.core.webui.keyword.internal.WebUIAbstractKeyword.findWebElement(WebUIAbstractKeyword.groovy:27)
	at com.kms.katalon.core.webui.keyword.builtin.ClickKeyword$_click_closure1.doCall(ClickKeyword.groovy:65)
	at com.kms.katalon.core.webui.keyword.builtin.ClickKeyword$_click_closure1.call(ClickKeyword.groovy)
	at com.kms.katalon.core.webui.keyword.internal.WebUIKeywordMain.runKeyword(WebUIKeywordMain.groovy:20)
	... 19 more
"/>
         <system-out><![CDATA[2022-12-21 00:51:36 - [TEST_CASE][FAILED] - Test Cases/BD030_EnterWithoutKategori: Test Cases/BD030_EnterWithoutKategori FAILED.
Reason:
com.kms.katalon.core.exception.StepFailedException: Unable to click on object 'Object Repository/Daily/Simpan'
	at com.kms.katalon.core.webui.keyword.internal.WebUIKeywordMain.stepFailed(WebUIKeywordMain.groovy:64)
	at com.kms.katalon.core.webui.keyword.internal.WebUIKeywordMain.runKeyword(WebUIKeywordMain.groovy:26)
	at com.kms.katalon.core.webui.keyword.builtin.ClickKeyword.click(ClickKeyword.groovy:74)
	at com.kms.katalon.core.webui.keyword.builtin.ClickKeyword.execute(ClickKeyword.groovy:40)
	at com.kms.katalon.core.keyword.internal.KeywordExecutor.executeKeywordForPlatform(KeywordExecutor.groovy:74)
	at com.kms.katalon.core.webui.keyword.WebUiBuiltInKeywords.click(WebUiBuiltInKeywords.groovy:620)
	at com.kms.katalon.core.webui.keyword.WebUiBuiltInKeywords$click$2.call(Unknown Source)
	at BD030_EnterWithoutKategori.run(BD030_EnterWithoutKategori:48)
	at com.kms.katalon.core.main.ScriptEngine.run(ScriptEngine.java:194)
	at com.kms.katalon.core.main.ScriptEngine.runScriptAsRawText(ScriptEngine.java:119)
	at com.kms.katalon.core.main.TestCaseExecutor.runScript(TestCaseExecutor.java:445)
	at com.kms.katalon.core.main.TestCaseExecutor.doExecute(TestCaseExecutor.java:436)
	at com.kms.katalon.core.main.TestCaseExecutor.processExecutionPhase(TestCaseExecutor.java:415)
	at com.kms.katalon.core.main.TestCaseExecutor.accessMainPhase(TestCaseExecutor.java:407)
	at com.kms.katalon.core.main.TestCaseExecutor.execute(TestCaseExecutor.java:284)
	at com.kms.katalon.core.common.CommonExecutor.accessTestCaseMainPhase(CommonExecutor.java:65)
	at com.kms.katalon.core.main.TestSuiteExecutor.accessTestSuiteMainPhase(TestSuiteExecutor.java:144)
	at com.kms.katalon.core.main.TestSuiteExecutor.execute(TestSuiteExecutor.java:106)
	at com.kms.katalon.core.main.TestCaseMain.startTestSuite(TestCaseMain.java:185)
	at com.kms.katalon.core.main.TestCaseMain$startTestSuite$0.call(Unknown Source)
	at TempTestSuite1671557716712.run(TempTestSuite1671557716712.groovy:36)
Caused by: com.kms.katalon.core.webui.exception.WebElementNotFoundException: Web element with id: 'Object Repository/Daily/Simpan' located by '(//button[@type='button'])[20]' not found
	at com.kms.katalon.core.webui.common.WebUiCommonHelper.findWebElement(WebUiCommonHelper.java:1370)
	at com.kms.katalon.core.webui.keyword.internal.WebUIAbstractKeyword.findWebElement(WebUIAbstractKeyword.groovy:27)
	at com.kms.katalon.core.webui.keyword.builtin.ClickKeyword$_click_closure1.doCall(ClickKeyword.groovy:65)
	at com.kms.katalon.core.webui.keyword.builtin.ClickKeyword$_click_closure1.call(ClickKeyword.groovy)
	at com.kms.katalon.core.webui.keyword.internal.WebUIKeywordMain.runKeyword(WebUIKeywordMain.groovy:20)
	... 19 more


2022-12-21 00:51:36 - [TEST_STEP][PASSED] - openBrowser(""): Browser is opened with url: ''

2022-12-21 00:51:36 - [MESSAGE][WARNING] - A browser is already opened. Closing browser and opening a new one

2022-12-21 00:51:37 - [MESSAGE][INFO] - Starting 'Chrome' driver

2022-12-21 00:51:37 - [MESSAGE][INFO] - Action delay is set to 0 milliseconds

2022-12-21 00:51:38 - [MESSAGE][PASSED] - Browser is opened with url: ''

2022-12-21 00:51:38 - [TEST_STEP][PASSED] - maximizeWindow(): Current window maximized

2022-12-21 00:51:38 - [MESSAGE][PASSED] - Current window maximized

2022-12-21 00:51:38 - [TEST_STEP][PASSED] - navigateToUrl("https://tes-capstone-website.vercel.app/admin/login"): Navigate to 'https://tes-capstone-website.vercel.app/admin/login' successfully

2022-12-21 00:51:42 - [MESSAGE][PASSED] - Navigate to 'https://tes-capstone-website.vercel.app/admin/login' successfully

2022-12-21 00:51:42 - [TEST_STEP][PASSED] - setText(findTestObject("Auth/Email"), "admin@nyakit.in"): Text 'admin@nyakit.in' is set on object 'Object Repository/Auth/Email'

2022-12-21 00:51:43 - [MESSAGE][PASSED] - Text 'admin@nyakit.in' is set on object 'Object Repository/Auth/Email'

2022-12-21 00:51:43 - [TEST_STEP][PASSED] - setText(findTestObject("Auth/Password"), "@Password123"): Text '@Password123' is set on object 'Object Repository/Auth/Password'

2022-12-21 00:51:43 - [MESSAGE][PASSED] - Text '@Password123' is set on object 'Object Repository/Auth/Password'

2022-12-21 00:51:43 - [TEST_STEP][PASSED] - click(findTestObject("Auth/LoginButton")): Object: 'Object Repository/Auth/LoginButton' is clicked on

2022-12-21 00:51:44 - [MESSAGE][PASSED] - Object: 'Object Repository/Auth/LoginButton' is clicked on

2022-12-21 00:51:44 - [TEST_STEP][PASSED] - click(findTestObject("ManageProduct/Product")): Object: 'Object Repository/ManageProduct/Product' is clicked on

2022-12-21 00:51:47 - [MESSAGE][PASSED] - Object: 'Object Repository/ManageProduct/Product' is clicked on

2022-12-21 00:51:47 - [TEST_STEP][PASSED] - click(findTestObject("ManageProduct/Entertainment")): Object: 'Object Repository/ManageProduct/Entertainment' is clicked on

2022-12-21 00:51:48 - [MESSAGE][PASSED] - Object: 'Object Repository/ManageProduct/Entertainment' is clicked on

2022-12-21 00:51:48 - [TEST_STEP][PASSED] - click(findTestObject("Daily/TambahProduk")): Object: 'Object Repository/Daily/TambahProduk' is clicked on

2022-12-21 00:51:49 - [MESSAGE][PASSED] - Object: 'Object Repository/Daily/TambahProduk' is clicked on

2022-12-21 00:51:49 - [TEST_STEP][PASSED] - setText(findTestObject("Daily/Gambar"), "Mobile Legend"): Text 'Mobile Legend' is set on object 'Object Repository/Daily/Gambar'

2022-12-21 00:51:50 - [MESSAGE][PASSED] - Text 'Mobile Legend' is set on object 'Object Repository/Daily/Gambar'

2022-12-21 00:51:50 - [TEST_STEP][PASSED] - setText(findTestObject("Daily/KodeProduk"), "01ml"): Text '01ml' is set on object 'Object Repository/Daily/KodeProduk'

2022-12-21 00:51:51 - [MESSAGE][PASSED] - Text '01ml' is set on object 'Object Repository/Daily/KodeProduk'

2022-12-21 00:51:51 - [TEST_STEP][PASSED] - setText(findTestObject("Daily/Deskripsi"), "Diamond Mobile Legend"): Text 'Diamond Mobile Legend' is set on object 'Object Repository/Daily/Deskripsi'

2022-12-21 00:51:52 - [MESSAGE][PASSED] - Text 'Diamond Mobile Legend' is set on object 'Object Repository/Daily/Deskripsi'

2022-12-21 00:51:52 - [TEST_STEP][PASSED] - setText(findTestObject("Daily/Nominal"), "50000"): Text '50000' is set on object 'Object Repository/Daily/Nominal'

2022-12-21 00:51:52 - [MESSAGE][PASSED] - Text '50000' is set on object 'Object Repository/Daily/Nominal'

2022-12-21 00:51:52 - [TEST_STEP][PASSED] - setText(findTestObject("Daily/Harga"), "50500"): Text '50500' is set on object 'Object Repository/Daily/Harga'

2022-12-21 00:51:53 - [MESSAGE][PASSED] - Text '50500' is set on object 'Object Repository/Daily/Harga'

2022-12-21 00:51:53 - [TEST_STEP][FAILED] - click(findTestObject("Daily/Simpan")): Unable to click on object 'Object Repository/Daily/Simpan' (Root cause: com.kms.katalon.core.exception.StepFailedException: Unable to click on object 'Object Repository/Daily/Simpan'
	at com.kms.katalon.core.webui.keyword.internal.WebUIKeywordMain.stepFailed(WebUIKeywordMain.groovy:64)
	at com.kms.katalon.core.webui.keyword.internal.WebUIKeywordMain.runKeyword(WebUIKeywordMain.groovy:26)
	at com.kms.katalon.core.webui.keyword.builtin.ClickKeyword.click(ClickKeyword.groovy:74)
	at com.kms.katalon.core.webui.keyword.builtin.ClickKeyword.execute(ClickKeyword.groovy:40)
	at com.kms.katalon.core.keyword.internal.KeywordExecutor.executeKeywordForPlatform(KeywordExecutor.groovy:74)
	at com.kms.katalon.core.webui.keyword.WebUiBuiltInKeywords.click(WebUiBuiltInKeywords.groovy:620)
	at com.kms.katalon.core.webui.keyword.WebUiBuiltInKeywords$click$2.call(Unknown Source)
	at BD030_EnterWithoutKategori.run(BD030_EnterWithoutKategori:48)
	at com.kms.katalon.core.main.ScriptEngine.run(ScriptEngine.java:194)
	at com.kms.katalon.core.main.ScriptEngine.runScriptAsRawText(ScriptEngine.java:119)
	at com.kms.katalon.core.main.TestCaseExecutor.runScript(TestCaseExecutor.java:445)
	at com.kms.katalon.core.main.TestCaseExecutor.doExecute(TestCaseExecutor.java:436)
	at com.kms.katalon.core.main.TestCaseExecutor.processExecutionPhase(TestCaseExecutor.java:415)
	at com.kms.katalon.core.main.TestCaseExecutor.accessMainPhase(TestCaseExecutor.java:407)
	at com.kms.katalon.core.main.TestCaseExecutor.execute(TestCaseExecutor.java:284)
	at com.kms.katalon.core.common.CommonExecutor.accessTestCaseMainPhase(CommonExecutor.java:65)
	at com.kms.katalon.core.main.TestSuiteExecutor.accessTestSuiteMainPhase(TestSuiteExecutor.java:144)
	at com.kms.katalon.core.main.TestSuiteExecutor.execute(TestSuiteExecutor.java:106)
	at com.kms.katalon.core.main.TestCaseMain.startTestSuite(TestCaseMain.java:185)
	at com.kms.katalon.core.main.TestCaseMain$startTestSuite$0.call(Unknown Source)
	at TempTestSuite1671557716712.run(TempTestSuite1671557716712.groovy:36)
Caused by: com.kms.katalon.core.webui.exception.WebElementNotFoundException: Web element with id: 'Object Repository/Daily/Simpan' located by '(//button[@type='button'])[20]' not found
	at com.kms.katalon.core.webui.common.WebUiCommonHelper.findWebElement(WebUiCommonHelper.java:1370)
	at com.kms.katalon.core.webui.keyword.internal.WebUIAbstractKeyword.findWebElement(WebUIAbstractKeyword.groovy:27)
	at com.kms.katalon.core.webui.keyword.builtin.ClickKeyword$_click_closure1.doCall(ClickKeyword.groovy:65)
	at com.kms.katalon.core.webui.keyword.builtin.ClickKeyword$_click_closure1.call(ClickKeyword.groovy)
	at com.kms.katalon.core.webui.keyword.internal.WebUIKeywordMain.runKeyword(WebUIKeywordMain.groovy:20)
	at com.kms.katalon.core.webui.keyword.builtin.ClickKeyword.click(ClickKeyword.groovy:74)
	at com.kms.katalon.core.webui.keyword.builtin.ClickKeyword.execute(ClickKeyword.groovy:40)
	at com.kms.katalon.core.keyword.internal.KeywordExecutor.executeKeywordForPlatform(KeywordExecutor.groovy:74)
	at com.kms.katalon.core.webui.keyword.WebUiBuiltInKeywords.click(WebUiBuiltInKeywords.groovy:620)
	at com.kms.katalon.core.webui.keyword.WebUiBuiltInKeywords$click$2.call(Unknown Source)
	at Script1671555192461.run(Script1671555192461.groovy:48)
	... 13 more
)

2022-12-21 00:52:24 - [MESSAGE][INFO] - Unable to find the element located by 'By.xpath: (//button[@type='button'])[20]'. Please recheck the objects properties to make sure the desired element is located. 

2022-12-21 00:52:24 - [MESSAGE][FAILED] - Unable to click on object 'Object Repository/Daily/Simpan' (Root cause: com.kms.katalon.core.exception.StepFailedException: Unable to click on object 'Object Repository/Daily/Simpan'
	at com.kms.katalon.core.webui.keyword.internal.WebUIKeywordMain.stepFailed(WebUIKeywordMain.groovy:64)
	at com.kms.katalon.core.webui.keyword.internal.WebUIKeywordMain.runKeyword(WebUIKeywordMain.groovy:26)
	at com.kms.katalon.core.webui.keyword.builtin.ClickKeyword.click(ClickKeyword.groovy:74)
	at com.kms.katalon.core.webui.keyword.builtin.ClickKeyword.execute(ClickKeyword.groovy:40)
	at com.kms.katalon.core.keyword.internal.KeywordExecutor.executeKeywordForPlatform(KeywordExecutor.groovy:74)
	at com.kms.katalon.core.webui.keyword.WebUiBuiltInKeywords.click(WebUiBuiltInKeywords.groovy:620)
	at com.kms.katalon.core.webui.keyword.WebUiBuiltInKeywords$click$2.call(Unknown Source)
	at BD030_EnterWithoutKategori.run(BD030_EnterWithoutKategori:48)
	at com.kms.katalon.core.main.ScriptEngine.run(ScriptEngine.java:194)
	at com.kms.katalon.core.main.ScriptEngine.runScriptAsRawText(ScriptEngine.java:119)
	at com.kms.katalon.core.main.TestCaseExecutor.runScript(TestCaseExecutor.java:445)
	at com.kms.katalon.core.main.TestCaseExecutor.doExecute(TestCaseExecutor.java:436)
	at com.kms.katalon.core.main.TestCaseExecutor.processExecutionPhase(TestCaseExecutor.java:415)
	at com.kms.katalon.core.main.TestCaseExecutor.accessMainPhase(TestCaseExecutor.java:407)
	at com.kms.katalon.core.main.TestCaseExecutor.execute(TestCaseExecutor.java:284)
	at com.kms.katalon.core.common.CommonExecutor.accessTestCaseMainPhase(CommonExecutor.java:65)
	at com.kms.katalon.core.main.TestSuiteExecutor.accessTestSuiteMainPhase(TestSuiteExecutor.java:144)
	at com.kms.katalon.core.main.TestSuiteExecutor.execute(TestSuiteExecutor.java:106)
	at com.kms.katalon.core.main.TestCaseMain.startTestSuite(TestCaseMain.java:185)
	at com.kms.katalon.core.main.TestCaseMain$startTestSuite$0.call(Unknown Source)
	at TempTestSuite1671557716712.run(TempTestSuite1671557716712.groovy:36)
Caused by: com.kms.katalon.core.webui.exception.WebElementNotFoundException: Web element with id: 'Object Repository/Daily/Simpan' located by '(//button[@type='button'])[20]' not found
	at com.kms.katalon.core.webui.common.WebUiCommonHelper.findWebElement(WebUiCommonHelper.java:1370)
	at com.kms.katalon.core.webui.keyword.internal.WebUIAbstractKeyword.findWebElement(WebUIAbstractKeyword.groovy:27)
	at com.kms.katalon.core.webui.keyword.builtin.ClickKeyword$_click_closure1.doCall(ClickKeyword.groovy:65)
	at com.kms.katalon.core.webui.keyword.builtin.ClickKeyword$_click_closure1.call(ClickKeyword.groovy)
	at com.kms.katalon.core.webui.keyword.internal.WebUIKeywordMain.runKeyword(WebUIKeywordMain.groovy:20)
	at com.kms.katalon.core.webui.keyword.builtin.ClickKeyword.click(ClickKeyword.groovy:74)
	at com.kms.katalon.core.webui.keyword.builtin.ClickKeyword.execute(ClickKeyword.groovy:40)
	at com.kms.katalon.core.keyword.internal.KeywordExecutor.executeKeywordForPlatform(KeywordExecutor.groovy:74)
	at com.kms.katalon.core.webui.keyword.WebUiBuiltInKeywords.click(WebUiBuiltInKeywords.groovy:620)
	at com.kms.katalon.core.webui.keyword.WebUiBuiltInKeywords$click$2.call(Unknown Source)
	at Script1671555192461.run(Script1671555192461.groovy:48)
	... 13 more
)
[[ATTACHMENT|C:\\Users\\User\\git\\QE_Web\\Reports\\20221221_003516\\RegressionWeb\\20221221_003516\\1671558744799.png]]]]></system-out>
         <system-err><![CDATA[2022-12-21 00:51:36 - [TEST_CASE][FAILED] - Test Cases/BD030_EnterWithoutKategori: Test Cases/BD030_EnterWithoutKategori FAILED.
Reason:
com.kms.katalon.core.exception.StepFailedException: Unable to click on object 'Object Repository/Daily/Simpan'
	at com.kms.katalon.core.webui.keyword.internal.WebUIKeywordMain.stepFailed(WebUIKeywordMain.groovy:64)
	at com.kms.katalon.core.webui.keyword.internal.WebUIKeywordMain.runKeyword(WebUIKeywordMain.groovy:26)
	at com.kms.katalon.core.webui.keyword.builtin.ClickKeyword.click(ClickKeyword.groovy:74)
	at com.kms.katalon.core.webui.keyword.builtin.ClickKeyword.execute(ClickKeyword.groovy:40)
	at com.kms.katalon.core.keyword.internal.KeywordExecutor.executeKeywordForPlatform(KeywordExecutor.groovy:74)
	at com.kms.katalon.core.webui.keyword.WebUiBuiltInKeywords.click(WebUiBuiltInKeywords.groovy:620)
	at com.kms.katalon.core.webui.keyword.WebUiBuiltInKeywords$click$2.call(Unknown Source)
	at BD030_EnterWithoutKategori.run(BD030_EnterWithoutKategori:48)
	at com.kms.katalon.core.main.ScriptEngine.run(ScriptEngine.java:194)
	at com.kms.katalon.core.main.ScriptEngine.runScriptAsRawText(ScriptEngine.java:119)
	at com.kms.katalon.core.main.TestCaseExecutor.runScript(TestCaseExecutor.java:445)
	at com.kms.katalon.core.main.TestCaseExecutor.doExecute(TestCaseExecutor.java:436)
	at com.kms.katalon.core.main.TestCaseExecutor.processExecutionPhase(TestCaseExecutor.java:415)
	at com.kms.katalon.core.main.TestCaseExecutor.accessMainPhase(TestCaseExecutor.java:407)
	at com.kms.katalon.core.main.TestCaseExecutor.execute(TestCaseExecutor.java:284)
	at com.kms.katalon.core.common.CommonExecutor.accessTestCaseMainPhase(CommonExecutor.java:65)
	at com.kms.katalon.core.main.TestSuiteExecutor.accessTestSuiteMainPhase(TestSuiteExecutor.java:144)
	at com.kms.katalon.core.main.TestSuiteExecutor.execute(TestSuiteExecutor.java:106)
	at com.kms.katalon.core.main.TestCaseMain.startTestSuite(TestCaseMain.java:185)
	at com.kms.katalon.core.main.TestCaseMain$startTestSuite$0.call(Unknown Source)
	at TempTestSuite1671557716712.run(TempTestSuite1671557716712.groovy:36)
Caused by: com.kms.katalon.core.webui.exception.WebElementNotFoundException: Web element with id: 'Object Repository/Daily/Simpan' located by '(//button[@type='button'])[20]' not found
	at com.kms.katalon.core.webui.common.WebUiCommonHelper.findWebElement(WebUiCommonHelper.java:1370)
	at com.kms.katalon.core.webui.keyword.internal.WebUIAbstractKeyword.findWebElement(WebUIAbstractKeyword.groovy:27)
	at com.kms.katalon.core.webui.keyword.builtin.ClickKeyword$_click_closure1.doCall(ClickKeyword.groovy:65)
	at com.kms.katalon.core.webui.keyword.builtin.ClickKeyword$_click_closure1.call(ClickKeyword.groovy)
	at com.kms.katalon.core.webui.keyword.internal.WebUIKeywordMain.runKeyword(WebUIKeywordMain.groovy:20)
	... 19 more]]></system-err>
      </testcase>
      <testcase name="Test Cases/BD031_EnterWithoutHarga" time="49.578" classname="Test Cases/BD031_EnterWithoutHarga" status="FAILED">
         <failure type="FAILED" message="Test Cases/BD031_EnterWithoutHarga FAILED.
Reason:
com.kms.katalon.core.exception.StepFailedException: Unable to click on object 'Object Repository/Daily/Simpan'
	at com.kms.katalon.core.webui.keyword.internal.WebUIKeywordMain.stepFailed(WebUIKeywordMain.groovy:64)
	at com.kms.katalon.core.webui.keyword.internal.WebUIKeywordMain.runKeyword(WebUIKeywordMain.groovy:26)
	at com.kms.katalon.core.webui.keyword.builtin.ClickKeyword.click(ClickKeyword.groovy:74)
	at com.kms.katalon.core.webui.keyword.builtin.ClickKeyword.execute(ClickKeyword.groovy:40)
	at com.kms.katalon.core.keyword.internal.KeywordExecutor.executeKeywordForPlatform(KeywordExecutor.groovy:74)
	at com.kms.katalon.core.webui.keyword.WebUiBuiltInKeywords.click(WebUiBuiltInKeywords.groovy:620)
	at com.kms.katalon.core.webui.keyword.WebUiBuiltInKeywords$click$2.call(Unknown Source)
	at BD031_EnterWithoutHarga.run(BD031_EnterWithoutHarga:48)
	at com.kms.katalon.core.main.ScriptEngine.run(ScriptEngine.java:194)
	at com.kms.katalon.core.main.ScriptEngine.runScriptAsRawText(ScriptEngine.java:119)
	at com.kms.katalon.core.main.TestCaseExecutor.runScript(TestCaseExecutor.java:445)
	at com.kms.katalon.core.main.TestCaseExecutor.doExecute(TestCaseExecutor.java:436)
	at com.kms.katalon.core.main.TestCaseExecutor.processExecutionPhase(TestCaseExecutor.java:415)
	at com.kms.katalon.core.main.TestCaseExecutor.accessMainPhase(TestCaseExecutor.java:407)
	at com.kms.katalon.core.main.TestCaseExecutor.execute(TestCaseExecutor.java:284)
	at com.kms.katalon.core.common.CommonExecutor.accessTestCaseMainPhase(CommonExecutor.java:65)
	at com.kms.katalon.core.main.TestSuiteExecutor.accessTestSuiteMainPhase(TestSuiteExecutor.java:144)
	at com.kms.katalon.core.main.TestSuiteExecutor.execute(TestSuiteExecutor.java:106)
	at com.kms.katalon.core.main.TestCaseMain.startTestSuite(TestCaseMain.java:185)
	at com.kms.katalon.core.main.TestCaseMain$startTestSuite$0.call(Unknown Source)
	at TempTestSuite1671557716712.run(TempTestSuite1671557716712.groovy:36)
Caused by: com.kms.katalon.core.webui.exception.WebElementNotFoundException: Web element with id: 'Object Repository/Daily/Simpan' located by '(//button[@type='button'])[20]' not found
	at com.kms.katalon.core.webui.common.WebUiCommonHelper.findWebElement(WebUiCommonHelper.java:1370)
	at com.kms.katalon.core.webui.keyword.internal.WebUIAbstractKeyword.findWebElement(WebUIAbstractKeyword.groovy:27)
	at com.kms.katalon.core.webui.keyword.builtin.ClickKeyword$_click_closure1.doCall(ClickKeyword.groovy:65)
	at com.kms.katalon.core.webui.keyword.builtin.ClickKeyword$_click_closure1.call(ClickKeyword.groovy)
	at com.kms.katalon.core.webui.keyword.internal.WebUIKeywordMain.runKeyword(WebUIKeywordMain.groovy:20)
	... 19 more
"/>
         <system-out><![CDATA[2022-12-21 00:52:24 - [TEST_CASE][FAILED] - Test Cases/BD031_EnterWithoutHarga: Test Cases/BD031_EnterWithoutHarga FAILED.
Reason:
com.kms.katalon.core.exception.StepFailedException: Unable to click on object 'Object Repository/Daily/Simpan'
	at com.kms.katalon.core.webui.keyword.internal.WebUIKeywordMain.stepFailed(WebUIKeywordMain.groovy:64)
	at com.kms.katalon.core.webui.keyword.internal.WebUIKeywordMain.runKeyword(WebUIKeywordMain.groovy:26)
	at com.kms.katalon.core.webui.keyword.builtin.ClickKeyword.click(ClickKeyword.groovy:74)
	at com.kms.katalon.core.webui.keyword.builtin.ClickKeyword.execute(ClickKeyword.groovy:40)
	at com.kms.katalon.core.keyword.internal.KeywordExecutor.executeKeywordForPlatform(KeywordExecutor.groovy:74)
	at com.kms.katalon.core.webui.keyword.WebUiBuiltInKeywords.click(WebUiBuiltInKeywords.groovy:620)
	at com.kms.katalon.core.webui.keyword.WebUiBuiltInKeywords$click$2.call(Unknown Source)
	at BD031_EnterWithoutHarga.run(BD031_EnterWithoutHarga:48)
	at com.kms.katalon.core.main.ScriptEngine.run(ScriptEngine.java:194)
	at com.kms.katalon.core.main.ScriptEngine.runScriptAsRawText(ScriptEngine.java:119)
	at com.kms.katalon.core.main.TestCaseExecutor.runScript(TestCaseExecutor.java:445)
	at com.kms.katalon.core.main.TestCaseExecutor.doExecute(TestCaseExecutor.java:436)
	at com.kms.katalon.core.main.TestCaseExecutor.processExecutionPhase(TestCaseExecutor.java:415)
	at com.kms.katalon.core.main.TestCaseExecutor.accessMainPhase(TestCaseExecutor.java:407)
	at com.kms.katalon.core.main.TestCaseExecutor.execute(TestCaseExecutor.java:284)
	at com.kms.katalon.core.common.CommonExecutor.accessTestCaseMainPhase(CommonExecutor.java:65)
	at com.kms.katalon.core.main.TestSuiteExecutor.accessTestSuiteMainPhase(TestSuiteExecutor.java:144)
	at com.kms.katalon.core.main.TestSuiteExecutor.execute(TestSuiteExecutor.java:106)
	at com.kms.katalon.core.main.TestCaseMain.startTestSuite(TestCaseMain.java:185)
	at com.kms.katalon.core.main.TestCaseMain$startTestSuite$0.call(Unknown Source)
	at TempTestSuite1671557716712.run(TempTestSuite1671557716712.groovy:36)
Caused by: com.kms.katalon.core.webui.exception.WebElementNotFoundException: Web element with id: 'Object Repository/Daily/Simpan' located by '(//button[@type='button'])[20]' not found
	at com.kms.katalon.core.webui.common.WebUiCommonHelper.findWebElement(WebUiCommonHelper.java:1370)
	at com.kms.katalon.core.webui.keyword.internal.WebUIAbstractKeyword.findWebElement(WebUIAbstractKeyword.groovy:27)
	at com.kms.katalon.core.webui.keyword.builtin.ClickKeyword$_click_closure1.doCall(ClickKeyword.groovy:65)
	at com.kms.katalon.core.webui.keyword.builtin.ClickKeyword$_click_closure1.call(ClickKeyword.groovy)
	at com.kms.katalon.core.webui.keyword.internal.WebUIKeywordMain.runKeyword(WebUIKeywordMain.groovy:20)
	... 19 more


2022-12-21 00:52:25 - [TEST_STEP][PASSED] - openBrowser(""): Browser is opened with url: ''

2022-12-21 00:52:25 - [MESSAGE][WARNING] - A browser is already opened. Closing browser and opening a new one

2022-12-21 00:52:25 - [MESSAGE][INFO] - Starting 'Chrome' driver

2022-12-21 00:52:25 - [MESSAGE][INFO] - Action delay is set to 0 milliseconds

2022-12-21 00:52:26 - [MESSAGE][PASSED] - Browser is opened with url: ''

2022-12-21 00:52:26 - [TEST_STEP][PASSED] - maximizeWindow(): Current window maximized

2022-12-21 00:52:27 - [MESSAGE][PASSED] - Current window maximized

2022-12-21 00:52:27 - [TEST_STEP][PASSED] - navigateToUrl("https://tes-capstone-website.vercel.app/admin/login"): Navigate to 'https://tes-capstone-website.vercel.app/admin/login' successfully

2022-12-21 00:52:30 - [MESSAGE][PASSED] - Navigate to 'https://tes-capstone-website.vercel.app/admin/login' successfully

2022-12-21 00:52:30 - [TEST_STEP][PASSED] - setText(findTestObject("Auth/Email"), "admin@nyakit.in"): Text 'admin@nyakit.in' is set on object 'Object Repository/Auth/Email'

2022-12-21 00:52:31 - [MESSAGE][PASSED] - Text 'admin@nyakit.in' is set on object 'Object Repository/Auth/Email'

2022-12-21 00:52:31 - [TEST_STEP][PASSED] - setText(findTestObject("Auth/Password"), "@Password123"): Text '@Password123' is set on object 'Object Repository/Auth/Password'

2022-12-21 00:52:32 - [MESSAGE][PASSED] - Text '@Password123' is set on object 'Object Repository/Auth/Password'

2022-12-21 00:52:32 - [TEST_STEP][PASSED] - click(findTestObject("Auth/LoginButton")): Object: 'Object Repository/Auth/LoginButton' is clicked on

2022-12-21 00:52:32 - [MESSAGE][PASSED] - Object: 'Object Repository/Auth/LoginButton' is clicked on

2022-12-21 00:52:32 - [TEST_STEP][PASSED] - click(findTestObject("ManageProduct/Product")): Object: 'Object Repository/ManageProduct/Product' is clicked on

2022-12-21 00:52:35 - [MESSAGE][PASSED] - Object: 'Object Repository/ManageProduct/Product' is clicked on

2022-12-21 00:52:35 - [TEST_STEP][PASSED] - click(findTestObject("ManageProduct/Entertainment")): Object: 'Object Repository/ManageProduct/Entertainment' is clicked on

2022-12-21 00:52:36 - [MESSAGE][PASSED] - Object: 'Object Repository/ManageProduct/Entertainment' is clicked on

2022-12-21 00:52:36 - [TEST_STEP][PASSED] - click(findTestObject("Daily/TambahProduk")): Object: 'Object Repository/Daily/TambahProduk' is clicked on

2022-12-21 00:52:37 - [MESSAGE][PASSED] - Object: 'Object Repository/Daily/TambahProduk' is clicked on

2022-12-21 00:52:37 - [TEST_STEP][PASSED] - setText(findTestObject("Daily/Gambar"), "Mobile Legend"): Text 'Mobile Legend' is set on object 'Object Repository/Daily/Gambar'

2022-12-21 00:52:38 - [MESSAGE][PASSED] - Text 'Mobile Legend' is set on object 'Object Repository/Daily/Gambar'

2022-12-21 00:52:38 - [TEST_STEP][PASSED] - setText(findTestObject("Daily/KodeProduk"), "01ml"): Text '01ml' is set on object 'Object Repository/Daily/KodeProduk'

2022-12-21 00:52:39 - [MESSAGE][PASSED] - Text '01ml' is set on object 'Object Repository/Daily/KodeProduk'

2022-12-21 00:52:39 - [TEST_STEP][PASSED] - setText(findTestObject("Daily/Deskripsi"), "Diamond Mobile Legend"): Text 'Diamond Mobile Legend' is set on object 'Object Repository/Daily/Deskripsi'

2022-12-21 00:52:40 - [MESSAGE][PASSED] - Text 'Diamond Mobile Legend' is set on object 'Object Repository/Daily/Deskripsi'

2022-12-21 00:52:40 - [TEST_STEP][PASSED] - setText(findTestObject("Daily/Nominal"), "50000"): Text '50000' is set on object 'Object Repository/Daily/Nominal'

2022-12-21 00:52:41 - [MESSAGE][PASSED] - Text '50000' is set on object 'Object Repository/Daily/Nominal'

2022-12-21 00:52:41 - [TEST_STEP][PASSED] - selectOptionByValue(findTestObject("Daily/PilihDisini"), "Games", true): All options with value 'Games' are selected in object 'Object Repository/Daily/PilihDisini'  using regular expression

2022-12-21 00:52:42 - [MESSAGE][PASSED] - All options with value 'Games' are selected in object 'Object Repository/Daily/PilihDisini'  using regular expression

2022-12-21 00:52:42 - [TEST_STEP][FAILED] - click(findTestObject("Daily/Simpan")): Unable to click on object 'Object Repository/Daily/Simpan' (Root cause: com.kms.katalon.core.exception.StepFailedException: Unable to click on object 'Object Repository/Daily/Simpan'
	at com.kms.katalon.core.webui.keyword.internal.WebUIKeywordMain.stepFailed(WebUIKeywordMain.groovy:64)
	at com.kms.katalon.core.webui.keyword.internal.WebUIKeywordMain.runKeyword(WebUIKeywordMain.groovy:26)
	at com.kms.katalon.core.webui.keyword.builtin.ClickKeyword.click(ClickKeyword.groovy:74)
	at com.kms.katalon.core.webui.keyword.builtin.ClickKeyword.execute(ClickKeyword.groovy:40)
	at com.kms.katalon.core.keyword.internal.KeywordExecutor.executeKeywordForPlatform(KeywordExecutor.groovy:74)
	at com.kms.katalon.core.webui.keyword.WebUiBuiltInKeywords.click(WebUiBuiltInKeywords.groovy:620)
	at com.kms.katalon.core.webui.keyword.WebUiBuiltInKeywords$click$2.call(Unknown Source)
	at BD031_EnterWithoutHarga.run(BD031_EnterWithoutHarga:48)
	at com.kms.katalon.core.main.ScriptEngine.run(ScriptEngine.java:194)
	at com.kms.katalon.core.main.ScriptEngine.runScriptAsRawText(ScriptEngine.java:119)
	at com.kms.katalon.core.main.TestCaseExecutor.runScript(TestCaseExecutor.java:445)
	at com.kms.katalon.core.main.TestCaseExecutor.doExecute(TestCaseExecutor.java:436)
	at com.kms.katalon.core.main.TestCaseExecutor.processExecutionPhase(TestCaseExecutor.java:415)
	at com.kms.katalon.core.main.TestCaseExecutor.accessMainPhase(TestCaseExecutor.java:407)
	at com.kms.katalon.core.main.TestCaseExecutor.execute(TestCaseExecutor.java:284)
	at com.kms.katalon.core.common.CommonExecutor.accessTestCaseMainPhase(CommonExecutor.java:65)
	at com.kms.katalon.core.main.TestSuiteExecutor.accessTestSuiteMainPhase(TestSuiteExecutor.java:144)
	at com.kms.katalon.core.main.TestSuiteExecutor.execute(TestSuiteExecutor.java:106)
	at com.kms.katalon.core.main.TestCaseMain.startTestSuite(TestCaseMain.java:185)
	at com.kms.katalon.core.main.TestCaseMain$startTestSuite$0.call(Unknown Source)
	at TempTestSuite1671557716712.run(TempTestSuite1671557716712.groovy:36)
Caused by: com.kms.katalon.core.webui.exception.WebElementNotFoundException: Web element with id: 'Object Repository/Daily/Simpan' located by '(//button[@type='button'])[20]' not found
	at com.kms.katalon.core.webui.common.WebUiCommonHelper.findWebElement(WebUiCommonHelper.java:1370)
	at com.kms.katalon.core.webui.keyword.internal.WebUIAbstractKeyword.findWebElement(WebUIAbstractKeyword.groovy:27)
	at com.kms.katalon.core.webui.keyword.builtin.ClickKeyword$_click_closure1.doCall(ClickKeyword.groovy:65)
	at com.kms.katalon.core.webui.keyword.builtin.ClickKeyword$_click_closure1.call(ClickKeyword.groovy)
	at com.kms.katalon.core.webui.keyword.internal.WebUIKeywordMain.runKeyword(WebUIKeywordMain.groovy:20)
	at com.kms.katalon.core.webui.keyword.builtin.ClickKeyword.click(ClickKeyword.groovy:74)
	at com.kms.katalon.core.webui.keyword.builtin.ClickKeyword.execute(ClickKeyword.groovy:40)
	at com.kms.katalon.core.keyword.internal.KeywordExecutor.executeKeywordForPlatform(KeywordExecutor.groovy:74)
	at com.kms.katalon.core.webui.keyword.WebUiBuiltInKeywords.click(WebUiBuiltInKeywords.groovy:620)
	at com.kms.katalon.core.webui.keyword.WebUiBuiltInKeywords$click$2.call(Unknown Source)
	at Script1671555221670.run(Script1671555221670.groovy:48)
	... 13 more
)

2022-12-21 00:53:14 - [MESSAGE][INFO] - Unable to find the element located by 'By.xpath: (//button[@type='button'])[20]'. Please recheck the objects properties to make sure the desired element is located. 

2022-12-21 00:53:14 - [MESSAGE][FAILED] - Unable to click on object 'Object Repository/Daily/Simpan' (Root cause: com.kms.katalon.core.exception.StepFailedException: Unable to click on object 'Object Repository/Daily/Simpan'
	at com.kms.katalon.core.webui.keyword.internal.WebUIKeywordMain.stepFailed(WebUIKeywordMain.groovy:64)
	at com.kms.katalon.core.webui.keyword.internal.WebUIKeywordMain.runKeyword(WebUIKeywordMain.groovy:26)
	at com.kms.katalon.core.webui.keyword.builtin.ClickKeyword.click(ClickKeyword.groovy:74)
	at com.kms.katalon.core.webui.keyword.builtin.ClickKeyword.execute(ClickKeyword.groovy:40)
	at com.kms.katalon.core.keyword.internal.KeywordExecutor.executeKeywordForPlatform(KeywordExecutor.groovy:74)
	at com.kms.katalon.core.webui.keyword.WebUiBuiltInKeywords.click(WebUiBuiltInKeywords.groovy:620)
	at com.kms.katalon.core.webui.keyword.WebUiBuiltInKeywords$click$2.call(Unknown Source)
	at BD031_EnterWithoutHarga.run(BD031_EnterWithoutHarga:48)
	at com.kms.katalon.core.main.ScriptEngine.run(ScriptEngine.java:194)
	at com.kms.katalon.core.main.ScriptEngine.runScriptAsRawText(ScriptEngine.java:119)
	at com.kms.katalon.core.main.TestCaseExecutor.runScript(TestCaseExecutor.java:445)
	at com.kms.katalon.core.main.TestCaseExecutor.doExecute(TestCaseExecutor.java:436)
	at com.kms.katalon.core.main.TestCaseExecutor.processExecutionPhase(TestCaseExecutor.java:415)
	at com.kms.katalon.core.main.TestCaseExecutor.accessMainPhase(TestCaseExecutor.java:407)
	at com.kms.katalon.core.main.TestCaseExecutor.execute(TestCaseExecutor.java:284)
	at com.kms.katalon.core.common.CommonExecutor.accessTestCaseMainPhase(CommonExecutor.java:65)
	at com.kms.katalon.core.main.TestSuiteExecutor.accessTestSuiteMainPhase(TestSuiteExecutor.java:144)
	at com.kms.katalon.core.main.TestSuiteExecutor.execute(TestSuiteExecutor.java:106)
	at com.kms.katalon.core.main.TestCaseMain.startTestSuite(TestCaseMain.java:185)
	at com.kms.katalon.core.main.TestCaseMain$startTestSuite$0.call(Unknown Source)
	at TempTestSuite1671557716712.run(TempTestSuite1671557716712.groovy:36)
Caused by: com.kms.katalon.core.webui.exception.WebElementNotFoundException: Web element with id: 'Object Repository/Daily/Simpan' located by '(//button[@type='button'])[20]' not found
	at com.kms.katalon.core.webui.common.WebUiCommonHelper.findWebElement(WebUiCommonHelper.java:1370)
	at com.kms.katalon.core.webui.keyword.internal.WebUIAbstractKeyword.findWebElement(WebUIAbstractKeyword.groovy:27)
	at com.kms.katalon.core.webui.keyword.builtin.ClickKeyword$_click_closure1.doCall(ClickKeyword.groovy:65)
	at com.kms.katalon.core.webui.keyword.builtin.ClickKeyword$_click_closure1.call(ClickKeyword.groovy)
	at com.kms.katalon.core.webui.keyword.internal.WebUIKeywordMain.runKeyword(WebUIKeywordMain.groovy:20)
	at com.kms.katalon.core.webui.keyword.builtin.ClickKeyword.click(ClickKeyword.groovy:74)
	at com.kms.katalon.core.webui.keyword.builtin.ClickKeyword.execute(ClickKeyword.groovy:40)
	at com.kms.katalon.core.keyword.internal.KeywordExecutor.executeKeywordForPlatform(KeywordExecutor.groovy:74)
	at com.kms.katalon.core.webui.keyword.WebUiBuiltInKeywords.click(WebUiBuiltInKeywords.groovy:620)
	at com.kms.katalon.core.webui.keyword.WebUiBuiltInKeywords$click$2.call(Unknown Source)
	at Script1671555221670.run(Script1671555221670.groovy:48)
	... 13 more
)
[[ATTACHMENT|C:\\Users\\User\\git\\QE_Web\\Reports\\20221221_003516\\RegressionWeb\\20221221_003516\\1671558794363.png]]]]></system-out>
         <system-err><![CDATA[2022-12-21 00:52:24 - [TEST_CASE][FAILED] - Test Cases/BD031_EnterWithoutHarga: Test Cases/BD031_EnterWithoutHarga FAILED.
Reason:
com.kms.katalon.core.exception.StepFailedException: Unable to click on object 'Object Repository/Daily/Simpan'
	at com.kms.katalon.core.webui.keyword.internal.WebUIKeywordMain.stepFailed(WebUIKeywordMain.groovy:64)
	at com.kms.katalon.core.webui.keyword.internal.WebUIKeywordMain.runKeyword(WebUIKeywordMain.groovy:26)
	at com.kms.katalon.core.webui.keyword.builtin.ClickKeyword.click(ClickKeyword.groovy:74)
	at com.kms.katalon.core.webui.keyword.builtin.ClickKeyword.execute(ClickKeyword.groovy:40)
	at com.kms.katalon.core.keyword.internal.KeywordExecutor.executeKeywordForPlatform(KeywordExecutor.groovy:74)
	at com.kms.katalon.core.webui.keyword.WebUiBuiltInKeywords.click(WebUiBuiltInKeywords.groovy:620)
	at com.kms.katalon.core.webui.keyword.WebUiBuiltInKeywords$click$2.call(Unknown Source)
	at BD031_EnterWithoutHarga.run(BD031_EnterWithoutHarga:48)
	at com.kms.katalon.core.main.ScriptEngine.run(ScriptEngine.java:194)
	at com.kms.katalon.core.main.ScriptEngine.runScriptAsRawText(ScriptEngine.java:119)
	at com.kms.katalon.core.main.TestCaseExecutor.runScript(TestCaseExecutor.java:445)
	at com.kms.katalon.core.main.TestCaseExecutor.doExecute(TestCaseExecutor.java:436)
	at com.kms.katalon.core.main.TestCaseExecutor.processExecutionPhase(TestCaseExecutor.java:415)
	at com.kms.katalon.core.main.TestCaseExecutor.accessMainPhase(TestCaseExecutor.java:407)
	at com.kms.katalon.core.main.TestCaseExecutor.execute(TestCaseExecutor.java:284)
	at com.kms.katalon.core.common.CommonExecutor.accessTestCaseMainPhase(CommonExecutor.java:65)
	at com.kms.katalon.core.main.TestSuiteExecutor.accessTestSuiteMainPhase(TestSuiteExecutor.java:144)
	at com.kms.katalon.core.main.TestSuiteExecutor.execute(TestSuiteExecutor.java:106)
	at com.kms.katalon.core.main.TestCaseMain.startTestSuite(TestCaseMain.java:185)
	at com.kms.katalon.core.main.TestCaseMain$startTestSuite$0.call(Unknown Source)
	at TempTestSuite1671557716712.run(TempTestSuite1671557716712.groovy:36)
Caused by: com.kms.katalon.core.webui.exception.WebElementNotFoundException: Web element with id: 'Object Repository/Daily/Simpan' located by '(//button[@type='button'])[20]' not found
	at com.kms.katalon.core.webui.common.WebUiCommonHelper.findWebElement(WebUiCommonHelper.java:1370)
	at com.kms.katalon.core.webui.keyword.internal.WebUIAbstractKeyword.findWebElement(WebUIAbstractKeyword.groovy:27)
	at com.kms.katalon.core.webui.keyword.builtin.ClickKeyword$_click_closure1.doCall(ClickKeyword.groovy:65)
	at com.kms.katalon.core.webui.keyword.builtin.ClickKeyword$_click_closure1.call(ClickKeyword.groovy)
	at com.kms.katalon.core.webui.keyword.internal.WebUIKeywordMain.runKeyword(WebUIKeywordMain.groovy:20)
	... 19 more]]></system-err>
      </testcase>
      <system-out><![CDATA[2022-12-21 00:35:21 - [TEST_SUITE][FAILED] - RegressionWeb: Test Cases/BB002_VerifUser FAILED.
Reason:
com.kms.katalon.core.exception.StepFailedException: Unable to click on object 'Object Repository/ManageUser/EditButton'
	at com.kms.katalon.core.webui.keyword.internal.WebUIKeywordMain.stepFailed(WebUIKeywordMain.groovy:64)
	at com.kms.katalon.core.webui.keyword.internal.WebUIKeywordMain.runKeyword(WebUIKeywordMain.groovy:26)
	at com.kms.katalon.core.webui.keyword.builtin.ClickKeyword.click(ClickKeyword.groovy:74)
	at com.kms.katalon.core.webui.keyword.builtin.ClickKeyword.execute(ClickKeyword.groovy:40)
	at com.kms.katalon.core.keyword.internal.KeywordExecutor.executeKeywordForPlatform(KeywordExecutor.groovy:74)
	at com.kms.katalon.core.webui.keyword.WebUiBuiltInKeywords.click(WebUiBuiltInKeywords.groovy:620)
	at com.kms.katalon.core.webui.keyword.WebUiBuiltInKeywords$click$2.call(Unknown Source)
	at BB002_VerifUser.run(BB002_VerifUser:36)
	at com.kms.katalon.core.main.ScriptEngine.run(ScriptEngine.java:194)
	at com.kms.katalon.core.main.ScriptEngine.runScriptAsRawText(ScriptEngine.java:119)
	at com.kms.katalon.core.main.TestCaseExecutor.runScript(TestCaseExecutor.java:445)
	at com.kms.katalon.core.main.TestCaseExecutor.doExecute(TestCaseExecutor.java:436)
	at com.kms.katalon.core.main.TestCaseExecutor.processExecutionPhase(TestCaseExecutor.java:415)
	at com.kms.katalon.core.main.TestCaseExecutor.accessMainPhase(TestCaseExecutor.java:407)
	at com.kms.katalon.core.main.TestCaseExecutor.execute(TestCaseExecutor.java:284)
	at com.kms.katalon.core.common.CommonExecutor.accessTestCaseMainPhase(CommonExecutor.java:65)
	at com.kms.katalon.core.main.TestSuiteExecutor.accessTestSuiteMainPhase(TestSuiteExecutor.java:144)
	at com.kms.katalon.core.main.TestSuiteExecutor.execute(TestSuiteExecutor.java:106)
	at com.kms.katalon.core.main.TestCaseMain.startTestSuite(TestCaseMain.java:185)
	at com.kms.katalon.core.main.TestCaseMain$startTestSuite$0.call(Unknown Source)
	at TempTestSuite1671557716712.run(TempTestSuite1671557716712.groovy:36)
Caused by: com.kms.katalon.core.webui.exception.WebElementNotFoundException: Web element with id: 'Object Repository/ManageUser/EditButton' located by '(.//*[normalize-space(text()) and normalize-space(.)='Not verified'])[2]/following::li[1]' not found
	at com.kms.katalon.core.webui.common.WebUiCommonHelper.findWebElement(WebUiCommonHelper.java:1370)
	at com.kms.katalon.core.webui.keyword.internal.WebUIAbstractKeyword.findWebElement(WebUIAbstractKeyword.groovy:27)
	at com.kms.katalon.core.webui.keyword.builtin.ClickKeyword$_click_closure1.doCall(ClickKeyword.groovy:65)
	at com.kms.katalon.core.webui.keyword.builtin.ClickKeyword$_click_closure1.call(ClickKeyword.groovy)
	at com.kms.katalon.core.webui.keyword.internal.WebUIKeywordMain.runKeyword(WebUIKeywordMain.groovy:20)
	... 19 more]]></system-out>
      <system-err><![CDATA[2022-12-21 00:35:21 - [TEST_SUITE][FAILED] - RegressionWeb: Test Cases/BB002_VerifUser FAILED.
Reason:
com.kms.katalon.core.exception.StepFailedException: Unable to click on object 'Object Repository/ManageUser/EditButton'
	at com.kms.katalon.core.webui.keyword.internal.WebUIKeywordMain.stepFailed(WebUIKeywordMain.groovy:64)
	at com.kms.katalon.core.webui.keyword.internal.WebUIKeywordMain.runKeyword(WebUIKeywordMain.groovy:26)
	at com.kms.katalon.core.webui.keyword.builtin.ClickKeyword.click(ClickKeyword.groovy:74)
	at com.kms.katalon.core.webui.keyword.builtin.ClickKeyword.execute(ClickKeyword.groovy:40)
	at com.kms.katalon.core.keyword.internal.KeywordExecutor.executeKeywordForPlatform(KeywordExecutor.groovy:74)
	at com.kms.katalon.core.webui.keyword.WebUiBuiltInKeywords.click(WebUiBuiltInKeywords.groovy:620)
	at com.kms.katalon.core.webui.keyword.WebUiBuiltInKeywords$click$2.call(Unknown Source)
	at BB002_VerifUser.run(BB002_VerifUser:36)
	at com.kms.katalon.core.main.ScriptEngine.run(ScriptEngine.java:194)
	at com.kms.katalon.core.main.ScriptEngine.runScriptAsRawText(ScriptEngine.java:119)
	at com.kms.katalon.core.main.TestCaseExecutor.runScript(TestCaseExecutor.java:445)
	at com.kms.katalon.core.main.TestCaseExecutor.doExecute(TestCaseExecutor.java:436)
	at com.kms.katalon.core.main.TestCaseExecutor.processExecutionPhase(TestCaseExecutor.java:415)
	at com.kms.katalon.core.main.TestCaseExecutor.accessMainPhase(TestCaseExecutor.java:407)
	at com.kms.katalon.core.main.TestCaseExecutor.execute(TestCaseExecutor.java:284)
	at com.kms.katalon.core.common.CommonExecutor.accessTestCaseMainPhase(CommonExecutor.java:65)
	at com.kms.katalon.core.main.TestSuiteExecutor.accessTestSuiteMainPhase(TestSuiteExecutor.java:144)
	at com.kms.katalon.core.main.TestSuiteExecutor.execute(TestSuiteExecutor.java:106)
	at com.kms.katalon.core.main.TestCaseMain.startTestSuite(TestCaseMain.java:185)
	at com.kms.katalon.core.main.TestCaseMain$startTestSuite$0.call(Unknown Source)
	at TempTestSuite1671557716712.run(TempTestSuite1671557716712.groovy:36)
Caused by: com.kms.katalon.core.webui.exception.WebElementNotFoundException: Web element with id: 'Object Repository/ManageUser/EditButton' located by '(.//*[normalize-space(text()) and normalize-space(.)='Not verified'])[2]/following::li[1]' not found
	at com.kms.katalon.core.webui.common.WebUiCommonHelper.findWebElement(WebUiCommonHelper.java:1370)
	at com.kms.katalon.core.webui.keyword.internal.WebUIAbstractKeyword.findWebElement(WebUIAbstractKeyword.groovy:27)
	at com.kms.katalon.core.webui.keyword.builtin.ClickKeyword$_click_closure1.doCall(ClickKeyword.groovy:65)
	at com.kms.katalon.core.webui.keyword.builtin.ClickKeyword$_click_closure1.call(ClickKeyword.groovy)
	at com.kms.katalon.core.webui.keyword.internal.WebUIKeywordMain.runKeyword(WebUIKeywordMain.groovy:20)
	... 19 more]]></system-err>
   </testsuite>
</testsuites>
